apps/ingestion/pii/detector.py:107: error: Need type annotation for "matched_ranges" (hint: "matched_ranges: set[<type>] = ...")  [var-annotated]
apps/api/openapi_spec.py:3: error: Returning Any from function declared to return "None"  [no-any-return]
apps/api/env_manager.py:46: error: Incompatible default for argument "default" (default has type "None", argument has type "list[str]")  [assignment]
apps/api/env_manager.py:46: note: PEP 484 prohibits implicit Optional. Accordingly, mypy has changed its default to no_implicit_optional=True
apps/api/env_manager.py:46: note: Use https://github.com/hauntsaninja/no_implicit_optional to automatically upgrade your codebase
apps/api/env_manager.py:48: error: Statement is unreachable  [unreachable]
apps/ingestion/parsers/pdf_parser.py:7: error: Skipping analyzing "pymupdf": module is installed, but missing library stubs or py.typed marker  [import-untyped]
apps/ingestion/parsers/pdf_parser.py:8: error: Cannot find implementation or library stub for module named "pymupdf4llm"  [import-not-found]
apps/ingestion/parsers/pdf_parser.py:29: error: Returning Any from function declared to return "str"  [no-any-return]
apps/ingestion/parsers/docx_parser.py:7: error: Cannot find implementation or library stub for module named "docx"  [import-not-found]
apps/ingestion/parsers/csv_parser.py:7: error: Library stubs not installed for "pandas"  [import-untyped]
apps/ingestion/parsers/csv_parser.py:7: note: Hint: "python3 -m pip install pandas-stubs"
apps/ingestion/parsers/csv_parser.py:29: error: Returning Any from function declared to return "str"  [no-any-return]
apps/orchestration/src/bandit/policy.py:31: error: Function "builtins.any" is not valid as a type  [valid-type]
apps/orchestration/src/bandit/policy.py:31: note: Perhaps you meant "typing.Any" instead of "any"?
apps/api/llm_config.py:43: error: Incompatible return value type (got "Sequence[str]", expected "list[str]")  [return-value]
apps/api/llm_config.py:45: error: Need type annotation for "models" (hint: "models: list[<type>] = ...")  [var-annotated]
apps/api/monitoring/sentry_reporter.py:21: error: Cannot find implementation or library stub for module named "sentry_sdk"  [import-not-found]
apps/api/monitoring/sentry_reporter.py:22: error: Cannot find implementation or library stub for module named "sentry_sdk.integrations.asyncio"  [import-not-found]
apps/api/monitoring/sentry_reporter.py:23: error: Cannot find implementation or library stub for module named "sentry_sdk.integrations.fastapi"  [import-not-found]
apps/api/monitoring/sentry_reporter.py:24: error: Cannot find implementation or library stub for module named "sentry_sdk.integrations.sqlalchemy"  [import-not-found]
apps/api/monitoring/sentry_reporter.py:515: error: Function is missing a type annotation for one or more arguments  [no-untyped-def]
apps/api/monitoring/sentry_reporter.py:535: error: Function is missing a type annotation for one or more arguments  [no-untyped-def]
apps/api/monitoring/langfuse_client.py:27: error: Cannot find implementation or library stub for module named "langfuse"  [import-not-found]
apps/api/monitoring/langfuse_client.py:28: error: Cannot find implementation or library stub for module named "langfuse.decorators"  [import-not-found]
apps/api/monitoring/langfuse_client.py:35: error: Function is missing a type annotation for one or more arguments  [no-untyped-def]
apps/api/monitoring/langfuse_client.py:39: error: Returning Any from function declared to return "None"  [no-any-return]
apps/api/monitoring/langfuse_client.py:41: error: No return value expected  [return-value]
apps/api/monitoring/langfuse_client.py:57: error: Statement is unreachable  [unreachable]
apps/api/monitoring/langfuse_client.py:114: error: Incompatible types in assignment (expression has type "str", target has type "bool")  [assignment]
apps/api/monitoring/langfuse_client.py:116: error: Incompatible types in assignment (expression has type "str", target has type "bool")  [assignment]
apps/api/config.py:23: error: Cannot find implementation or library stub for module named "env_manager"  [import-not-found]
apps/api/config.py:23: error: Name "Environment" already defined (possibly by an import)  [no-redef]
apps/api/config.py:23: error: Name "get_env_manager" already defined (possibly by an import)  [no-redef]
apps/api/config.py:24: error: Cannot find implementation or library stub for module named "llm_config"  [import-not-found]
apps/api/config.py:24: error: Name "get_llm_config" already defined (possibly by an import)  [no-redef]
apps/api/config.py:650: error: "EnvManager" has no attribute "validate_environment"  [attr-defined]
apps/api/config.py:666: error: "EnvManager" has no attribute "get_environment_summary"; maybe "get_environment"?  [attr-defined]
apps/api/config.py:683: error: "EnvManager" has no attribute "validate_environment"  [attr-defined]
apps/api/config.py:705: error: "EnvManager" has no attribute "validate_environment"  [attr-defined]
apps/api/security/api_key_generator.py:103: error: Need type annotation for "frequencies" (hint: "frequencies: dict[<type>, <type>] = ...")  [var-annotated]
apps/orchestration/src/pipeline_e2e_test.py:13: error: Library stubs not installed for "psutil"  [import-untyped]
apps/orchestration/src/pipeline_e2e_test.py:14: error: Cannot find implementation or library stub for module named "langgraph_pipeline"  [import-not-found]
apps/orchestration/src/pipeline_e2e_test.py:26: error: Need type annotation for "results" (hint: "results: list[<type>] = ...")  [var-annotated]
apps/orchestration/src/pipeline_e2e_test.py:294: error: No return value expected  [return-value]
apps/orchestration/src/pipeline_e2e_test.py:349: error: Incompatible types in assignment (expression has type "float", target has type "int")  [assignment]
apps/orchestration/src/bandit/replay_buffer.py:37: error: Need type annotation for "buffer"  [var-annotated]
apps/api/monitoring/metrics.py:22: error: Cannot find implementation or library stub for module named "prometheus_client"  [import-not-found]
apps/security/core/security_manager.py:15: error: Cannot find implementation or library stub for module named "apps.security.audit.audit_logger"  [import-not-found]
apps/security/core/security_manager.py:17: error: Cannot find implementation or library stub for module named "apps.security.compliance.compliance_manager"  [import-not-found]
apps/security/core/security_manager.py:18: error: Cannot find implementation or library stub for module named "apps.security.compliance.pii_detector"  [import-not-found]
apps/security/core/security_manager.py:19: error: Cannot find implementation or library stub for module named "apps.security.monitoring.security_monitor"  [import-not-found]
apps/security/core/security_manager.py:20: error: Cannot find implementation or library stub for module named "apps.security.scanning.vulnerability_scanner"  [import-not-found]
apps/monitoring/performance_monitor.py:14: error: Library stubs not installed for "psutil"  [import-untyped]
apps/monitoring/performance_monitor.py:91: error: Incompatible types in assignment (expression has type "Task[None]", variable has type "None")  [assignment]
apps/monitoring/performance_monitor.py:91: note: Maybe you forgot to use "await"?
apps/monitoring/performance_monitor.py:98: error: Statement is unreachable  [unreachable]
apps/monitoring/performance_monitor.py:171: error: Incompatible types in assignment (expression has type "Callable[[Any], int]", variable has type "int")  [assignment]
apps/monitoring/performance_monitor.py:173: error: Incompatible types in assignment (expression has type "Callable[[Any], int]", variable has type "int")  [assignment]
apps/monitoring/performance_monitor.py:189: error: Incompatible types in assignment (expression has type "Optional[Row[Any]]", variable has type "Row[Any]")  [assignment]
apps/monitoring/performance_monitor.py:215: error: Cannot find implementation or library stub for module named "apps.search.optimization"  [import-not-found]
apps/monitoring/performance_monitor.py:216: error: Cannot find implementation or library stub for module named "apps.search.optimized_hybrid_engine"  [import-not-found]
apps/ingestion/chunking/intelligent_chunker.py:61: error: Need type annotation for "current_chunk_sentences" (hint: "current_chunk_sentences: list[<type>] = ...")  [var-annotated]
apps/ingestion/chunking/intelligent_chunker.py:84: error: Need type annotation for "word_chunk" (hint: "word_chunk: list[<type>] = ...")  [var-annotated]
apps/ingestion/chunking/intelligent_chunker.py:136: error: Need type annotation for "overlap_sentences" (hint: "overlap_sentences: list[<type>] = ...")  [var-annotated]
apps/api/background/agent_task_queue.py:139: error: Item "RedisManager" of "Optional[RedisManager]" has no attribute "lrange"  [union-attr]
apps/api/background/agent_task_queue.py:139: error: Item "None" of "Optional[RedisManager]" has no attribute "lrange"  [union-attr]
apps/api/background/agent_task_queue.py:154: error: Item "RedisManager" of "Optional[RedisManager]" has no attribute "lrem"  [union-attr]
apps/api/background/agent_task_queue.py:154: error: Item "None" of "Optional[RedisManager]" has no attribute "lrem"  [union-attr]
apps/api/migrations/add_api_key_tables.py:120: error: Cannot find implementation or library stub for module named "apps.config"  [import-not-found]
apps/api/migrations/add_api_key_tables.py:120: note: See https://mypy.readthedocs.io/en/stable/running_mypy.html#missing-imports
apps/orchestration/src/consolidation_policy.py:40: error: Need type annotation for "removed_cases" (hint: "removed_cases: list[<type>] = ...")  [var-annotated]
apps/orchestration/src/consolidation_policy.py:41: error: Need type annotation for "merged_cases" (hint: "merged_cases: list[<type>] = ...")  [var-annotated]
apps/orchestration/src/consolidation_policy.py:42: error: Need type annotation for "archived_cases" (hint: "archived_cases: list[<type>] = ...")  [var-annotated]
apps/orchestration/src/consolidation_policy.py:303: error: Unsupported operand types for + ("int" and "None")  [operator]
apps/orchestration/src/consolidation_policy.py:303: error: Unsupported operand types for + ("None" and "int")  [operator]
apps/orchestration/src/consolidation_policy.py:303: error: Unsupported left operand type for + ("None")  [operator]
apps/orchestration/src/consolidation_policy.py:303: note: Both left and right operands are unions
apps/classification/hitl_queue.py:63: error: "str" not callable  [operator]
apps/classification/hitl_queue.py:249: error: Value of type "Optional[Row[Any]]" is not indexable  [index]
apps/classification/hitl_queue.py:250: error: Value of type "Optional[Row[Any]]" is not indexable  [index]
apps/classification/hitl_queue.py:251: error: Value of type "Optional[Row[Any]]" is not indexable  [index]
apps/classification/hitl_queue.py:252: error: Value of type "Optional[Row[Any]]" is not indexable  [index]
apps/api/services/taxonomy_service.py:222: error: Need type annotation for "suggestions" (hint: "suggestions: list[<type>] = ...")  [var-annotated]
apps/api/monitoring/health_check.py:14: error: Library stubs not installed for "psutil"  [import-untyped]
apps/api/monitoring/health_check.py:14: note: Hint: "python3 -m pip install types-psutil"
apps/api/monitoring/health_check.py:14: note: (or run "mypy --install-types" to install all missing stub packages)
apps/api/monitoring/health_check.py:37: error: Incompatible types in assignment (expression has type "None", variable has type "dict[str, Any]")  [assignment]
apps/api/monitoring/health_check.py:164: error: Incompatible types in "await" (actual type "Optional[Row[Any]]", expected type "Awaitable[Any]")  [misc]
apps/api/monitoring/health_check.py:348: error: Returning Any from function declared to return "ComponentHealth"  [no-any-return]
apps/api/monitoring/health_check.py:393: error: Argument 1 to "append" of "list" has incompatible type "Union[ComponentHealth, BaseException]"; expected "ComponentHealth"  [arg-type]
apps/api/monitoring/health_check.py:427: error: Incompatible types in assignment (expression has type "float", variable has type "int")  [assignment]
apps/api/monitoring/health_check.py:428: error: Incompatible types in assignment (expression has type "float", variable has type "int")  [assignment]
apps/api/background/coverage_history_dao.py:17: error: Module "apps.api.database" has no attribute "CoverageHistory"  [attr-defined]
apps/api/agent_dao.py:10: error: Module "apps.api.database" has no attribute "Agent"  [attr-defined]
apps/api/agent_dao.py:48: error: Need type annotation for "default_features_config" (hint: "default_features_config: dict[<type>, <type>] = ...")  [var-annotated]
apps/api/agent_dao.py:91: error: Function is missing a type annotation for one or more arguments  [no-untyped-def]
apps/api/background/agent_task_worker.py:19: error: Module "apps.api.database" has no attribute "BackgroundTask"  [attr-defined]
apps/api/background/agent_task_worker.py:69: error: Statement is unreachable  [unreachable]
apps/api/background/agent_task_worker.py:239: error: Unexpected keyword argument "session" for "calculate_coverage" of "CoverageMeterService"  [call-arg]
apps/knowledge_builder/coverage/meter.py: note: "calculate_coverage" of "CoverageMeterService" defined here
apps/api/background/agent_task_worker.py:239: error: Unexpected keyword argument "taxonomy_node_ids" for "calculate_coverage" of "CoverageMeterService"  [call-arg]
apps/orchestration/src/tool_registry.py:43: error: "__new__" must return a class instance (got "None")  [misc]
apps/orchestration/src/tool_registry.py:46: error: No return value expected  [return-value]
apps/ingestion/contracts/signals.py:35: error: No overload variant of "Field" matches argument types "ellipsis", "int", "int"  [call-overload]
apps/ingestion/contracts/signals.py:35: note: Possible overload variants:
apps/ingestion/contracts/signals.py:35: note:     def Field(default: ellipsis, *, alias: Optional[str] = ..., alias_priority: Optional[int] = ..., validation_alias: Union[str, AliasPath, AliasChoices, None] = ..., serialization_alias: Optional[str] = ..., title: Optional[str] = ..., field_title_generator: Optional[Callable[[str, FieldInfo], str]] = ..., description: Optional[str] = ..., examples: Optional[list[Any]] = ..., exclude: Optional[bool] = ..., discriminator: Union[str, Discriminator, None] = ..., deprecated: Union[deprecated, str, bool, None] = ..., json_schema_extra: Union[JsonDict, Callable[[JsonDict], None], None] = ..., frozen: Optional[bool] = ..., validate_default: Optional[bool] = ..., repr: bool = ..., init: Optional[bool] = ..., init_var: Optional[bool] = ..., kw_only: Optional[bool] = ..., pattern: Union[str, Pattern[str], None] = ..., strict: Optional[bool] = ..., coerce_numbers_to_str: Optional[bool] = ..., gt: Optional[SupportsGt] = ..., ge: Optional[SupportsGe] = ..., lt: Optional[SupportsLt] = ..., le: Optional[SupportsLe] = ..., multiple_of: Optional[float] = ..., allow_inf_nan: Optional[bool] = ..., max_digits: Optional[int] = ..., decimal_places: Optional[int] = ..., min_length: Optional[int] = ..., max_length: Optional[int] = ..., union_mode: Literal['smart', 'left_to_right'] = ..., fail_fast: Optional[bool] = ...) -> Any
apps/ingestion/contracts/signals.py:35: note:     def [_T] Field(default: _T, *, alias: Optional[str] = ..., alias_priority: Optional[int] = ..., validation_alias: Union[str, AliasPath, AliasChoices, None] = ..., serialization_alias: Optional[str] = ..., title: Optional[str] = ..., field_title_generator: Optional[Callable[[str, FieldInfo], str]] = ..., description: Optional[str] = ..., examples: Optional[list[Any]] = ..., exclude: Optional[bool] = ..., discriminator: Union[str, Discriminator, None] = ..., deprecated: Union[deprecated, str, bool, None] = ..., json_schema_extra: Union[JsonDict, Callable[[JsonDict], None], None] = ..., frozen: Optional[bool] = ..., validate_default: Optional[bool] = ..., repr: bool = ..., init: Optional[bool] = ..., init_var: Optional[bool] = ..., kw_only: Optional[bool] = ..., pattern: Union[str, Pattern[str], None] = ..., strict: Optional[bool] = ..., coerce_numbers_to_str: Optional[bool] = ..., gt: Optional[SupportsGt] = ..., ge: Optional[SupportsGe] = ..., lt: Optional[SupportsLt] = ..., le: Optional[SupportsLe] = ..., multiple_of: Optional[float] = ..., allow_inf_nan: Optional[bool] = ..., max_digits: Optional[int] = ..., decimal_places: Optional[int] = ..., min_length: Optional[int] = ..., max_length: Optional[int] = ..., union_mode: Literal['smart', 'left_to_right'] = ..., fail_fast: Optional[bool] = ...) -> _T
apps/ingestion/contracts/signals.py:35: note:     def [_T] Field(*, default_factory: Union[Callable[[], _T], Callable[[dict[str, Any]], _T]], alias: Optional[str] = ..., alias_priority: Optional[int] = ..., validation_alias: Union[str, AliasPath, AliasChoices, None] = ..., serialization_alias: Optional[str] = ..., title: Optional[str] = ..., field_title_generator: Optional[Callable[[str, FieldInfo], str]] = ..., description: Optional[str] = ..., examples: Optional[list[Any]] = ..., exclude: Optional[bool] = ..., discriminator: Union[str, Discriminator, None] = ..., deprecated: Union[deprecated, str, bool, None] = ..., json_schema_extra: Union[JsonDict, Callable[[JsonDict], None], None] = ..., frozen: Optional[bool] = ..., validate_default: Optional[bool] = ..., repr: bool = ..., init: Optional[bool] = ..., init_var: Optional[bool] = ..., kw_only: Optional[bool] = ..., pattern: Union[str, Pattern[str], None] = ..., strict: Optional[bool] = ..., coerce_numbers_to_str: Optional[bool] = ..., gt: Optional[SupportsGt] = ..., ge: Optional[SupportsGe] = ..., lt: Optional[SupportsLt] = ..., le: Optional[SupportsLe] = ..., multiple_of: Optional[float] = ..., allow_inf_nan: Optional[bool] = ..., max_digits: Optional[int] = ..., decimal_places: Optional[int] = ..., min_length: Optional[int] = ..., max_length: Optional[int] = ..., union_mode: Literal['smart', 'left_to_right'] = ..., fail_fast: Optional[bool] = ...) -> _T
apps/ingestion/contracts/signals.py:35: note:     def Field(*, alias: Optional[str] = ..., alias_priority: Optional[int] = ..., validation_alias: Union[str, AliasPath, AliasChoices, None] = ..., serialization_alias: Optional[str] = ..., title: Optional[str] = ..., field_title_generator: Optional[Callable[[str, FieldInfo], str]] = ..., description: Optional[str] = ..., examples: Optional[list[Any]] = ..., exclude: Optional[bool] = ..., discriminator: Union[str, Discriminator, None] = ..., deprecated: Union[deprecated, str, bool, None] = ..., json_schema_extra: Union[JsonDict, Callable[[JsonDict], None], None] = ..., frozen: Optional[bool] = ..., validate_default: Optional[bool] = ..., repr: bool = ..., init: Optional[bool] = ..., init_var: Optional[bool] = ..., kw_only: Optional[bool] = ..., pattern: Union[str, Pattern[str], None] = ..., strict: Optional[bool] = ..., coerce_numbers_to_str: Optional[bool] = ..., gt: Optional[SupportsGt] = ..., ge: Optional[SupportsGe] = ..., lt: Optional[SupportsLt] = ..., le: Optional[SupportsLe] = ..., multiple_of: Optional[float] = ..., allow_inf_nan: Optional[bool] = ..., max_digits: Optional[int] = ..., decimal_places: Optional[int] = ..., min_length: Optional[int] = ..., max_length: Optional[int] = ..., union_mode: Literal['smart', 'left_to_right'] = ..., fail_fast: Optional[bool] = ...) -> Any
apps/ingestion/contracts/signals.py:48: error: Returning Any from function declared to return "None"  [no-any-return]
apps/ingestion/contracts/signals.py:56: error: Returning Any from function declared to return "None"  [no-any-return]
apps/evaluation/models.py:17: error: Variable "apps.evaluation.models.Base" is not valid as a type  [valid-type]
apps/evaluation/models.py:17: note: See https://mypy.readthedocs.io/en/stable/common_issues.html#variables-vs-type-aliases
apps/evaluation/models.py:17: error: Invalid base class "Base"  [misc]
apps/evaluation/models.py:51: error: Variable "apps.evaluation.models.Base" is not valid as a type  [valid-type]
apps/evaluation/models.py:51: note: See https://mypy.readthedocs.io/en/stable/common_issues.html#variables-vs-type-aliases
apps/evaluation/models.py:51: error: Invalid base class "Base"  [misc]
apps/evaluation/models.py:78: error: Variable "apps.evaluation.models.Base" is not valid as a type  [valid-type]
apps/evaluation/models.py:78: note: See https://mypy.readthedocs.io/en/stable/common_issues.html#variables-vs-type-aliases
apps/evaluation/models.py:78: error: Invalid base class "Base"  [misc]
apps/api/schemas/agent_schemas.py:13: error: No overload variant of "Field" matches argument types "ellipsis", "int", "str"  [call-overload]
apps/api/schemas/agent_schemas.py:13: note: Possible overload variants:
apps/api/schemas/agent_schemas.py:13: note:     def Field(default: ellipsis, *, alias: Optional[str] = ..., alias_priority: Optional[int] = ..., validation_alias: Union[str, AliasPath, AliasChoices, None] = ..., serialization_alias: Optional[str] = ..., title: Optional[str] = ..., field_title_generator: Optional[Callable[[str, FieldInfo], str]] = ..., description: Optional[str] = ..., examples: Optional[list[Any]] = ..., exclude: Optional[bool] = ..., discriminator: Union[str, Discriminator, None] = ..., deprecated: Union[deprecated, str, bool, None] = ..., json_schema_extra: Union[JsonDict, Callable[[JsonDict], None], None] = ..., frozen: Optional[bool] = ..., validate_default: Optional[bool] = ..., repr: bool = ..., init: Optional[bool] = ..., init_var: Optional[bool] = ..., kw_only: Optional[bool] = ..., pattern: Union[str, Pattern[str], None] = ..., strict: Optional[bool] = ..., coerce_numbers_to_str: Optional[bool] = ..., gt: Optional[SupportsGt] = ..., ge: Optional[SupportsGe] = ..., lt: Optional[SupportsLt] = ..., le: Optional[SupportsLe] = ..., multiple_of: Optional[float] = ..., allow_inf_nan: Optional[bool] = ..., max_digits: Optional[int] = ..., decimal_places: Optional[int] = ..., min_length: Optional[int] = ..., max_length: Optional[int] = ..., union_mode: Literal['smart', 'left_to_right'] = ..., fail_fast: Optional[bool] = ...) -> Any
apps/api/schemas/agent_schemas.py:13: note:     def [_T] Field(default: _T, *, alias: Optional[str] = ..., alias_priority: Optional[int] = ..., validation_alias: Union[str, AliasPath, AliasChoices, None] = ..., serialization_alias: Optional[str] = ..., title: Optional[str] = ..., field_title_generator: Optional[Callable[[str, FieldInfo], str]] = ..., description: Optional[str] = ..., examples: Optional[list[Any]] = ..., exclude: Optional[bool] = ..., discriminator: Union[str, Discriminator, None] = ..., deprecated: Union[deprecated, str, bool, None] = ..., json_schema_extra: Union[JsonDict, Callable[[JsonDict], None], None] = ..., frozen: Optional[bool] = ..., validate_default: Optional[bool] = ..., repr: bool = ..., init: Optional[bool] = ..., init_var: Optional[bool] = ..., kw_only: Optional[bool] = ..., pattern: Union[str, Pattern[str], None] = ..., strict: Optional[bool] = ..., coerce_numbers_to_str: Optional[bool] = ..., gt: Optional[SupportsGt] = ..., ge: Optional[SupportsGe] = ..., lt: Optional[SupportsLt] = ..., le: Optional[SupportsLe] = ..., multiple_of: Optional[float] = ..., allow_inf_nan: Optional[bool] = ..., max_digits: Optional[int] = ..., decimal_places: Optional[int] = ..., min_length: Optional[int] = ..., max_length: Optional[int] = ..., union_mode: Literal['smart', 'left_to_right'] = ..., fail_fast: Optional[bool] = ...) -> _T
apps/api/schemas/agent_schemas.py:13: note:     def [_T] Field(*, default_factory: Union[Callable[[], _T], Callable[[dict[str, Any]], _T]], alias: Optional[str] = ..., alias_priority: Optional[int] = ..., validation_alias: Union[str, AliasPath, AliasChoices, None] = ..., serialization_alias: Optional[str] = ..., title: Optional[str] = ..., field_title_generator: Optional[Callable[[str, FieldInfo], str]] = ..., description: Optional[str] = ..., examples: Optional[list[Any]] = ..., exclude: Optional[bool] = ..., discriminator: Union[str, Discriminator, None] = ..., deprecated: Union[deprecated, str, bool, None] = ..., json_schema_extra: Union[JsonDict, Callable[[JsonDict], None], None] = ..., frozen: Optional[bool] = ..., validate_default: Optional[bool] = ..., repr: bool = ..., init: Optional[bool] = ..., init_var: Optional[bool] = ..., kw_only: Optional[bool] = ..., pattern: Union[str, Pattern[str], None] = ..., strict: Optional[bool] = ..., coerce_numbers_to_str: Optional[bool] = ..., gt: Optional[SupportsGt] = ..., ge: Optional[SupportsGe] = ..., lt: Optional[SupportsLt] = ..., le: Optional[SupportsLe] = ..., multiple_of: Optional[float] = ..., allow_inf_nan: Optional[bool] = ..., max_digits: Optional[int] = ..., decimal_places: Optional[int] = ..., min_length: Optional[int] = ..., max_length: Optional[int] = ..., union_mode: Literal['smart', 'left_to_right'] = ..., fail_fast: Optional[bool] = ...) -> _T
apps/api/schemas/agent_schemas.py:13: note:     def Field(*, alias: Optional[str] = ..., alias_priority: Optional[int] = ..., validation_alias: Union[str, AliasPath, AliasChoices, None] = ..., serialization_alias: Optional[str] = ..., title: Optional[str] = ..., field_title_generator: Optional[Callable[[str, FieldInfo], str]] = ..., description: Optional[str] = ..., examples: Optional[list[Any]] = ..., exclude: Optional[bool] = ..., discriminator: Union[str, Discriminator, None] = ..., deprecated: Union[deprecated, str, bool, None] = ..., json_schema_extra: Union[JsonDict, Callable[[JsonDict], None], None] = ..., frozen: Optional[bool] = ..., validate_default: Optional[bool] = ..., repr: bool = ..., init: Optional[bool] = ..., init_var: Optional[bool] = ..., kw_only: Optional[bool] = ..., pattern: Union[str, Pattern[str], None] = ..., strict: Optional[bool] = ..., coerce_numbers_to_str: Optional[bool] = ..., gt: Optional[SupportsGt] = ..., ge: Optional[SupportsGe] = ..., lt: Optional[SupportsLt] = ..., le: Optional[SupportsLe] = ..., multiple_of: Optional[float] = ..., allow_inf_nan: Optional[bool] = ..., max_digits: Optional[int] = ..., decimal_places: Optional[int] = ..., min_length: Optional[int] = ..., max_length: Optional[int] = ..., union_mode: Literal['smart', 'left_to_right'] = ..., fail_fast: Optional[bool] = ...) -> Any
apps/orchestration/src/tool_executor.py:13: error: Library stubs not installed for "jsonschema"  [import-untyped]
apps/orchestration/src/tool_executor.py:13: note: Hint: "python3 -m pip install types-jsonschema"
apps/orchestration/src/reflection_engine.py:164: error: Argument "key" to "sort" of "list" has incompatible type "Callable[[dict[str, object]], object]"; expected "Callable[[dict[str, object]], Union[SupportsDunderLT[Any], SupportsDunderGT[Any]]]"  [arg-type]
apps/orchestration/src/reflection_engine.py:164: error: Incompatible return value type (got "object", expected "Union[SupportsDunderLT[Any], SupportsDunderGT[Any]]")  [return-value]
apps/orchestration/src/tools/calculator.py:13: error: Returning Any from function declared to return "float"  [no-any-return]
apps/evaluation/sample_data.py:165: error: Missing named argument "ground_truth" for "EvaluationRequest"  [call-arg]
apps/evaluation/experiment_tracker.py:23: error: Library stubs not installed for "scipy"  [import-untyped]
apps/evaluation/experiment_tracker.py:23: note: Hint: "python3 -m pip install scipy-stubs"
apps/evaluation/experiment_tracker.py:51: error: Need type annotation for "active_experiments" (hint: "active_experiments: dict[<type>, <type>] = ...")  [var-annotated]
apps/evaluation/experiment_tracker.py:52: error: Need type annotation for "user_assignments" (hint: "user_assignments: dict[<type>, <type>] = ...")  [var-annotated]
apps/evaluation/experiment_tracker.py:53: error: Need type annotation for "experiment_data" (hint: "experiment_data: dict[<type>, <type>] = ...")  [var-annotated]
apps/evaluation/experiment_tracker.py:180: error: Returning Any from function declared to return "str"  [no-any-return]
apps/evaluation/experiment_tracker.py:356: error: Missing named argument "power_threshold" for "ExperimentConfig"  [call-arg]
apps/classification/semantic_classifier.py:25: error: Function is missing a type annotation for one or more arguments  [no-untyped-def]
apps/classification/semantic_classifier.py:221: error: Function is missing a type annotation for one or more arguments  [no-untyped-def]
apps/api/services/langgraph_service.py:70: error: Unexpected keyword argument "canonical_filter" for "PipelineRequest"  [call-arg]
apps/orchestration/src/langgraph_pipeline.py: note: "PipelineRequest" defined here
apps/security/routers/security_router.py:16: error: Cannot find implementation or library stub for module named "apps.security.compliance.compliance_manager"  [import-not-found]
apps/security/routers/security_router.py:23: error: Cannot find implementation or library stub for module named "apps.security.monitoring.security_monitor"  [import-not-found]
apps/security/routers/security_router.py:24: error: Cannot find implementation or library stub for module named "apps.security.scanning.vulnerability_scanner"  [import-not-found]
apps/security/routers/security_router.py:177: error: Argument "created_at" to "UserResponse" has incompatible type "Optional[datetime]"; expected "datetime"  [arg-type]
apps/security/middleware/security_middleware.py:16: error: Cannot find implementation or library stub for module named "fastapi.middleware.base"  [import-not-found]
apps/security/middleware/security_middleware.py:20: error: Cannot find implementation or library stub for module named "apps.security.audit.audit_logger"  [import-not-found]
