test_sentry_integration.py:20: error: Function is missing a return type annotation  [no-untyped-def]
test_sentry_integration.py:24: error: Cannot find implementation or library stub for module named "monitoring.sentry_reporter"  [import-not-found]
test_sentry_integration.py:37: error: Function is missing a return type annotation  [no-untyped-def]
test_sentry_integration.py:66: error: Function is missing a return type annotation  [no-untyped-def]
test_sentry_integration.py:87: error: Function is missing a return type annotation  [no-untyped-def]
test_sentry_integration.py:121: error: Function is missing a return type annotation  [no-untyped-def]
test_sentry_integration.py:129: error: Cannot find implementation or library stub for module named "search.hybrid_search_engine"  [import-not-found]
test_sentry_integration.py:138: error: Function is missing a return type annotation  [no-untyped-def]
install_requirements.py:11: error: Function is missing a return type annotation  [no-untyped-def]
install_requirements.py:25: error: Function is missing a return type annotation  [no-untyped-def]
add_api_key_auth.py:24: error: Function is missing a type annotation  [no-untyped-def]
add_api_key_auth.py:47: error: Function is missing a return type annotation  [no-untyped-def]
add_api_key_auth.py:78: error: Function is missing a return type annotation  [no-untyped-def]
add_api_key_auth.py:78: note: Use "-> None" if function does not return a value
apps/ingestion/pii/detector.py:107: error: Need type annotation for "matched_ranges" (hint: "matched_ranges: set[<type>] = ...")  [var-annotated]
apps/api/openapi_spec.py:3: error: Returning Any from function declared to return "None"  [no-any-return]
apps/ingestion/parsers/pdf_parser.py:7: error: Skipping analyzing "pymupdf": module is installed, but missing library stubs or py.typed marker  [import-untyped]
apps/ingestion/parsers/pdf_parser.py:8: error: Cannot find implementation or library stub for module named "pymupdf4llm"  [import-not-found]
apps/ingestion/parsers/pdf_parser.py:29: error: Returning Any from function declared to return "str"  [no-any-return]
apps/ingestion/parsers/docx_parser.py:7: error: Cannot find implementation or library stub for module named "docx"  [import-not-found]
apps/ingestion/parsers/csv_parser.py:7: error: Library stubs not installed for "pandas"  [import-untyped]
apps/ingestion/parsers/csv_parser.py:7: note: Hint: "python3 -m pip install pandas-stubs"
apps/ingestion/parsers/csv_parser.py:29: error: Returning Any from function declared to return "str"  [no-any-return]
verify_completeness.py:21: error: Function is missing a type annotation  [no-untyped-def]
verify_completeness.py:26: error: Function is missing a type annotation  [no-untyped-def]
verify_completeness.py:29: error: Function is missing a type annotation  [no-untyped-def]
verify_completeness.py:32: error: Function is missing a type annotation  [no-untyped-def]
verify_completeness.py:35: error: Function is missing a type annotation  [no-untyped-def]
verify_completeness.py:38: error: Function is missing a type annotation  [no-untyped-def]
verify_completeness.py:47: error: Incompatible types in assignment (expression has type "CompletedProcess[bytes]", variable has type "CompletedProcess[str]")  [assignment]
verify_completeness.py:55: error: Function is missing a return type annotation  [no-untyped-def]
verify_completeness.py:76: error: Function is missing a return type annotation  [no-untyped-def]
verify_completeness.py:127: error: Function is missing a return type annotation  [no-untyped-def]
verify_completeness.py:151: error: Function is missing a return type annotation  [no-untyped-def]
verify_completeness.py:191: error: Function is missing a return type annotation  [no-untyped-def]
verify_completeness.py:223: error: Function is missing a return type annotation  [no-untyped-def]
verify_completeness.py:248: error: Function is missing a return type annotation  [no-untyped-def]
verify_completeness.py:259: error: Function is missing a return type annotation  [no-untyped-def]
verify_completeness.py:288: error: Function is missing a return type annotation  [no-untyped-def]
test_frontend_api.py:1: error: Library stubs not installed for "requests"  [import-untyped]
test_answer_generation.py:7: error: Library stubs not installed for "requests"  [import-untyped]
test_answer_generation.py:13: error: Function is missing a return type annotation  [no-untyped-def]
test_answer_generation.py:13: note: Use "-> None" if function does not return a value
create_mock_golden_dataset.py:76: error: Function is missing a return type annotation  [no-untyped-def]
create_mock_golden_dataset.py:76: note: Use "-> None" if function does not return a value
create_additional_golden_samples.py:11: error: Function is missing a return type annotation  [no-untyped-def]
create_additional_golden_samples.py:427: error: Function is missing a return type annotation  [no-untyped-def]
create_additional_golden_samples.py:427: note: Use "-> None" if function does not return a value
VibeCodingBibleKit_temp/scripts/vibe_verify.py:6: error: Function is missing a type annotation  [no-untyped-def]
VibeCodingBibleKit_temp/scripts/vibe_init.py:2: error: Library stubs not installed for "yaml"  [import-untyped]
VibeCodingBibleKit_temp/scripts/vibe_init.py:9: error: Need type annotation for "cfg" (hint: "cfg: dict[<type>, <type>] = ...")  [var-annotated]
VibeCodingBibleKit_temp/scripts/vibe_init.py:12: error: Unused "type: ignore" comment  [unused-ignore]
VibeCodingBibleKit_temp/scripts/vibe_context_load.py:2: error: Library stubs not installed for "yaml"  [import-untyped]
VibeCodingBibleKit_temp/scripts/vibe_context_load.py:2: note: Hint: "python3 -m pip install types-PyYAML"
VibeCodingBibleKit_temp/scripts/vibe_context_load.py:2: note: (or run "mypy --install-types" to install all missing stub packages)
VibeCodingBibleKit_temp/scripts/vibe_context_load.py:2: note: See https://mypy.readthedocs.io/en/stable/running_mypy.html#missing-imports
VibeCodingBibleKit_temp/scripts/vibe_context_load.py:14: error: Function is missing a type annotation  [no-untyped-def]
VibeCodingBibleKit_temp/scripts/vibe_context_load.py:17: error: Function is missing a type annotation  [no-untyped-def]
production_readiness_check.py:23: error: Function is missing a return type annotation  [no-untyped-def]
production_readiness_check.py:23: note: Use "-> None" if function does not return a value
production_readiness_check.py:28: error: Function is missing a return type annotation  [no-untyped-def]
production_readiness_check.py:28: note: Use "-> None" if function does not return a value
production_readiness_check.py:67: error: Function is missing a return type annotation  [no-untyped-def]
production_readiness_check.py:67: note: Use "-> None" if function does not return a value
production_readiness_check.py:115: error: Function is missing a return type annotation  [no-untyped-def]
production_readiness_check.py:115: note: Use "-> None" if function does not return a value
production_readiness_check.py:142: error: Function is missing a return type annotation  [no-untyped-def]
production_readiness_check.py:175: error: Function is missing a return type annotation  [no-untyped-def]
production_readiness_check.py:175: note: Use "-> None" if function does not return a value
apps/orchestration/src/bandit/policy.py:31: error: Function "builtins.any" is not valid as a type  [valid-type]
apps/orchestration/src/bandit/policy.py:31: note: Perhaps you meant "typing.Any" instead of "any"?
apps/api/monitoring/sentry_reporter.py:21: error: Cannot find implementation or library stub for module named "sentry_sdk"  [import-not-found]
apps/api/monitoring/sentry_reporter.py:22: error: Cannot find implementation or library stub for module named "sentry_sdk.integrations.asyncio"  [import-not-found]
apps/api/monitoring/sentry_reporter.py:23: error: Cannot find implementation or library stub for module named "sentry_sdk.integrations.fastapi"  [import-not-found]
apps/api/monitoring/sentry_reporter.py:24: error: Cannot find implementation or library stub for module named "sentry_sdk.integrations.sqlalchemy"  [import-not-found]
apps/api/monitoring/sentry_reporter.py:515: error: Function is missing a type annotation for one or more arguments  [no-untyped-def]
apps/api/monitoring/sentry_reporter.py:535: error: Function is missing a type annotation for one or more arguments  [no-untyped-def]
apps/api/monitoring/langfuse_client.py:27: error: Cannot find implementation or library stub for module named "langfuse"  [import-not-found]
apps/api/monitoring/langfuse_client.py:28: error: Cannot find implementation or library stub for module named "langfuse.decorators"  [import-not-found]
apps/api/monitoring/langfuse_client.py:35: error: Function is missing a type annotation for one or more arguments  [no-untyped-def]
apps/api/monitoring/langfuse_client.py:39: error: Returning Any from function declared to return "None"  [no-any-return]
apps/api/monitoring/langfuse_client.py:41: error: No return value expected  [return-value]
apps/api/monitoring/langfuse_client.py:57: error: Statement is unreachable  [unreachable]
apps/api/monitoring/langfuse_client.py:114: error: Incompatible types in assignment (expression has type "str", target has type "bool")  [assignment]
apps/api/monitoring/langfuse_client.py:116: error: Incompatible types in assignment (expression has type "str", target has type "bool")  [assignment]
apps/api/config.py:23: error: Cannot find implementation or library stub for module named "env_manager"  [import-not-found]
apps/api/config.py:23: error: Name "Environment" already defined (possibly by an import)  [no-redef]
apps/api/config.py:23: error: Name "get_env_manager" already defined (possibly by an import)  [no-redef]
apps/api/config.py:24: error: Cannot find implementation or library stub for module named "llm_config"  [import-not-found]
apps/api/config.py:24: error: Name "get_llm_config" already defined (possibly by an import)  [no-redef]
apps/api/config.py:650: error: "EnvManager" has no attribute "validate_environment"  [attr-defined]
apps/api/config.py:666: error: "EnvManager" has no attribute "get_environment_summary"; maybe "get_environment"?  [attr-defined]
apps/api/config.py:683: error: "EnvManager" has no attribute "validate_environment"  [attr-defined]
apps/api/config.py:705: error: "EnvManager" has no attribute "validate_environment"  [attr-defined]
apps/api/security/api_key_generator.py:103: error: Need type annotation for "frequencies" (hint: "frequencies: dict[<type>, <type>] = ...")  [var-annotated]
test_embedding_service.py:24: error: Function is missing a return type annotation  [no-untyped-def]
test_embedding_service.py:27: error: Cannot find implementation or library stub for module named "embedding_service"  [import-not-found]
test_embedding_service.py:116: error: Function is missing a return type annotation  [no-untyped-def]
test_embedding_service.py:124: error: Cannot find implementation or library stub for module named "database"  [import-not-found]
test_embedding_service.py:176: error: Function is missing a return type annotation  [no-untyped-def]
test_embedding_service.py:176: note: Use "-> None" if function does not return a value
test_embedding_service.py:194: error: Function is missing a return type annotation  [no-untyped-def]
test_embedding_service.py:194: note: Use "-> None" if function does not return a value
simple_embedding_test.py:14: error: Function is missing a return type annotation  [no-untyped-def]
simple_embedding_test.py:17: error: Cannot find implementation or library stub for module named "embedding_service"  [import-not-found]
reset_test_db.py:3: error: Skipping analyzing "asyncpg": module is installed, but missing library stubs or py.typed marker  [import-untyped]
reset_test_db.py:6: error: Function is missing a return type annotation  [no-untyped-def]
reset_test_db.py:6: note: Use "-> None" if function does not return a value
init_test_db.py:3: error: Skipping analyzing "asyncpg": module is installed, but missing library stubs or py.typed marker  [import-untyped]
init_test_db.py:7: error: Function is missing a return type annotation  [no-untyped-def]
init_test_db.py:7: note: Use "-> None" if function does not return a value
direct_api_test.py:13: error: Function is missing a return type annotation  [no-untyped-def]
direct_api_test.py:16: error: Cannot find implementation or library stub for module named "embedding_service"  [import-not-found]
apply_test_db_migration.py:3: error: Skipping analyzing "asyncpg": module is installed, but missing library stubs or py.typed marker  [import-untyped]
apply_test_db_migration.py:6: error: Function is missing a return type annotation  [no-untyped-def]
apply_test_db_migration.py:6: note: Use "-> None" if function does not return a value
scripts/verify_llm_costs.py:68: error: Need type annotation for "traces" (hint: "traces: list[<type>] = ...")  [var-annotated]
scripts/verify_llm_costs.py:141: error: Unsupported operand types for / ("float" and "int")  [operator]
scripts/verify_llm_costs.py:164: error: Function is missing a return type annotation  [no-untyped-def]
apps/orchestration/src/bandit/replay_buffer.py:37: error: Need type annotation for "buffer"  [var-annotated]
apps/api/monitoring/metrics.py:22: error: Cannot find implementation or library stub for module named "prometheus_client"  [import-not-found]
scripts/fix_mypy_v2.py:183: error: Argument 1 to "add" of "set" has incompatible type "Union[BaseExpression, str]"; expected "str"  [arg-type]
scripts/fix_mypy_v2.py:290: error: Function is missing a return type annotation  [no-untyped-def]
scripts/fix_mypy_auto.py:20: error: Function is missing a return type annotation  [no-untyped-def]
scripts/fix_mypy_auto.py:20: note: Use "-> None" if function does not return a value
scripts/fix_mypy_auto.py:169: error: Need type annotation for "files" (hint: "files: set[<type>] = ...")  [var-annotated]
scripts/fix_mypy_auto.py:187: error: Function is missing a return type annotation  [no-untyped-def]
scripts/fix_mypy_auto.py:187: note: Use "-> None" if function does not return a value
apps/security/core/security_manager.py:15: error: Cannot find implementation or library stub for module named "apps.security.audit.audit_logger"  [import-not-found]
apps/security/core/security_manager.py:17: error: Cannot find implementation or library stub for module named "apps.security.compliance.compliance_manager"  [import-not-found]
apps/security/core/security_manager.py:18: error: Cannot find implementation or library stub for module named "apps.security.compliance.pii_detector"  [import-not-found]
apps/security/core/security_manager.py:19: error: Cannot find implementation or library stub for module named "apps.security.monitoring.security_monitor"  [import-not-found]
apps/security/core/security_manager.py:20: error: Cannot find implementation or library stub for module named "apps.security.scanning.vulnerability_scanner"  [import-not-found]
verify_data.py:5: error: Function is missing a return type annotation  [no-untyped-def]
verify_data.py:5: note: Use "-> None" if function does not return a value
rag_evaluation_report.py:13: error: Library stubs not installed for "requests"  [import-untyped]
rag_evaluation_report.py:13: note: Hint: "python3 -m pip install types-requests"
rag_evaluation_report.py:191: error: Argument "faithfulness" to "RAGASMetrics" has incompatible type "floating[Any]"; expected "float"  [arg-type]
rag_evaluation_report.py:192: error: Argument "context_precision" to "RAGASMetrics" has incompatible type "floating[Any]"; expected "float"  [arg-type]
rag_evaluation_report.py:193: error: Argument "context_recall" to "RAGASMetrics" has incompatible type "floating[Any]"; expected "float"  [arg-type]
rag_evaluation_report.py:194: error: Argument "answer_relevancy" to "RAGASMetrics" has incompatible type "floating[Any]"; expected "float"  [arg-type]
rag_evaluation_report.py:195: error: Argument "answer_correctness" to "RAGASMetrics" has incompatible type "floating[Any]"; expected "float"  [arg-type]
rag_evaluation_report.py:196: error: Argument "context_utilization" to "RAGASMetrics" has incompatible type "floating[Any]"; expected "float"  [arg-type]
rag_evaluation_report.py:238: error: Incompatible types in assignment (expression has type "set[str]", variable has type "list[str]")  [assignment]
rag_evaluation_report.py:242: error: "list[str]" has no attribute "intersection"  [attr-defined]
rag_evaluation_report.py:243: error: Incompatible types in assignment (expression has type "Union[float, int]", variable has type "int")  [assignment]
rag_evaluation_report.py:296: error: Incompatible types in assignment (expression has type "float", variable has type "int")  [assignment]
rag_evaluation_report.py:371: error: Function is missing a return type annotation  [no-untyped-def]
rag_evaluation_report.py:371: error: Incompatible default for argument "filename" (default has type "None", argument has type "str")  [assignment]
rag_evaluation_report.py:371: note: PEP 484 prohibits implicit Optional. Accordingly, mypy has changed its default to no_implicit_optional=True
rag_evaluation_report.py:371: note: Use https://github.com/hauntsaninja/no_implicit_optional to automatically upgrade your codebase
rag_evaluation_report.py:374: error: Statement is unreachable  [unreachable]
rag_evaluation_report.py:382: error: Function is missing a return type annotation  [no-untyped-def]
insert_test_api_key.py:10: error: Function is missing a return type annotation  [no-untyped-def]
insert_test_api_key.py:10: note: Use "-> None" if function does not return a value
create_hitl_test_data.py:12: error: Function is missing a return type annotation  [no-untyped-def]
create_hitl_test_data.py:12: note: Use "-> None" if function does not return a value
create_hitl_test_data.py:158: error: Function is missing a return type annotation  [no-untyped-def]
create_hitl_test_data.py:158: note: Use "-> None" if function does not return a value
create_api_keys_tables.py:17: error: Function is missing a return type annotation  [no-untyped-def]
create_api_keys_tables.py:17: note: Use "-> None" if function does not return a value
check_taxonomy_tables.py:5: error: Function is missing a return type annotation  [no-untyped-def]
check_taxonomy_tables.py:5: note: Use "-> None" if function does not return a value
check_tables.py:5: error: Function is missing a return type annotation  [no-untyped-def]
check_tables.py:5: note: Use "-> None" if function does not return a value
check_db.py:5: error: Function is missing a return type annotation  [no-untyped-def]
check_db.py:5: note: Use "-> None" if function does not return a value
check_all_tables.py:5: error: Function is missing a return type annotation  [no-untyped-def]
check_all_tables.py:5: note: Use "-> None" if function does not return a value
tests/test_schema.py:7: error: Library stubs not installed for "psycopg2"  [import-untyped]
tests/test_retrieval_filter.py:12: error: Cannot find implementation or library stub for module named "retrieval_filter"  [import-not-found]
tests/test_retrieval_filter.py:102: error: Need type annotation for "allowed_paths" (hint: "allowed_paths: list[<type>] = ...")  [var-annotated]
tests/test_db_integration.py:7: error: Library stubs not installed for "psycopg2"  [import-untyped]
tests/test_db_integration.py:7: note: Hint: "python3 -m pip install types-psycopg2"
tests/unit/test_utility_functions.py:87: error: Incompatible types in assignment (expression has type "list[str]", target has type "str")  [assignment]
tests/unit/test_utility_functions.py:91: error: Function is missing a return type annotation  [no-untyped-def]
tests/unit/test_utility_functions.py:467: error: Need type annotation for "items" (hint: "items: list[<type>] = ...")  [var-annotated]
tests/unit/test_utility_functions.py:531: error: Need type annotation for "grouped" (hint: "grouped: dict[<type>, <type>] = ...")  [var-annotated]
tests/unit/test_utility_functions.py:661: error: Function is missing a return type annotation  [no-untyped-def]
tests/unit/test_utility_functions.py:662: error: Need type annotation for "cache" (hint: "cache: dict[<type>, <type>] = ...")  [var-annotated]
tests/unit/test_q_table_dao.py:13: error: Name "QTableDAO" is not defined  [name-defined]
tests/unit/test_q_learning.py:72: error: "SoftQLearning" has no attribute "calculate_reward"  [attr-defined]
tests/unit/test_policy.py:54: error: Argument 1 to "_softmax" of "SoftQPolicy" has incompatible type "list[int]"; expected "list[float]"  [arg-type]
tests/unit/test_policy.py:54: note: "list" is invariant -- see https://mypy.readthedocs.io/en/stable/common_issues.html#variance
tests/unit/test_policy.py:54: note: Consider using "Sequence" instead, which is covariant
tests/unit/test_policy.py:59: error: Argument 1 to "_softmax" of "SoftQPolicy" has incompatible type "list[int]"; expected "list[float]"  [arg-type]
tests/unit/test_policy.py:59: note: "list" is invariant -- see https://mypy.readthedocs.io/en/stable/common_issues.html#variance
tests/unit/test_policy.py:59: note: Consider using "Sequence" instead, which is covariant
tests/unit/test_feature_flags.py:24: error: Module has no attribute "_env_manager"; maybe "get_env_manager"?  [attr-defined]
tests/unit/test_feature_flags.py:63: error: Module has no attribute "_env_manager"; maybe "get_env_manager"?  [attr-defined]
tests/unit/test_feature_flags.py:75: error: Module has no attribute "_env_manager"; maybe "get_env_manager"?  [attr-defined]
tests/unit/test_feature_flags.py:87: error: Module has no attribute "_env_manager"; maybe "get_env_manager"?  [attr-defined]
tests/unit/test_feature_flags.py:121: error: Module has no attribute "_env_manager"; maybe "get_env_manager"?  [attr-defined]
tests/unit/test_doc_taxonomy_model.py:14: error: Name "DocTaxonomy" is not defined  [name-defined]
tests/unit/test_doc_taxonomy_model.py:24: error: Name "DocTaxonomy" is not defined  [name-defined]
tests/unit/test_doc_taxonomy_model.py:31: error: Name "DocTaxonomy" is not defined  [name-defined]
tests/unit/test_doc_taxonomy_model.py:41: error: Name "DocTaxonomy" is not defined  [name-defined]
tests/unit/test_config.py:332: error: Argument 1 to "_validate_secret_strength" has incompatible type "None"; expected "str"  [arg-type]
tests/unit/test_config.py:384: error: No overload variant of "asdict" matches argument type "object"  [call-overload]
tests/unit/test_config.py:384: note: Possible overload variants:
tests/unit/test_config.py:384: note:     def asdict(obj: DataclassInstance) -> dict[str, Any]
tests/unit/test_config.py:384: note:     def [_T] asdict(obj: DataclassInstance, *, dict_factory: Callable[[list[tuple[str, Any]]], _T]) -> _T
tests/unit/test_config.py:468: error: Unsupported right operand type for in ("Optional[str]")  [operator]
tests/unit/test_config.py:469: error: Unsupported right operand type for in ("Optional[str]")  [operator]
tests/unit/test_config.py:470: error: Unsupported right operand type for in ("Optional[str]")  [operator]
tests/unit/test_casebank_metadata.py:18: error: Variable "tests.unit.test_casebank_metadata.TestBase" is not valid as a type  [valid-type]
tests/unit/test_casebank_metadata.py:18: note: See https://mypy.readthedocs.io/en/stable/common_issues.html#variables-vs-type-aliases
tests/unit/test_casebank_metadata.py:18: error: Invalid base class "TestBase"  [misc]
tests/unit/test_casebank_metadata.py:26: error: X | Y syntax for unions requires Python 3.10  [syntax]
tests/unit/test_casebank_metadata.py:27: error: X | Y syntax for unions requires Python 3.10  [syntax]
tests/unit/test_casebank_metadata.py:28: error: X | Y syntax for unions requires Python 3.10  [syntax]
tests/unit/test_casebank_metadata.py:29: error: X | Y syntax for unions requires Python 3.10  [syntax]
tests/unit/test_casebank_metadata.py:30: error: X | Y syntax for unions requires Python 3.10  [syntax]
tests/unit/test_casebank_metadata.py:33: error: X | Y syntax for unions requires Python 3.10  [syntax]
tests/unit/test_casebank_metadata.py:211: error: Incompatible types in assignment (expression has type "Select[tuple[TestCaseBank]]", variable has type "Update")  [assignment]
tests/unit/test_casebank_metadata.py:244: error: Incompatible types in assignment (expression has type "Select[tuple[TestCaseBank]]", variable has type "Update")  [assignment]
tests/unit/test_casebank_metadata.py:257: error: Incompatible types in assignment (expression has type "Select[tuple[TestCaseBank]]", variable has type "Update")  [assignment]
tests/unit/test_casebank_metadata.py:290: error: Incompatible types in assignment (expression has type "Select[tuple[TestCaseBank]]", variable has type "Update")  [assignment]
tests/performance/test_load_reflection.py:36: error: Function is missing a type annotation for one or more arguments  [no-untyped-def]
tests/performance/test_load_reflection.py:41: error: Incompatible default for argument "payload" (default has type "None", argument has type "dict[Any, Any]")  [assignment]
tests/performance/test_load_reflection.py:41: note: PEP 484 prohibits implicit Optional. Accordingly, mypy has changed its default to no_implicit_optional=True
tests/performance/test_load_reflection.py:41: note: Use https://github.com/hauntsaninja/no_implicit_optional to automatically upgrade your codebase
tests/performance/test_load_consolidation.py:36: error: Function is missing a type annotation for one or more arguments  [no-untyped-def]
tests/performance/test_load_consolidation.py:41: error: Incompatible default for argument "payload" (default has type "None", argument has type "dict[Any, Any]")  [assignment]
tests/performance/test_load_consolidation.py:41: note: PEP 484 prohibits implicit Optional. Accordingly, mypy has changed its default to no_implicit_optional=True
tests/performance/test_load_consolidation.py:41: note: Use https://github.com/hauntsaninja/no_implicit_optional to automatically upgrade your codebase
tests/integration/test_search_system_integration.py:28: error: Module "apps.api.cache.search_cache" has no attribute "SearchCache"; maybe "HybridSearchCache"?  [attr-defined]
tests/integration/test_search_system_integration.py:33: error: Cannot find implementation or library stub for module named "apps.api.search.hybrid_search"  [import-not-found]
tests/integration/test_search_system_integration.py:39: error: Cannot find implementation or library stub for module named "apps.api.search.embedding_service"  [import-not-found]
tests/integration/test_search_system_integration.py:256: error: Argument "key" to "sorted" has incompatible type "Callable[[dict[str, object]], object]"; expected "Callable[[dict[str, object]], Union[SupportsDunderLT[Any], SupportsDunderGT[Any]]]"  [arg-type]
tests/integration/test_search_system_integration.py:256: error: Incompatible return value type (got "object", expected "Union[SupportsDunderLT[Any], SupportsDunderGT[Any]]")  [return-value]
tests/integration/test_search_system_integration.py:265: error: Unsupported left operand type for >= ("object")  [operator]
tests/integration/test_ml_classifier.py:13: error: Function is missing a return type annotation  [no-untyped-def]
tests/integration/test_ml_classifier.py:16: error: Cannot find implementation or library stub for module named "services.ml_classifier"  [import-not-found]
tests/integration/test_ml_classifier.py:26: error: Function is missing a return type annotation  [no-untyped-def]
tests/integration/test_ml_classifier.py:159: error: Function is missing a return type annotation  [no-untyped-def]
tests/integration/test_ml_classifier.py:161: error: Cannot find implementation or library stub for module named "database"  [import-not-found]
tests/integration/test_database_integration.py:15: error: Cannot find implementation or library stub for module named "database"  [import-not-found]
tests/integration/test_database_integration.py:130: error: Function is missing a return type annotation  [no-untyped-def]
tests/integration/test_database_integration.py:207: error: Function is missing a return type annotation  [no-untyped-def]
tests/integration/test_casebank_crud.py:17: error: Variable "tests.integration.test_casebank_crud.TestBase" is not valid as a type  [valid-type]
tests/integration/test_casebank_crud.py:17: note: See https://mypy.readthedocs.io/en/stable/common_issues.html#variables-vs-type-aliases
tests/integration/test_casebank_crud.py:17: error: Invalid base class "TestBase"  [misc]
tests/integration/test_casebank_crud.py:25: error: X | Y syntax for unions requires Python 3.10  [syntax]
tests/integration/test_casebank_crud.py:26: error: X | Y syntax for unions requires Python 3.10  [syntax]
tests/integration/test_casebank_crud.py:27: error: X | Y syntax for unions requires Python 3.10  [syntax]
tests/integration/test_casebank_crud.py:28: error: X | Y syntax for unions requires Python 3.10  [syntax]
tests/integration/test_casebank_crud.py:29: error: X | Y syntax for unions requires Python 3.10  [syntax]
tests/integration/test_casebank_crud.py:32: error: X | Y syntax for unions requires Python 3.10  [syntax]
tests/integration/test_caching_system_integration.py:26: error: Module "apps.api.cache.search_cache" has no attribute "SearchCache"; maybe "HybridSearchCache"?  [attr-defined]
tests/integration/test_caching_system_integration.py:138: error: "bool" not callable  [operator]
tests/integration/test_caching_system_integration.py:146: error: Function is missing a return type annotation  [no-untyped-def]
tests/integration/test_caching_system_integration.py:187: error: Function is missing a return type annotation  [no-untyped-def]
tests/integration/test_caching_system_integration.py:215: error: Function is missing a return type annotation  [no-untyped-def]
tests/integration/test_caching_system_integration.py:215: error: Function is missing a type annotation for one or more arguments  [no-untyped-def]
tests/integration/test_caching_system_integration.py:247: error: Function is missing a return type annotation  [no-untyped-def]
tests/integration/test_caching_system_integration.py:247: error: Function is missing a type annotation for one or more arguments  [no-untyped-def]
tests/integration/test_caching_system_integration.py:276: error: "RedisManager" has no attribute "delete_many"  [attr-defined]
tests/integration/test_caching_system_integration.py:284: error: Function is missing a return type annotation  [no-untyped-def]
tests/integration/test_caching_system_integration.py:308: error: Incompatible types in assignment (expression has type "Coroutine[Any, Any, Optional[Any]]", variable has type "Coroutine[Any, Any, bool]")  [assignment]
tests/integration/test_caching_system_integration.py:317: error: Function is missing a return type annotation  [no-untyped-def]
tests/integration/test_caching_system_integration.py:333: error: Value of type "object" is not indexable  [index]
tests/integration/test_caching_system_integration.py:334: error: Value of type "object" is not indexable  [index]
tests/integration/test_caching_system_integration.py:366: error: Unexpected keyword argument "redis_url" for "RedisManager"  [call-arg]
apps/api/cache/redis_manager.py: note: "RedisManager" defined here
tests/integration/test_caching_system_integration.py:386: error: Function is missing a return type annotation  [no-untyped-def]
tests/integration/test_caching_system_integration.py:386: error: Function is missing a type annotation for one or more arguments  [no-untyped-def]
tests/integration/test_caching_system_integration.py:400: error: "bool" not callable  [operator]
tests/integration/test_caching_system_integration.py:415: error: Function is missing a return type annotation  [no-untyped-def]
tests/integration/test_caching_system_integration.py:450: error: Unsupported operand types for < ("int" and "object")  [operator]
tests/integration/test_agent_background_tasks_migration.py:55: error: Incompatible types in assignment (expression has type "Result[Any]", variable has type "CompletedProcess[str]")  [assignment]
tests/integration/test_agent_background_tasks_migration.py:56: error: "CompletedProcess[str]" has no attribute "scalar"  [attr-defined]
tests/integration/test_agent_background_tasks_migration.py:67: error: Incompatible types in assignment (expression has type "Result[Any]", variable has type "CompletedProcess[str]")  [assignment]
tests/integration/test_agent_background_tasks_migration.py:68: error: "CompletedProcess[str]" has no attribute "fetchall"  [attr-defined]
tests/integration/test_agent_background_tasks_migration.py:145: error: Incompatible types in assignment (expression has type "Result[Any]", variable has type "CompletedProcess[str]")  [assignment]
tests/integration/test_agent_background_tasks_migration.py:146: error: "CompletedProcess[str]" has no attribute "scalar"  [attr-defined]
tests/integration/test_agent_background_tasks_migration.py:157: error: Incompatible types in assignment (expression has type "Result[Any]", variable has type "CompletedProcess[str]")  [assignment]
tests/integration/test_agent_background_tasks_migration.py:158: error: "CompletedProcess[str]" has no attribute "fetchall"  [attr-defined]
tests/integration/test_agent_background_tasks_migration.py:227: error: Incompatible types in assignment (expression has type "Result[Any]", variable has type "CompletedProcess[str]")  [assignment]
tests/integration/test_agent_background_tasks_migration.py:228: error: "CompletedProcess[str]" has no attribute "fetchall"  [attr-defined]
tests/integration/test_agent_background_tasks_migration.py:285: error: Incompatible types in assignment (expression has type "Result[Any]", variable has type "CompletedProcess[str]")  [assignment]
tests/integration/test_agent_background_tasks_migration.py:286: error: "CompletedProcess[str]" has no attribute "fetchall"  [attr-defined]
tests/integration/test_agent_background_tasks_migration.py:356: error: Incompatible types in assignment (expression has type "Result[Any]", variable has type "CompletedProcess[str]")  [assignment]
tests/integration/test_agent_background_tasks_migration.py:357: error: "CompletedProcess[str]" has no attribute "fetchone"  [attr-defined]
tests/integration/test_agent_background_tasks_migration.py:399: error: Incompatible types in assignment (expression has type "Result[Any]", variable has type "CompletedProcess[str]")  [assignment]
tests/integration/test_agent_background_tasks_migration.py:400: error: "CompletedProcess[str]" has no attribute "fetchall"  [attr-defined]
tests/integration/test_agent_background_tasks_migration.py:464: error: Incompatible types in assignment (expression has type "Result[Any]", variable has type "CompletedProcess[str]")  [assignment]
tests/integration/test_agent_background_tasks_migration.py:465: error: "CompletedProcess[str]" has no attribute "fetchall"  [attr-defined]
tests/integration/test_agent_background_tasks_migration.py:480: error: Incompatible types in assignment (expression has type "Result[Any]", variable has type "CompletedProcess[str]")  [assignment]
tests/integration/test_agent_background_tasks_migration.py:481: error: "CompletedProcess[str]" has no attribute "fetchall"  [attr-defined]
tests/integration/test_agent_background_tasks_migration.py:500: error: Incompatible types in assignment (expression has type "Result[Any]", variable has type "CompletedProcess[str]")  [assignment]
tests/integration/test_agent_background_tasks_migration.py:501: error: "CompletedProcess[str]" has no attribute "fetchall"  [attr-defined]
tests/e2e/test_phase_integration_e2e.py:3: error: Cannot find implementation or library stub for module named "moai.core.flags"  [import-not-found]
tests/e2e/test_phase_integration_e2e.py:4: error: Cannot find implementation or library stub for module named "moai.core.pipeline"  [import-not-found]
tests/e2e/test_phase_integration_e2e.py:5: error: Cannot find implementation or library stub for module named "moai.agents.debate"  [import-not-found]
tests/e2e/test_phase_integration_e2e.py:6: error: Cannot find implementation or library stub for module named "moai.planners.meta_planner"  [import-not-found]
tests/e2e/test_phase_integration_e2e.py:7: error: Cannot find implementation or library stub for module named "moai.tools.retrieval"  [import-not-found]
tests/e2e/test_phase_integration_e2e.py:8: error: Cannot find implementation or library stub for module named "moai.config"  [import-not-found]
apps/api/background/agent_task_queue.py:144: error: "RedisManager" has no attribute "lrange"  [attr-defined]
apps/api/background/agent_task_queue.py:163: error: "RedisManager" has no attribute "lrem"  [attr-defined]
tests/test_ingestion_metrics.py:81: error: Value of type "object" is not indexable  [index]
tests/test_ingestion_metrics.py:82: error: Value of type "object" is not indexable  [index]
tests/test_ingestion_metrics.py:83: error: Value of type "object" is not indexable  [index]
tests/test_ingestion_metrics.py:84: error: Value of type "object" is not indexable  [index]
tests/test_ingestion_metrics.py:85: error: Value of type "object" is not indexable  [index]
tests/test_ingestion_metrics.py:86: error: Value of type "object" is not indexable  [index]
tests/test_ingestion_metrics.py:87: error: Value of type "object" is not indexable  [index]
tests/test_ingestion_metrics.py:115: error: Value of type "object" is not indexable  [index]
tests/test_ingestion_metrics.py:119: error: Value of type "object" is not indexable  [index]
tests/test_ingestion_metrics.py:179: error: Value of type "object" is not indexable  [index]
tests/test_ingestion_metrics.py:180: error: Value of type "object" is not indexable  [index]
tests/test_ingestion_metrics.py:185: error: Value of type "object" is not indexable  [index]
tests/test_ingestion_metrics.py:186: error: Value of type "object" is not indexable  [index]
tests/test_ingestion_metrics.py:190: error: Value of type "object" is not indexable  [index]
tests/test_ingestion_metrics.py:195: error: Value of type "object" is not indexable  [index]
tests/test_ingestion_metrics.py:198: error: Value of type "object" is not indexable  [index]
tests/test_ingestion_metrics.py:199: error: Value of type "object" is not indexable  [index]
apps/api/migrations/add_api_key_tables.py:120: error: Cannot find implementation or library stub for module named "apps.config"  [import-not-found]
alembic/env.py:33: error: Function is missing a return type annotation  [no-untyped-def]
alembic/env.py:73: error: Unsupported target for indexed assignment ("Optional[dict[str, str]]")  [index]
alembic/env.py:76: error: Argument 1 to "engine_from_config" has incompatible type "Optional[dict[str, str]]"; expected "dict[str, Any]"  [arg-type]
alembic/env.py:98: error: Function is missing a type annotation  [no-untyped-def]
alembic/versions/da725cdb420a_upgrade_documents_embedding_to_1536_.py:42: error: "Connection" has no attribute "get_bind"  [attr-defined]
alembic/versions/da725cdb420a_upgrade_documents_embedding_to_1536_.py:112: error: "Connection" has no attribute "get_bind"  [attr-defined]
alembic/versions/c46a46c1546e_add_ingestion_pipeline_tables.py:42: error: "Connection" has no attribute "get_bind"  [attr-defined]
alembic/versions/c46a46c1546e_add_ingestion_pipeline_tables.py:208: error: "Connection" has no attribute "get_bind"  [attr-defined]
alembic/versions/ae87e9eb1eb6_add_pii_tracking_to_chunks.py:40: error: "Connection" has no attribute "get_bind"  [attr-defined]
alembic/versions/ae87e9eb1eb6_add_pii_tracking_to_chunks.py:122: error: "Connection" has no attribute "get_bind"  [attr-defined]
alembic/versions/9e61c0aac4be_add_documents_metadata_columns.py:41: error: "Connection" has no attribute "get_bind"  [attr-defined]
alembic/versions/752234dc7ed7_upgrade_embeddings_to_1536_dimensions.py:41: error: "Connection" has no attribute "get_bind"  [attr-defined]
alembic/versions/752234dc7ed7_upgrade_embeddings_to_1536_dimensions.py:101: error: "Connection" has no attribute "get_bind"  [attr-defined]
alembic/versions/4b62d8cc3712_fix_token_count_constraint.py:40: error: "Connection" has no attribute "get_bind"  [attr-defined]
alembic/versions/4b62d8cc3712_fix_token_count_constraint.py:87: error: "Connection" has no attribute "get_bind"  [attr-defined]
alembic/versions/0009_add_documents_metadata_columns.py:37: error: "Connection" has no attribute "get_bind"  [attr-defined]
alembic/versions/0008_taxonomy_schema.py:35: error: "Connection" has no attribute "get_bind"  [attr-defined]
alembic/versions/0007_fix_documents_vector_dimension.py:34: error: "Connection" has no attribute "get_bind"  [attr-defined]
alembic/versions/0007_fix_documents_vector_dimension.py:98: error: "Connection" has no attribute "get_bind"  [attr-defined]
alembic/versions/0006_add_pii_tracking.py:34: error: "Connection" has no attribute "get_bind"  [attr-defined]
alembic/versions/0006_add_pii_tracking.py:116: error: "Connection" has no attribute "get_bind"  [attr-defined]
alembic/versions/0005_vector_dimension_1536.py:33: error: "Connection" has no attribute "get_bind"  [attr-defined]
alembic/versions/0005_vector_dimension_1536.py:89: error: "Connection" has no attribute "get_bind"  [attr-defined]
alembic/versions/0004_asyncpg_compatibility_fixes.py:36: error: "Connection" has no attribute "get_bind"  [attr-defined]
alembic/versions/0004_asyncpg_compatibility_fixes.py:153: error: "Connection" has no attribute "get_bind"  [attr-defined]
production_deployment_check.py:31: error: Function is missing a return type annotation  [no-untyped-def]
production_deployment_check.py:31: note: Use "-> None" if function does not return a value
production_deployment_check.py:32: error: Need type annotation for "results"  [var-annotated]
production_deployment_check.py:44: error: Function is missing a return type annotation  [no-untyped-def]
production_deployment_check.py:50: error: Function is missing a return type annotation  [no-untyped-def]
production_deployment_check.py:56: error: Function is missing a return type annotation  [no-untyped-def]
production_deployment_check.py:62: error: Function is missing a return type annotation  [no-untyped-def]
production_deployment_check.py:62: note: Use "-> None" if function does not return a value
production_deployment_check.py:99: error: Function is missing a return type annotation  [no-untyped-def]
production_deployment_check.py:99: note: Use "-> None" if function does not return a value
production_deployment_check.py:113: error: Cannot find implementation or library stub for module named "core.db_session"  [import-not-found]
production_deployment_check.py:157: error: Function is missing a return type annotation  [no-untyped-def]
production_deployment_check.py:157: note: Use "-> None" if function does not return a value
production_deployment_check.py:172: error: Cannot find implementation or library stub for module named "main"  [import-not-found]
production_deployment_check.py:189: error: Function is missing a return type annotation  [no-untyped-def]
production_deployment_check.py:189: note: Use "-> None" if function does not return a value
production_deployment_check.py:203: error: Cannot find implementation or library stub for module named "search.hybrid_search_engine"  [import-not-found]
production_deployment_check.py:233: error: Function is missing a return type annotation  [no-untyped-def]
production_deployment_check.py:233: note: Use "-> None" if function does not return a value
production_deployment_check.py:274: error: Function is missing a return type annotation  [no-untyped-def]
production_deployment_check.py:274: note: Use "-> None" if function does not return a value
production_deployment_check.py:320: error: Function is missing a return type annotation  [no-untyped-def]
production_deployment_check.py:320: note: Use "-> None" if function does not return a value
production_deployment_check.py:338: error: Cannot find implementation or library stub for module named "deps"  [import-not-found]
production_deployment_check.py:342: error: Cannot find implementation or library stub for module named "middleware.rate_limiter"  [import-not-found]
production_deployment_check.py:354: error: Function is missing a return type annotation  [no-untyped-def]
production_deployment_check.py:388: error: Function is missing a return type annotation  [no-untyped-def]
production_deployment_check.py:388: note: Use "-> None" if function does not return a value
tests/test_runner.py:57: error: Library stubs not installed for "psycopg2"  [import-untyped]
tests/test_runner.py:67: error: No overload variant of "execute" of "Connection" matches argument type "str"  [call-overload]
tests/test_runner.py:67: note: Possible overload variants:
tests/test_runner.py:67: note:     def [_T: Any] execute(self, statement: TypedReturnsRows[_T], parameters: Union[Sequence[Mapping[str, Any]], Mapping[str, Any], None] = ..., *, execution_options: Union[_CoreKnownExecutionOptions, Mapping[str, Any], None] = ...) -> CursorResult[_T]
tests/test_runner.py:67: note:     def execute(self, statement: Executable, parameters: Optional[Union[Sequence[Mapping[str, Any]], Mapping[str, Any]]] = ..., *, execution_options: Optional[Union[_CoreKnownExecutionOptions, Mapping[str, Any]]] = ...) -> CursorResult[Any]
tests/test_runner.py:292: error: Skipping analyzing "pytest_cov": module is installed, but missing library stubs or py.typed marker  [import-untyped]
tests/security/test_xss_prevention.py:19: error: Function is missing a return type annotation  [no-untyped-def]
tests/security/test_xss_prevention.py:44: error: Function is missing a return type annotation  [no-untyped-def]
tests/security/test_xss_prevention.py:75: error: Function is missing a return type annotation  [no-untyped-def]
tests/security/test_xss_prevention.py:101: error: Function is missing a return type annotation  [no-untyped-def]
tests/security/test_xss_prevention.py:127: error: Function is missing a return type annotation  [no-untyped-def]
tests/security/test_xss_prevention.py:152: error: Function is missing a return type annotation  [no-untyped-def]
tests/security/test_sql_injection_prevention.py:19: error: Function is missing a return type annotation  [no-untyped-def]
tests/security/test_sql_injection_prevention.py:60: error: Function is missing a return type annotation  [no-untyped-def]
tests/security/test_sql_injection_prevention.py:93: error: Function is missing a return type annotation  [no-untyped-def]
tests/security/test_sql_injection_prevention.py:120: error: Function is missing a return type annotation  [no-untyped-def]
tests/security/test_sql_injection_prevention.py:148: error: Function is missing a return type annotation  [no-untyped-def]
tests/security/test_sql_injection_prevention.py:186: error: Function is missing a return type annotation  [no-untyped-def]
tests/security/test_rate_limiting.py:20: error: Function is missing a return type annotation  [no-untyped-def]
tests/security/test_rate_limiting.py:50: error: Function is missing a return type annotation  [no-untyped-def]
tests/security/test_rate_limiting.py:90: error: Function is missing a return type annotation  [no-untyped-def]
tests/security/test_rate_limiting.py:129: error: Function is missing a return type annotation  [no-untyped-def]
tests/security/test_rate_limiting.py:156: error: Function is missing a return type annotation  [no-untyped-def]
tests/security/test_rate_limiting.py:178: error: Function is missing a return type annotation  [no-untyped-def]
tests/security/test_input_validation.py:19: error: Function is missing a return type annotation  [no-untyped-def]
tests/security/test_input_validation.py:48: error: Function is missing a return type annotation  [no-untyped-def]
tests/security/test_input_validation.py:71: error: Function is missing a return type annotation  [no-untyped-def]
tests/security/test_input_validation.py:98: error: Function is missing a return type annotation  [no-untyped-def]
tests/security/test_input_validation.py:123: error: Function is missing a return type annotation  [no-untyped-def]
tests/security/test_input_validation.py:155: error: Function is missing a return type annotation  [no-untyped-def]
tests/security/test_authentication.py:18: error: Function is missing a return type annotation  [no-untyped-def]
tests/security/test_authentication.py:47: error: Function is missing a return type annotation  [no-untyped-def]
tests/security/test_authentication.py:69: error: Function is missing a return type annotation  [no-untyped-def]
tests/security/test_authentication.py:91: error: Function is missing a return type annotation  [no-untyped-def]
tests/security/test_authentication.py:114: error: Function is missing a return type annotation  [no-untyped-def]
vector_embedding_analysis.py:14: error: Library stubs not installed for "requests"  [import-untyped]
vector_embedding_analysis.py:15: error: Skipping analyzing "sklearn.metrics.pairwise": module is installed, but missing library stubs or py.typed marker  [import-untyped]
vector_embedding_analysis.py:16: error: Skipping analyzing "sklearn.decomposition": module is installed, but missing library stubs or py.typed marker  [import-untyped]
vector_embedding_analysis.py:18: error: Library stubs not installed for "seaborn"  [import-untyped]
vector_embedding_analysis.py:18: note: Hint: "python3 -m pip install types-seaborn"
vector_embedding_analysis.py:404: error: Argument 1 to "append" of "list" has incompatible type "float"; expected "floating[Any]"  [arg-type]
vector_embedding_analysis.py:450: error: Function is missing a return type annotation  [no-untyped-def]
vector_embedding_analysis.py:450: error: Incompatible default for argument "filename" (default has type "None", argument has type "str")  [assignment]
vector_embedding_analysis.py:450: note: PEP 484 prohibits implicit Optional. Accordingly, mypy has changed its default to no_implicit_optional=True
vector_embedding_analysis.py:450: note: Use https://github.com/hauntsaninja/no_implicit_optional to automatically upgrade your codebase
vector_embedding_analysis.py:453: error: Statement is unreachable  [unreachable]
vector_embedding_analysis.py:461: error: Function is missing a return type annotation  [no-untyped-def]
test_production_system.py:22: error: Function is missing a return type annotation  [no-untyped-def]
test_production_system.py:22: note: Use "-> None" if function does not return a value
test_production_system.py:150: error: Unsupported operand types for + ("None" and "int")  [operator]
test_production_system.py:150: note: Both left and right operands are unions
test_production_system.py:350: error: Value of type "Optional[Row[Any]]" is not indexable  [index]
test_production_system.py:351: error: Value of type "Optional[Row[Any]]" is not indexable  [index]
test_production_system.py:460: error: Function is missing a return type annotation  [no-untyped-def]
test_pg_step_by_step.py:12: error: Function is missing a return type annotation  [no-untyped-def]
test_pg_step_by_step.py:12: note: Use "-> None" if function does not return a value
test_pg_step_by_step.py:18: error: Function is missing a return type annotation  [no-untyped-def]
test_pg_step_by_step.py:18: note: Use "-> None" if function does not return a value
test_pg_step_by_step.py:40: error: Function is missing a return type annotation  [no-untyped-def]
test_pg_step_by_step.py:40: note: Use "-> None" if function does not return a value
test_pg_step_by_step.py:47: error: Function is missing a return type annotation  [no-untyped-def]
test_pg_step_by_step.py:47: note: Use "-> None" if function does not return a value
start_production_system.py:18: error: Function is missing a return type annotation  [no-untyped-def]
start_production_system.py:57: error: Function is missing a return type annotation  [no-untyped-def]
start_production_system.py:79: error: Function is missing a return type annotation  [no-untyped-def]
start_production_system.py:117: error: Function is missing a return type annotation  [no-untyped-def]
start_production_system.py:130: error: Function is missing a return type annotation  [no-untyped-def]
start_production_system.py:168: error: Function is missing a type annotation  [no-untyped-def]
start_production_system.py:205: error: Function is missing a return type annotation  [no-untyped-def]
setup_database.py:16: error: Function is missing a return type annotation  [no-untyped-def]
init_production_db.py:16: error: Function is missing a return type annotation  [no-untyped-def]
init_production_db.py:16: note: Use "-> None" if function does not return a value
generate_embeddings.py:18: error: Function is missing a return type annotation  [no-untyped-def]
generate_embeddings.py:124: error: Function is missing a return type annotation  [no-untyped-def]
generate_embeddings.py:164: error: Function is missing a return type annotation  [no-untyped-def]
create_schema.py:9: error: Function is missing a return type annotation  [no-untyped-def]
create_schema.py:9: note: Use "-> None" if function does not return a value
create_admin_api_key.py:15: error: Module "apps.api.database" has no attribute "get_async_session"; maybe "async_session"?  [attr-defined]
create_admin_api_key.py:20: error: Function is missing a return type annotation  [no-untyped-def]
create_admin_api_key.py:20: note: Use "-> None" if function does not return a value
create_admin_api_key.py:87: error: Item "None" of "Optional[APIKeyInfo]" has no attribute "key_id"  [union-attr]
create_admin_api_key.py:88: error: Item "None" of "Optional[APIKeyInfo]" has no attribute "name"  [union-attr]
create_admin_api_key.py:89: error: Item "None" of "Optional[APIKeyInfo]" has no attribute "scope"  [union-attr]
create_admin_api_key.py:90: error: Item "None" of "Optional[APIKeyInfo]" has no attribute "rate_limit"  [union-attr]
create_admin_api_key.py:91: error: Item "None" of "Optional[APIKeyInfo]" has no attribute "created_at"  [union-attr]
create_admin_api_key.py:92: error: Item "None" of "Optional[APIKeyInfo]" has no attribute "expires_at"  [union-attr]
tests/test_database_dao.py:72: error: Argument "version" to "_get_fallback_tree" of "TaxonomyDAO" has incompatible type "str"; expected "int"  [arg-type]
tests/test_database_dao.py:167: error: "type[ClassifyDAO]" has no attribute "_fallback_classification"  [attr-defined]
tests/test_database_dao.py:178: error: "type[ClassifyDAO]" has no attribute "_fallback_classification"  [attr-defined]
tests/test_database_dao.py:189: error: "type[ClassifyDAO]" has no attribute "_fallback_classification"  [attr-defined]
tests/test_database_dao.py:200: error: "type[ClassifyDAO]" has no attribute "_fallback_classification"  [attr-defined]
tests/unit/test_neural_selector.py:295: error: Module "apps.api.env_manager" has no attribute "EnvironmentManager"; maybe "Environment"?  [attr-defined]
tests/unit/test_database.py:749: error: Module "apps.api.database" has no attribute "Agent"  [attr-defined]
tests/unit/test_database.py:788: error: Module "apps.api.database" has no attribute "Agent"  [attr-defined]
tests/integration/test_taxonomy_query.py:25: error: Subclass of "int" and "UUID" cannot exist: have distinct disjoint bases  [unreachable]
apps/api/services/taxonomy_service.py:222: error: Need type annotation for "suggestions" (hint: "suggestions: list[<type>] = ...")  [var-annotated]
apps/api/background/coverage_history_dao.py:17: error: Module "apps.api.database" has no attribute "CoverageHistory"  [attr-defined]
tests/unit/test_health_check.py:39: error: Non-overlapping equality check (left operand type: "Literal[HealthStatus.HEALTHY]", right operand type: "Literal[HealthStatus.UNHEALTHY]")  [comparison-overlap]
tests/unit/test_health_check.py:528: error: "HealthChecker" has no attribute "check_all_health"; maybe "_check_cache_health" or "_check_storage_health"?  [attr-defined]
tests/unit/test_health_check.py:559: error: "HealthChecker" has no attribute "check_component_health"  [attr-defined]
tests/unit/test_coverage_history_dao.py:73: error: Module "apps.api.database" has no attribute "CoverageHistory"  [attr-defined]
tests/unit/test_coverage_history_dao.py:123: error: Module "apps.api.database" has no attribute "CoverageHistory"  [attr-defined]
tests/unit/test_coverage_history_dao.py:173: error: Module "apps.api.database" has no attribute "CoverageHistory"  [attr-defined]
tests/unit/test_coverage_history_dao.py:234: error: Module "apps.api.database" has no attribute "CoverageHistory"  [attr-defined]
tests/unit/test_consolidation_policy.py:16: error: Variable "tests.unit.test_consolidation_policy.TestBase" is not valid as a type  [valid-type]
tests/unit/test_consolidation_policy.py:16: note: See https://mypy.readthedocs.io/en/stable/common_issues.html#variables-vs-type-aliases
tests/unit/test_consolidation_policy.py:16: error: Invalid base class "TestBase"  [misc]
tests/unit/test_consolidation_policy.py:24: error: X | Y syntax for unions requires Python 3.10  [syntax]
tests/unit/test_consolidation_policy.py:25: error: X | Y syntax for unions requires Python 3.10  [syntax]
tests/unit/test_consolidation_policy.py:26: error: X | Y syntax for unions requires Python 3.10  [syntax]
tests/unit/test_consolidation_policy.py:27: error: X | Y syntax for unions requires Python 3.10  [syntax]
tests/unit/test_consolidation_policy.py:28: error: X | Y syntax for unions requires Python 3.10  [syntax]
tests/unit/test_consolidation_policy.py:31: error: X | Y syntax for unions requires Python 3.10  [syntax]
tests/unit/test_consolidation_policy.py:350: error: Unexpected keyword argument "low_perf_threshold" for "run_consolidation" of "ConsolidationPolicy"  [call-arg]
apps/orchestration/src/consolidation_policy.py: note: "run_consolidation" of "ConsolidationPolicy" defined here
tests/unit/test_consolidation_policy.py:350: error: Unexpected keyword argument "similarity_threshold" for "run_consolidation" of "ConsolidationPolicy"  [call-arg]
tests/unit/test_consolidation_policy.py:350: error: Unexpected keyword argument "inactive_days" for "run_consolidation" of "ConsolidationPolicy"  [call-arg]
tests/integration/test_consolidation_workflow.py:16: error: Variable "tests.integration.test_consolidation_workflow.TestBase" is not valid as a type  [valid-type]
tests/integration/test_consolidation_workflow.py:16: note: See https://mypy.readthedocs.io/en/stable/common_issues.html#variables-vs-type-aliases
tests/integration/test_consolidation_workflow.py:16: error: Invalid base class "TestBase"  [misc]
tests/integration/test_consolidation_workflow.py:24: error: X | Y syntax for unions requires Python 3.10  [syntax]
tests/integration/test_consolidation_workflow.py:25: error: X | Y syntax for unions requires Python 3.10  [syntax]
tests/integration/test_consolidation_workflow.py:26: error: X | Y syntax for unions requires Python 3.10  [syntax]
tests/integration/test_consolidation_workflow.py:27: error: X | Y syntax for unions requires Python 3.10  [syntax]
tests/integration/test_consolidation_workflow.py:28: error: X | Y syntax for unions requires Python 3.10  [syntax]
tests/integration/test_consolidation_workflow.py:31: error: X | Y syntax for unions requires Python 3.10  [syntax]
tests/integration/test_consolidation_workflow.py:112: error: Unexpected keyword argument "low_perf_threshold" for "run_consolidation" of "ConsolidationPolicy"  [call-arg]
apps/orchestration/src/consolidation_policy.py: note: "run_consolidation" of "ConsolidationPolicy" defined here
tests/integration/test_consolidation_workflow.py:112: error: Unexpected keyword argument "similarity_threshold" for "run_consolidation" of "ConsolidationPolicy"  [call-arg]
tests/integration/test_consolidation_workflow.py:112: error: Unexpected keyword argument "inactive_days" for "run_consolidation" of "ConsolidationPolicy"  [call-arg]
tests/integration/test_consolidation_workflow.py:210: error: "ConsolidationPolicy" has no attribute "restore_archived_case"; maybe "_archive_case"?  [attr-defined]
tests/integration/test_api_endpoints.py:12: error: Function is missing a return type annotation  [no-untyped-def]
tests/integration/test_api_endpoints.py:20: error: Function is missing a return type annotation  [no-untyped-def]
tests/integration/test_api_endpoints.py:36: error: Function is missing a return type annotation  [no-untyped-def]
tests/integration/test_api_endpoints.py:48: error: Function is missing a return type annotation  [no-untyped-def]
tests/integration/test_api_endpoints.py:66: error: Function is missing a return type annotation  [no-untyped-def]
tests/integration/test_api_endpoints.py:81: error: Function is missing a return type annotation  [no-untyped-def]
tests/integration/test_api_endpoints.py:100: error: Function is missing a return type annotation  [no-untyped-def]
tests/integration/test_api_endpoints.py:112: error: Function is missing a return type annotation  [no-untyped-def]
tests/integration/test_api_endpoints.py:127: error: Function is missing a return type annotation  [no-untyped-def]
tests/integration/test_api_endpoints.py:146: error: Function is missing a return type annotation  [no-untyped-def]
tests/integration/test_api_endpoints.py:154: error: Function is missing a return type annotation  [no-untyped-def]
tests/integration/test_api_endpoints.py:169: error: Function is missing a return type annotation  [no-untyped-def]
tests/integration/test_api_endpoints.py:181: error: Function is missing a return type annotation  [no-untyped-def]
tests/integration/test_api_endpoints.py:193: error: Function is missing a return type annotation  [no-untyped-def]
tests/unit/test_coverage_simple.py:14: error: Dict entry 0 has incompatible type "str": "int"; expected "str": "dict[str, int]"  [dict-item]
tests/unit/test_coverage_simple.py:21: error: Non-overlapping equality check (left operand type: "dict[str, dict[str, int]]", right operand type: "dict[str, int]")  [comparison-overlap]
tests/unit/test_coverage_simple.py:62: error: Library stubs not installed for "networkx"  [import-untyped]
tests/unit/test_coverage_simple.py:62: note: Hint: "python3 -m pip install types-networkx"
tests/unit/test_coverage_simple.py:71: error: Argument 1 to "_get_descendant_nodes" of "CoverageMeterService" has incompatible type "None"; expected "AsyncSession"  [arg-type]
apps/api/background/agent_task_worker.py:19: error: Module "apps.api.database" has no attribute "BackgroundTask"  [attr-defined]
apps/api/background/agent_task_worker.py:69: error: Statement is unreachable  [unreachable]
apps/api/background/agent_task_worker.py:239: error: Unexpected keyword argument "session" for "calculate_coverage" of "CoverageMeterService"  [call-arg]
apps/knowledge_builder/coverage/meter.py: note: "calculate_coverage" of "CoverageMeterService" defined here
apps/api/background/agent_task_worker.py:239: error: Unexpected keyword argument "taxonomy_node_ids" for "calculate_coverage" of "CoverageMeterService"  [call-arg]
tests/unit/test_agent_task_worker.py:44: error: Statement is unreachable  [unreachable]
tests/integration/test_agent_background_tasks.py:20: error: Module "apps.api.database" has no attribute "BackgroundTask"  [attr-defined]
tests/integration/test_agent_background_tasks.py:101: error: Item "None" of "Optional[Any]" has no attribute "status"  [union-attr]
tests/integration/test_agent_background_tasks.py:107: error: Item "None" of "Optional[Any]" has no attribute "status"  [union-attr]
tests/integration/test_agent_background_tasks.py:108: error: Item "None" of "Optional[Any]" has no attribute "result"  [union-attr]
tests/integration/test_agent_background_tasks.py:109: error: Item "None" of "Optional[Any]" has no attribute "result"  [union-attr]
tests/integration/test_agent_background_tasks.py:110: error: Item "None" of "Optional[Any]" has no attribute "completed_at"  [union-attr]
tests/integration/test_agent_background_tasks.py:157: error: Item "None" of "Optional[Any]" has no attribute "status"  [union-attr]
tests/integration/test_agent_background_tasks.py:158: error: Item "None" of "Optional[Any]" has no attribute "completed_at"  [union-attr]
tests/integration/test_agent_background_tasks.py:164: error: Item "None" of "Optional[Any]" has no attribute "status"  [union-attr]
tests/integration/test_agent_background_tasks.py:165: error: Item "None" of "Optional[Any]" has no attribute "completed_at"  [union-attr]
tests/integration/test_agent_background_tasks.py:214: error: Item "None" of "Optional[Any]" has no attribute "status"  [union-attr]
tests/integration/test_agent_background_tasks.py:215: error: Item "None" of "Optional[Any]" has no attribute "error"  [union-attr]
tests/integration/test_agent_background_tasks.py:266: error: Item "None" of "Optional[Any]" has no attribute "status"  [union-attr]
tests/integration/test_agent_background_tasks.py:272: error: Item "None" of "Optional[Any]" has no attribute "cancellation_requested"  [union-attr]
tests/integration/test_agent_background_tasks.py:339: error: Item "None" of "Optional[Any]" has no attribute "status"  [union-attr]
apps/orchestration/src/tool_registry.py:43: error: "__new__" must return a class instance (got "None")  [misc]
apps/orchestration/src/tool_registry.py:46: error: No return value expected  [return-value]
apps/api/schemas/agent_schemas.py:13: error: No overload variant of "Field" matches argument types "ellipsis", "int", "str"  [call-overload]
apps/api/schemas/agent_schemas.py:13: note: Possible overload variants:
apps/api/schemas/agent_schemas.py:13: note:     def Field(default: ellipsis, *, alias: Optional[str] = ..., alias_priority: Optional[int] = ..., validation_alias: Union[str, AliasPath, AliasChoices, None] = ..., serialization_alias: Optional[str] = ..., title: Optional[str] = ..., field_title_generator: Optional[Callable[[str, FieldInfo], str]] = ..., description: Optional[str] = ..., examples: Optional[list[Any]] = ..., exclude: Optional[bool] = ..., discriminator: Union[str, Discriminator, None] = ..., deprecated: Union[deprecated, str, bool, None] = ..., json_schema_extra: Union[JsonDict, Callable[[JsonDict], None], None] = ..., frozen: Optional[bool] = ..., validate_default: Optional[bool] = ..., repr: bool = ..., init: Optional[bool] = ..., init_var: Optional[bool] = ..., kw_only: Optional[bool] = ..., pattern: Union[str, Pattern[str], None] = ..., strict: Optional[bool] = ..., coerce_numbers_to_str: Optional[bool] = ..., gt: Optional[SupportsGt] = ..., ge: Optional[SupportsGe] = ..., lt: Optional[SupportsLt] = ..., le: Optional[SupportsLe] = ..., multiple_of: Optional[float] = ..., allow_inf_nan: Optional[bool] = ..., max_digits: Optional[int] = ..., decimal_places: Optional[int] = ..., min_length: Optional[int] = ..., max_length: Optional[int] = ..., union_mode: Literal['smart', 'left_to_right'] = ..., fail_fast: Optional[bool] = ...) -> Any
apps/api/schemas/agent_schemas.py:13: note:     def [_T] Field(default: _T, *, alias: Optional[str] = ..., alias_priority: Optional[int] = ..., validation_alias: Union[str, AliasPath, AliasChoices, None] = ..., serialization_alias: Optional[str] = ..., title: Optional[str] = ..., field_title_generator: Optional[Callable[[str, FieldInfo], str]] = ..., description: Optional[str] = ..., examples: Optional[list[Any]] = ..., exclude: Optional[bool] = ..., discriminator: Union[str, Discriminator, None] = ..., deprecated: Union[deprecated, str, bool, None] = ..., json_schema_extra: Union[JsonDict, Callable[[JsonDict], None], None] = ..., frozen: Optional[bool] = ..., validate_default: Optional[bool] = ..., repr: bool = ..., init: Optional[bool] = ..., init_var: Optional[bool] = ..., kw_only: Optional[bool] = ..., pattern: Union[str, Pattern[str], None] = ..., strict: Optional[bool] = ..., coerce_numbers_to_str: Optional[bool] = ..., gt: Optional[SupportsGt] = ..., ge: Optional[SupportsGe] = ..., lt: Optional[SupportsLt] = ..., le: Optional[SupportsLe] = ..., multiple_of: Optional[float] = ..., allow_inf_nan: Optional[bool] = ..., max_digits: Optional[int] = ..., decimal_places: Optional[int] = ..., min_length: Optional[int] = ..., max_length: Optional[int] = ..., union_mode: Literal['smart', 'left_to_right'] = ..., fail_fast: Optional[bool] = ...) -> _T
apps/api/schemas/agent_schemas.py:13: note:     def [_T] Field(*, default_factory: Union[Callable[[], _T], Callable[[dict[str, Any]], _T]], alias: Optional[str] = ..., alias_priority: Optional[int] = ..., validation_alias: Union[str, AliasPath, AliasChoices, None] = ..., serialization_alias: Optional[str] = ..., title: Optional[str] = ..., field_title_generator: Optional[Callable[[str, FieldInfo], str]] = ..., description: Optional[str] = ..., examples: Optional[list[Any]] = ..., exclude: Optional[bool] = ..., discriminator: Union[str, Discriminator, None] = ..., deprecated: Union[deprecated, str, bool, None] = ..., json_schema_extra: Union[JsonDict, Callable[[JsonDict], None], None] = ..., frozen: Optional[bool] = ..., validate_default: Optional[bool] = ..., repr: bool = ..., init: Optional[bool] = ..., init_var: Optional[bool] = ..., kw_only: Optional[bool] = ..., pattern: Union[str, Pattern[str], None] = ..., strict: Optional[bool] = ..., coerce_numbers_to_str: Optional[bool] = ..., gt: Optional[SupportsGt] = ..., ge: Optional[SupportsGe] = ..., lt: Optional[SupportsLt] = ..., le: Optional[SupportsLe] = ..., multiple_of: Optional[float] = ..., allow_inf_nan: Optional[bool] = ..., max_digits: Optional[int] = ..., decimal_places: Optional[int] = ..., min_length: Optional[int] = ..., max_length: Optional[int] = ..., union_mode: Literal['smart', 'left_to_right'] = ..., fail_fast: Optional[bool] = ...) -> _T
apps/api/schemas/agent_schemas.py:13: note:     def Field(*, alias: Optional[str] = ..., alias_priority: Optional[int] = ..., validation_alias: Union[str, AliasPath, AliasChoices, None] = ..., serialization_alias: Optional[str] = ..., title: Optional[str] = ..., field_title_generator: Optional[Callable[[str, FieldInfo], str]] = ..., description: Optional[str] = ..., examples: Optional[list[Any]] = ..., exclude: Optional[bool] = ..., discriminator: Union[str, Discriminator, None] = ..., deprecated: Union[deprecated, str, bool, None] = ..., json_schema_extra: Union[JsonDict, Callable[[JsonDict], None], None] = ..., frozen: Optional[bool] = ..., validate_default: Optional[bool] = ..., repr: bool = ..., init: Optional[bool] = ..., init_var: Optional[bool] = ..., kw_only: Optional[bool] = ..., pattern: Union[str, Pattern[str], None] = ..., strict: Optional[bool] = ..., coerce_numbers_to_str: Optional[bool] = ..., gt: Optional[SupportsGt] = ..., ge: Optional[SupportsGe] = ..., lt: Optional[SupportsLt] = ..., le: Optional[SupportsLe] = ..., multiple_of: Optional[float] = ..., allow_inf_nan: Optional[bool] = ..., max_digits: Optional[int] = ..., decimal_places: Optional[int] = ..., min_length: Optional[int] = ..., max_length: Optional[int] = ..., union_mode: Literal['smart', 'left_to_right'] = ..., fail_fast: Optional[bool] = ...) -> Any
tests/conftest_ci.py:47: error: Incompatible return value type (got "Union[str, bool, None]", expected "bool")  [return-value]
tests/conftest_ci.py:212: error: Function is missing a return type annotation  [no-untyped-def]
tests/conftest_ci.py:223: error: Function is missing a return type annotation  [no-untyped-def]
tests/unit/test_state_encoder.py:13: error: Missing keys ("chunk_id", "taxonomy_version", "intent_confidence", "retrieved_docs", "retrieval_filter_applied", "bm25_results", "vector_results", "answer_strategy", "plan_reasoning", "tools_used", "debate_activated", "debate_reasoning", "draft_answer", "sources", "citations_count", "final_answer", "confidence", "cost", "latency", "step_timings", "errors", "retry_count") for TypedDict "PipelineState"  [typeddict-item]
tests/unit/test_state_encoder.py:13: error: Extra keys ("plan", "retrieved_chunks") for TypedDict "PipelineState"  [typeddict-unknown-key]
tests/unit/test_state_encoder.py:38: error: Missing keys ("chunk_id", "taxonomy_version", "intent_confidence", "retrieved_docs", "retrieval_filter_applied", "bm25_results", "vector_results", "answer_strategy", "plan_reasoning", "tools_used", "debate_activated", "debate_reasoning", "draft_answer", "sources", "citations_count", "final_answer", "confidence", "cost", "latency", "step_timings", "errors", "retry_count") for TypedDict "PipelineState"  [typeddict-item]
tests/unit/test_state_encoder.py:38: error: Extra keys ("plan", "retrieved_chunks") for TypedDict "PipelineState"  [typeddict-unknown-key]
tests/unit/test_state_encoder.py:48: error: Missing keys ("chunk_id", "taxonomy_version", "intent_confidence", "retrieved_docs", "retrieval_filter_applied", "bm25_results", "vector_results", "answer_strategy", "plan_reasoning", "tools_used", "debate_activated", "debate_reasoning", "draft_answer", "sources", "citations_count", "final_answer", "confidence", "cost", "latency", "step_timings", "errors", "retry_count") for TypedDict "PipelineState"  [typeddict-item]
tests/unit/test_state_encoder.py:48: error: Extra keys ("plan", "retrieved_chunks") for TypedDict "PipelineState"  [typeddict-unknown-key]
tests/integration/test_tool_execution.py:10: error: Module "apps.orchestration.src.langgraph_pipeline" has no attribute "step4_tools_debate"  [attr-defined]
tests/integration/test_tool_execution.py:53: error: Missing keys ("chunk_id", "taxonomy_version", "intent", "intent_confidence", "retrieved_docs", "retrieval_filter_applied", "bm25_results", "vector_results", "answer_strategy", "plan_reasoning", "tools_used", "debate_activated", "debate_reasoning", "draft_answer", "sources", "citations_count", "final_answer", "confidence", "cost", "latency", "step_timings", "errors", "retry_count") for TypedDict "PipelineState"  [typeddict-item]
tests/integration/test_tool_execution.py:53: error: Extra key "plan" for TypedDict "PipelineState"  [typeddict-unknown-key]
tests/integration/test_tool_execution.py:80: error: Missing keys ("chunk_id", "taxonomy_version", "intent", "intent_confidence", "retrieved_docs", "retrieval_filter_applied", "bm25_results", "vector_results", "answer_strategy", "plan_reasoning", "tools_used", "debate_activated", "debate_reasoning", "draft_answer", "sources", "citations_count", "final_answer", "confidence", "cost", "latency", "step_timings", "errors", "retry_count") for TypedDict "PipelineState"  [typeddict-item]
tests/integration/test_tool_execution.py:80: error: Extra key "plan" for TypedDict "PipelineState"  [typeddict-unknown-key]
tests/integration/test_tool_execution.py:94: error: Missing keys ("chunk_id", "taxonomy_version", "intent", "intent_confidence", "retrieved_docs", "retrieval_filter_applied", "bm25_results", "vector_results", "answer_strategy", "plan_reasoning", "tools_used", "debate_activated", "debate_reasoning", "draft_answer", "sources", "citations_count", "final_answer", "confidence", "cost", "latency", "step_timings", "errors", "retry_count") for TypedDict "PipelineState"  [typeddict-item]
tests/integration/test_tool_execution.py:94: error: Extra key "plan" for TypedDict "PipelineState"  [typeddict-unknown-key]
tests/integration/test_tool_execution.py:128: error: Missing keys ("chunk_id", "taxonomy_version", "intent", "intent_confidence", "retrieved_docs", "retrieval_filter_applied", "bm25_results", "vector_results", "answer_strategy", "plan_reasoning", "tools_used", "debate_activated", "debate_reasoning", "draft_answer", "sources", "citations_count", "final_answer", "confidence", "cost", "latency", "step_timings", "errors", "retry_count") for TypedDict "PipelineState"  [typeddict-item]
tests/integration/test_tool_execution.py:128: error: Extra key "plan" for TypedDict "PipelineState"  [typeddict-unknown-key]
tests/integration/test_tool_execution.py:174: error: Missing keys ("chunk_id", "taxonomy_version", "intent", "intent_confidence", "retrieved_docs", "retrieval_filter_applied", "bm25_results", "vector_results", "answer_strategy", "plan_reasoning", "tools_used", "debate_activated", "debate_reasoning", "draft_answer", "sources", "citations_count", "final_answer", "confidence", "cost", "latency", "step_timings", "errors", "retry_count") for TypedDict "PipelineState"  [typeddict-item]
tests/integration/test_tool_execution.py:174: error: Extra key "plan" for TypedDict "PipelineState"  [typeddict-unknown-key]
tests/integration/test_softq_integration.py:8: error: Module "apps.api.database" has no attribute "QTableDAO"  [attr-defined]
tests/integration/test_softq_integration.py:20: error: Missing keys ("chunk_id", "taxonomy_version", "intent_confidence", "retrieved_docs", "retrieval_filter_applied", "bm25_results", "vector_results", "answer_strategy", "plan_reasoning", "tools_used", "debate_activated", "debate_reasoning", "draft_answer", "sources", "citations_count", "final_answer", "confidence", "cost", "latency", "step_timings", "errors", "retry_count") for TypedDict "PipelineState"  [typeddict-item]
tests/integration/test_softq_integration.py:20: error: Extra keys ("plan", "retrieved_chunks") for TypedDict "PipelineState"  [typeddict-unknown-key]
tests/integration/test_softq_integration.py:33: error: Argument 1 to "select_action" of "SoftQPolicy" has incompatible type "Optional[list[float]]"; expected "list[float]"  [arg-type]
tests/integration/test_softq_integration.py:39: error: "SoftQLearning" has no attribute "calculate_reward"  [attr-defined]
tests/integration/test_softq_integration.py:56: error: Missing keys ("chunk_id", "taxonomy_version", "intent_confidence", "retrieved_docs", "retrieval_filter_applied", "bm25_results", "vector_results", "answer_strategy", "plan_reasoning", "tools_used", "debate_activated", "debate_reasoning", "draft_answer", "sources", "citations_count", "final_answer", "confidence", "cost", "latency", "step_timings", "errors", "retry_count") for TypedDict "PipelineState"  [typeddict-item]
tests/integration/test_softq_integration.py:56: error: Extra keys ("plan", "retrieved_chunks") for TypedDict "PipelineState"  [typeddict-unknown-key]
tests/integration/test_softq_integration.py:67: error: Argument 1 to "_softmax" of "SoftQPolicy" has incompatible type "Optional[list[float]]"; expected "list[float]"  [arg-type]
tests/integration/test_softq_integration.py:73: error: Item "None" of "Optional[list[float]]" has no attribute "__iter__" (not iterable)  [union-attr]
tests/integration/test_pipeline_steps.py:15: error: Module "apps.orchestration.src.langgraph_pipeline" has no attribute "step3_plan"  [attr-defined]
tests/integration/test_pipeline_steps.py:15: error: Module "apps.orchestration.src.langgraph_pipeline" has no attribute "step4_tools_debate"  [attr-defined]
tests/integration/test_pipeline_steps.py:15: error: Module "apps.orchestration.src.langgraph_pipeline" has no attribute "step6_cite"  [attr-defined]
tests/integration/test_pipeline_steps.py:33: error: Missing keys ("chunk_id", "taxonomy_version", "intent", "intent_confidence", "retrieved_docs", "retrieval_filter_applied", "bm25_results", "vector_results", "answer_strategy", "plan_reasoning", "tools_used", "debate_activated", "debate_reasoning", "draft_answer", "sources", "citations_count", "final_answer", "confidence", "cost", "latency", "step_timings", "errors", "retry_count") for TypedDict "PipelineState"  [typeddict-item]
tests/integration/test_pipeline_steps.py:57: error: Missing keys ("chunk_id", "taxonomy_version", "intent", "intent_confidence", "retrieved_docs", "retrieval_filter_applied", "bm25_results", "vector_results", "answer_strategy", "plan_reasoning", "tools_used", "debate_activated", "debate_reasoning", "draft_answer", "sources", "citations_count", "final_answer", "confidence", "cost", "latency", "step_timings", "errors", "retry_count") for TypedDict "PipelineState"  [typeddict-item]
tests/integration/test_pipeline_steps.py:77: error: Missing keys ("chunk_id", "taxonomy_version", "intent", "intent_confidence", "retrieved_docs", "retrieval_filter_applied", "bm25_results", "vector_results", "answer_strategy", "plan_reasoning", "tools_used", "debate_activated", "debate_reasoning", "draft_answer", "sources", "citations_count", "final_answer", "confidence", "cost", "latency", "step_timings", "errors", "retry_count") for TypedDict "PipelineState"  [typeddict-item]
tests/integration/test_pipeline_steps.py:97: error: Missing keys ("chunk_id", "taxonomy_version", "intent", "intent_confidence", "retrieved_docs", "retrieval_filter_applied", "bm25_results", "vector_results", "answer_strategy", "plan_reasoning", "tools_used", "debate_activated", "debate_reasoning", "draft_answer", "sources", "citations_count", "final_answer", "confidence", "cost", "latency", "step_timings", "errors", "retry_count") for TypedDict "PipelineState"  [typeddict-item]
tests/integration/test_pipeline_steps.py:108: error: Missing keys ("chunk_id", "taxonomy_version", "intent", "intent_confidence", "retrieved_docs", "retrieval_filter_applied", "bm25_results", "vector_results", "answer_strategy", "plan_reasoning", "tools_used", "debate_activated", "debate_reasoning", "draft_answer", "sources", "citations_count", "final_answer", "confidence", "cost", "latency", "step_timings", "errors", "retry_count") for TypedDict "PipelineState"  [typeddict-item]
tests/integration/test_pipeline_steps.py:219: error: Missing keys ("chunk_id", "taxonomy_version", "intent", "intent_confidence", "retrieved_docs", "retrieval_filter_applied", "bm25_results", "vector_results", "answer_strategy", "plan_reasoning", "tools_used", "debate_activated", "debate_reasoning", "draft_answer", "sources", "citations_count", "final_answer", "confidence", "cost", "latency", "step_timings", "errors", "retry_count") for TypedDict "PipelineState"  [typeddict-item]
tests/integration/test_pipeline_steps.py:236: error: Missing keys ("chunk_id", "taxonomy_version", "intent", "intent_confidence", "retrieved_docs", "retrieval_filter_applied", "bm25_results", "vector_results", "answer_strategy", "plan_reasoning", "tools_used", "debate_activated", "debate_reasoning", "draft_answer", "sources", "citations_count", "final_answer", "confidence", "cost", "latency", "step_timings", "errors", "retry_count") for TypedDict "PipelineState"  [typeddict-item]
tests/integration/test_langgraph_pipeline.py:68: error: Unexpected keyword argument "canonical_filter" for "PipelineRequest"  [call-arg]
apps/orchestration/src/langgraph_pipeline.py: note: "PipelineRequest" defined here
tests/integration/test_debate_integration.py:23: error: Unexpected keyword argument "canonical_filter" for "PipelineRequest"  [call-arg]
tests/integration/test_debate_integration.py:37: error: Module "apps.orchestration.src.langgraph_pipeline" has no attribute "step4_tools_debate"  [attr-defined]
tests/integration/test_debate_integration.py:62: error: Module "apps.orchestration.src.langgraph_pipeline" has no attribute "step4_tools_debate"  [attr-defined]
tests/integration/test_debate_integration.py:112: error: Module "apps.orchestration.src.langgraph_pipeline" has no attribute "step4_tools_debate"  [attr-defined]
tests/integration/test_debate_integration.py:162: error: Module "apps.orchestration.src.langgraph_pipeline" has no attribute "step4_tools_debate"  [attr-defined]
tests/integration/test_debate_integration.py:209: error: Module "apps.orchestration.src.langgraph_pipeline" has no attribute "step1_intent"  [attr-defined]
tests/integration/test_debate_integration.py:209: error: Module "apps.orchestration.src.langgraph_pipeline" has no attribute "step2_retrieve"  [attr-defined]
tests/integration/test_debate_integration.py:209: error: Module "apps.orchestration.src.langgraph_pipeline" has no attribute "step5_compose"  [attr-defined]
tests/integration/test_debate_integration.py:209: error: Module "apps.orchestration.src.langgraph_pipeline" has no attribute "step7_respond"  [attr-defined]
apps/orchestration/src/langgraph_pipeline.py: note: "PipelineRequest" defined here
tests/integration/test_debate_integration.py:51: error: Missing keys ("chunk_id", "taxonomy_version", "intent", "intent_confidence", "retrieved_docs", "retrieval_filter_applied", "bm25_results", "vector_results", "answer_strategy", "plan_reasoning", "tools_used", "debate_activated", "debate_reasoning", "draft_answer", "sources", "citations_count", "final_answer", "confidence", "cost", "latency", "step_timings", "errors", "retry_count") for TypedDict "PipelineState"  [typeddict-item]
tests/integration/test_debate_integration.py:51: error: Extra key "retrieved_chunks" for TypedDict "PipelineState"  [typeddict-unknown-key]
tests/integration/test_debate_integration.py:87: error: Missing keys ("chunk_id", "taxonomy_version", "intent", "intent_confidence", "retrieved_docs", "retrieval_filter_applied", "bm25_results", "vector_results", "answer_strategy", "plan_reasoning", "tools_used", "debate_activated", "debate_reasoning", "draft_answer", "sources", "citations_count", "final_answer", "confidence", "cost", "latency", "step_timings", "errors", "retry_count") for TypedDict "PipelineState"  [typeddict-item]
tests/integration/test_debate_integration.py:87: error: Extra key "retrieved_chunks" for TypedDict "PipelineState"  [typeddict-unknown-key]
tests/integration/test_debate_integration.py:142: error: Missing keys ("chunk_id", "taxonomy_version", "intent", "intent_confidence", "retrieved_docs", "retrieval_filter_applied", "bm25_results", "vector_results", "answer_strategy", "plan_reasoning", "tools_used", "debate_activated", "debate_reasoning", "draft_answer", "sources", "citations_count", "final_answer", "confidence", "cost", "latency", "step_timings", "errors", "retry_count") for TypedDict "PipelineState"  [typeddict-item]
tests/integration/test_debate_integration.py:142: error: Extra key "retrieved_chunks" for TypedDict "PipelineState"  [typeddict-unknown-key]
tests/integration/test_debate_integration.py:185: error: Missing keys ("chunk_id", "taxonomy_version", "intent", "intent_confidence", "retrieved_docs", "retrieval_filter_applied", "bm25_results", "vector_results", "answer_strategy", "plan_reasoning", "tools_used", "debate_activated", "debate_reasoning", "draft_answer", "sources", "citations_count", "final_answer", "confidence", "cost", "latency", "step_timings", "errors", "retry_count") for TypedDict "PipelineState"  [typeddict-item]
tests/integration/test_debate_integration.py:185: error: Extra key "retrieved_chunks" for TypedDict "PipelineState"  [typeddict-unknown-key]
tests/integration/test_debate_integration.py:226: error: Missing keys ("chunk_id", "taxonomy_version", "intent", "intent_confidence", "retrieved_docs", "retrieval_filter_applied", "bm25_results", "vector_results", "answer_strategy", "plan_reasoning", "tools_used", "debate_activated", "debate_reasoning", "draft_answer", "sources", "citations_count", "final_answer", "confidence", "cost", "latency", "step_timings", "errors", "retry_count") for TypedDict "PipelineState"  [typeddict-item]
packages/common-schemas/tests/contract_test.py:24: error: Function is missing a return type annotation  [no-untyped-def]
packages/common-schemas/tests/contract_test.py:24: note: Use "-> None" if function does not return a value
packages/common-schemas/tests/contract_test.py:49: error: Function is missing a return type annotation  [no-untyped-def]
packages/common-schemas/tests/contract_test.py:49: note: Use "-> None" if function does not return a value
packages/common-schemas/tests/contract_test.py:68: error: Function is missing a return type annotation  [no-untyped-def]
packages/common-schemas/tests/contract_test.py:68: note: Use "-> None" if function does not return a value
packages/common-schemas/tests/contract_test.py:106: error: Function is missing a return type annotation  [no-untyped-def]
packages/common-schemas/tests/contract_test.py:106: note: Use "-> None" if function does not return a value
packages/common-schemas/tests/contract_test.py:122: error: Function is missing a return type annotation  [no-untyped-def]
packages/common-schemas/tests/contract_test.py:122: note: Use "-> None" if function does not return a value
packages/common-schemas/tests/contract_test.py:139: error: Function is missing a return type annotation  [no-untyped-def]
packages/common-schemas/tests/contract_test.py:139: note: Use "-> None" if function does not return a value
packages/common-schemas/tests/contract_test.py:153: error: Function is missing a return type annotation  [no-untyped-def]
packages/common-schemas/tests/contract_test.py:153: note: Use "-> None" if function does not return a value
packages/common-schemas/tests/contract_test.py:165: error: Item "None" of "Optional[dict[Any, Any]]" has no attribute "get"  [union-attr]
packages/common-schemas/tests/contract_test.py:183: error: Item "None" of "Optional[dict[Any, Any]]" has no attribute "get"  [union-attr]
packages/common-schemas/tests/contract_test.py:201: error: Function is missing a return type annotation  [no-untyped-def]
packages/common-schemas/tests/contract_test.py:201: note: Use "-> None" if function does not return a value
packages/common-schemas/tests/contract_test.py:215: error: Missing named argument "q" for "SearchRequest"  [call-arg]
packages/common-schemas/tests/contract_test.py:219: error: Missing named argument "version" for "FromCategoryRequest"  [call-arg]
packages/common-schemas/tests/contract_test.py:219: error: Missing named argument "node_paths" for "FromCategoryRequest"  [call-arg]
apps/orchestration/src/tool_executor.py:13: error: Library stubs not installed for "jsonschema"  [import-untyped]
apps/orchestration/src/tool_executor.py:13: note: Hint: "python3 -m pip install types-jsonschema"
apps/orchestration/src/reflection_engine.py:164: error: Argument "key" to "sort" of "list" has incompatible type "Callable[[dict[str, object]], object]"; expected "Callable[[dict[str, object]], Union[SupportsDunderLT[Any], SupportsDunderGT[Any]]]"  [arg-type]
apps/orchestration/src/reflection_engine.py:164: error: Incompatible return value type (got "object", expected "Union[SupportsDunderLT[Any], SupportsDunderGT[Any]]")  [return-value]
apps/orchestration/src/tools/calculator.py:13: error: Returning Any from function declared to return "float"  [no-any-return]
apps/evaluation/sample_data.py:165: error: Missing named argument "ground_truth" for "EvaluationRequest"  [call-arg]
apps/classification/semantic_classifier.py:25: error: Function is missing a type annotation for one or more arguments  [no-untyped-def]
apps/classification/semantic_classifier.py:221: error: Function is missing a type annotation for one or more arguments  [no-untyped-def]
apps/api/services/langgraph_service.py:70: error: Unexpected keyword argument "canonical_filter" for "PipelineRequest"  [call-arg]
apps/orchestration/src/langgraph_pipeline.py: note: "PipelineRequest" defined here
tests/unit/test_tool_executor.py:10: error: Library stubs not installed for "jsonschema"  [import-untyped]
tests/unit/test_tool_executor.py:79: error: Item "None" of "Optional[str]" has no attribute "lower"  [union-attr]
tests/unit/test_tool_executor.py:105: error: Item "None" of "Optional[str]" has no attribute "lower"  [union-attr]
tests/unit/test_tool_executor.py:113: error: Item "None" of "Optional[str]" has no attribute "lower"  [union-attr]
tests/unit/test_tool_executor.py:135: error: Item "None" of "Optional[str]" has no attribute "lower"  [union-attr]
tests/integration/test_reflection_workflow.py:18: error: Module "apps.api.database" has no attribute "optimize_execution_log_indices"  [attr-defined]
tests/e2e/test_memento_e2e.py:151: error: "CaseBank" has no attribute "status"  [attr-defined]
tests/e2e/test_memento_e2e.py:158: error: "CaseBank" has no attribute "status"  [attr-defined]
tests/e2e/test_memento_e2e.py:199: error: "CaseBank" has no attribute "version"  [attr-defined]
tests/e2e/test_memento_e2e.py:200: error: "CaseBank" has no attribute "status"  [attr-defined]
tests/e2e/test_memento_e2e.py:201: error: "CaseBank" has no attribute "updated_at"  [attr-defined]
tests/e2e/test_memento_e2e.py:214: error: "CaseBank" has no attribute "status"  [attr-defined]
tests/e2e/test_memento_e2e.py:218: error: "CaseBank" has no attribute "status"  [attr-defined]
web_frontend.py:20: error: Function is missing a return type annotation  [no-untyped-def]
test_server.py:25: error: Function is missing a return type annotation  [no-untyped-def]
test_server.py:42: error: Function is missing a return type annotation  [no-untyped-def]
test_server.py:52: error: Function is missing a return type annotation  [no-untyped-def]
test_real_integration.py:20: error: Function is missing a return type annotation  [no-untyped-def]
test_real_integration.py:25: error: Cannot find implementation or library stub for module named "embedding_service"  [import-not-found]
test_real_integration.py:55: error: Function is missing a return type annotation  [no-untyped-def]
test_real_integration.py:79: error: Function is missing a return type annotation  [no-untyped-def]
test_real_integration.py:96: error: Function is missing a return type annotation  [no-untyped-def]
test_real_integration.py:130: error: Function is missing a return type annotation  [no-untyped-def]
test_real_integration.py:186: error: Function is missing a return type annotation  [no-untyped-def]
test_real_integration.py:202: error: Function is missing a return type annotation  [no-untyped-def]
test_real_integration.py:236: error: Function is missing a type annotation  [no-untyped-def]
test_real_integration.py:275: error: Function is missing a return type annotation  [no-untyped-def]
test_api.py:14: error: Function is missing a return type annotation  [no-untyped-def]
test_api.py:17: error: Cannot find implementation or library stub for module named "routers.embedding_router"  [import-not-found]
simple_api.py:7: error: Function is missing a return type annotation  [no-untyped-def]
simple_api.py:11: error: Function is missing a return type annotation  [no-untyped-def]
simple_api.py:15: error: Function is missing a return type annotation  [no-untyped-def]
quick_test.py:10: error: Function is missing a return type annotation  [no-untyped-def]
quick_test.py:19: error: Function is missing a return type annotation  [no-untyped-def]
quick_test.py:28: error: Function is missing a return type annotation  [no-untyped-def]
quick_test.py:44: error: Function is missing a return type annotation  [no-untyped-def]
quick_test.py:54: error: Function is missing a return type annotation  [no-untyped-def]
prove_project_perfect.py:37: error: Returning Any from function declared to return "list[float]"  [no-any-return]
prove_project_perfect.py:62: error: Function is missing a return type annotation  [no-untyped-def]
prove_project_perfect.py:96: error: Function is missing a return type annotation  [no-untyped-def]
prove_project_perfect.py:135: error: Function is missing a return type annotation  [no-untyped-def]
prove_project_perfect.py:162: error: Function is missing a type annotation  [no-untyped-def]
prove_project_perfect.py:192: error: Function is missing a return type annotation  [no-untyped-def]
prove_project_perfect.py:260: error: Function is missing a return type annotation  [no-untyped-def]
prove_project_perfect.py:282: error: Function is missing a return type annotation  [no-untyped-def]
prove_project_perfect.py:297: error: Function is missing a return type annotation  [no-untyped-def]
prove_project_perfect.py:331: error: Function is missing a return type annotation  [no-untyped-def]
prove_project_perfect.py:338: error: Function is missing a return type annotation  [no-untyped-def]
prove_project_perfect.py:338: note: Use "-> None" if function does not return a value
prove_project_perfect.py:346: error: Function is missing a return type annotation  [no-untyped-def]
prove_project_perfect.py:351: error: Function is missing a return type annotation  [no-untyped-def]
prove_project_perfect.py:382: error: Function is missing a type annotation  [no-untyped-def]
prove_project_perfect.py:430: error: Function is missing a return type annotation  [no-untyped-def]
full_server.py:55: error: Function is missing a return type annotation  [no-untyped-def]
full_server.py:128: error: Function is missing a return type annotation  [no-untyped-def]
full_server.py:128: error: Function is missing a type annotation for one or more arguments  [no-untyped-def]
full_server.py:142: error: Function is missing a return type annotation  [no-untyped-def]
full_server.py:175: error: Function is missing a return type annotation  [no-untyped-def]
full_server.py:195: error: Function is missing a return type annotation  [no-untyped-def]
full_server.py:215: error: Argument "topk" to "hybrid_search" of "SearchDAO" has incompatible type "Optional[int]"; expected "int"  [arg-type]
full_server.py:262: error: Function is missing a return type annotation  [no-untyped-def]
full_server.py:323: error: Unsupported operand types for <= ("float" and "object")  [operator]
full_server.py:323: error: Unsupported left operand type for >= ("object")  [operator]
full_server.py:323: note: Right operand is of type "Optional[float]"
full_server.py:326: error: Value of type variable "SupportsRichComparisonT" of "max" cannot be "object"  [type-var]
full_server.py:330: error: Argument "confidence" to "ClassifyResponse" has incompatible type "object"; expected "float"  [arg-type]
full_server.py:337: error: Function is missing a return type annotation  [no-untyped-def]
full_server.py:408: error: Function is missing a return type annotation  [no-untyped-def]
full_server.py:445: error: Item "None" of "Optional[str]" has no attribute "endswith"  [union-attr]
full_server.py:518: error: Function is missing a return type annotation  [no-untyped-def]
full_server.py:521: error: Library stubs not installed for "psutil"  [import-untyped]
full_server.py:568: error: Function is missing a return type annotation  [no-untyped-def]
full_server.py:589: error: Function is missing a return type annotation  [no-untyped-def]
full_server.py:592: error: Argument "openapi_url" to "get_swagger_ui_html" has incompatible type "Optional[str]"; expected "str"  [arg-type]
full_server.py:607: error: Function is missing a return type annotation  [no-untyped-def]
full_server.py:610: error: Argument "openapi_url" to "get_redoc_html" has incompatible type "Optional[str]"; expected "str"  [arg-type]
packages/common-schemas/CORRECTED_B_TEAM_CLIENT.py:28: error: Function is missing a type annotation for one or more arguments  [no-untyped-def]
packages/common-schemas/CORRECTED_B_TEAM_CLIENT.py:28: error: Missing return statement  [return]
packages/common-schemas/CORRECTED_B_TEAM_CLIENT.py:42: error: Returning Any from function declared to return "dict[Any, Any]"  [no-any-return]
packages/common-schemas/CORRECTED_B_TEAM_CLIENT.py:87: error: Incompatible default for argument "category" (default has type "None", argument has type "str")  [assignment]
packages/common-schemas/CORRECTED_B_TEAM_CLIENT.py:87: note: PEP 484 prohibits implicit Optional. Accordingly, mypy has changed its default to no_implicit_optional=True
packages/common-schemas/CORRECTED_B_TEAM_CLIENT.py:87: note: Use https://github.com/hauntsaninja/no_implicit_optional to automatically upgrade your codebase
packages/common-schemas/CORRECTED_B_TEAM_CLIENT.py:99: error: Function is missing a return type annotation  [no-untyped-def]
packages/common-schemas/CORRECTED_B_TEAM_CLIENT.py:99: note: Use "-> None" if function does not return a value
packages/common-schemas/CORRECTED_B_TEAM_CLIENT.py:110: error: Function is missing a return type annotation  [no-untyped-def]
packages/common-schemas/CORRECTED_B_TEAM_CLIENT.py:115: error: Function is missing a return type annotation  [no-untyped-def]
packages/common-schemas/CORRECTED_B_TEAM_CLIENT.py:154: error: Function is missing a return type annotation  [no-untyped-def]
packages/common-schemas/CORRECTED_B_TEAM_CLIENT.py:154: note: Use "-> None" if function does not return a value
packages/common-schemas/CORRECTED_A_TEAM_SERVER.py:19: error: Name "ClassifyRequest" already defined (possibly by an import)  [no-redef]
packages/common-schemas/CORRECTED_A_TEAM_SERVER.py:24: error: Name "TaxonomyNode" already defined (possibly by an import)  [no-redef]
packages/common-schemas/CORRECTED_A_TEAM_SERVER.py:31: error: Name "ClassifyResponse" already defined (possibly by an import)  [no-redef]
packages/common-schemas/CORRECTED_A_TEAM_SERVER.py:38: error: Name "SearchHit" already defined (possibly by an import)  [no-redef]
packages/common-schemas/CORRECTED_A_TEAM_SERVER.py:45: error: Name "SearchRequest" already defined (possibly by an import)  [no-redef]
packages/common-schemas/CORRECTED_A_TEAM_SERVER.py:53: error: Name "SearchResponse" already defined (possibly by an import)  [no-redef]
packages/common-schemas/CORRECTED_A_TEAM_SERVER.py:72: error: Function is missing a return type annotation  [no-untyped-def]
packages/common-schemas/CORRECTED_A_TEAM_SERVER.py:83: error: Function is missing a return type annotation  [no-untyped-def]
packages/common-schemas/CORRECTED_A_TEAM_SERVER.py:111: error: Function is missing a return type annotation  [no-untyped-def]
packages/common-schemas/CORRECTED_A_TEAM_SERVER.py:123: error: Argument "source" to "SearchHit" has incompatible type "dict[str, str]"; expected "Optional[SourceMeta]"  [arg-type]
packages/common-schemas/CORRECTED_A_TEAM_SERVER.py:133: error: Function is missing a return type annotation  [no-untyped-def]
packages/common-schemas/CORRECTED_A_TEAM_SERVER.py:159: error: Function is missing a return type annotation  [no-untyped-def]
packages/common-schemas/CORRECTED_A_TEAM_SERVER.py:189: error: Function is missing a return type annotation  [no-untyped-def]
apps/security/routers/security_router.py:16: error: Cannot find implementation or library stub for module named "apps.security.compliance.compliance_manager"  [import-not-found]
apps/security/routers/security_router.py:23: error: Cannot find implementation or library stub for module named "apps.security.monitoring.security_monitor"  [import-not-found]
apps/security/routers/security_router.py:24: error: Cannot find implementation or library stub for module named "apps.security.scanning.vulnerability_scanner"  [import-not-found]
apps/security/routers/security_router.py:177: error: Argument "created_at" to "UserResponse" has incompatible type "Optional[datetime]"; expected "datetime"  [arg-type]
apps/security/middleware/security_middleware.py:16: error: Cannot find implementation or library stub for module named "fastapi.middleware.base"  [import-not-found]
apps/security/middleware/security_middleware.py:20: error: Cannot find implementation or library stub for module named "apps.security.audit.audit_logger"  [import-not-found]
apps/orchestration/src/main.py:404: error: Cannot find implementation or library stub for module named "langgraph_pipeline"  [import-not-found]
apps/orchestration/src/main.py:516: error: Item "None" of "Optional[dict[Any, Any]]" has no attribute "get"  [union-attr]
apps/orchestration/src/main.py:539: error: Cannot find implementation or library stub for module named "cbr_system"  [import-not-found]
apps/api/deps.py:74: error: "Coroutine[Any, Any, AsyncSession]" has no attribute "__aenter__"  [attr-defined]
apps/api/deps.py:74: note: Maybe you forgot to use "await"?
apps/api/deps.py:74: error: "Coroutine[Any, Any, AsyncSession]" has no attribute "__aexit__"  [attr-defined]
apps/api/middleware/rate_limiter.py:153: error: Returning Any from function declared to return "Response"  [no-any-return]
apps/api/middleware/rate_limiter.py:193: error: Returning Any from function declared to return "Response"  [no-any-return]
tests/unit/test_search_router.py:44: error: Skipping analyzing "common_schemas.common_schemas.models": module is installed, but missing library stubs or py.typed marker  [import-untyped]
tests/unit/test_search_router.py:199: error: Missing named argument "bm25_weight" for "SearchConfig"  [call-arg]
tests/unit/test_search_router.py:199: error: Missing named argument "vector_weight" for "SearchConfig"  [call-arg]
tests/unit/test_search_router.py:199: error: Missing named argument "rerank_threshold" for "SearchConfig"  [call-arg]
tests/unit/test_search_router.py:199: error: Missing named argument "max_candidates" for "SearchConfig"  [call-arg]
tests/unit/test_search_router.py:226: error: Missing named argument "vector_weight" for "SearchConfig"  [call-arg]
tests/unit/test_search_router.py:226: error: Missing named argument "rerank_threshold" for "SearchConfig"  [call-arg]
tests/unit/test_search_router.py:226: error: Missing named argument "max_candidates" for "SearchConfig"  [call-arg]
tests/unit/test_search_router.py:229: error: Missing named argument "vector_weight" for "SearchConfig"  [call-arg]
tests/unit/test_search_router.py:229: error: Missing named argument "rerank_threshold" for "SearchConfig"  [call-arg]
tests/unit/test_search_router.py:229: error: Missing named argument "max_candidates" for "SearchConfig"  [call-arg]
tests/unit/test_search_router.py:232: error: Missing named argument "bm25_weight" for "SearchConfig"  [call-arg]
tests/unit/test_search_router.py:232: error: Missing named argument "rerank_threshold" for "SearchConfig"  [call-arg]
tests/unit/test_search_router.py:232: error: Missing named argument "max_candidates" for "SearchConfig"  [call-arg]
tests/unit/test_search_router.py:235: error: Missing named argument "bm25_weight" for "SearchConfig"  [call-arg]
tests/unit/test_search_router.py:235: error: Missing named argument "rerank_threshold" for "SearchConfig"  [call-arg]
tests/unit/test_search_router.py:235: error: Missing named argument "max_candidates" for "SearchConfig"  [call-arg]
tests/unit/test_search_router.py:241: error: Missing named argument "bm25_weight" for "SearchConfig"  [call-arg]
tests/unit/test_search_router.py:241: error: Missing named argument "vector_weight" for "SearchConfig"  [call-arg]
tests/unit/test_search_router.py:241: error: Missing named argument "max_candidates" for "SearchConfig"  [call-arg]
tests/unit/test_search_router.py:244: error: Missing named argument "bm25_weight" for "SearchConfig"  [call-arg]
tests/unit/test_search_router.py:244: error: Missing named argument "vector_weight" for "SearchConfig"  [call-arg]
tests/unit/test_search_router.py:244: error: Missing named argument "max_candidates" for "SearchConfig"  [call-arg]
tests/unit/test_search_router.py:250: error: Missing named argument "bm25_weight" for "SearchConfig"  [call-arg]
tests/unit/test_search_router.py:250: error: Missing named argument "vector_weight" for "SearchConfig"  [call-arg]
tests/unit/test_search_router.py:250: error: Missing named argument "rerank_threshold" for "SearchConfig"  [call-arg]
tests/unit/test_search_router.py:253: error: Missing named argument "bm25_weight" for "SearchConfig"  [call-arg]
tests/unit/test_search_router.py:253: error: Missing named argument "vector_weight" for "SearchConfig"  [call-arg]
tests/unit/test_search_router.py:253: error: Missing named argument "rerank_threshold" for "SearchConfig"  [call-arg]
tests/unit/test_search_router.py:562: error: Missing named argument "rerank_threshold" for "SearchConfig"  [call-arg]
tests/unit/test_search_router.py:562: error: Missing named argument "max_candidates" for "SearchConfig"  [call-arg]
tests/unit/test_case_embedding.py:13: error: Module "apps.orchestration.src.main" has no attribute "CBRSystem"  [attr-defined]
tests/security/test_api_key_validation.py:26: error: Module "apps.api.deps" has no attribute "APIKeyValidator"  [attr-defined]
tests/security/test_api_key_validation.py:26: error: Module "apps.api.deps" has no attribute "_check_rate_limit"  [attr-defined]
tests/security/test_api_key_validation.py:26: error: Module "apps.api.deps" has no attribute "_hash_api_key"  [attr-defined]
tests/security/test_api_key_validation.py:26: error: Module "apps.api.deps" has no attribute "_log_security_event"  [attr-defined]
tests/security/test_api_key_validation.py:30: error: Module "apps.api.security" has no attribute "APIKeyConfig"  [attr-defined]
tests/security/test_api_key_validation.py:30: error: Module "apps.api.security" has no attribute "generate_production_key"  [attr-defined]
tests/security/test_api_key_validation.py:181: error: Module "apps.api.deps" has no attribute "_api_key_attempts"  [attr-defined]
tests/security/test_api_key_validation.py:181: error: Module "apps.api.deps" has no attribute "_blocked_keys"  [attr-defined]
tests/security/test_api_key_validation.py:210: error: Module "apps.api.deps" has no attribute "_api_key_attempts"  [attr-defined]
tests/security/test_api_key_validation.py:298: error: Invalid index type "str" for "str"; expected type "Union[SupportsIndex, slice[Any, Any, Any]]"  [index]
tests/security/test_api_key_validation.py:359: error: Library stubs not installed for "psutil"  [import-untyped]
tests/security/test_api_key_validation.py:359: note: Hint: "python3 -m pip install types-psutil"
tests/security/test_api_key_validation.py:402: error: Need type annotation for "results"  [var-annotated]
tests/security/test_api_key_validation.py:403: error: Need type annotation for "errors"  [var-annotated]
tests/integration/test_hybrid_search.py:282: error: Missing named argument "canonical_in" for "SearchRequest"  [call-arg]
tests/integration/test_hybrid_search.py:282: error: Missing named argument "min_score" for "SearchRequest"  [call-arg]
tests/integration/test_hybrid_search.py:282: error: Missing named argument "include_highlights" for "SearchRequest"  [call-arg]
tests/integration/test_hybrid_search.py:282: error: Missing named argument "search_mode" for "SearchRequest"  [call-arg]
tests/integration/test_hybrid_search.py:303: error: Missing named argument "canonical_in" for "SearchRequest"  [call-arg]
tests/integration/test_hybrid_search.py:303: error: Missing named argument "min_score" for "SearchRequest"  [call-arg]
tests/integration/test_hybrid_search.py:303: error: Missing named argument "include_highlights" for "SearchRequest"  [call-arg]
tests/integration/test_hybrid_search.py:303: error: Missing named argument "search_mode" for "SearchRequest"  [call-arg]
tests/integration/test_hybrid_search.py:303: error: Missing named argument "use_neural" for "SearchRequest"  [call-arg]
tests/integration/test_hybrid_search.py:327: error: Missing named argument "query_analysis" for "SearchResponse"  [call-arg]
apps/api/routers/taxonomy.py:132: error: No return value expected  [return-value]
apps/api/routers/taxonomy.py:145: error: No return value expected  [return-value]
apps/api/routers/reflection_router.py:37: error: Unused "type: ignore" comment  [unused-ignore]
apps/api/routers/reflection_router.py:94: error: Unused "type: ignore" comment  [unused-ignore]
apps/api/routers/reflection_router.py:96: error: Unused "type: ignore" comment  [unused-ignore]
apps/api/routers/health.py:26: error: No return value expected  [return-value]
apps/api/routers/classify.py:69: error: No return value expected  [return-value]
apps/api/routers/agent_router.py:23: error: Module "apps.api.models" has no attribute "BackgroundTask"  [attr-defined]
real_gemini_test.py:15: error: Function is missing a return type annotation  [no-untyped-def]
real_gemini_test.py:74: error: Function is missing a return type annotation  [no-untyped-def]
prove_project_works.py:25: error: Function is missing a return type annotation  [no-untyped-def]
prove_project_works.py:35: error: Function is missing a return type annotation  [no-untyped-def]
prove_project_works.py:61: error: Function is missing a return type annotation  [no-untyped-def]
prove_project_works.py:91: error: Function is missing a return type annotation  [no-untyped-def]
prove_project_works.py:132: error: Function is missing a type annotation  [no-untyped-def]
prove_project_works.py:155: error: Function is missing a return type annotation  [no-untyped-def]
prove_project_works.py:241: error: Function is missing a return type annotation  [no-untyped-def]
prove_project_works.py:256: error: Function is missing a return type annotation  [no-untyped-def]
prove_project_works.py:284: error: Function is missing a type annotation  [no-untyped-def]
prove_project_works.py:318: error: Function is missing a return type annotation  [no-untyped-def]
apps/evaluation/golden_dataset_generator.py:114: error: Cannot find implementation or library stub for module named "langchain.docstore.document"  [import-not-found]
apps/evaluation/golden_dataset_generator.py:115: error: Cannot find implementation or library stub for module named "langchain_openai"  [import-not-found]
apps/evaluation/golden_dataset_generator.py:116: error: Cannot find implementation or library stub for module named "ragas.testset"  [import-not-found]
ragas_evaluation_demo.py:28: error: Function is missing a return type annotation  [no-untyped-def]
ragas_evaluation_demo.py:28: note: Use "-> None" if function does not return a value
ragas_evaluation_demo.py:43: error: Function is missing a return type annotation  [no-untyped-def]
ragas_evaluation_demo.py:100: error: Function is missing a return type annotation  [no-untyped-def]
ragas_evaluation_demo.py:166: error: Function is missing a return type annotation  [no-untyped-def]
ragas_evaluation_demo.py:172: error: Missing named argument "significance_threshold" for "ExperimentConfig"  [call-arg]
ragas_evaluation_demo.py:172: error: Missing named argument "power_threshold" for "ExperimentConfig"  [call-arg]
ragas_evaluation_demo.py:225: error: Missing named argument "response_time" for "EvaluationMetrics"  [call-arg]
ragas_evaluation_demo.py:225: error: Missing named argument "retrieval_score" for "EvaluationMetrics"  [call-arg]
ragas_evaluation_demo.py:276: error: Function is missing a return type annotation  [no-untyped-def]
ragas_evaluation_demo.py:322: error: Need type annotation for "category_dist" (hint: "category_dist: dict[<type>, <type>] = ...")  [var-annotated]
ragas_evaluation_demo.py:323: error: Need type annotation for "difficulty_dist" (hint: "difficulty_dist: dict[<type>, <type>] = ...")  [var-annotated]
ragas_evaluation_demo.py:373: error: Function is missing a return type annotation  [no-untyped-def]
ragas_evaluation_demo.py:424: error: Function is missing a return type annotation  [no-untyped-def]
ragas_evaluation_demo.py:495: error: Function is missing a return type annotation  [no-untyped-def]
ragas_evaluation_demo.py:495: note: Use "-> None" if function does not return a value
quick_generate_dataset.py:14: error: Function is missing a return type annotation  [no-untyped-def]
quick_generate_dataset.py:14: note: Use "-> None" if function does not return a value
generate_golden_dataset_from_db.py:17: error: Function is missing a return type annotation  [no-untyped-def]
generate_golden_dataset_from_db.py:17: note: Use "-> None" if function does not return a value
generate_golden_dataset.py:23: error: Function is missing a return type annotation  [no-untyped-def]
generate_golden_dataset.py:23: note: Use "-> None" if function does not return a value
apps/orchestration/src/meta_planner.py:92: error: Returning Any from function declared to return "dict[str, Any]"  [no-any-return]
apps/api/embedding_service.py:54: error: Need type annotation for "embedding_cache" (hint: "embedding_cache: dict[<type>, <type>] = ...")  [var-annotated]
apps/api/embedding_service.py:68: error: Statement is unreachable  [unreachable]
apps/api/embedding_service.py:75: error: Value of type "Optional[dict[str, object]]" is not indexable  [index]
apps/api/embedding_service.py:76: error: Incompatible types in assignment (expression has type "SentenceTransformer", variable has type "None")  [assignment]
apps/api/embedding_service.py:76: error: Value of type "Optional[dict[str, object]]" is not indexable  [index]
apps/api/embedding_service.py:76: error: Argument 1 to "SentenceTransformer" has incompatible type "Union[object, Any]"; expected "Optional[str]"  [arg-type]
apps/api/embedding_service.py:91: error: Returning Any from function declared to return "list[float]"  [no-any-return]
apps/api/embedding_service.py:96: error: Returning Any from function declared to return "list[float]"  [no-any-return]
apps/api/embedding_service.py:99: error: Returning Any from function declared to return "list[float]"  [no-any-return]
apps/api/embedding_service.py:113: error: Returning Any from function declared to return "list[float]"  [no-any-return]
apps/api/embedding_service.py:190: error: Argument 2 to "run_in_executor" of "AbstractEventLoop" has incompatible type "Callable[[], ndarray[Any, Any]]"; expected "Callable[[], list[list[float]]]"  [arg-type]
apps/api/embedding_service.py:190: error: Incompatible return value type (got "ndarray[Any, Any]", expected "list[list[float]]")  [return-value]
apps/api/embedding_service.py:196: error: Argument 1 to "_pad_or_truncate_vector" of "EmbeddingService" has incompatible type "list[float]"; expected "ndarray[Any, Any]"  [arg-type]
apps/api/embedding_service.py:271: error: Returning Any from function declared to return "list[float]"  [no-any-return]
apps/api/embedding_service.py:293: error: Returning Any from function declared to return "list[float]"  [no-any-return]
apps/api/services/ml_classifier.py:12: error: Skipping analyzing "sklearn.metrics.pairwise": module is installed, but missing library stubs or py.typed marker  [import-untyped]
apps/api/services/ml_classifier.py:85: error: Item "None" of "Optional[SentenceTransformer]" has no attribute "encode"  [union-attr]
apps/api/services/ml_classifier.py:96: error: Argument "key" to "max" has incompatible type overloaded function; expected "Callable[[str], Union[SupportsDunderLT[Any], SupportsDunderGT[Any]]]"  [arg-type]
test_classification_direct.py:6: error: Function is missing a return type annotation  [no-untyped-def]
test_classification_direct.py:6: note: Use "-> None" if function does not return a value
insert_test_data.py:11: error: Function is missing a return type annotation  [no-untyped-def]
insert_test_data.py:106: error: Value of type "Optional[Row[Any]]" is not indexable  [index]
insert_test_data.py:107: error: Value of type "Optional[Row[Any]]" is not indexable  [index]
insert_test_data.py:108: error: Value of type "Optional[Row[Any]]" is not indexable  [index]
ingest_sample_docs.py:31: error: Function is missing a return type annotation  [no-untyped-def]
ingest_sample_docs.py:129: error: Function is missing a return type annotation  [no-untyped-def]
ingest_sample_docs.py:129: note: Use "-> None" if function does not return a value
ingest_sample_docs.py:172: error: Value of type "Optional[Row[Any]]" is not indexable  [index]
ingest_sample_docs.py:173: error: Value of type "Optional[Row[Any]]" is not indexable  [index]
ingest_sample_docs.py:174: error: Value of type "Optional[Row[Any]]" is not indexable  [index]
tests/test_embedding_service.py:97: error: "EmbeddingService" has no attribute "_openai_client"  [attr-defined]
tests/test_embedding_service.py:98: error: "EmbeddingService" has no attribute "_openai_client"  [attr-defined]
tests/test_embedding_service.py:105: error: "EmbeddingService" has no attribute "_openai_client"  [attr-defined]
tests/test_embedding_service.py:115: error: "EmbeddingService" has no attribute "_openai_client"  [attr-defined]
tests/test_embedding_service.py:116: error: "EmbeddingService" has no attribute "_openai_client"  [attr-defined]
tests/test_embedding_service.py:122: error: "EmbeddingService" has no attribute "_openai_client"  [attr-defined]
tests/test_embedding_service.py:126: error: "EmbeddingService" has no attribute "_openai_client"  [attr-defined]
tests/test_embedding_service.py:135: error: "EmbeddingService" has no attribute "_openai_client"  [attr-defined]
tests/test_embedding_service.py:140: error: "EmbeddingService" has no attribute "_sentence_transformer"  [attr-defined]
tests/test_embedding_service.py:162: error: "EmbeddingService" has no attribute "_openai_client"  [attr-defined]
tests/test_embedding_service.py:163: error: "EmbeddingService" has no attribute "_openai_client"  [attr-defined]
tests/test_embedding_service.py:173: error: "EmbeddingService" has no attribute "_openai_client"  [attr-defined]
tests/test_embedding_service.py:181: error: Module "apps.api.embedding_service" has no attribute "observe"  [attr-defined]
tests/test_embedding_service.py:195: error: "EmbeddingService" has no attribute "_openai_client"  [attr-defined]
tests/test_embedding_service.py:196: error: "EmbeddingService" has no attribute "_openai_client"  [attr-defined]
tests/test_embedding_service.py:216: error: "EmbeddingService" has no attribute "_openai_client"  [attr-defined]
tests/test_embedding_service.py:217: error: "EmbeddingService" has no attribute "_openai_client"  [attr-defined]
tests/test_embedding_service.py:230: error: "EmbeddingService" has no attribute "_openai_client"  [attr-defined]
tests/test_embedding_service.py:231: error: "EmbeddingService" has no attribute "_openai_client"  [attr-defined]
tests/test_embedding_service.py:237: error: "EmbeddingService" has no attribute "_openai_client"  [attr-defined]
tests/test_embedding_service.py:247: error: Unsupported operand types for < ("int" and "object")  [operator]
tests/test_embedding_service.py:253: error: Unsupported left operand type for < ("object")  [operator]
tests/test_embedding_service.py:259: error: Unsupported operand types for < ("int" and "object")  [operator]
apps/search/hybrid_search_engine.py:497: error: Incompatible types in assignment (expression has type "Union[list[SearchResult], BaseException]", variable has type "list[SearchResult]")  [assignment]
apps/search/hybrid_search_engine.py:502: error: Incompatible types in assignment (expression has type "Union[list[SearchResult], BaseException]", variable has type "list[SearchResult]")  [assignment]
apps/ingestion/batch/job_orchestrator.py:313: error: Incompatible types in assignment (expression has type "DocumentChunk", variable has type "Chunk")  [assignment]
apps/ingestion/batch/job_orchestrator.py:352: error: Missing named argument "error_message" for "DocumentProcessedEventV1"  [call-arg]
apps/ingestion/batch/job_orchestrator.py:352: error: Missing named argument "error_code" for "DocumentProcessedEventV1"  [call-arg]
verify_hybrid_search_complete.py:15: error: Function is missing a return type annotation  [no-untyped-def]
test_search_simple.py:13: error: Function is missing a return type annotation  [no-untyped-def]
test_search_simple.py:31: error: Function is missing a return type annotation  [no-untyped-def]
test_search_simple.py:60: error: Function is missing a return type annotation  [no-untyped-def]
test_search_simple.py:86: error: Function is missing a return type annotation  [no-untyped-def]
test_search_direct.py:4: error: Function is missing a return type annotation  [no-untyped-def]
test_search_direct.py:4: note: Use "-> None" if function does not return a value
test_postgresql_search.py:18: error: Function is missing a return type annotation  [no-untyped-def]
test_postgresql_search.py:48: error: Function is missing a return type annotation  [no-untyped-def]
test_postgresql_search.py:73: error: Function is missing a return type annotation  [no-untyped-def]
test_postgresql_search.py:101: error: Function is missing a return type annotation  [no-untyped-def]
test_postgresql_search.py:142: error: Function is missing a return type annotation  [no-untyped-def]
test_integration_simple.py:21: error: Function is missing a return type annotation  [no-untyped-def]
test_integration_simple.py:41: error: Function is missing a return type annotation  [no-untyped-def]
test_integration_simple.py:58: error: Function is missing a return type annotation  [no-untyped-def]
test_integration_simple.py:74: error: Function is missing a return type annotation  [no-untyped-def]
test_integration_simple.py:94: error: Function is missing a return type annotation  [no-untyped-def]
test_integration_simple.py:102: error: Argument 1 to "module_from_spec" has incompatible type "Optional[ModuleSpec]"; expected "ModuleSpec"  [arg-type]
test_integration_simple.py:111: error: Function is missing a return type annotation  [no-untyped-def]
test_integration_complete.py:26: error: Function is missing a return type annotation  [no-untyped-def]
test_integration_complete.py:26: note: Use "-> None" if function does not return a value
test_integration_complete.py:72: error: Incompatible types in assignment (expression has type "float", target has type "dict[str, object]")  [assignment]
test_integration_complete.py:76: error: Incompatible types in assignment (expression has type "bool", target has type "dict[str, object]")  [assignment]
test_integration_complete.py:212: error: Incompatible types in assignment (expression has type "str", target has type "bool")  [assignment]
test_integration_complete.py:261: error: Dict entry 0 has incompatible type "str": "str"; expected "str": "int"  [dict-item]
test_integration_complete.py:268: error: Dict entry 1 has incompatible type "str": "Optional[Any]"; expected "str": "int"  [dict-item]
test_integration_complete.py:271: error: Dict entry 0 has incompatible type "str": "str"; expected "str": "int"  [dict-item]
test_integration_complete.py:288: error: Dict entry 0 has incompatible type "str": "str"; expected "str": "int"  [dict-item]
test_integration_complete.py:406: error: Incompatible types in assignment (expression has type "float", variable has type "int")  [assignment]
test_integration_complete.py:463: error: Function is missing a return type annotation  [no-untyped-def]
test_integration_complete.py:463: note: Use "-> None" if function does not return a value
test_integration_complete.py:470: error: Function is missing a type annotation  [no-untyped-def]
test_hybrid_search_real_execution.py:31: error: Function is missing a return type annotation  [no-untyped-def]
test_hybrid_search_real_execution.py:61: error: Function is missing a return type annotation  [no-untyped-def]
test_hybrid_search_real_execution.py:91: error: Function is missing a return type annotation  [no-untyped-def]
test_hybrid_search_real_execution.py:140: error: Function is missing a return type annotation  [no-untyped-def]
test_hybrid_search_real_execution.py:178: error: Function is missing a return type annotation  [no-untyped-def]
test_hybrid_search_real_execution.py:211: error: Function is missing a return type annotation  [no-untyped-def]
test_hybrid_search_real_execution.py:247: error: Function is missing a return type annotation  [no-untyped-def]
test_hybrid_search_real_execution.py:276: error: Function is missing a return type annotation  [no-untyped-def]
search_quality_performance_evaluation.py:41: error: Function is missing a return type annotation  [no-untyped-def]
search_quality_performance_evaluation.py:41: note: Use "-> None" if function does not return a value
search_quality_performance_evaluation.py:42: error: Need type annotation for "results"  [var-annotated]
search_quality_performance_evaluation.py:77: error: Function is missing a return type annotation  [no-untyped-def]
search_quality_performance_evaluation.py:77: note: Use "-> None" if function does not return a value
search_quality_performance_evaluation.py:187: error: Returning Any from function declared to return "float"  [no-any-return]
search_quality_performance_evaluation.py:206: error: Function is missing a return type annotation  [no-untyped-def]
search_quality_performance_evaluation.py:206: note: Use "-> None" if function does not return a value
search_quality_performance_evaluation.py:282: error: Incompatible types in assignment (expression has type "list[dict[str, Any]]", variable has type "list[Union[tuple[list[dict[str, Any]], dict[str, Any]], BaseException]]")  [assignment]
search_quality_performance_evaluation.py:300: error: Function is missing a return type annotation  [no-untyped-def]
search_quality_performance_evaluation.py:300: note: Use "-> None" if function does not return a value
search_quality_performance_evaluation.py:347: error: Function is missing a return type annotation  [no-untyped-def]
search_quality_performance_evaluation.py:347: note: Use "-> None" if function does not return a value
search_quality_performance_evaluation.py:650: error: Function is missing a return type annotation  [no-untyped-def]
investigate_hybrid_search_issues.py:21: error: Function is missing a return type annotation  [no-untyped-def]
investigate_hybrid_search_issues.py:21: note: Use "-> None" if function does not return a value
investigate_hybrid_search_issues.py:113: error: Function is missing a return type annotation  [no-untyped-def]
investigate_hybrid_search_issues.py:113: note: Use "-> None" if function does not return a value
investigate_hybrid_search_issues.py:166: error: Function is missing a return type annotation  [no-untyped-def]
investigate_hybrid_search_issues.py:166: note: Use "-> None" if function does not return a value
investigate_hybrid_search_issues.py:197: error: Need type annotation for "query_params" (hint: "query_params: dict[<type>, <type>] = ...")  [var-annotated]
investigate_hybrid_search_issues.py:226: error: Function is missing a return type annotation  [no-untyped-def]
investigate_hybrid_search_issues.py:226: note: Use "-> None" if function does not return a value
investigate_hybrid_search_issues.py:240: error: Unsupported operand types for < ("int" and "None")  [operator]
investigate_hybrid_search_issues.py:240: note: Left operand is of type "Optional[Any]"
investigate_hybrid_search_issues.py:261: error: Function is missing a return type annotation  [no-untyped-def]
investigate_hybrid_search_issues.py:261: note: Use "-> None" if function does not return a value
investigate_hybrid_search_issues.py:300: error: Function is missing a return type annotation  [no-untyped-def]
investigate_hybrid_search_issues.py:300: note: Use "-> None" if function does not return a value
evaluate_rag_system.py:25: error: Function is missing a return type annotation  [no-untyped-def]
evaluate_rag_system.py:52: error: Need type annotation for "metrics_summary"  [var-annotated]
evaluate_rag_system.py:164: error: Function is missing a return type annotation  [no-untyped-def]
comprehensive_test.py:4: error: Function is missing a return type annotation  [no-untyped-def]
comprehensive_test.py:16: error: Unsupported operand types for + ("object" and "int")  [operator]
comprehensive_test.py:19: error: Unsupported operand types for + ("object" and "int")  [operator]
comprehensive_test.py:20: error: "object" has no attribute "append"  [attr-defined]
comprehensive_test.py:23: error: Unsupported operand types for + ("object" and "int")  [operator]
comprehensive_test.py:24: error: "object" has no attribute "append"  [attr-defined]
comprehensive_test.py:34: error: Unsupported operand types for + ("object" and "int")  [operator]
comprehensive_test.py:37: error: Unsupported operand types for + ("object" and "int")  [operator]
comprehensive_test.py:40: error: Unsupported operand types for + ("object" and "int")  [operator]
comprehensive_test.py:41: error: "object" has no attribute "append"  [attr-defined]
comprehensive_test.py:47: error: Unsupported operand types for + ("object" and "int")  [operator]
comprehensive_test.py:50: error: Unsupported operand types for + ("object" and "int")  [operator]
comprehensive_test.py:51: error: "object" has no attribute "append"  [attr-defined]
comprehensive_test.py:58: error: Unsupported operand types for + ("object" and "int")  [operator]
comprehensive_test.py:61: error: Unsupported operand types for + ("object" and "int")  [operator]
comprehensive_test.py:62: error: "object" has no attribute "append"  [attr-defined]
comprehensive_test.py:73: error: Unsupported operand types for + ("object" and "int")  [operator]
comprehensive_test.py:76: error: Unsupported operand types for + ("object" and "int")  [operator]
comprehensive_test.py:80: error: Unsupported operand types for + ("object" and "int")  [operator]
comprehensive_test.py:88: error: Unsupported operand types for + ("object" and "int")  [operator]
comprehensive_test.py:91: error: Unsupported operand types for + ("object" and "int")  [operator]
comprehensive_test.py:94: error: Unsupported operand types for + ("object" and "int")  [operator]
comprehensive_test.py:100: error: Unsupported left operand type for + ("object")  [operator]
comprehensive_test.py:105: error: Need type annotation for "error"  [var-annotated]
comprehensive_test.py:105: error: Argument 1 to "enumerate" has incompatible type "object"; expected "Iterable[Never]"  [arg-type]
tests/test_hybrid_search.py:45: error: Need type annotation for "metadata" (hint: "metadata: dict[<type>, <type>] = ...")  [var-annotated]
tests/security/test_sql_injection_fix.py:18: error: Unpacking a string is disallowed  [misc]
tests/security/test_sql_injection_fix.py:20: error: Cannot determine type of "filter_clause"  [has-type]
tests/security/test_sql_injection_fix.py:21: error: Cannot determine type of "filter_clause"  [has-type]
tests/security/test_sql_injection_fix.py:22: error: Cannot determine type of "params"  [has-type]
tests/security/test_sql_injection_fix.py:31: error: Unpacking a string is disallowed  [misc]
tests/security/test_sql_injection_fix.py:33: error: Cannot determine type of "filter_clause"  [has-type]
tests/security/test_sql_injection_fix.py:33: error: Cannot determine type of "params"  [has-type]
tests/security/test_sql_injection_fix.py:34: error: Cannot determine type of "params"  [has-type]
tests/security/test_sql_injection_fix.py:45: error: Unpacking a string is disallowed  [misc]
tests/security/test_sql_injection_fix.py:47: error: Cannot determine type of "filter_clause"  [has-type]
tests/security/test_sql_injection_fix.py:47: error: Cannot determine type of "params"  [has-type]
tests/security/test_sql_injection_fix.py:48: error: Cannot determine type of "filter_clause"  [has-type]
tests/security/test_sql_injection_fix.py:62: error: Unpacking a string is disallowed  [misc]
tests/security/test_sql_injection_fix.py:64: error: Cannot determine type of "filter_clause"  [has-type]
tests/security/test_sql_injection_fix.py:65: error: Cannot determine type of "filter_clause"  [has-type]
tests/security/test_sql_injection_fix.py:66: error: Cannot determine type of "filter_clause"  [has-type]
tests/security/test_sql_injection_fix.py:67: error: Cannot determine type of "params"  [has-type]
tests/security/test_sql_injection_fix.py:80: error: Unpacking a string is disallowed  [misc]
tests/security/test_sql_injection_fix.py:82: error: Cannot determine type of "filter_clause"  [has-type]
tests/security/test_sql_injection_fix.py:83: error: Cannot determine type of "params"  [has-type]
tests/security/test_sql_injection_fix.py:84: error: Cannot determine type of "params"  [has-type]
tests/security/test_sql_injection_fix.py:85: error: Cannot determine type of "params"  [has-type]
tests/security/test_sql_injection_fix.py:98: error: Unpacking a string is disallowed  [misc]
tests/security/test_sql_injection_fix.py:100: error: Cannot determine type of "params"  [has-type]
tests/security/test_sql_injection_fix.py:101: error: Cannot determine type of "filter_clause"  [has-type]
tests/security/test_sql_injection_fix.py:114: error: Unpacking a string is disallowed  [misc]
tests/security/test_sql_injection_fix.py:116: error: Cannot determine type of "params"  [has-type]
tests/security/test_sql_injection_fix.py:117: error: Cannot determine type of "filter_clause"  [has-type]
tests/security/test_sql_injection_fix.py:118: error: Cannot determine type of "filter_clause"  [has-type]
tests/security/test_sql_injection_fix.py:130: error: Unpacking a string is disallowed  [misc]
tests/security/test_sql_injection_fix.py:132: error: Cannot determine type of "filter_clause"  [has-type]
tests/security/test_sql_injection_fix.py:133: error: Cannot determine type of "params"  [has-type]
tests/security/test_sql_injection_fix.py:134: error: Cannot determine type of "params"  [has-type]
tests/security/test_sql_injection_fix.py:155: error: Unpacking a string is disallowed  [misc]
tests/security/test_sql_injection_fix.py:157: error: Cannot determine type of "filter_clause"  [has-type]
tests/security/test_sql_injection_fix.py:158: error: Cannot determine type of "params"  [has-type]
tests/security/test_sql_injection_fix.py:169: error: Unpacking a string is disallowed  [misc]
tests/security/test_sql_injection_fix.py:171: error: Cannot determine type of "filter_clause"  [has-type]
tests/security/test_sql_injection_fix.py:172: error: Cannot determine type of "params"  [has-type]
tests/security/test_sql_injection_fix.py:173: error: Cannot determine type of "filter_clause"  [has-type]
tests/security/test_sql_injection_fix.py:178: error: Unpacking a string is disallowed  [misc]
tests/security/test_sql_injection_fix.py:180: error: Cannot determine type of "filter_clause"  [has-type]
tests/security/test_sql_injection_fix.py:181: error: Cannot determine type of "params"  [has-type]
examples/hybrid_search_demo.py:26: error: Function is missing a return type annotation  [no-untyped-def]
examples/hybrid_search_demo.py:26: note: Use "-> None" if function does not return a value
examples/hybrid_search_demo.py:77: error: Function is missing a return type annotation  [no-untyped-def]
examples/hybrid_search_demo.py:77: note: Use "-> None" if function does not return a value
examples/hybrid_search_demo.py:112: error: Function is missing a return type annotation  [no-untyped-def]
examples/hybrid_search_demo.py:112: note: Use "-> None" if function does not return a value
examples/hybrid_search_demo.py:147: error: Function is missing a return type annotation  [no-untyped-def]
examples/hybrid_search_demo.py:147: note: Use "-> None" if function does not return a value
examples/hybrid_search_demo.py:188: error: Function is missing a return type annotation  [no-untyped-def]
examples/hybrid_search_demo.py:188: note: Use "-> None" if function does not return a value
examples/hybrid_search_demo.py:227: error: Function is missing a return type annotation  [no-untyped-def]
examples/hybrid_search_demo.py:227: note: Use "-> None" if function does not return a value
examples/hybrid_search_demo.py:262: error: Value of type "object" is not indexable  [index]
examples/hybrid_search_demo.py:265: error: Function is missing a return type annotation  [no-untyped-def]
examples/hybrid_search_demo.py:265: note: Use "-> None" if function does not return a value
examples/hybrid_search_demo.py:282: error: Function is missing a return type annotation  [no-untyped-def]
examples/hybrid_search_demo.py:282: note: Use "-> None" if function does not return a value
examples/hybrid_search_demo.py:329: error: Function is missing a return type annotation  [no-untyped-def]
examples/hybrid_search_demo.py:329: note: Use "-> None" if function does not return a value
tests/conftest.py:36: error: Cannot find implementation or library stub for module named "database"  [import-not-found]
tests/unit/test_agent_router_phase2.py:9: error: Module "apps.api.database" has no attribute "Agent"  [attr-defined]
tests/integration/test_security_system_integration.py:32: error: Cannot find implementation or library stub for module named "apps.api.security.api_key_manager"  [import-not-found]
tests/integration/test_security_system_integration.py:33: error: Cannot find implementation or library stub for module named "apps.api.security.auth_handlers"  [import-not-found]
tests/integration/test_security_system_integration.py:39: error: Cannot find implementation or library stub for module named "apps.api.security.rate_limiter"  [import-not-found]
tests/integration/test_security_system_integration.py:94: error: Function is missing a return type annotation  [no-untyped-def]
tests/integration/test_security_system_integration.py:139: error: Function is missing a return type annotation  [no-untyped-def]
tests/integration/test_security_system_integration.py:139: error: Function is missing a type annotation for one or more arguments  [no-untyped-def]
tests/integration/test_security_system_integration.py:179: error: Function is missing a return type annotation  [no-untyped-def]
tests/integration/test_security_system_integration.py:220: error: Function is missing a return type annotation  [no-untyped-def]
tests/integration/test_security_system_integration.py:249: error: Function is missing a return type annotation  [no-untyped-def]
tests/integration/test_security_system_integration.py:292: error: Function is missing a return type annotation  [no-untyped-def]
tests/integration/test_security_system_integration.py:331: error: Function is missing a return type annotation  [no-untyped-def]
tests/integration/test_security_system_integration.py:374: error: Function is missing a return type annotation  [no-untyped-def]
tests/integration/test_security_system_integration.py:374: error: Function is missing a type annotation for one or more arguments  [no-untyped-def]
tests/integration/test_security_system_integration.py:412: error: Function is missing a return type annotation  [no-untyped-def]
tests/integration/test_security_system_integration.py:500: error: Function is missing a return type annotation  [no-untyped-def]
tests/integration/test_api_database_integration.py:28: error: Module "apps.api.database" has no attribute "get_database_connection"; maybe "test_database_connection"?  [attr-defined]
tests/integration/test_api_database_integration.py:28: error: Module "apps.api.database" has no attribute "Category"  [attr-defined]
tests/integration/test_api_database_integration.py:79: error: "Session" has no attribute "__aenter__"; maybe "__enter__"?  [attr-defined]
tests/integration/test_api_database_integration.py:79: error: "Session" has no attribute "__aexit__"; maybe "__exit__"?  [attr-defined]
tests/integration/test_api_database_integration.py:89: error: Unexpected keyword argument "app" for "AsyncClient"  [call-arg]
tests/integration/test_api_database_integration.py:148: error: Name "text" is not defined  [name-defined]
tests/integration/test_api_database_integration.py:294: error: Name "text" is not defined  [name-defined]
/home/a/.local/lib/python3.12/site-packages/httpx/_client.py: note: "AsyncClient" defined here
tests/integration/test_api_database_integration.py:118: error: Function is missing a return type annotation  [no-untyped-def]
tests/integration/test_api_database_integration.py:128: error: Function is missing a return type annotation  [no-untyped-def]
tests/integration/test_api_database_integration.py:157: error: Function is missing a return type annotation  [no-untyped-def]
tests/integration/test_api_database_integration.py:184: error: Function is missing a return type annotation  [no-untyped-def]
tests/integration/test_api_database_integration.py:209: error: Function is missing a return type annotation  [no-untyped-def]
tests/integration/test_api_database_integration.py:248: error: Function is missing a return type annotation  [no-untyped-def]
tests/integration/test_api_database_integration.py:269: error: Function is missing a return type annotation  [no-untyped-def]
tests/integration/test_agent_api_phase3.py:15: error: Module "apps.api.database" has no attribute "BackgroundTask"  [attr-defined]
tests/integration/test_agent_api_phase3.py:44: error: Unexpected keyword argument "app" for "AsyncClient"  [call-arg]
/home/a/.local/lib/python3.12/site-packages/httpx/_client.py: note: "AsyncClient" defined here
tests/integration/test_agent_api_phase3.py:260: error: Item "None" of "Optional[Any]" has no attribute "status"  [union-attr]
tests/integration/test_agent_api_phase3.py:261: error: Item "None" of "Optional[Any]" has no attribute "completed_at"  [union-attr]
tests/integration/test_agent_api_phase3.py:299: error: Item "None" of "Optional[Any]" has no attribute "cancellation_requested"  [union-attr]
tests/integration/test_agent_api_phase3.py:300: error: Item "None" of "Optional[Any]" has no attribute "status"  [union-attr]
tests/e2e/test_user_scenarios.py:43: error: Function is missing a return type annotation  [no-untyped-def]
tests/e2e/test_user_scenarios.py:99: error: Function is missing a return type annotation  [no-untyped-def]
tests/e2e/test_user_scenarios.py:213: error: Function is missing a return type annotation  [no-untyped-def]
tests/e2e/test_user_scenarios.py:335: error: Function is missing a return type annotation  [no-untyped-def]
tests/e2e/test_user_scenarios.py:376: error: Value of type "object" is not indexable  [index]
tests/e2e/test_user_scenarios.py:377: error: Value of type "object" is not indexable  [index]
tests/e2e/test_user_scenarios.py:379: error: Value of type "object" is not indexable  [index]
tests/e2e/test_user_scenarios.py:387: error: Value of type "object" is not indexable  [index]
tests/e2e/test_user_scenarios.py:428: error: Function is missing a return type annotation  [no-untyped-def]
tests/e2e/test_user_scenarios.py:543: error: Function is missing a return type annotation  [no-untyped-def]
tests/e2e/test_complete_workflow.py:156: error: Function is missing a return type annotation  [no-untyped-def]
tests/e2e/test_complete_workflow.py:227: error: Function is missing a return type annotation  [no-untyped-def]
tests/e2e/test_complete_workflow.py:267: error: Function is missing a return type annotation  [no-untyped-def]
tests/e2e/test_complete_workflow.py:299: error: Function is missing a return type annotation  [no-untyped-def]
tests/e2e/test_complete_workflow.py:337: error: Function is missing a return type annotation  [no-untyped-def]
tests/e2e/test_complete_workflow.py:359: error: Value of type "object" is not indexable  [index]
tests/e2e/test_complete_workflow.py:360: error: Value of type "object" is not indexable  [index]
tests/e2e/test_complete_workflow.py:361: error: Value of type "object" is not indexable  [index]
tests/e2e/test_complete_workflow.py:362: error: Value of type "object" is not indexable  [index]
tests/e2e/test_complete_workflow.py:362: error: "object" has no attribute "get"  [attr-defined]
tests/e2e/test_complete_workflow.py:365: error: Value of type "object" is not indexable  [index]
tests/e2e/test_complete_workflow.py:388: error: Function is missing a return type annotation  [no-untyped-def]
tests/e2e/test_complete_workflow.py:431: error: Function is missing a return type annotation  [no-untyped-def]
tests/e2e/test_complete_workflow.py:471: error: Function is missing a return type annotation  [no-untyped-def]
test_validation.py:15: error: Function is missing a return type annotation  [no-untyped-def]
test_validation.py:53: error: Function is missing a return type annotation  [no-untyped-def]
test_validation.py:103: error: Function is missing a return type annotation  [no-untyped-def]
test_validation.py:148: error: Function is missing a return type annotation  [no-untyped-def]
test_validation.py:175: error: Function is missing a return type annotation  [no-untyped-def]
test_validation.py:208: error: Function is missing a return type annotation  [no-untyped-def]
test_validation.py:243: error: Function is missing a return type annotation  [no-untyped-def]
Found 1010 errors in 191 files (checked 327 source files)
