apps/ingestion/pii/detector.py:107: error: Need type annotation for "matched_ranges" (hint: "matched_ranges: set[<type>] = ...")  [var-annotated]
apps/api/openapi_spec.py:3: error: Returning Any from function declared to return "None"  [no-any-return]
apps/ingestion/parsers/pdf_parser.py:7: error: Skipping analyzing "pymupdf": module is installed, but missing library stubs or py.typed marker  [import-untyped]
apps/ingestion/parsers/pdf_parser.py:8: error: Cannot find implementation or library stub for module named "pymupdf4llm"  [import-not-found]
apps/ingestion/parsers/pdf_parser.py:29: error: Returning Any from function declared to return "str"  [no-any-return]
apps/ingestion/parsers/docx_parser.py:7: error: Cannot find implementation or library stub for module named "docx"  [import-not-found]
apps/ingestion/parsers/csv_parser.py:7: error: Library stubs not installed for "pandas"  [import-untyped]
apps/ingestion/parsers/csv_parser.py:7: note: Hint: "python3 -m pip install pandas-stubs"
apps/ingestion/parsers/csv_parser.py:7: note: (or run "mypy --install-types" to install all missing stub packages)
apps/ingestion/parsers/csv_parser.py:29: error: Returning Any from function declared to return "str"  [no-any-return]
apps/orchestration/src/bandit/policy.py:31: error: Function "builtins.any" is not valid as a type  [valid-type]
apps/orchestration/src/bandit/policy.py:31: note: Perhaps you meant "typing.Any" instead of "any"?
apps/api/monitoring/sentry_reporter.py:21: error: Cannot find implementation or library stub for module named "sentry_sdk"  [import-not-found]
apps/api/monitoring/sentry_reporter.py:22: error: Cannot find implementation or library stub for module named "sentry_sdk.integrations.asyncio"  [import-not-found]
apps/api/monitoring/sentry_reporter.py:23: error: Cannot find implementation or library stub for module named "sentry_sdk.integrations.fastapi"  [import-not-found]
apps/api/monitoring/sentry_reporter.py:24: error: Cannot find implementation or library stub for module named "sentry_sdk.integrations.sqlalchemy"  [import-not-found]
apps/api/monitoring/sentry_reporter.py:515: error: Function is missing a type annotation for one or more arguments  [no-untyped-def]
apps/api/monitoring/sentry_reporter.py:535: error: Function is missing a type annotation for one or more arguments  [no-untyped-def]
apps/api/monitoring/langfuse_client.py:27: error: Cannot find implementation or library stub for module named "langfuse"  [import-not-found]
apps/api/monitoring/langfuse_client.py:28: error: Cannot find implementation or library stub for module named "langfuse.decorators"  [import-not-found]
apps/api/monitoring/langfuse_client.py:35: error: Function is missing a type annotation for one or more arguments  [no-untyped-def]
apps/api/monitoring/langfuse_client.py:39: error: Returning Any from function declared to return "None"  [no-any-return]
apps/api/monitoring/langfuse_client.py:41: error: No return value expected  [return-value]
apps/api/monitoring/langfuse_client.py:57: error: Statement is unreachable  [unreachable]
apps/api/monitoring/langfuse_client.py:114: error: Incompatible types in assignment (expression has type "str", target has type "bool")  [assignment]
apps/api/monitoring/langfuse_client.py:116: error: Incompatible types in assignment (expression has type "str", target has type "bool")  [assignment]
apps/api/config.py:23: error: Cannot find implementation or library stub for module named "env_manager"  [import-not-found]
apps/api/config.py:23: error: Name "Environment" already defined (possibly by an import)  [no-redef]
apps/api/config.py:23: error: Name "get_env_manager" already defined (possibly by an import)  [no-redef]
apps/api/config.py:24: error: Cannot find implementation or library stub for module named "llm_config"  [import-not-found]
apps/api/config.py:24: error: Name "get_llm_config" already defined (possibly by an import)  [no-redef]
apps/api/config.py:650: error: "EnvManager" has no attribute "validate_environment"  [attr-defined]
apps/api/config.py:666: error: "EnvManager" has no attribute "get_environment_summary"; maybe "get_environment"?  [attr-defined]
apps/api/config.py:683: error: "EnvManager" has no attribute "validate_environment"  [attr-defined]
apps/api/config.py:705: error: "EnvManager" has no attribute "validate_environment"  [attr-defined]
apps/api/security/api_key_generator.py:103: error: Need type annotation for "frequencies" (hint: "frequencies: dict[<type>, <type>] = ...")  [var-annotated]
apps/orchestration/src/bandit/replay_buffer.py:37: error: Need type annotation for "buffer"  [var-annotated]
apps/api/monitoring/metrics.py:22: error: Cannot find implementation or library stub for module named "prometheus_client"  [import-not-found]
apps/security/core/security_manager.py:15: error: Cannot find implementation or library stub for module named "apps.security.audit.audit_logger"  [import-not-found]
apps/security/core/security_manager.py:17: error: Cannot find implementation or library stub for module named "apps.security.compliance.compliance_manager"  [import-not-found]
apps/security/core/security_manager.py:18: error: Cannot find implementation or library stub for module named "apps.security.compliance.pii_detector"  [import-not-found]
apps/security/core/security_manager.py:19: error: Cannot find implementation or library stub for module named "apps.security.monitoring.security_monitor"  [import-not-found]
apps/security/core/security_manager.py:20: error: Cannot find implementation or library stub for module named "apps.security.scanning.vulnerability_scanner"  [import-not-found]
apps/api/background/agent_task_queue.py:144: error: "RedisManager" has no attribute "lrange"  [attr-defined]
apps/api/background/agent_task_queue.py:163: error: "RedisManager" has no attribute "lrem"  [attr-defined]
apps/api/migrations/add_api_key_tables.py:120: error: Cannot find implementation or library stub for module named "apps.config"  [import-not-found]
apps/api/migrations/add_api_key_tables.py:120: note: See https://mypy.readthedocs.io/en/stable/running_mypy.html#missing-imports
apps/api/services/taxonomy_service.py:222: error: Need type annotation for "suggestions" (hint: "suggestions: list[<type>] = ...")  [var-annotated]
apps/api/background/coverage_history_dao.py:17: error: Module "apps.api.database" has no attribute "CoverageHistory"  [attr-defined]
apps/api/background/agent_task_worker.py:19: error: Module "apps.api.database" has no attribute "BackgroundTask"  [attr-defined]
apps/api/background/agent_task_worker.py:69: error: Statement is unreachable  [unreachable]
apps/api/background/agent_task_worker.py:239: error: Unexpected keyword argument "session" for "calculate_coverage" of "CoverageMeterService"  [call-arg]
apps/knowledge_builder/coverage/meter.py: note: "calculate_coverage" of "CoverageMeterService" defined here
apps/api/background/agent_task_worker.py:239: error: Unexpected keyword argument "taxonomy_node_ids" for "calculate_coverage" of "CoverageMeterService"  [call-arg]
apps/orchestration/src/tool_registry.py:43: error: "__new__" must return a class instance (got "None")  [misc]
apps/orchestration/src/tool_registry.py:46: error: No return value expected  [return-value]
apps/api/schemas/agent_schemas.py:13: error: No overload variant of "Field" matches argument types "ellipsis", "int", "str"  [call-overload]
apps/api/schemas/agent_schemas.py:13: note: Possible overload variants:
apps/api/schemas/agent_schemas.py:13: note:     def Field(default: ellipsis, *, alias: Optional[str] = ..., alias_priority: Optional[int] = ..., validation_alias: Union[str, AliasPath, AliasChoices, None] = ..., serialization_alias: Optional[str] = ..., title: Optional[str] = ..., field_title_generator: Optional[Callable[[str, FieldInfo], str]] = ..., description: Optional[str] = ..., examples: Optional[list[Any]] = ..., exclude: Optional[bool] = ..., discriminator: Union[str, Discriminator, None] = ..., deprecated: Union[deprecated, str, bool, None] = ..., json_schema_extra: Union[JsonDict, Callable[[JsonDict], None], None] = ..., frozen: Optional[bool] = ..., validate_default: Optional[bool] = ..., repr: bool = ..., init: Optional[bool] = ..., init_var: Optional[bool] = ..., kw_only: Optional[bool] = ..., pattern: Union[str, Pattern[str], None] = ..., strict: Optional[bool] = ..., coerce_numbers_to_str: Optional[bool] = ..., gt: Optional[SupportsGt] = ..., ge: Optional[SupportsGe] = ..., lt: Optional[SupportsLt] = ..., le: Optional[SupportsLe] = ..., multiple_of: Optional[float] = ..., allow_inf_nan: Optional[bool] = ..., max_digits: Optional[int] = ..., decimal_places: Optional[int] = ..., min_length: Optional[int] = ..., max_length: Optional[int] = ..., union_mode: Literal['smart', 'left_to_right'] = ..., fail_fast: Optional[bool] = ...) -> Any
apps/api/schemas/agent_schemas.py:13: note:     def [_T] Field(default: _T, *, alias: Optional[str] = ..., alias_priority: Optional[int] = ..., validation_alias: Union[str, AliasPath, AliasChoices, None] = ..., serialization_alias: Optional[str] = ..., title: Optional[str] = ..., field_title_generator: Optional[Callable[[str, FieldInfo], str]] = ..., description: Optional[str] = ..., examples: Optional[list[Any]] = ..., exclude: Optional[bool] = ..., discriminator: Union[str, Discriminator, None] = ..., deprecated: Union[deprecated, str, bool, None] = ..., json_schema_extra: Union[JsonDict, Callable[[JsonDict], None], None] = ..., frozen: Optional[bool] = ..., validate_default: Optional[bool] = ..., repr: bool = ..., init: Optional[bool] = ..., init_var: Optional[bool] = ..., kw_only: Optional[bool] = ..., pattern: Union[str, Pattern[str], None] = ..., strict: Optional[bool] = ..., coerce_numbers_to_str: Optional[bool] = ..., gt: Optional[SupportsGt] = ..., ge: Optional[SupportsGe] = ..., lt: Optional[SupportsLt] = ..., le: Optional[SupportsLe] = ..., multiple_of: Optional[float] = ..., allow_inf_nan: Optional[bool] = ..., max_digits: Optional[int] = ..., decimal_places: Optional[int] = ..., min_length: Optional[int] = ..., max_length: Optional[int] = ..., union_mode: Literal['smart', 'left_to_right'] = ..., fail_fast: Optional[bool] = ...) -> _T
apps/api/schemas/agent_schemas.py:13: note:     def [_T] Field(*, default_factory: Union[Callable[[], _T], Callable[[dict[str, Any]], _T]], alias: Optional[str] = ..., alias_priority: Optional[int] = ..., validation_alias: Union[str, AliasPath, AliasChoices, None] = ..., serialization_alias: Optional[str] = ..., title: Optional[str] = ..., field_title_generator: Optional[Callable[[str, FieldInfo], str]] = ..., description: Optional[str] = ..., examples: Optional[list[Any]] = ..., exclude: Optional[bool] = ..., discriminator: Union[str, Discriminator, None] = ..., deprecated: Union[deprecated, str, bool, None] = ..., json_schema_extra: Union[JsonDict, Callable[[JsonDict], None], None] = ..., frozen: Optional[bool] = ..., validate_default: Optional[bool] = ..., repr: bool = ..., init: Optional[bool] = ..., init_var: Optional[bool] = ..., kw_only: Optional[bool] = ..., pattern: Union[str, Pattern[str], None] = ..., strict: Optional[bool] = ..., coerce_numbers_to_str: Optional[bool] = ..., gt: Optional[SupportsGt] = ..., ge: Optional[SupportsGe] = ..., lt: Optional[SupportsLt] = ..., le: Optional[SupportsLe] = ..., multiple_of: Optional[float] = ..., allow_inf_nan: Optional[bool] = ..., max_digits: Optional[int] = ..., decimal_places: Optional[int] = ..., min_length: Optional[int] = ..., max_length: Optional[int] = ..., union_mode: Literal['smart', 'left_to_right'] = ..., fail_fast: Optional[bool] = ...) -> _T
apps/api/schemas/agent_schemas.py:13: note:     def Field(*, alias: Optional[str] = ..., alias_priority: Optional[int] = ..., validation_alias: Union[str, AliasPath, AliasChoices, None] = ..., serialization_alias: Optional[str] = ..., title: Optional[str] = ..., field_title_generator: Optional[Callable[[str, FieldInfo], str]] = ..., description: Optional[str] = ..., examples: Optional[list[Any]] = ..., exclude: Optional[bool] = ..., discriminator: Union[str, Discriminator, None] = ..., deprecated: Union[deprecated, str, bool, None] = ..., json_schema_extra: Union[JsonDict, Callable[[JsonDict], None], None] = ..., frozen: Optional[bool] = ..., validate_default: Optional[bool] = ..., repr: bool = ..., init: Optional[bool] = ..., init_var: Optional[bool] = ..., kw_only: Optional[bool] = ..., pattern: Union[str, Pattern[str], None] = ..., strict: Optional[bool] = ..., coerce_numbers_to_str: Optional[bool] = ..., gt: Optional[SupportsGt] = ..., ge: Optional[SupportsGe] = ..., lt: Optional[SupportsLt] = ..., le: Optional[SupportsLe] = ..., multiple_of: Optional[float] = ..., allow_inf_nan: Optional[bool] = ..., max_digits: Optional[int] = ..., decimal_places: Optional[int] = ..., min_length: Optional[int] = ..., max_length: Optional[int] = ..., union_mode: Literal['smart', 'left_to_right'] = ..., fail_fast: Optional[bool] = ...) -> Any
apps/orchestration/src/tool_executor.py:13: error: Library stubs not installed for "jsonschema"  [import-untyped]
apps/orchestration/src/tool_executor.py:13: note: Hint: "python3 -m pip install types-jsonschema"
apps/orchestration/src/reflection_engine.py:164: error: Argument "key" to "sort" of "list" has incompatible type "Callable[[dict[str, object]], object]"; expected "Callable[[dict[str, object]], Union[SupportsDunderLT[Any], SupportsDunderGT[Any]]]"  [arg-type]
apps/orchestration/src/reflection_engine.py:164: error: Incompatible return value type (got "object", expected "Union[SupportsDunderLT[Any], SupportsDunderGT[Any]]")  [return-value]
apps/orchestration/src/tools/calculator.py:13: error: Returning Any from function declared to return "float"  [no-any-return]
apps/evaluation/sample_data.py:165: error: Missing named argument "ground_truth" for "EvaluationRequest"  [call-arg]
apps/classification/semantic_classifier.py:25: error: Function is missing a type annotation for one or more arguments  [no-untyped-def]
apps/classification/semantic_classifier.py:221: error: Function is missing a type annotation for one or more arguments  [no-untyped-def]
apps/api/services/langgraph_service.py:70: error: Unexpected keyword argument "canonical_filter" for "PipelineRequest"  [call-arg]
apps/orchestration/src/langgraph_pipeline.py: note: "PipelineRequest" defined here
apps/security/routers/security_router.py:16: error: Cannot find implementation or library stub for module named "apps.security.compliance.compliance_manager"  [import-not-found]
apps/security/routers/security_router.py:23: error: Cannot find implementation or library stub for module named "apps.security.monitoring.security_monitor"  [import-not-found]
apps/security/routers/security_router.py:24: error: Cannot find implementation or library stub for module named "apps.security.scanning.vulnerability_scanner"  [import-not-found]
apps/security/routers/security_router.py:177: error: Argument "created_at" to "UserResponse" has incompatible type "Optional[datetime]"; expected "datetime"  [arg-type]
apps/security/middleware/security_middleware.py:16: error: Cannot find implementation or library stub for module named "fastapi.middleware.base"  [import-not-found]
apps/security/middleware/security_middleware.py:20: error: Cannot find implementation or library stub for module named "apps.security.audit.audit_logger"  [import-not-found]
apps/orchestration/src/main.py:154: error: Skipping analyzing "common_schemas.models": module is installed, but missing library stubs or py.typed marker  [import-untyped]
apps/orchestration/src/main.py:404: error: Cannot find implementation or library stub for module named "langgraph_pipeline"  [import-not-found]
apps/orchestration/src/main.py:539: error: Cannot find implementation or library stub for module named "cbr_system"  [import-not-found]
apps/api/deps.py:74: error: "Coroutine[Any, Any, AsyncSession]" has no attribute "__aenter__"  [attr-defined]
apps/api/deps.py:74: note: Maybe you forgot to use "await"?
apps/api/deps.py:74: error: "Coroutine[Any, Any, AsyncSession]" has no attribute "__aexit__"  [attr-defined]
apps/api/middleware/rate_limiter.py:153: error: Returning Any from function declared to return "Response"  [no-any-return]
apps/api/middleware/rate_limiter.py:193: error: Returning Any from function declared to return "Response"  [no-any-return]
apps/api/routers/taxonomy.py:132: error: No return value expected  [return-value]
apps/api/routers/taxonomy.py:145: error: No return value expected  [return-value]
apps/api/routers/reflection_router.py:37: error: Unused "type: ignore" comment  [unused-ignore]
apps/api/routers/reflection_router.py:94: error: Unused "type: ignore" comment  [unused-ignore]
apps/api/routers/reflection_router.py:96: error: Unused "type: ignore" comment  [unused-ignore]
apps/api/routers/health.py:26: error: No return value expected  [return-value]
apps/api/routers/classify.py:69: error: No return value expected  [return-value]
apps/api/routers/agent_router.py:23: error: Module "apps.api.models" has no attribute "BackgroundTask"  [attr-defined]
apps/evaluation/golden_dataset_generator.py:114: error: Cannot find implementation or library stub for module named "langchain.docstore.document"  [import-not-found]
apps/evaluation/golden_dataset_generator.py:115: error: Cannot find implementation or library stub for module named "langchain_openai"  [import-not-found]
apps/evaluation/golden_dataset_generator.py:116: error: Cannot find implementation or library stub for module named "ragas.testset"  [import-not-found]
apps/orchestration/src/meta_planner.py:92: error: Returning Any from function declared to return "dict[str, Any]"  [no-any-return]
apps/api/embedding_service.py:54: error: Need type annotation for "embedding_cache" (hint: "embedding_cache: dict[<type>, <type>] = ...")  [var-annotated]
apps/api/embedding_service.py:68: error: Statement is unreachable  [unreachable]
apps/api/embedding_service.py:75: error: Value of type "Optional[dict[str, object]]" is not indexable  [index]
apps/api/embedding_service.py:76: error: Incompatible types in assignment (expression has type "SentenceTransformer", variable has type "None")  [assignment]
apps/api/embedding_service.py:76: error: Value of type "Optional[dict[str, object]]" is not indexable  [index]
apps/api/embedding_service.py:76: error: Argument 1 to "SentenceTransformer" has incompatible type "Union[object, Any]"; expected "Optional[str]"  [arg-type]
apps/api/embedding_service.py:91: error: Returning Any from function declared to return "list[float]"  [no-any-return]
apps/api/embedding_service.py:96: error: Returning Any from function declared to return "list[float]"  [no-any-return]
apps/api/embedding_service.py:99: error: Returning Any from function declared to return "list[float]"  [no-any-return]
apps/api/embedding_service.py:113: error: Returning Any from function declared to return "list[float]"  [no-any-return]
apps/api/embedding_service.py:190: error: Argument 2 to "run_in_executor" of "AbstractEventLoop" has incompatible type "Callable[[], ndarray[Any, Any]]"; expected "Callable[[], list[list[float]]]"  [arg-type]
apps/api/embedding_service.py:190: error: Incompatible return value type (got "ndarray[Any, Any]", expected "list[list[float]]")  [return-value]
apps/api/embedding_service.py:196: error: Argument 1 to "_pad_or_truncate_vector" of "EmbeddingService" has incompatible type "list[float]"; expected "ndarray[Any, Any]"  [arg-type]
apps/api/embedding_service.py:271: error: Returning Any from function declared to return "list[float]"  [no-any-return]
apps/api/embedding_service.py:293: error: Returning Any from function declared to return "list[float]"  [no-any-return]
apps/api/services/ml_classifier.py:12: error: Skipping analyzing "sklearn.metrics.pairwise": module is installed, but missing library stubs or py.typed marker  [import-untyped]
apps/api/services/ml_classifier.py:85: error: Item "None" of "Optional[SentenceTransformer]" has no attribute "encode"  [union-attr]
apps/api/services/ml_classifier.py:96: error: Argument "key" to "max" has incompatible type overloaded function; expected "Callable[[str], Union[SupportsDunderLT[Any], SupportsDunderGT[Any]]]"  [arg-type]
apps/search/hybrid_search_engine.py:497: error: Incompatible types in assignment (expression has type "Union[list[SearchResult], BaseException]", variable has type "list[SearchResult]")  [assignment]
apps/search/hybrid_search_engine.py:502: error: Incompatible types in assignment (expression has type "Union[list[SearchResult], BaseException]", variable has type "list[SearchResult]")  [assignment]
apps/ingestion/batch/job_orchestrator.py:313: error: Incompatible types in assignment (expression has type "DocumentChunk", variable has type "Chunk")  [assignment]
apps/ingestion/batch/job_orchestrator.py:352: error: Missing named argument "error_message" for "DocumentProcessedEventV1"  [call-arg]
apps/ingestion/batch/job_orchestrator.py:352: error: Missing named argument "error_code" for "DocumentProcessedEventV1"  [call-arg]
Found 108 errors in 42 files (checked 133 source files)
