apps/ingestion/pii/detector.py:107: error: Need type annotation for "matched_ranges" (hint: "matched_ranges: set[<type>] = ...")  [var-annotated]
apps/api/openapi_spec.py:3: error: Returning Any from function declared to return "None"  [no-any-return]
apps/api/env_manager.py:46: error: Incompatible default for argument "default" (default has type "None", argument has type "list[str]")  [assignment]
apps/api/env_manager.py:46: note: PEP 484 prohibits implicit Optional. Accordingly, mypy has changed its default to no_implicit_optional=True
apps/api/env_manager.py:46: note: Use https://github.com/hauntsaninja/no_implicit_optional to automatically upgrade your codebase
apps/api/env_manager.py:48: error: Statement is unreachable  [unreachable]
apps/ingestion/parsers/pdf_parser.py:7: error: Skipping analyzing "pymupdf": module is installed, but missing library stubs or py.typed marker  [import-untyped]
apps/ingestion/parsers/pdf_parser.py:8: error: Cannot find implementation or library stub for module named "pymupdf4llm"  [import-not-found]
apps/ingestion/parsers/pdf_parser.py:29: error: Returning Any from function declared to return "str"  [no-any-return]
apps/ingestion/parsers/docx_parser.py:7: error: Cannot find implementation or library stub for module named "docx"  [import-not-found]
apps/ingestion/parsers/csv_parser.py:7: error: Library stubs not installed for "pandas"  [import-untyped]
apps/ingestion/parsers/csv_parser.py:7: note: Hint: "python3 -m pip install pandas-stubs"
apps/ingestion/parsers/csv_parser.py:29: error: Returning Any from function declared to return "str"  [no-any-return]
apps/orchestration/src/bandit/policy.py:31: error: Function "builtins.any" is not valid as a type  [valid-type]
apps/orchestration/src/bandit/policy.py:31: note: Perhaps you meant "typing.Any" instead of "any"?
apps/api/llm_config.py:43: error: Incompatible return value type (got "Sequence[str]", expected "list[str]")  [return-value]
apps/api/llm_config.py:45: error: Need type annotation for "models" (hint: "models: list[<type>] = ...")  [var-annotated]
apps/api/monitoring/sentry_reporter.py:21: error: Cannot find implementation or library stub for module named "sentry_sdk"  [import-not-found]
apps/api/monitoring/sentry_reporter.py:22: error: Cannot find implementation or library stub for module named "sentry_sdk.integrations.asyncio"  [import-not-found]
apps/api/monitoring/sentry_reporter.py:23: error: Cannot find implementation or library stub for module named "sentry_sdk.integrations.fastapi"  [import-not-found]
apps/api/monitoring/sentry_reporter.py:24: error: Cannot find implementation or library stub for module named "sentry_sdk.integrations.sqlalchemy"  [import-not-found]
apps/api/monitoring/sentry_reporter.py:515: error: Function is missing a type annotation for one or more arguments  [no-untyped-def]
apps/api/monitoring/sentry_reporter.py:535: error: Function is missing a type annotation for one or more arguments  [no-untyped-def]
apps/api/monitoring/langfuse_client.py:27: error: Cannot find implementation or library stub for module named "langfuse"  [import-not-found]
apps/api/monitoring/langfuse_client.py:28: error: Cannot find implementation or library stub for module named "langfuse.decorators"  [import-not-found]
apps/api/monitoring/langfuse_client.py:35: error: Function is missing a type annotation for one or more arguments  [no-untyped-def]
apps/api/monitoring/langfuse_client.py:39: error: Returning Any from function declared to return "None"  [no-any-return]
apps/api/monitoring/langfuse_client.py:41: error: No return value expected  [return-value]
apps/api/monitoring/langfuse_client.py:57: error: Statement is unreachable  [unreachable]
apps/api/monitoring/langfuse_client.py:114: error: Incompatible types in assignment (expression has type "str", target has type "bool")  [assignment]
apps/api/monitoring/langfuse_client.py:116: error: Incompatible types in assignment (expression has type "str", target has type "bool")  [assignment]
apps/api/config.py:23: error: Cannot find implementation or library stub for module named "env_manager"  [import-not-found]
apps/api/config.py:23: error: Name "Environment" already defined (possibly by an import)  [no-redef]
apps/api/config.py:23: error: Name "get_env_manager" already defined (possibly by an import)  [no-redef]
apps/api/config.py:24: error: Cannot find implementation or library stub for module named "llm_config"  [import-not-found]
apps/api/config.py:24: error: Name "get_llm_config" already defined (possibly by an import)  [no-redef]
apps/api/config.py:650: error: "EnvManager" has no attribute "validate_environment"  [attr-defined]
apps/api/config.py:666: error: "EnvManager" has no attribute "get_environment_summary"; maybe "get_environment"?  [attr-defined]
apps/api/config.py:683: error: "EnvManager" has no attribute "validate_environment"  [attr-defined]
apps/api/config.py:705: error: "EnvManager" has no attribute "validate_environment"  [attr-defined]
apps/api/security/api_key_generator.py:103: error: Need type annotation for "frequencies" (hint: "frequencies: dict[<type>, <type>] = ...")  [var-annotated]
apps/orchestration/src/pipeline_e2e_test.py:13: error: Library stubs not installed for "psutil"  [import-untyped]
apps/orchestration/src/pipeline_e2e_test.py:14: error: Cannot find implementation or library stub for module named "langgraph_pipeline"  [import-not-found]
apps/orchestration/src/pipeline_e2e_test.py:26: error: Need type annotation for "results" (hint: "results: list[<type>] = ...")  [var-annotated]
apps/orchestration/src/pipeline_e2e_test.py:294: error: No return value expected  [return-value]
apps/orchestration/src/pipeline_e2e_test.py:349: error: Incompatible types in assignment (expression has type "float", target has type "int")  [assignment]
apps/orchestration/src/bandit/replay_buffer.py:37: error: Need type annotation for "buffer"  [var-annotated]
apps/api/monitoring/metrics.py:22: error: Cannot find implementation or library stub for module named "prometheus_client"  [import-not-found]
apps/security/core/security_manager.py:15: error: Cannot find implementation or library stub for module named "apps.security.audit.audit_logger"  [import-not-found]
apps/security/core/security_manager.py:17: error: Cannot find implementation or library stub for module named "apps.security.compliance.compliance_manager"  [import-not-found]
apps/security/core/security_manager.py:18: error: Cannot find implementation or library stub for module named "apps.security.compliance.pii_detector"  [import-not-found]
apps/security/core/security_manager.py:19: error: Cannot find implementation or library stub for module named "apps.security.monitoring.security_monitor"  [import-not-found]
apps/security/core/security_manager.py:20: error: Cannot find implementation or library stub for module named "apps.security.scanning.vulnerability_scanner"  [import-not-found]
apps/monitoring/performance_monitor.py:14: error: Library stubs not installed for "psutil"  [import-untyped]
apps/monitoring/performance_monitor.py:91: error: Incompatible types in assignment (expression has type "Task[None]", variable has type "None")  [assignment]
apps/monitoring/performance_monitor.py:91: note: Maybe you forgot to use "await"?
apps/monitoring/performance_monitor.py:98: error: Statement is unreachable  [unreachable]
apps/monitoring/performance_monitor.py:171: error: Incompatible types in assignment (expression has type "Callable[[Any], int]", variable has type "int")  [assignment]
apps/monitoring/performance_monitor.py:173: error: Incompatible types in assignment (expression has type "Callable[[Any], int]", variable has type "int")  [assignment]
apps/monitoring/performance_monitor.py:189: error: Incompatible types in assignment (expression has type "Optional[Row[Any]]", variable has type "Row[Any]")  [assignment]
apps/monitoring/performance_monitor.py:215: error: Cannot find implementation or library stub for module named "apps.search.optimization"  [import-not-found]
apps/monitoring/performance_monitor.py:216: error: Cannot find implementation or library stub for module named "apps.search.optimized_hybrid_engine"  [import-not-found]
apps/ingestion/chunking/intelligent_chunker.py:61: error: Need type annotation for "current_chunk_sentences" (hint: "current_chunk_sentences: list[<type>] = ...")  [var-annotated]
apps/ingestion/chunking/intelligent_chunker.py:84: error: Need type annotation for "word_chunk" (hint: "word_chunk: list[<type>] = ...")  [var-annotated]
apps/ingestion/chunking/intelligent_chunker.py:136: error: Need type annotation for "overlap_sentences" (hint: "overlap_sentences: list[<type>] = ...")  [var-annotated]
apps/ingestion/batch/job_queue.py:42: error: Item "None" of "Optional[RedisManager]" has no attribute "get"  [union-attr]
apps/ingestion/batch/job_queue.py:55: error: Item "None" of "Optional[RedisManager]" has no attribute "set"  [union-attr]
apps/ingestion/batch/job_queue.py:99: error: Item "None" of "Optional[RedisManager]" has no attribute "lpush"  [union-attr]
apps/ingestion/batch/job_queue.py:128: error: Item "None" of "Optional[RedisManager]" has no attribute "brpop"  [union-attr]
apps/ingestion/batch/job_queue.py:137: error: Returning Any from function declared to return "Optional[dict[str, Any]]"  [no-any-return]
apps/ingestion/batch/job_queue.py:189: error: Item "None" of "Optional[RedisManager]" has no attribute "set"  [union-attr]
apps/ingestion/batch/job_queue.py:202: error: Item "None" of "Optional[RedisManager]" has no attribute "get"  [union-attr]
apps/ingestion/batch/job_queue.py:216: error: Item "None" of "Optional[RedisManager]" has no attribute "llen"  [union-attr]
apps/ingestion/batch/job_queue.py:221: error: Item "None" of "Optional[RedisManager]" has no attribute "llen"  [union-attr]
apps/ingestion/batch/job_queue.py:234: error: Item "None" of "Optional[RedisManager]" has no attribute "delete"  [union-attr]
apps/ingestion/batch/job_queue.py:238: error: Item "None" of "Optional[RedisManager]" has no attribute "delete"  [union-attr]
apps/ingestion/batch/job_queue.py:294: error: Argument "priority" to "enqueue_job" of "JobQueue" has incompatible type "str"; expected "int"  [arg-type]
apps/api/background/agent_task_queue.py:139: error: Item "RedisManager" of "Optional[RedisManager]" has no attribute "lrange"  [union-attr]
apps/api/background/agent_task_queue.py:139: error: Item "None" of "Optional[RedisManager]" has no attribute "lrange"  [union-attr]
apps/api/background/agent_task_queue.py:154: error: Item "RedisManager" of "Optional[RedisManager]" has no attribute "lrem"  [union-attr]
apps/api/background/agent_task_queue.py:154: error: Item "None" of "Optional[RedisManager]" has no attribute "lrem"  [union-attr]
apps/api/migrations/add_api_key_tables.py:120: error: Cannot find implementation or library stub for module named "apps.config"  [import-not-found]
apps/api/migrations/add_api_key_tables.py:120: note: See https://mypy.readthedocs.io/en/stable/running_mypy.html#missing-imports
apps/orchestration/src/consolidation_policy.py:40: error: Need type annotation for "removed_cases" (hint: "removed_cases: list[<type>] = ...")  [var-annotated]
apps/orchestration/src/consolidation_policy.py:41: error: Need type annotation for "merged_cases" (hint: "merged_cases: list[<type>] = ...")  [var-annotated]
apps/orchestration/src/consolidation_policy.py:42: error: Need type annotation for "archived_cases" (hint: "archived_cases: list[<type>] = ...")  [var-annotated]
apps/orchestration/src/consolidation_policy.py:303: error: Unsupported operand types for + ("int" and "None")  [operator]
apps/orchestration/src/consolidation_policy.py:303: error: Unsupported operand types for + ("None" and "int")  [operator]
apps/orchestration/src/consolidation_policy.py:303: error: Unsupported left operand type for + ("None")  [operator]
apps/orchestration/src/consolidation_policy.py:303: note: Both left and right operands are unions
apps/classification/hitl_queue.py:63: error: "str" not callable  [operator]
apps/classification/hitl_queue.py:249: error: Value of type "Optional[Row[Any]]" is not indexable  [index]
apps/classification/hitl_queue.py:250: error: Value of type "Optional[Row[Any]]" is not indexable  [index]
apps/classification/hitl_queue.py:251: error: Value of type "Optional[Row[Any]]" is not indexable  [index]
apps/classification/hitl_queue.py:252: error: Value of type "Optional[Row[Any]]" is not indexable  [index]
apps/api/services/taxonomy_service.py:222: error: Need type annotation for "suggestions" (hint: "suggestions: list[<type>] = ...")  [var-annotated]
apps/api/monitoring/health_check.py:14: error: Library stubs not installed for "psutil"  [import-untyped]
apps/api/monitoring/health_check.py:14: note: Hint: "python3 -m pip install types-psutil"
apps/api/monitoring/health_check.py:14: note: (or run "mypy --install-types" to install all missing stub packages)
apps/api/monitoring/health_check.py:37: error: Incompatible types in assignment (expression has type "None", variable has type "dict[str, Any]")  [assignment]
apps/api/monitoring/health_check.py:164: error: Incompatible types in "await" (actual type "Optional[Row[Any]]", expected type "Awaitable[Any]")  [misc]
apps/api/monitoring/health_check.py:348: error: Returning Any from function declared to return "ComponentHealth"  [no-any-return]
apps/api/monitoring/health_check.py:393: error: Argument 1 to "append" of "list" has incompatible type "Union[ComponentHealth, BaseException]"; expected "ComponentHealth"  [arg-type]
apps/api/monitoring/health_check.py:427: error: Incompatible types in assignment (expression has type "float", variable has type "int")  [assignment]
apps/api/monitoring/health_check.py:428: error: Incompatible types in assignment (expression has type "float", variable has type "int")  [assignment]
apps/api/background/coverage_history_dao.py:17: error: Module "apps.api.database" has no attribute "CoverageHistory"  [attr-defined]
apps/knowledge_builder/coverage/meter.py:8: error: Function is missing a type annotation for one or more arguments  [no-untyped-def]
apps/knowledge_builder/coverage/meter.py:45: error: "type[DocTaxonomy]" has no attribute "version"  [attr-defined]
apps/knowledge_builder/coverage/meter.py:52: error: "type[DocTaxonomy]" has no attribute "version"  [attr-defined]
apps/knowledge_builder/coverage/meter.py:65: error: "type[DocTaxonomy]" has no attribute "node_id"  [attr-defined]
apps/knowledge_builder/coverage/meter.py:66: error: "type[DocTaxonomy]" has no attribute "version"  [attr-defined]
apps/knowledge_builder/coverage/meter.py:73: error: "type[DocTaxonomy]" has no attribute "node_id"  [attr-defined]
apps/knowledge_builder/coverage/meter.py:74: error: "type[DocTaxonomy]" has no attribute "version"  [attr-defined]
apps/knowledge_builder/coverage/meter.py:93: error: Argument "node_coverage" to "CoverageMetrics" has incompatible type "dict[str, dict[str, Union[Any, int]]]"; expected "dict[str, int]"  [arg-type]
apps/knowledge_builder/coverage/meter.py:96: error: Function is missing a type annotation for one or more arguments  [no-untyped-def]
apps/knowledge_builder/coverage/meter.py:102: error: Library stubs not installed for "networkx"  [import-untyped]
apps/knowledge_builder/coverage/meter.py:102: note: Hint: "python3 -m pip install types-networkx"
apps/knowledge_builder/coverage/meter.py:106: error: Argument 1 to "_build_networkx_graph" of "TaxonomyDAGManager" has incompatible type "str"; expected "int"  [arg-type]
apps/knowledge_builder/coverage/meter.py:125: error: "int" has no attribute "get"  [attr-defined]
apps/api/monitoring/dashboard.py:140: error: Dict entry 4 has incompatible type "str": "int"; expected "str": "Sequence[str]"  [dict-item]
apps/api/monitoring/dashboard.py:141: error: Dict entry 5 has incompatible type "str": "float"; expected "str": "Sequence[str]"  [dict-item]
apps/api/monitoring/dashboard.py:157: error: Dict entry 4 has incompatible type "str": "float"; expected "str": "Sequence[str]"  [dict-item]
apps/api/monitoring/dashboard.py:158: error: Dict entry 5 has incompatible type "str": "float"; expected "str": "Sequence[str]"  [dict-item]
apps/api/monitoring/dashboard.py:170: error: Dict entry 4 has incompatible type "str": "float"; expected "str": "Sequence[str]"  [dict-item]
apps/api/monitoring/dashboard.py:171: error: Dict entry 5 has incompatible type "str": "float"; expected "str": "Sequence[str]"  [dict-item]
apps/api/monitoring/dashboard.py:253: error: Returning Any from function declared to return "None"  [no-any-return]
apps/api/monitoring/dashboard.py:255: error: No return value expected  [return-value]
apps/api/monitoring/dashboard.py:257: error: No return value expected  [return-value]
apps/api/agent_dao.py:10: error: Module "apps.api.database" has no attribute "Agent"  [attr-defined]
apps/api/agent_dao.py:48: error: Need type annotation for "default_features_config" (hint: "default_features_config: dict[<type>, <type>] = ...")  [var-annotated]
apps/api/agent_dao.py:91: error: Function is missing a type annotation for one or more arguments  [no-untyped-def]
apps/api/background/agent_task_worker.py:19: error: Module "apps.api.database" has no attribute "BackgroundTask"  [attr-defined]
apps/api/background/agent_task_worker.py:69: error: Statement is unreachable  [unreachable]
apps/api/background/agent_task_worker.py:239: error: Unexpected keyword argument "session" for "calculate_coverage" of "CoverageMeterService"  [call-arg]
apps/knowledge_builder/coverage/meter.py:12: note: "calculate_coverage" of "CoverageMeterService" defined here
apps/api/background/agent_task_worker.py:239: error: Unexpected keyword argument "taxonomy_node_ids" for "calculate_coverage" of "CoverageMeterService"  [call-arg]
apps/orchestration/src/tool_registry.py:43: error: "__new__" must return a class instance (got "None")  [misc]
apps/orchestration/src/tool_registry.py:46: error: No return value expected  [return-value]
apps/ingestion/contracts/signals.py:35: error: No overload variant of "Field" matches argument types "ellipsis", "int", "int"  [call-overload]
apps/ingestion/contracts/signals.py:35: note: Possible overload variants:
apps/ingestion/contracts/signals.py:35: note:     def Field(default, default: ellipsis, *, alias: Optional[str] = ..., alias_priority: Optional[int] = ..., validation_alias: Union[str, AliasPath, AliasChoices, None] = ..., serialization_alias: Optional[str] = ..., title: Optional[str] = ..., field_title_generator: Optional[Callable[[str, FieldInfo], str]] = ..., description: Optional[str] = ..., examples: Optional[list[Any]] = ..., exclude: Optional[bool] = ..., discriminator: Union[str, Discriminator, None] = ..., deprecated: Union[deprecated, str, bool, None] = ..., json_schema_extra: Union[JsonDict, Callable[[JsonDict], None], None] = ..., frozen: Optional[bool] = ..., validate_default: Optional[bool] = ..., repr: bool = ..., init: Optional[bool] = ..., init_var: Optional[bool] = ..., kw_only: Optional[bool] = ..., pattern: Union[str, Pattern[str], None] = ..., strict: Optional[bool] = ..., coerce_numbers_to_str: Optional[bool] = ..., gt: Optional[SupportsGt] = ..., ge: Optional[SupportsGe] = ..., lt: Optional[SupportsLt] = ..., le: Optional[SupportsLe] = ..., multiple_of: Optional[float] = ..., allow_inf_nan: Optional[bool] = ..., max_digits: Optional[int] = ..., decimal_places: Optional[int] = ..., min_length: Optional[int] = ..., max_length: Optional[int] = ..., union_mode: Literal['smart', 'left_to_right'] = ..., fail_fast: Optional[bool] = ...) -> Any
apps/ingestion/contracts/signals.py:35: note:     def [_T] Field(default, default: _T, *, alias: Optional[str] = ..., alias_priority: Optional[int] = ..., validation_alias: Union[str, AliasPath, AliasChoices, None] = ..., serialization_alias: Optional[str] = ..., title: Optional[str] = ..., field_title_generator: Optional[Callable[[str, FieldInfo], str]] = ..., description: Optional[str] = ..., examples: Optional[list[Any]] = ..., exclude: Optional[bool] = ..., discriminator: Union[str, Discriminator, None] = ..., deprecated: Union[deprecated, str, bool, None] = ..., json_schema_extra: Union[JsonDict, Callable[[JsonDict], None], None] = ..., frozen: Optional[bool] = ..., validate_default: Optional[bool] = ..., repr: bool = ..., init: Optional[bool] = ..., init_var: Optional[bool] = ..., kw_only: Optional[bool] = ..., pattern: Union[str, Pattern[str], None] = ..., strict: Optional[bool] = ..., coerce_numbers_to_str: Optional[bool] = ..., gt: Optional[SupportsGt] = ..., ge: Optional[SupportsGe] = ..., lt: Optional[SupportsLt] = ..., le: Optional[SupportsLe] = ..., multiple_of: Optional[float] = ..., allow_inf_nan: Optional[bool] = ..., max_digits: Optional[int] = ..., decimal_places: Optional[int] = ..., min_length: Optional[int] = ..., max_length: Optional[int] = ..., union_mode: Literal['smart', 'left_to_right'] = ..., fail_fast: Optional[bool] = ...) -> _T
apps/ingestion/contracts/signals.py:35: note:     def [_T] Field(default_factory, *, default_factory: Union[Callable[[], _T], Callable[[dict[str, Any]], _T]], alias: Optional[str] = ..., alias_priority: Optional[int] = ..., validation_alias: Union[str, AliasPath, AliasChoices, None] = ..., serialization_alias: Optional[str] = ..., title: Optional[str] = ..., field_title_generator: Optional[Callable[[str, FieldInfo], str]] = ..., description: Optional[str] = ..., examples: Optional[list[Any]] = ..., exclude: Optional[bool] = ..., discriminator: Union[str, Discriminator, None] = ..., deprecated: Union[deprecated, str, bool, None] = ..., json_schema_extra: Union[JsonDict, Callable[[JsonDict], None], None] = ..., frozen: Optional[bool] = ..., validate_default: Optional[bool] = ..., repr: bool = ..., init: Optional[bool] = ..., init_var: Optional[bool] = ..., kw_only: Optional[bool] = ..., pattern: Union[str, Pattern[str], None] = ..., strict: Optional[bool] = ..., coerce_numbers_to_str: Optional[bool] = ..., gt: Optional[SupportsGt] = ..., ge: Optional[SupportsGe] = ..., lt: Optional[SupportsLt] = ..., le: Optional[SupportsLe] = ..., multiple_of: Optional[float] = ..., allow_inf_nan: Optional[bool] = ..., max_digits: Optional[int] = ..., decimal_places: Optional[int] = ..., min_length: Optional[int] = ..., max_length: Optional[int] = ..., union_mode: Literal['smart', 'left_to_right'] = ..., fail_fast: Optional[bool] = ...) -> _T
apps/ingestion/contracts/signals.py:35: note:     def Field(alias, *, alias: Optional[str] = ..., alias_priority: Optional[int] = ..., validation_alias: Union[str, AliasPath, AliasChoices, None] = ..., serialization_alias: Optional[str] = ..., title: Optional[str] = ..., field_title_generator: Optional[Callable[[str, FieldInfo], str]] = ..., description: Optional[str] = ..., examples: Optional[list[Any]] = ..., exclude: Optional[bool] = ..., discriminator: Union[str, Discriminator, None] = ..., deprecated: Union[deprecated, str, bool, None] = ..., json_schema_extra: Union[JsonDict, Callable[[JsonDict], None], None] = ..., frozen: Optional[bool] = ..., validate_default: Optional[bool] = ..., repr: bool = ..., init: Optional[bool] = ..., init_var: Optional[bool] = ..., kw_only: Optional[bool] = ..., pattern: Union[str, Pattern[str], None] = ..., strict: Optional[bool] = ..., coerce_numbers_to_str: Optional[bool] = ..., gt: Optional[SupportsGt] = ..., ge: Optional[SupportsGe] = ..., lt: Optional[SupportsLt] = ..., le: Optional[SupportsLe] = ..., multiple_of: Optional[float] = ..., allow_inf_nan: Optional[bool] = ..., max_digits: Optional[int] = ..., decimal_places: Optional[int] = ..., min_length: Optional[int] = ..., max_length: Optional[int] = ..., union_mode: Literal['smart', 'left_to_right'] = ..., fail_fast: Optional[bool] = ...) -> Any
apps/ingestion/contracts/signals.py:48: error: Returning Any from function declared to return "None"  [no-any-return]
apps/ingestion/contracts/signals.py:56: error: Returning Any from function declared to return "None"  [no-any-return]
apps/evaluation/models.py:17: error: Variable "apps.evaluation.models.Base" is not valid as a type  [valid-type]
apps/evaluation/models.py:17: note: See https://mypy.readthedocs.io/en/stable/common_issues.html#variables-vs-type-aliases
apps/evaluation/models.py:17: error: Invalid base class "Base"  [misc]
apps/evaluation/models.py:51: error: Variable "apps.evaluation.models.Base" is not valid as a type  [valid-type]
apps/evaluation/models.py:51: note: See https://mypy.readthedocs.io/en/stable/common_issues.html#variables-vs-type-aliases
apps/evaluation/models.py:51: error: Invalid base class "Base"  [misc]
apps/evaluation/models.py:78: error: Variable "apps.evaluation.models.Base" is not valid as a type  [valid-type]
apps/evaluation/models.py:78: note: See https://mypy.readthedocs.io/en/stable/common_issues.html#variables-vs-type-aliases
apps/evaluation/models.py:78: error: Invalid base class "Base"  [misc]
apps/api/schemas/agent_schemas.py:13: error: No overload variant of "Field" matches argument types "ellipsis", "int", "str"  [call-overload]
apps/api/schemas/agent_schemas.py:13: note: Possible overload variants:
apps/api/schemas/agent_schemas.py:13: note:     def Field(default, default: ellipsis, *, alias: Optional[str] = ..., alias_priority: Optional[int] = ..., validation_alias: Union[str, AliasPath, AliasChoices, None] = ..., serialization_alias: Optional[str] = ..., title: Optional[str] = ..., field_title_generator: Optional[Callable[[str, FieldInfo], str]] = ..., description: Optional[str] = ..., examples: Optional[list[Any]] = ..., exclude: Optional[bool] = ..., discriminator: Union[str, Discriminator, None] = ..., deprecated: Union[deprecated, str, bool, None] = ..., json_schema_extra: Union[JsonDict, Callable[[JsonDict], None], None] = ..., frozen: Optional[bool] = ..., validate_default: Optional[bool] = ..., repr: bool = ..., init: Optional[bool] = ..., init_var: Optional[bool] = ..., kw_only: Optional[bool] = ..., pattern: Union[str, Pattern[str], None] = ..., strict: Optional[bool] = ..., coerce_numbers_to_str: Optional[bool] = ..., gt: Optional[SupportsGt] = ..., ge: Optional[SupportsGe] = ..., lt: Optional[SupportsLt] = ..., le: Optional[SupportsLe] = ..., multiple_of: Optional[float] = ..., allow_inf_nan: Optional[bool] = ..., max_digits: Optional[int] = ..., decimal_places: Optional[int] = ..., min_length: Optional[int] = ..., max_length: Optional[int] = ..., union_mode: Literal['smart', 'left_to_right'] = ..., fail_fast: Optional[bool] = ...) -> Any
apps/api/schemas/agent_schemas.py:13: note:     def [_T] Field(default, default: _T, *, alias: Optional[str] = ..., alias_priority: Optional[int] = ..., validation_alias: Union[str, AliasPath, AliasChoices, None] = ..., serialization_alias: Optional[str] = ..., title: Optional[str] = ..., field_title_generator: Optional[Callable[[str, FieldInfo], str]] = ..., description: Optional[str] = ..., examples: Optional[list[Any]] = ..., exclude: Optional[bool] = ..., discriminator: Union[str, Discriminator, None] = ..., deprecated: Union[deprecated, str, bool, None] = ..., json_schema_extra: Union[JsonDict, Callable[[JsonDict], None], None] = ..., frozen: Optional[bool] = ..., validate_default: Optional[bool] = ..., repr: bool = ..., init: Optional[bool] = ..., init_var: Optional[bool] = ..., kw_only: Optional[bool] = ..., pattern: Union[str, Pattern[str], None] = ..., strict: Optional[bool] = ..., coerce_numbers_to_str: Optional[bool] = ..., gt: Optional[SupportsGt] = ..., ge: Optional[SupportsGe] = ..., lt: Optional[SupportsLt] = ..., le: Optional[SupportsLe] = ..., multiple_of: Optional[float] = ..., allow_inf_nan: Optional[bool] = ..., max_digits: Optional[int] = ..., decimal_places: Optional[int] = ..., min_length: Optional[int] = ..., max_length: Optional[int] = ..., union_mode: Literal['smart', 'left_to_right'] = ..., fail_fast: Optional[bool] = ...) -> _T
apps/api/schemas/agent_schemas.py:13: note:     def [_T] Field(default_factory, *, default_factory: Union[Callable[[], _T], Callable[[dict[str, Any]], _T]], alias: Optional[str] = ..., alias_priority: Optional[int] = ..., validation_alias: Union[str, AliasPath, AliasChoices, None] = ..., serialization_alias: Optional[str] = ..., title: Optional[str] = ..., field_title_generator: Optional[Callable[[str, FieldInfo], str]] = ..., description: Optional[str] = ..., examples: Optional[list[Any]] = ..., exclude: Optional[bool] = ..., discriminator: Union[str, Discriminator, None] = ..., deprecated: Union[deprecated, str, bool, None] = ..., json_schema_extra: Union[JsonDict, Callable[[JsonDict], None], None] = ..., frozen: Optional[bool] = ..., validate_default: Optional[bool] = ..., repr: bool = ..., init: Optional[bool] = ..., init_var: Optional[bool] = ..., kw_only: Optional[bool] = ..., pattern: Union[str, Pattern[str], None] = ..., strict: Optional[bool] = ..., coerce_numbers_to_str: Optional[bool] = ..., gt: Optional[SupportsGt] = ..., ge: Optional[SupportsGe] = ..., lt: Optional[SupportsLt] = ..., le: Optional[SupportsLe] = ..., multiple_of: Optional[float] = ..., allow_inf_nan: Optional[bool] = ..., max_digits: Optional[int] = ..., decimal_places: Optional[int] = ..., min_length: Optional[int] = ..., max_length: Optional[int] = ..., union_mode: Literal['smart', 'left_to_right'] = ..., fail_fast: Optional[bool] = ...) -> _T
apps/api/schemas/agent_schemas.py:13: note:     def Field(alias, *, alias: Optional[str] = ..., alias_priority: Optional[int] = ..., validation_alias: Union[str, AliasPath, AliasChoices, None] = ..., serialization_alias: Optional[str] = ..., title: Optional[str] = ..., field_title_generator: Optional[Callable[[str, FieldInfo], str]] = ..., description: Optional[str] = ..., examples: Optional[list[Any]] = ..., exclude: Optional[bool] = ..., discriminator: Union[str, Discriminator, None] = ..., deprecated: Union[deprecated, str, bool, None] = ..., json_schema_extra: Union[JsonDict, Callable[[JsonDict], None], None] = ..., frozen: Optional[bool] = ..., validate_default: Optional[bool] = ..., repr: bool = ..., init: Optional[bool] = ..., init_var: Optional[bool] = ..., kw_only: Optional[bool] = ..., pattern: Union[str, Pattern[str], None] = ..., strict: Optional[bool] = ..., coerce_numbers_to_str: Optional[bool] = ..., gt: Optional[SupportsGt] = ..., ge: Optional[SupportsGe] = ..., lt: Optional[SupportsLt] = ..., le: Optional[SupportsLe] = ..., multiple_of: Optional[float] = ..., allow_inf_nan: Optional[bool] = ..., max_digits: Optional[int] = ..., decimal_places: Optional[int] = ..., min_length: Optional[int] = ..., max_length: Optional[int] = ..., union_mode: Literal['smart', 'left_to_right'] = ..., fail_fast: Optional[bool] = ...) -> Any
apps/orchestration/src/tool_executor.py:13: error: Library stubs not installed for "jsonschema"  [import-untyped]
apps/orchestration/src/tool_executor.py:13: note: Hint: "python3 -m pip install types-jsonschema"
apps/orchestration/src/reflection_engine.py:164: error: Argument "key" to "sort" of "list" has incompatible type "Callable[[dict[str, object]], object]"; expected "Callable[[dict[str, object]], Union[SupportsDunderLT[Any], SupportsDunderGT[Any]]]"  [arg-type]
apps/orchestration/src/reflection_engine.py:164: error: Incompatible return value type (got "object", expected "Union[SupportsDunderLT[Any], SupportsDunderGT[Any]]")  [return-value]
apps/orchestration/src/tools/calculator.py:13: error: Returning Any from function declared to return "float"  [no-any-return]
apps/evaluation/sample_data.py:165: error: Missing named argument "ground_truth" for "EvaluationRequest"  [call-arg]
apps/evaluation/quality_monitor.py:36: error: Missing named argument "faithfulness_min" for "QualityThresholds"  [call-arg]
apps/evaluation/quality_monitor.py:36: error: Missing named argument "context_precision_min" for "QualityThresholds"  [call-arg]
apps/evaluation/quality_monitor.py:36: error: Missing named argument "context_recall_min" for "QualityThresholds"  [call-arg]
apps/evaluation/quality_monitor.py:36: error: Missing named argument "answer_relevancy_min" for "QualityThresholds"  [call-arg]
apps/evaluation/quality_monitor.py:36: error: Missing named argument "response_time_max" for "QualityThresholds"  [call-arg]
apps/evaluation/quality_monitor.py:40: error: Need type annotation for "metric_buffers"  [var-annotated]
apps/evaluation/quality_monitor.py:49: error: Need type annotation for "active_alerts" (hint: "active_alerts: dict[<type>, <type>] = ...")  [var-annotated]
apps/evaluation/quality_monitor.py:54: error: Need type annotation for "quality_history"  [var-annotated]
apps/evaluation/quality_monitor.py:90: error: No return value expected  [return-value]
apps/evaluation/quality_monitor.py:94: error: No return value expected  [return-value]
apps/evaluation/quality_monitor.py:255: error: Need type annotation for "severity_counts"  [var-annotated]
apps/evaluation/quality_monitor.py:305: error: No overload variant of "get" of "dict" matches argument type "object"  [call-overload]
apps/evaluation/quality_monitor.py:305: note: Possible overload variants:
apps/evaluation/quality_monitor.py:305: note:     def get(self, str, None = ..., /) -> Optional[float]
apps/evaluation/quality_monitor.py:305: note:     def get(self, str, float, /) -> float
apps/evaluation/quality_monitor.py:305: note:     def [_T] get(self, str, _T, /) -> Union[float, _T]
apps/evaluation/experiment_tracker.py:23: error: Library stubs not installed for "scipy"  [import-untyped]
apps/evaluation/experiment_tracker.py:23: note: Hint: "python3 -m pip install scipy-stubs"
apps/evaluation/experiment_tracker.py:51: error: Need type annotation for "active_experiments" (hint: "active_experiments: dict[<type>, <type>] = ...")  [var-annotated]
apps/evaluation/experiment_tracker.py:52: error: Need type annotation for "user_assignments" (hint: "user_assignments: dict[<type>, <type>] = ...")  [var-annotated]
apps/evaluation/experiment_tracker.py:53: error: Need type annotation for "experiment_data" (hint: "experiment_data: dict[<type>, <type>] = ...")  [var-annotated]
apps/evaluation/experiment_tracker.py:180: error: Returning Any from function declared to return "str"  [no-any-return]
apps/evaluation/experiment_tracker.py:356: error: Missing named argument "power_threshold" for "ExperimentConfig"  [call-arg]
apps/classification/semantic_classifier.py:25: error: Function is missing a type annotation for one or more arguments  [no-untyped-def]
apps/classification/semantic_classifier.py:221: error: Function is missing a type annotation for one or more arguments  [no-untyped-def]
apps/api/services/langgraph_service.py:70: error: Unexpected keyword argument "canonical_filter" for "PipelineRequest"  [call-arg]
apps/security/middleware/security_middleware.py:14: error: Cannot find implementation or library stub for module named "fastapi.middleware.base"  [import-not-found]
apps/security/middleware/security_middleware.py:18: error: Cannot find implementation or library stub for module named "apps.security.audit.audit_logger"  [import-not-found]
apps/security/middleware/security_middleware.py:73: error: Incompatible default for argument "config" (default has type "None", argument has type "dict[str, Any]")  [assignment]
apps/security/middleware/security_middleware.py:73: note: PEP 484 prohibits implicit Optional. Accordingly, mypy has changed its default to no_implicit_optional=True
apps/security/middleware/security_middleware.py:73: note: Use https://github.com/hauntsaninja/no_implicit_optional to automatically upgrade your codebase
apps/security/middleware/security_middleware.py:433: error: Item "None" of "Optional[Address]" has no attribute "host"  [union-attr]
apps/security/middleware/security_middleware.py:622: error: Incompatible default for argument "required_permission" (default has type "None", argument has type "str")  [assignment]
apps/security/middleware/security_middleware.py:622: note: PEP 484 prohibits implicit Optional. Accordingly, mypy has changed its default to no_implicit_optional=True
apps/security/middleware/security_middleware.py:622: note: Use https://github.com/hauntsaninja/no_implicit_optional to automatically upgrade your codebase
apps/security/middleware/security_middleware.py:622: error: Incompatible default for argument "resource" (default has type "None", argument has type "str")  [assignment]
apps/security/middleware/security_middleware.py:649: error: Returning Any from function declared to return "SecurityContext"  [no-any-return]
apps/security/middleware/security_middleware.py:668: error: Returning Any from function declared to return "None"  [no-any-return]
apps/security/middleware/security_middleware.py:673: error: No return value expected  [return-value]
apps/security/middleware/security_middleware.py:680: error: No return value expected  [return-value]
apps/security/middleware/security_middleware.py:685: error: Returning Any from function declared to return "None"  [no-any-return]
apps/security/middleware/security_middleware.py:735: error: Returning Any from function declared to return "None"  [no-any-return]
apps/orchestration/src/main.py:154: error: Skipping analyzing "common_schemas.models": module is installed, but missing library stubs or py.typed marker  [import-untyped]
apps/orchestration/src/main.py:404: error: Cannot find implementation or library stub for module named "langgraph_pipeline"  [import-not-found]
apps/orchestration/src/main.py:539: error: Cannot find implementation or library stub for module named "cbr_system"  [import-not-found]
apps/evaluation/golden_dataset_generator.py:39: error: Incompatible types in assignment (expression has type "None", variable has type "dict[str, Any]")  [assignment]
apps/evaluation/golden_dataset_generator.py:112: error: Cannot find implementation or library stub for module named "langchain.docstore.document"  [import-not-found]
apps/evaluation/golden_dataset_generator.py:113: error: Cannot find implementation or library stub for module named "langchain_openai"  [import-not-found]
apps/evaluation/golden_dataset_generator.py:114: error: Cannot find implementation or library stub for module named "ragas.testset"  [import-not-found]
apps/evaluation/golden_dataset_generator.py:260: error: Incompatible default for argument "name" (default has type "None", argument has type "str")  [assignment]
apps/evaluation/golden_dataset_generator.py:260: note: PEP 484 prohibits implicit Optional. Accordingly, mypy has changed its default to no_implicit_optional=True
apps/evaluation/golden_dataset_generator.py:260: note: Use https://github.com/hauntsaninja/no_implicit_optional to automatically upgrade your codebase
apps/evaluation/golden_dataset_generator.py:263: error: Statement is unreachable  [unreachable]
apps/evaluation/golden_dataset_generator.py:281: error: No return value expected  [return-value]
apps/evaluation/golden_dataset_generator.py:297: error: Need type annotation for "counts" (hint: "counts: dict[<type>, <type>] = ...")  [var-annotated]
apps/evaluation/golden_dataset_generator.py:346: error: "save_dataset" of "GoldenDatasetGenerator" does not return a value (it only ever returns None)  [func-returns-value]
apps/api/deps.py:74: error: "Coroutine[Any, Any, AsyncSession]" has no attribute "__aenter__"  [attr-defined]
apps/api/deps.py:74: note: Maybe you forgot to use "await"?
apps/api/deps.py:74: error: "Coroutine[Any, Any, AsyncSession]" has no attribute "__aexit__"  [attr-defined]
apps/api/middleware/rate_limiter.py:153: error: Returning Any from function declared to return "Response"  [no-any-return]
apps/api/middleware/rate_limiter.py:193: error: Returning Any from function declared to return "Response"  [no-any-return]
apps/security/routers/security_router.py:16: error: Cannot find implementation or library stub for module named "apps.security.compliance.compliance_manager"  [import-not-found]
apps/security/routers/security_router.py:23: error: Cannot find implementation or library stub for module named "apps.security.monitoring.security_monitor"  [import-not-found]
apps/security/routers/security_router.py:24: error: Cannot find implementation or library stub for module named "apps.security.scanning.vulnerability_scanner"  [import-not-found]
apps/security/routers/security_router.py:177: error: Argument "created_at" to "UserResponse" has incompatible type "Optional[datetime]"; expected "datetime"  [arg-type]
apps/orchestration/src/meta_planner.py:92: error: Returning Any from function declared to return "dict[str, Any]"  [no-any-return]
apps/orchestration/src/debate/debate_engine.py:36: error: No return value expected  [return-value]
apps/orchestration/src/debate/debate_engine.py:108: error: "get_llm_service_cached" does not return a value (it only ever returns None)  [func-returns-value]
apps/orchestration/src/debate/debate_engine.py:239: error: "get_llm_service_cached" does not return a value (it only ever returns None)  [func-returns-value]
apps/orchestration/src/debate/debate_engine.py:262: error: Returning Any from function declared to return "str"  [no-any-return]
apps/orchestration/src/debate/debate_engine.py:304: error: No return value expected  [return-value]
apps/orchestration/src/debate/debate_engine.py:313: error: Function does not return a value (it only ever returns None)  [func-returns-value]
apps/orchestration/src/debate/debate_engine.py:316: error: "None" has no attribute "elapsed_time"  [attr-defined]
apps/orchestration/src/debate/debate_engine.py:316: error: "None" has no attribute "llm_calls"  [attr-defined]
apps/orchestration/src/debate/debate_engine.py:318: error: Incompatible return value type (got "None", expected "DebateResult")  [return-value]
apps/evaluation/dashboard.py:403: error: No return value expected  [return-value]
apps/evaluation/dashboard.py:488: error: Value of type "Optional[Row[Any]]" is not indexable  [index]
apps/evaluation/dashboard.py:490: error: Value of type "Optional[Row[Any]]" is not indexable  [index]
apps/evaluation/dashboard.py:492: error: Value of type "Optional[Row[Any]]" is not indexable  [index]
apps/evaluation/dashboard.py:493: error: Value of type "Optional[Row[Any]]" is not indexable  [index]
apps/evaluation/dashboard.py:509: error: No return value expected  [return-value]
apps/evaluation/dashboard.py:521: error: Missing named argument "retrieval_score" for "EvaluationMetrics"  [call-arg]
apps/evaluation/dashboard.py:541: error: No return value expected  [return-value]
apps/api/routers/taxonomy.py:132: error: No return value expected  [return-value]
apps/api/routers/taxonomy.py:145: error: No return value expected  [return-value]
apps/api/routers/reflection_router.py:37: error: Unused "type: ignore" comment  [unused-ignore]
apps/api/routers/reflection_router.py:94: error: Unused "type: ignore" comment  [unused-ignore]
apps/api/routers/reflection_router.py:96: error: Unused "type: ignore" comment  [unused-ignore]
apps/api/routers/monitoring_router.py:7: error: Library stubs not installed for "psutil"  [import-untyped]
apps/api/routers/monitoring_router.py:19: error: All conditional function variants must have identical signatures  [misc]
apps/api/routers/monitoring_router.py:19: note: Original:
apps/api/routers/monitoring_router.py:19: note:     def verify_api_key(request: Request, x_api_key: Optional[str] = ...) -> Coroutine[Any, Any, APIKeyInfo]
apps/api/routers/monitoring_router.py:19: note: Redefinition:
apps/api/routers/monitoring_router.py:19: note:     def verify_api_key() -> None
apps/api/routers/monitoring_router.py:47: error: No return value expected  [return-value]
apps/api/routers/monitoring_router.py:64: error: No return value expected  [return-value]
apps/api/routers/monitoring_router.py:90: error: No return value expected  [return-value]
apps/api/routers/monitoring_router.py:104: error: No return value expected  [return-value]
apps/api/routers/monitoring_router.py:111: error: No return value expected  [return-value]
apps/api/routers/monitoring_router.py:127: error: Need type annotation for "traces" (hint: "traces: list[<type>] = ...")  [var-annotated]
apps/api/routers/monitoring_router.py:162: error: No return value expected  [return-value]
apps/api/routers/monitoring_router.py:193: error: No return value expected  [return-value]
apps/api/routers/monitoring_router.py:204: error: No return value expected  [return-value]
apps/api/routers/monitoring_router.py:207: error: No return value expected  [return-value]
apps/api/routers/health.py:26: error: No return value expected  [return-value]
apps/api/routers/consolidation_router.py:31: error: Cannot find implementation or library stub for module named "consolidation_policy"  [import-not-found]
apps/api/routers/consolidation_router.py:88: error: "Coroutine[Any, Any, AsyncSession]" has no attribute "__aenter__"  [attr-defined]
apps/api/routers/consolidation_router.py:88: note: Maybe you forgot to use "await"?
apps/api/routers/consolidation_router.py:88: error: "Coroutine[Any, Any, AsyncSession]" has no attribute "__aexit__"  [attr-defined]
apps/api/routers/consolidation_router.py:99: error: No return value expected  [return-value]
apps/api/routers/consolidation_router.py:117: error: "Coroutine[Any, Any, AsyncSession]" has no attribute "__aenter__"  [attr-defined]
apps/api/routers/consolidation_router.py:117: note: Maybe you forgot to use "await"?
apps/api/routers/consolidation_router.py:117: error: "Coroutine[Any, Any, AsyncSession]" has no attribute "__aexit__"  [attr-defined]
apps/api/routers/consolidation_router.py:122: error: No return value expected  [return-value]
apps/api/routers/consolidation_router.py:140: error: "Coroutine[Any, Any, AsyncSession]" has no attribute "__aenter__"  [attr-defined]
apps/api/routers/consolidation_router.py:140: note: Maybe you forgot to use "await"?
apps/api/routers/consolidation_router.py:140: error: "Coroutine[Any, Any, AsyncSession]" has no attribute "__aexit__"  [attr-defined]
apps/api/routers/consolidation_router.py:144: error: No return value expected  [return-value]
apps/api/routers/consolidation_router.py:157: error: No return value expected  [return-value]
apps/api/routers/classify.py:69: error: No return value expected  [return-value]
apps/api/routers/agent_router.py:21: error: Module "apps.api.database" has no attribute "BackgroundTask"  [attr-defined]
apps/api/routers/agent_router.py:47: error: The return type of an async generator function should be "AsyncGenerator" or one of its supertypes  [misc]
apps/api/routers/agent_router.py:117: error: Incompatible default for argument "q" (default has type "None", argument has type "str")  [assignment]
apps/api/routers/agent_router.py:117: note: PEP 484 prohibits implicit Optional. Accordingly, mypy has changed its default to no_implicit_optional=True
apps/api/routers/agent_router.py:117: note: Use https://github.com/hauntsaninja/no_implicit_optional to automatically upgrade your codebase
apps/api/routers/agent_router.py:128: error: "type[AgentDAO]" has no attribute "search_agents"  [attr-defined]
apps/api/routers/agent_router.py:207: error: Incompatible types in assignment (expression has type "float", target has type "int")  [assignment]
apps/api/routers/agent_router.py:261: error: "int" has no attribute "get"  [attr-defined]
apps/api/routers/agent_router.py:262: error: "int" has no attribute "get"  [attr-defined]
apps/api/routers/agent_router.py:772: error: The return type of an async generator function should be "AsyncGenerator" or one of its supertypes  [misc]
apps/api/routers/agent_router.py:846: error: "event_generator" does not return a value (it only ever returns None)  [func-returns-value]
apps/orchestration/src/cbr_system.py:308: error: Function is missing a return type annotation  [no-untyped-def]
apps/orchestration/src/cbr_system.py:331: error: Function is missing a return type annotation  [no-untyped-def]
apps/orchestration/src/cbr_system.py:380: error: No return value expected  [return-value]
apps/orchestration/src/cbr_system.py:386: error: "get_embedding_model" does not return a value (it only ever returns None)  [func-returns-value]
apps/orchestration/src/cbr_system.py:389: error: Returning Any from function declared to return "list[float]"  [no-any-return]
apps/api/embedding_service.py:54: error: Need type annotation for "embedding_cache" (hint: "embedding_cache: dict[<type>, <type>] = ...")  [var-annotated]
apps/api/embedding_service.py:68: error: Statement is unreachable  [unreachable]
apps/api/embedding_service.py:75: error: Value of type "Optional[dict[str, object]]" is not indexable  [index]
apps/api/embedding_service.py:76: error: Incompatible types in assignment (expression has type "SentenceTransformer", variable has type "None")  [assignment]
apps/api/embedding_service.py:76: error: Value of type "Optional[dict[str, object]]" is not indexable  [index]
apps/api/embedding_service.py:76: error: Argument 1 to "SentenceTransformer" has incompatible type "Union[object, Any]"; expected "Optional[str]"  [arg-type]
apps/api/embedding_service.py:91: error: Returning Any from function declared to return "list[float]"  [no-any-return]
apps/api/embedding_service.py:96: error: Returning Any from function declared to return "list[float]"  [no-any-return]
apps/api/embedding_service.py:99: error: Returning Any from function declared to return "list[float]"  [no-any-return]
apps/api/embedding_service.py:113: error: Returning Any from function declared to return "list[float]"  [no-any-return]
apps/api/embedding_service.py:190: error: Argument 2 to "run_in_executor" of "AbstractEventLoop" has incompatible type "Callable[[], ndarray[Any, Any]]"; expected "Callable[[], list[list[float]]]"  [arg-type]
apps/api/embedding_service.py:190: error: Incompatible return value type (got "ndarray[Any, Any]", expected "list[list[float]]")  [return-value]
apps/api/embedding_service.py:196: error: Argument 1 to "_pad_or_truncate_vector" of "EmbeddingService" has incompatible type "list[float]"; expected "ndarray[Any, Any]"  [arg-type]
apps/api/embedding_service.py:271: error: Returning Any from function declared to return "list[float]"  [no-any-return]
apps/api/embedding_service.py:293: error: Returning Any from function declared to return "list[float]"  [no-any-return]
apps/api/services/ml_classifier.py:12: error: Skipping analyzing "sklearn.metrics.pairwise": module is installed, but missing library stubs or py.typed marker  [import-untyped]
apps/api/services/ml_classifier.py:85: error: Item "None" of "Optional[SentenceTransformer]" has no attribute "encode"  [union-attr]
apps/api/services/ml_classifier.py:96: error: Argument "key" to "max" has incompatible type overloaded function; expected "Callable[[str], Union[SupportsDunderLT[Any], SupportsDunderGT[Any]]]"  [arg-type]
apps/search/hybrid_search_engine.py:497: error: Incompatible types in assignment (expression has type "Union[list[SearchResult], BaseException]", variable has type "list[SearchResult]")  [assignment]
apps/search/hybrid_search_engine.py:502: error: Incompatible types in assignment (expression has type "Union[list[SearchResult], BaseException]", variable has type "list[SearchResult]")  [assignment]
apps/ingestion/batch/job_orchestrator.py:313: error: Incompatible types in assignment (expression has type "DocumentChunk", variable has type "Chunk")  [assignment]
apps/ingestion/batch/job_orchestrator.py:352: error: Missing named argument "error_message" for "DocumentProcessedEventV1"  [call-arg]
apps/ingestion/batch/job_orchestrator.py:352: error: Missing named argument "error_code" for "DocumentProcessedEventV1"  [call-arg]
apps/search/search_benchmark.py:407: error: Unsupported target for indexed assignment ("Collection[str]")  [index]
apps/search/search_benchmark.py:418: error: Unsupported target for indexed assignment ("Collection[str]")  [index]
apps/search/search_benchmark.py:425: error: Unsupported target for indexed assignment ("Collection[str]")  [index]
apps/search/search_benchmark.py:433: error: Incompatible types in assignment (expression has type "float", target has type "Collection[str]")  [assignment]
apps/search/search_benchmark.py:434: error: Incompatible types in assignment (expression has type "int", target has type "Collection[str]")  [assignment]
apps/search/search_benchmark.py:441: error: Incompatible default for argument "filename" (default has type "None", argument has type "str")  [assignment]
apps/search/search_benchmark.py:441: note: PEP 484 prohibits implicit Optional. Accordingly, mypy has changed its default to no_implicit_optional=True
apps/search/search_benchmark.py:441: note: Use https://github.com/hauntsaninja/no_implicit_optional to automatically upgrade your codebase
apps/search/search_benchmark.py:444: error: Statement is unreachable  [unreachable]
apps/search/search_benchmark.py:536: error: No return value expected  [return-value]
apps/api/routers/ingestion.py:52: error: Incompatible default for argument "http_request" (default has type "None", argument has type "Request")  [assignment]
apps/api/routers/ingestion.py:52: note: PEP 484 prohibits implicit Optional. Accordingly, mypy has changed its default to no_implicit_optional=True
apps/api/routers/ingestion.py:52: note: Use https://github.com/hauntsaninja/no_implicit_optional to automatically upgrade your codebase
apps/api/routers/ingestion.py:67: error: Item "None" of "Optional[str]" has no attribute "split"  [union-attr]
apps/api/routers/ingestion.py:99: error: Argument "file_name" to "DocumentUploadCommandV1" has incompatible type "Optional[str]"; expected "str"  [arg-type]
apps/api/routers/ingestion.py:126: error: No return value expected  [return-value]
apps/api/routers/ingestion.py:168: error: No return value expected  [return-value]
Warning: unused section(s) in pyproject.toml: module = ['tests.*']
Found 293 errors in 65 files (checked 133 source files)
