<?xml version="1.0" encoding="UTF-8"?>
<coverage generated="1760169548679" clover="3.2.0">
  <project timestamp="1760169548679" name="All files">
    <metrics statements="589" coveredstatements="282" conditionals="368" coveredconditionals="142" methods="167" coveredmethods="76" elements="1124" coveredelements="500" complexity="0" loc="589" ncloc="589" packages="13" files="42" classes="42"/>
    <package name="app">
      <metrics statements="27" coveredstatements="0" conditionals="0" coveredconditionals="0" methods="8" coveredmethods="0"/>
      <file name="error.tsx" path="/mnt/c/MYCLAUDE_PROJECT/sonheungmin/Unmanned/dt-rag/apps/frontend/app/error.tsx">
        <metrics statements="7" coveredstatements="0" conditionals="0" coveredconditionals="0" methods="2" coveredmethods="0"/>
        <line num="3" count="0" type="stmt"/>
        <line num="4" count="0" type="stmt"/>
        <line num="5" count="0" type="stmt"/>
        <line num="6" count="0" type="stmt"/>
        <line num="8" count="0" type="stmt"/>
        <line num="15" count="0" type="stmt"/>
        <line num="16" count="0" type="stmt"/>
      </file>
      <file name="layout.tsx" path="/mnt/c/MYCLAUDE_PROJECT/sonheungmin/Unmanned/dt-rag/apps/frontend/app/layout.tsx">
        <metrics statements="6" coveredstatements="0" conditionals="0" coveredconditionals="0" methods="1" coveredmethods="0"/>
        <line num="3" count="0" type="stmt"/>
        <line num="4" count="0" type="stmt"/>
        <line num="5" count="0" type="stmt"/>
        <line num="7" count="0" type="stmt"/>
        <line num="9" count="0" type="stmt"/>
        <line num="14" count="0" type="stmt"/>
      </file>
      <file name="loading.tsx" path="/mnt/c/MYCLAUDE_PROJECT/sonheungmin/Unmanned/dt-rag/apps/frontend/app/loading.tsx">
        <metrics statements="4" coveredstatements="0" conditionals="0" coveredconditionals="0" methods="2" coveredmethods="0"/>
        <line num="1" count="0" type="stmt"/>
        <line num="2" count="0" type="stmt"/>
        <line num="4" count="0" type="stmt"/>
        <line num="14" count="0" type="stmt"/>
      </file>
      <file name="not-found.tsx" path="/mnt/c/MYCLAUDE_PROJECT/sonheungmin/Unmanned/dt-rag/apps/frontend/app/not-found.tsx">
        <metrics statements="5" coveredstatements="0" conditionals="0" coveredconditionals="0" methods="1" coveredmethods="0"/>
        <line num="1" count="0" type="stmt"/>
        <line num="2" count="0" type="stmt"/>
        <line num="3" count="0" type="stmt"/>
        <line num="4" count="0" type="stmt"/>
        <line num="6" count="0" type="stmt"/>
      </file>
      <file name="providers.tsx" path="/mnt/c/MYCLAUDE_PROJECT/sonheungmin/Unmanned/dt-rag/apps/frontend/app/providers.tsx">
        <metrics statements="5" coveredstatements="0" conditionals="0" coveredconditionals="0" methods="2" coveredmethods="0"/>
        <line num="3" count="0" type="stmt"/>
        <line num="4" count="0" type="stmt"/>
        <line num="5" count="0" type="stmt"/>
        <line num="7" count="0" type="stmt"/>
        <line num="8" count="0" type="stmt"/>
      </file>
    </package>
    <package name="app.(dashboard)">
      <metrics statements="10" coveredstatements="0" conditionals="18" coveredconditionals="0" methods="2" coveredmethods="0"/>
      <file name="layout.tsx" path="/mnt/c/MYCLAUDE_PROJECT/sonheungmin/Unmanned/dt-rag/apps/frontend/app/(dashboard)/layout.tsx">
        <metrics statements="3" coveredstatements="0" conditionals="0" coveredconditionals="0" methods="1" coveredmethods="0"/>
        <line num="2" count="0" type="stmt"/>
        <line num="3" count="0" type="stmt"/>
        <line num="5" count="0" type="stmt"/>
      </file>
      <file name="page.tsx" path="/mnt/c/MYCLAUDE_PROJECT/sonheungmin/Unmanned/dt-rag/apps/frontend/app/(dashboard)/page.tsx">
        <metrics statements="7" coveredstatements="0" conditionals="18" coveredconditionals="0" methods="1" coveredmethods="0"/>
        <line num="3" count="0" type="stmt"/>
        <line num="4" count="0" type="stmt"/>
        <line num="5" count="0" type="stmt"/>
        <line num="6" count="0" type="stmt"/>
        <line num="7" count="0" type="stmt"/>
        <line num="9" count="0" type="stmt"/>
        <line num="10" count="0" type="stmt"/>
      </file>
    </package>
    <package name="app.(dashboard).agents">
      <metrics statements="50" coveredstatements="0" conditionals="35" coveredconditionals="0" methods="14" coveredmethods="0"/>
      <file name="page.tsx" path="/mnt/c/MYCLAUDE_PROJECT/sonheungmin/Unmanned/dt-rag/apps/frontend/app/(dashboard)/agents/page.tsx">
        <metrics statements="50" coveredstatements="0" conditionals="35" coveredconditionals="0" methods="14" coveredmethods="0"/>
        <line num="3" count="0" type="stmt"/>
        <line num="4" count="0" type="stmt"/>
        <line num="13" count="0" type="stmt"/>
        <line num="14" count="0" type="stmt"/>
        <line num="15" count="0" type="stmt"/>
        <line num="16" count="0" type="stmt"/>
        <line num="17" count="0" type="stmt"/>
        <line num="18" count="0" type="stmt"/>
        <line num="19" count="0" type="stmt"/>
        <line num="20" count="0" type="stmt"/>
        <line num="22" count="0" type="stmt"/>
        <line num="23" count="0" type="stmt"/>
        <line num="24" count="0" type="stmt"/>
        <line num="25" count="0" type="stmt"/>
        <line num="26" count="0" type="stmt"/>
        <line num="27" count="0" type="stmt"/>
        <line num="29" count="0" type="stmt"/>
        <line num="31" count="0" type="stmt"/>
        <line num="35" count="0" type="stmt"/>
        <line num="38" count="0" type="stmt"/>
        <line num="39" count="0" type="stmt"/>
        <line num="40" count="0" type="stmt"/>
        <line num="44" count="0" type="stmt"/>
        <line num="47" count="0" type="stmt"/>
        <line num="48" count="0" type="stmt"/>
        <line num="52" count="0" type="stmt"/>
        <line num="53" count="0" type="stmt"/>
        <line num="54" count="0" type="stmt"/>
        <line num="55" count="0" type="stmt"/>
        <line num="57" count="0" type="stmt"/>
        <line num="61" count="0" type="stmt"/>
        <line num="62" count="0" type="stmt"/>
        <line num="63" count="0" type="cond" truecount="0" falsecount="2"/>
        <line num="64" count="0" type="stmt"/>
        <line num="65" count="0" type="stmt"/>
        <line num="68" count="0" type="stmt"/>
        <line num="77" count="0" type="stmt"/>
        <line num="114" count="0" type="stmt"/>
        <line num="123" count="0" type="stmt"/>
        <line num="203" count="0" type="stmt"/>
        <line num="216" count="0" type="stmt"/>
        <line num="218" count="0" type="stmt"/>
        <line num="279" count="0" type="stmt"/>
        <line num="325" count="0" type="cond" truecount="0" falsecount="2"/>
        <line num="326" count="0" type="stmt"/>
        <line num="327" count="0" type="stmt"/>
        <line num="329" count="0" type="stmt"/>
        <line num="330" count="0" type="stmt"/>
        <line num="342" count="0" type="cond" truecount="0" falsecount="2"/>
        <line num="343" count="0" type="stmt"/>
      </file>
    </package>
    <package name="app.(dashboard).documents">
      <metrics statements="86" coveredstatements="71" conditionals="37" coveredconditionals="23" methods="34" coveredmethods="25"/>
      <file name="page.tsx" path="/mnt/c/MYCLAUDE_PROJECT/sonheungmin/Unmanned/dt-rag/apps/frontend/app/(dashboard)/documents/page.tsx">
        <metrics statements="86" coveredstatements="71" conditionals="37" coveredconditionals="23" methods="34" coveredmethods="25"/>
        <line num="3" count="4" type="stmt"/>
        <line num="4" count="4" type="stmt"/>
        <line num="5" count="4" type="stmt"/>
        <line num="6" count="4" type="stmt"/>
        <line num="7" count="4" type="stmt"/>
        <line num="8" count="4" type="stmt"/>
        <line num="9" count="4" type="stmt"/>
        <line num="10" count="4" type="stmt"/>
        <line num="11" count="4" type="stmt"/>
        <line num="12" count="4" type="stmt"/>
        <line num="13" count="4" type="stmt"/>
        <line num="14" count="4" type="stmt"/>
        <line num="15" count="4" type="stmt"/>
        <line num="28" count="4" type="stmt"/>
        <line num="29" count="36" type="stmt"/>
        <line num="30" count="36" type="cond" truecount="2" falsecount="4"/>
        <line num="32" count="10" type="stmt"/>
        <line num="35" count="0" type="stmt"/>
        <line num="37" count="26" type="stmt"/>
        <line num="39" count="0" type="stmt"/>
        <line num="41" count="0" type="stmt"/>
        <line num="45" count="4" type="stmt"/>
        <line num="46" count="36" type="stmt"/>
        <line num="47" count="36" type="cond" truecount="2" falsecount="4"/>
        <line num="49" count="10" type="stmt"/>
        <line num="52" count="0" type="stmt"/>
        <line num="54" count="26" type="stmt"/>
        <line num="56" count="0" type="stmt"/>
        <line num="58" count="0" type="stmt"/>
        <line num="62" count="22" type="stmt"/>
        <line num="63" count="56" type="stmt"/>
        <line num="64" count="55" type="stmt"/>
        <line num="65" count="55" type="stmt"/>
        <line num="71" count="55" type="stmt"/>
        <line num="73" count="19" type="stmt"/>
        <line num="74" count="19" type="stmt"/>
        <line num="75" count="19" type="stmt"/>
        <line num="76" count="19" type="stmt"/>
        <line num="77" count="19" type="stmt"/>
        <line num="78" count="12" type="stmt"/>
        <line num="81" count="12" type="stmt"/>
        <line num="82" count="7" type="stmt"/>
        <line num="83" count="9" type="cond" truecount="2" falsecount="0"/>
        <line num="90" count="1" type="stmt"/>
        <line num="91" count="1" type="stmt"/>
        <line num="92" count="1" type="cond" truecount="1" falsecount="1"/>
        <line num="104" count="55" type="stmt"/>
        <line num="105" count="2" type="stmt"/>
        <line num="106" count="2" type="stmt"/>
        <line num="109" count="55" type="stmt"/>
        <line num="110" count="1" type="stmt"/>
        <line num="111" count="1" type="stmt"/>
        <line num="114" count="55" type="stmt"/>
        <line num="115" count="1" type="stmt"/>
        <line num="116" count="1" type="stmt"/>
        <line num="117" count="1" type="stmt"/>
        <line num="118" count="1" type="stmt"/>
        <line num="121" count="55" type="stmt"/>
        <line num="122" count="13" type="cond" truecount="1" falsecount="1"/>
        <line num="123" count="13" type="stmt"/>
        <line num="124" count="13" type="stmt"/>
        <line num="128" count="55" type="stmt"/>
        <line num="129" count="19" type="stmt"/>
        <line num="135" count="14" type="stmt"/>
        <line num="137" count="14" type="stmt"/>
        <line num="138" count="19" type="stmt"/>
        <line num="139" count="19" type="stmt"/>
        <line num="140" count="31" type="cond" truecount="2" falsecount="0"/>
        <line num="143" count="19" type="stmt"/>
        <line num="147" count="55" type="stmt"/>
        <line num="148" count="3" type="stmt"/>
        <line num="151" count="55" type="stmt"/>
        <line num="153" count="0" type="stmt"/>
        <line num="156" count="0" type="stmt"/>
        <line num="157" count="0" type="stmt"/>
        <line num="160" count="0" type="stmt"/>
        <line num="164" count="55" type="stmt"/>
        <line num="165" count="0" type="stmt"/>
        <line num="168" count="55" type="stmt"/>
        <line num="169" count="0" type="cond" truecount="0" falsecount="2"/>
        <line num="170" count="0" type="stmt"/>
        <line num="174" count="55" type="stmt"/>
        <line num="175" count="0" type="stmt"/>
        <line num="250" count="36" type="stmt"/>
        <line num="312" count="0" type="stmt"/>
        <line num="335" count="2" type="stmt"/>
      </file>
    </package>
    <package name="app.(dashboard).hitl">
      <metrics statements="62" coveredstatements="0" conditionals="49" coveredconditionals="0" methods="13" coveredmethods="0"/>
      <file name="page.tsx" path="/mnt/c/MYCLAUDE_PROJECT/sonheungmin/Unmanned/dt-rag/apps/frontend/app/(dashboard)/hitl/page.tsx">
        <metrics statements="62" coveredstatements="0" conditionals="49" coveredconditionals="0" methods="13" coveredmethods="0"/>
        <line num="3" count="0" type="stmt"/>
        <line num="4" count="0" type="stmt"/>
        <line num="5" count="0" type="stmt"/>
        <line num="6" count="0" type="stmt"/>
        <line num="7" count="0" type="stmt"/>
        <line num="8" count="0" type="stmt"/>
        <line num="9" count="0" type="stmt"/>
        <line num="10" count="0" type="stmt"/>
        <line num="12" count="0" type="stmt"/>
        <line num="13" count="0" type="stmt"/>
        <line num="14" count="0" type="stmt"/>
        <line num="15" count="0" type="stmt"/>
        <line num="16" count="0" type="stmt"/>
        <line num="17" count="0" type="stmt"/>
        <line num="18" count="0" type="stmt"/>
        <line num="20" count="0" type="stmt"/>
        <line num="21" count="0" type="stmt"/>
        <line num="24" count="0" type="stmt"/>
        <line num="25" count="0" type="stmt"/>
        <line num="26" count="0" type="stmt"/>
        <line num="27" count="0" type="stmt"/>
        <line num="28" count="0" type="stmt"/>
        <line num="30" count="0" type="stmt"/>
        <line num="32" count="0" type="stmt"/>
        <line num="36" count="0" type="stmt"/>
        <line num="37" count="0" type="cond" truecount="0" falsecount="4"/>
        <line num="38" count="0" type="stmt"/>
        <line num="39" count="0" type="stmt"/>
        <line num="42" count="0" type="stmt"/>
        <line num="43" count="0" type="stmt"/>
        <line num="44" count="0" type="stmt"/>
        <line num="50" count="0" type="stmt"/>
        <line num="51" count="0" type="stmt"/>
        <line num="52" count="0" type="stmt"/>
        <line num="53" count="0" type="stmt"/>
        <line num="55" count="0" type="stmt"/>
        <line num="56" count="0" type="stmt"/>
        <line num="58" count="0" type="stmt"/>
        <line num="62" count="0" type="stmt"/>
        <line num="63" count="0" type="cond" truecount="0" falsecount="5"/>
        <line num="65" count="0" type="stmt"/>
        <line num="67" count="0" type="stmt"/>
        <line num="69" count="0" type="stmt"/>
        <line num="71" count="0" type="stmt"/>
        <line num="73" count="0" type="stmt"/>
        <line num="120" count="0" type="stmt"/>
        <line num="121" count="0" type="stmt"/>
        <line num="123" count="0" type="stmt"/>
        <line num="131" count="0" type="stmt"/>
        <line num="132" count="0" type="stmt"/>
        <line num="133" count="0" type="stmt"/>
        <line num="165" count="0" type="stmt"/>
        <line num="189" count="0" type="stmt"/>
        <line num="190" count="0" type="stmt"/>
        <line num="214" count="0" type="stmt"/>
        <line num="215" count="0" type="stmt"/>
        <line num="225" count="0" type="stmt"/>
        <line num="226" count="0" type="stmt"/>
        <line num="227" count="0" type="stmt"/>
        <line num="228" count="0" type="stmt"/>
        <line num="238" count="0" type="stmt"/>
        <line num="239" count="0" type="stmt"/>
      </file>
    </package>
    <package name="app.(dashboard).monitoring">
      <metrics statements="7" coveredstatements="0" conditionals="6" coveredconditionals="0" methods="1" coveredmethods="0"/>
      <file name="page.tsx" path="/mnt/c/MYCLAUDE_PROJECT/sonheungmin/Unmanned/dt-rag/apps/frontend/app/(dashboard)/monitoring/page.tsx">
        <metrics statements="7" coveredstatements="0" conditionals="6" coveredconditionals="0" methods="1" coveredmethods="0"/>
        <line num="3" count="0" type="stmt"/>
        <line num="4" count="0" type="stmt"/>
        <line num="5" count="0" type="stmt"/>
        <line num="6" count="0" type="stmt"/>
        <line num="7" count="0" type="stmt"/>
        <line num="9" count="0" type="stmt"/>
        <line num="10" count="0" type="stmt"/>
      </file>
    </package>
    <package name="app.(dashboard).pipeline">
      <metrics statements="21" coveredstatements="0" conditionals="23" coveredconditionals="0" methods="8" coveredmethods="0"/>
      <file name="page.tsx" path="/mnt/c/MYCLAUDE_PROJECT/sonheungmin/Unmanned/dt-rag/apps/frontend/app/(dashboard)/pipeline/page.tsx">
        <metrics statements="21" coveredstatements="0" conditionals="23" coveredconditionals="0" methods="8" coveredmethods="0"/>
        <line num="3" count="0" type="stmt"/>
        <line num="4" count="0" type="stmt"/>
        <line num="5" count="0" type="stmt"/>
        <line num="18" count="0" type="stmt"/>
        <line num="31" count="0" type="stmt"/>
        <line num="32" count="0" type="stmt"/>
        <line num="34" count="0" type="stmt"/>
        <line num="107" count="0" type="stmt"/>
        <line num="131" count="0" type="stmt"/>
        <line num="132" count="0" type="cond" truecount="0" falsecount="2"/>
        <line num="135" count="0" type="stmt"/>
        <line num="136" count="0" type="cond" truecount="0" falsecount="3"/>
        <line num="138" count="0" type="stmt"/>
        <line num="140" count="0" type="stmt"/>
        <line num="142" count="0" type="stmt"/>
        <line num="182" count="0" type="stmt"/>
        <line num="206" count="0" type="stmt"/>
        <line num="207" count="0" type="stmt"/>
        <line num="209" count="0" type="stmt"/>
        <line num="221" count="0" type="cond" truecount="0" falsecount="2"/>
        <line num="285" count="0" type="stmt"/>
      </file>
    </package>
    <package name="app.(dashboard).search">
      <metrics statements="49" coveredstatements="46" conditionals="30" coveredconditionals="25" methods="15" coveredmethods="12"/>
      <file name="page.tsx" path="/mnt/c/MYCLAUDE_PROJECT/sonheungmin/Unmanned/dt-rag/apps/frontend/app/(dashboard)/search/page.tsx">
        <metrics statements="49" coveredstatements="46" conditionals="30" coveredconditionals="25" methods="15" coveredmethods="12"/>
        <line num="3" count="6" type="stmt"/>
        <line num="4" count="6" type="stmt"/>
        <line num="5" count="6" type="stmt"/>
        <line num="6" count="6" type="stmt"/>
        <line num="7" count="6" type="stmt"/>
        <line num="8" count="6" type="stmt"/>
        <line num="9" count="6" type="stmt"/>
        <line num="10" count="6" type="stmt"/>
        <line num="11" count="6" type="stmt"/>
        <line num="12" count="6" type="stmt"/>
        <line num="13" count="6" type="stmt"/>
        <line num="14" count="6" type="stmt"/>
        <line num="15" count="6" type="stmt"/>
        <line num="16" count="6" type="stmt"/>
        <line num="17" count="6" type="stmt"/>
        <line num="18" count="6" type="stmt"/>
        <line num="19" count="6" type="stmt"/>
        <line num="21" count="23" type="stmt"/>
        <line num="22" count="195" type="stmt"/>
        <line num="23" count="195" type="stmt"/>
        <line num="24" count="195" type="stmt"/>
        <line num="25" count="195" type="stmt"/>
        <line num="26" count="195" type="stmt"/>
        <line num="27" count="195" type="stmt"/>
        <line num="29" count="195" type="stmt"/>
        <line num="31" count="195" type="stmt"/>
        <line num="32" count="23" type="stmt"/>
        <line num="33" count="23" type="cond" truecount="2" falsecount="0"/>
        <line num="36" count="195" type="stmt"/>
        <line num="37" count="27" type="stmt"/>
        <line num="40" count="195" type="stmt"/>
        <line num="45" count="195" type="stmt"/>
        <line num="46" count="35" type="cond" truecount="2" falsecount="0"/>
        <line num="50" count="195" type="stmt"/>
        <line num="51" count="38" type="cond" truecount="2" falsecount="0"/>
        <line num="58" count="195" type="stmt"/>
        <line num="59" count="14" type="stmt"/>
        <line num="61" count="14" type="stmt"/>
        <line num="62" count="14" type="stmt"/>
        <line num="91" count="5" type="stmt"/>
        <line num="105" count="136" type="stmt"/>
        <line num="138" count="0" type="stmt"/>
        <line num="152" count="0" type="stmt"/>
        <line num="164" count="0" type="stmt"/>
        <line num="242" count="4" type="cond" truecount="1" falsecount="1"/>
        <line num="253" count="258" type="stmt"/>
        <line num="295" count="45" type="stmt"/>
        <line num="351" count="3" type="stmt"/>
        <line num="352" count="3" type="stmt"/>
      </file>
    </package>
    <package name="app.(dashboard).taxonomy">
      <metrics statements="14" coveredstatements="0" conditionals="15" coveredconditionals="0" methods="6" coveredmethods="0"/>
      <file name="page.tsx" path="/mnt/c/MYCLAUDE_PROJECT/sonheungmin/Unmanned/dt-rag/apps/frontend/app/(dashboard)/taxonomy/page.tsx">
        <metrics statements="14" coveredstatements="0" conditionals="15" coveredconditionals="0" methods="6" coveredmethods="0"/>
        <line num="3" count="0" type="stmt"/>
        <line num="4" count="0" type="stmt"/>
        <line num="5" count="0" type="stmt"/>
        <line num="6" count="0" type="stmt"/>
        <line num="7" count="0" type="stmt"/>
        <line num="9" count="0" type="stmt"/>
        <line num="10" count="0" type="stmt"/>
        <line num="12" count="0" type="stmt"/>
        <line num="15" count="0" type="stmt"/>
        <line num="16" count="0" type="stmt"/>
        <line num="17" count="0" type="stmt"/>
        <line num="56" count="0" type="stmt"/>
        <line num="88" count="0" type="stmt"/>
        <line num="112" count="0" type="stmt"/>
      </file>
    </package>
    <package name="app.api.health">
      <metrics statements="2" coveredstatements="0" conditionals="0" coveredconditionals="0" methods="1" coveredmethods="0"/>
      <file name="route.ts" path="/mnt/c/MYCLAUDE_PROJECT/sonheungmin/Unmanned/dt-rag/apps/frontend/app/api/health/route.ts">
        <metrics statements="2" coveredstatements="0" conditionals="0" coveredconditionals="0" methods="1" coveredmethods="0"/>
        <line num="1" count="0" type="stmt"/>
        <line num="2" count="0" type="stmt"/>
      </file>
    </package>
    <package name="components.charts">
      <metrics statements="7" coveredstatements="0" conditionals="3" coveredconditionals="0" methods="3" coveredmethods="0"/>
      <file name="donut-chart.tsx" path="/mnt/c/MYCLAUDE_PROJECT/sonheungmin/Unmanned/dt-rag/apps/frontend/components/charts/donut-chart.tsx">
        <metrics statements="4" coveredstatements="0" conditionals="2" coveredconditionals="0" methods="2" coveredmethods="0"/>
        <line num="3" count="0" type="stmt"/>
        <line num="10" count="0" type="stmt"/>
        <line num="17" count="0" type="cond" truecount="0" falsecount="2"/>
        <line num="32" count="0" type="stmt"/>
      </file>
      <file name="wave-chart.tsx" path="/mnt/c/MYCLAUDE_PROJECT/sonheungmin/Unmanned/dt-rag/apps/frontend/components/charts/wave-chart.tsx">
        <metrics statements="3" coveredstatements="0" conditionals="1" coveredconditionals="0" methods="1" coveredmethods="0"/>
        <line num="3" count="0" type="stmt"/>
        <line num="9" count="0" type="stmt"/>
        <line num="19" count="0" type="cond" truecount="0" falsecount="1"/>
      </file>
    </package>
    <package name="components.layout">
      <metrics statements="18" coveredstatements="0" conditionals="4" coveredconditionals="0" methods="5" coveredmethods="0"/>
      <file name="Header.tsx" path="/mnt/c/MYCLAUDE_PROJECT/sonheungmin/Unmanned/dt-rag/apps/frontend/components/layout/Header.tsx">
        <metrics statements="2" coveredstatements="0" conditionals="0" coveredconditionals="0" methods="1" coveredmethods="0"/>
        <line num="1" count="0" type="stmt"/>
        <line num="3" count="0" type="stmt"/>
      </file>
      <file name="Sidebar.tsx" path="/mnt/c/MYCLAUDE_PROJECT/sonheungmin/Unmanned/dt-rag/apps/frontend/components/layout/Sidebar.tsx">
        <metrics statements="10" coveredstatements="0" conditionals="2" coveredconditionals="0" methods="2" coveredmethods="0"/>
        <line num="3" count="0" type="stmt"/>
        <line num="4" count="0" type="stmt"/>
        <line num="16" count="0" type="stmt"/>
        <line num="17" count="0" type="stmt"/>
        <line num="19" count="0" type="stmt"/>
        <line num="30" count="0" type="stmt"/>
        <line num="31" count="0" type="stmt"/>
        <line num="54" count="0" type="stmt"/>
        <line num="55" count="0" type="stmt"/>
        <line num="56" count="0" type="stmt"/>
      </file>
      <file name="ThemeToggle.tsx" path="/mnt/c/MYCLAUDE_PROJECT/sonheungmin/Unmanned/dt-rag/apps/frontend/components/layout/ThemeToggle.tsx">
        <metrics statements="6" coveredstatements="0" conditionals="2" coveredconditionals="0" methods="2" coveredmethods="0"/>
        <line num="3" count="0" type="stmt"/>
        <line num="4" count="0" type="stmt"/>
        <line num="5" count="0" type="stmt"/>
        <line num="7" count="0" type="stmt"/>
        <line num="8" count="0" type="stmt"/>
        <line num="14" count="0" type="cond" truecount="0" falsecount="2"/>
      </file>
    </package>
    <package name="components.ui">
      <metrics statements="236" coveredstatements="165" conditionals="148" coveredconditionals="94" methods="57" coveredmethods="39"/>
      <file name="badge.tsx" path="/mnt/c/MYCLAUDE_PROJECT/sonheungmin/Unmanned/dt-rag/apps/frontend/components/ui/badge.tsx">
        <metrics statements="5" coveredstatements="0" conditionals="4" coveredconditionals="0" methods="1" coveredmethods="0"/>
        <line num="3" count="0" type="stmt"/>
        <line num="13" count="0" type="stmt"/>
        <line num="20" count="0" type="stmt"/>
        <line num="22" count="0" type="stmt"/>
        <line num="27" count="0" type="stmt"/>
      </file>
      <file name="breadcrumb.tsx" path="/mnt/c/MYCLAUDE_PROJECT/sonheungmin/Unmanned/dt-rag/apps/frontend/components/ui/breadcrumb.tsx">
        <metrics statements="10" coveredstatements="10" conditionals="5" coveredconditionals="5" methods="3" coveredmethods="3"/>
        <line num="3" count="11" type="stmt"/>
        <line num="4" count="11" type="stmt"/>
        <line num="15" count="255" type="stmt"/>
        <line num="16" count="245" type="stmt"/>
        <line num="17" count="245" type="cond" truecount="2" falsecount="0"/>
        <line num="18" count="244" type="stmt"/>
        <line num="21" count="1" type="stmt"/>
        <line num="32" count="491" type="stmt"/>
        <line num="33" count="491" type="stmt"/>
        <line num="35" count="491" type="stmt"/>
      </file>
      <file name="button.tsx" path="/mnt/c/MYCLAUDE_PROJECT/sonheungmin/Unmanned/dt-rag/apps/frontend/components/ui/button.tsx">
        <metrics statements="13" coveredstatements="13" conditionals="14" coveredconditionals="13" methods="3" coveredmethods="3"/>
        <line num="3" count="10" type="stmt"/>
        <line num="4" count="10" type="stmt"/>
        <line num="13" count="570" type="stmt"/>
        <line num="24" count="280" type="stmt"/>
        <line num="26" count="280" type="stmt"/>
        <line num="28" count="280" type="stmt"/>
        <line num="37" count="280" type="stmt"/>
        <line num="44" count="280" type="stmt"/>
        <line num="45" count="20" type="stmt"/>
        <line num="46" count="20" type="stmt"/>
        <line num="49" count="280" type="stmt"/>
        <line num="50" count="5" type="stmt"/>
        <line num="51" count="5" type="stmt"/>
      </file>
      <file name="card.tsx" path="/mnt/c/MYCLAUDE_PROJECT/sonheungmin/Unmanned/dt-rag/apps/frontend/components/ui/card.tsx">
        <metrics statements="11" coveredstatements="0" conditionals="18" coveredconditionals="0" methods="5" coveredmethods="0"/>
        <line num="3" count="0" type="stmt"/>
        <line num="13" count="0" type="stmt"/>
        <line num="20" count="0" type="stmt"/>
        <line num="22" count="0" type="stmt"/>
        <line num="30" count="0" type="cond" truecount="0" falsecount="2"/>
        <line num="46" count="0" type="cond" truecount="0" falsecount="4"/>
        <line num="47" count="0" type="stmt"/>
        <line num="48" count="0" type="stmt"/>
        <line num="57" count="0" type="stmt"/>
        <line num="71" count="0" type="stmt"/>
        <line num="85" count="0" type="stmt"/>
      </file>
      <file name="checkbox.tsx" path="/mnt/c/MYCLAUDE_PROJECT/sonheungmin/Unmanned/dt-rag/apps/frontend/components/ui/checkbox.tsx">
        <metrics statements="6" coveredstatements="6" conditionals="0" coveredconditionals="0" methods="0" coveredmethods="0"/>
        <line num="3" count="6" type="stmt"/>
        <line num="4" count="6" type="stmt"/>
        <line num="5" count="6" type="stmt"/>
        <line num="7" count="6" type="stmt"/>
        <line num="28" count="6" type="stmt"/>
        <line num="30" count="195" type="stmt"/>
      </file>
      <file name="container.tsx" path="/mnt/c/MYCLAUDE_PROJECT/sonheungmin/Unmanned/dt-rag/apps/frontend/components/ui/container.tsx">
        <metrics statements="4" coveredstatements="4" conditionals="4" coveredconditionals="4" methods="1" coveredmethods="1"/>
        <line num="3" count="11" type="stmt"/>
        <line num="11" count="256" type="cond" truecount="2" falsecount="0"/>
        <line num="12" count="246" type="stmt"/>
        <line num="14" count="246" type="cond" truecount="2" falsecount="0"/>
      </file>
      <file name="dialog.tsx" path="/mnt/c/MYCLAUDE_PROJECT/sonheungmin/Unmanned/dt-rag/apps/frontend/components/ui/dialog.tsx">
        <metrics statements="24" coveredstatements="0" conditionals="0" coveredconditionals="0" methods="0" coveredmethods="0"/>
        <line num="3" count="0" type="stmt"/>
        <line num="4" count="0" type="stmt"/>
        <line num="5" count="0" type="stmt"/>
        <line num="7" count="0" type="stmt"/>
        <line num="9" count="0" type="stmt"/>
        <line num="11" count="0" type="stmt"/>
        <line num="13" count="0" type="stmt"/>
        <line num="15" count="0" type="stmt"/>
        <line num="30" count="0" type="stmt"/>
        <line num="54" count="0" type="stmt"/>
        <line num="68" count="0" type="stmt"/>
        <line num="82" count="0" type="stmt"/>
        <line num="97" count="0" type="stmt"/>
        <line num="109" count="0" type="stmt"/>
        <line num="112" count="0" type="stmt"/>
        <line num="113" count="0" type="stmt"/>
        <line num="114" count="0" type="stmt"/>
        <line num="115" count="0" type="stmt"/>
        <line num="116" count="0" type="stmt"/>
        <line num="117" count="0" type="stmt"/>
        <line num="118" count="0" type="stmt"/>
        <line num="119" count="0" type="stmt"/>
        <line num="120" count="0" type="stmt"/>
        <line num="121" count="0" type="stmt"/>
      </file>
      <file name="grid.tsx" path="/mnt/c/MYCLAUDE_PROJECT/sonheungmin/Unmanned/dt-rag/apps/frontend/components/ui/grid.tsx">
        <metrics statements="5" coveredstatements="5" conditionals="4" coveredconditionals="4" methods="2" coveredmethods="2"/>
        <line num="3" count="7" type="stmt"/>
        <line num="11" count="12" type="cond" truecount="2" falsecount="0"/>
        <line num="12" count="12" type="stmt"/>
        <line num="33" count="49" type="cond" truecount="2" falsecount="0"/>
        <line num="34" count="49" type="stmt"/>
      </file>
      <file name="icon-badge.tsx" path="/mnt/c/MYCLAUDE_PROJECT/sonheungmin/Unmanned/dt-rag/apps/frontend/components/ui/icon-badge.tsx">
        <metrics statements="5" coveredstatements="5" conditionals="2" coveredconditionals="1" methods="1" coveredmethods="1"/>
        <line num="2" count="10" type="stmt"/>
        <line num="11" count="10" type="stmt"/>
        <line num="20" count="10" type="stmt"/>
        <line num="26" count="10" type="stmt"/>
        <line num="32" count="620" type="cond" truecount="1" falsecount="1"/>
      </file>
      <file name="input.tsx" path="/mnt/c/MYCLAUDE_PROJECT/sonheungmin/Unmanned/dt-rag/apps/frontend/components/ui/input.tsx">
        <metrics statements="10" coveredstatements="10" conditionals="25" coveredconditionals="13" methods="2" coveredmethods="2"/>
        <line num="3" count="6" type="stmt"/>
        <line num="4" count="6" type="stmt"/>
        <line num="14" count="585" type="stmt"/>
        <line num="24" count="188" type="cond" truecount="1" falsecount="1"/>
        <line num="26" count="188" type="stmt"/>
        <line num="28" count="188" type="stmt"/>
        <line num="34" count="188" type="stmt"/>
        <line num="37" count="188" type="stmt"/>
        <line num="40" count="188" type="stmt"/>
        <line num="41" count="188" type="cond" truecount="2" falsecount="0"/>
      </file>
      <file name="label.tsx" path="/mnt/c/MYCLAUDE_PROJECT/sonheungmin/Unmanned/dt-rag/apps/frontend/components/ui/label.tsx">
        <metrics statements="7" coveredstatements="7" conditionals="0" coveredconditionals="0" methods="0" coveredmethods="0"/>
        <line num="3" count="6" type="stmt"/>
        <line num="4" count="6" type="stmt"/>
        <line num="5" count="6" type="stmt"/>
        <line num="7" count="6" type="stmt"/>
        <line num="9" count="6" type="stmt"/>
        <line num="24" count="6" type="stmt"/>
        <line num="26" count="780" type="stmt"/>
      </file>
      <file name="modal.tsx" path="/mnt/c/MYCLAUDE_PROJECT/sonheungmin/Unmanned/dt-rag/apps/frontend/components/ui/modal.tsx">
        <metrics statements="15" coveredstatements="15" conditionals="9" coveredconditionals="7" methods="4" coveredmethods="4"/>
        <line num="3" count="5" type="stmt"/>
        <line num="4" count="5" type="stmt"/>
        <line num="5" count="5" type="stmt"/>
        <line num="6" count="5" type="stmt"/>
        <line num="15" count="61" type="stmt"/>
        <line num="16" count="61" type="stmt"/>
        <line num="17" count="61" type="cond" truecount="2" falsecount="0"/>
        <line num="19" count="5" type="stmt"/>
        <line num="20" count="1" type="cond" truecount="1" falsecount="1"/>
        <line num="21" count="1" type="stmt"/>
        <line num="25" count="5" type="stmt"/>
        <line num="26" count="5" type="stmt"/>
        <line num="29" count="61" type="cond" truecount="2" falsecount="0"/>
        <line num="30" count="5" type="cond" truecount="1" falsecount="1"/>
        <line num="32" count="5" type="stmt"/>
      </file>
      <file name="modern-card.tsx" path="/mnt/c/MYCLAUDE_PROJECT/sonheungmin/Unmanned/dt-rag/apps/frontend/components/ui/modern-card.tsx">
        <metrics statements="3" coveredstatements="3" conditionals="1" coveredconditionals="0" methods="1" coveredmethods="1"/>
        <line num="2" count="10" type="stmt"/>
        <line num="10" count="10" type="stmt"/>
        <line num="19" count="649" type="cond" truecount="0" falsecount="1"/>
      </file>
      <file name="pagination.tsx" path="/mnt/c/MYCLAUDE_PROJECT/sonheungmin/Unmanned/dt-rag/apps/frontend/components/ui/pagination.tsx">
        <metrics statements="28" coveredstatements="28" conditionals="16" coveredconditionals="14" methods="6" coveredmethods="6"/>
        <line num="3" count="7" type="stmt"/>
        <line num="4" count="7" type="stmt"/>
        <line num="12" count="39" type="stmt"/>
        <line num="13" count="39" type="stmt"/>
        <line num="14" count="39" type="stmt"/>
        <line num="15" count="39" type="stmt"/>
        <line num="16" count="39" type="stmt"/>
        <line num="18" count="39" type="stmt"/>
        <line num="19" count="39" type="stmt"/>
        <line num="23" count="57" type="stmt"/>
        <line num="26" count="39" type="cond" truecount="2" falsecount="0"/>
        <line num="27" count="6" type="stmt"/>
        <line num="29" count="33" type="stmt"/>
        <line num="32" count="39" type="stmt"/>
        <line num="34" count="39" type="cond" truecount="2" falsecount="0"/>
        <line num="35" count="8" type="stmt"/>
        <line num="36" count="31" type="cond" truecount="1" falsecount="1"/>
        <line num="37" count="31" type="stmt"/>
        <line num="40" count="39" type="stmt"/>
        <line num="43" count="39" type="cond" truecount="1" falsecount="1"/>
        <line num="48" count="1" type="stmt"/>
        <line num="57" count="149" type="cond" truecount="2" falsecount="0"/>
        <line num="58" count="14" type="stmt"/>
        <line num="65" count="135" type="stmt"/>
        <line num="66" count="135" type="stmt"/>
        <line num="68" count="135" type="stmt"/>
        <line num="71" count="4" type="stmt"/>
        <line num="89" count="1" type="stmt"/>
      </file>
      <file name="progress.tsx" path="/mnt/c/MYCLAUDE_PROJECT/sonheungmin/Unmanned/dt-rag/apps/frontend/components/ui/progress.tsx">
        <metrics statements="4" coveredstatements="4" conditionals="4" coveredconditionals="4" methods="1" coveredmethods="1"/>
        <line num="3" count="5" type="stmt"/>
        <line num="12" count="36" type="cond" truecount="3" falsecount="0"/>
        <line num="13" count="36" type="stmt"/>
        <line num="15" count="36" type="stmt"/>
      </file>
      <file name="skeleton.tsx" path="/mnt/c/MYCLAUDE_PROJECT/sonheungmin/Unmanned/dt-rag/apps/frontend/components/ui/skeleton.tsx">
        <metrics statements="2" coveredstatements="0" conditionals="0" coveredconditionals="0" methods="1" coveredmethods="0"/>
        <line num="2" count="0" type="stmt"/>
        <line num="16" count="0" type="stmt"/>
      </file>
      <file name="spinner.tsx" path="/mnt/c/MYCLAUDE_PROJECT/sonheungmin/Unmanned/dt-rag/apps/frontend/components/ui/spinner.tsx">
        <metrics statements="4" coveredstatements="4" conditionals="2" coveredconditionals="2" methods="1" coveredmethods="1"/>
        <line num="3" count="7" type="stmt"/>
        <line num="10" count="16" type="cond" truecount="2" falsecount="0"/>
        <line num="11" count="12" type="stmt"/>
        <line num="17" count="12" type="stmt"/>
      </file>
      <file name="stack.tsx" path="/mnt/c/MYCLAUDE_PROJECT/sonheungmin/Unmanned/dt-rag/apps/frontend/components/ui/stack.tsx">
        <metrics statements="6" coveredstatements="6" conditionals="7" coveredconditionals="7" methods="1" coveredmethods="1"/>
        <line num="3" count="12" type="stmt"/>
        <line num="14" count="431" type="stmt"/>
        <line num="23" count="226" type="stmt"/>
        <line num="28" count="226" type="stmt"/>
        <line num="36" count="226" type="stmt"/>
        <line num="43" count="226" type="stmt"/>
      </file>
      <file name="tabs.tsx" path="/mnt/c/MYCLAUDE_PROJECT/sonheungmin/Unmanned/dt-rag/apps/frontend/components/ui/tabs.tsx">
        <metrics statements="19" coveredstatements="18" conditionals="12" coveredconditionals="11" methods="6" coveredmethods="6"/>
        <line num="3" count="7" type="stmt"/>
        <line num="10" count="7" type="stmt"/>
        <line num="13" count="786" type="stmt"/>
        <line num="14" count="786" type="cond" truecount="1" falsecount="1"/>
        <line num="15" count="0" type="stmt"/>
        <line num="17" count="786" type="stmt"/>
        <line num="27" count="201" type="stmt"/>
        <line num="28" count="193" type="cond" truecount="2" falsecount="0"/>
        <line num="30" count="193" type="cond" truecount="2" falsecount="0"/>
        <line num="31" count="193" type="cond" truecount="2" falsecount="0"/>
        <line num="44" count="201" type="stmt"/>
        <line num="57" count="407" type="stmt"/>
        <line num="58" count="393" type="stmt"/>
        <line num="59" count="393" type="stmt"/>
        <line num="65" count="7" type="stmt"/>
        <line num="85" count="407" type="stmt"/>
        <line num="86" count="393" type="stmt"/>
        <line num="88" count="393" type="cond" truecount="2" falsecount="0"/>
        <line num="89" count="200" type="stmt"/>
      </file>
      <file name="textarea.tsx" path="/mnt/c/MYCLAUDE_PROJECT/sonheungmin/Unmanned/dt-rag/apps/frontend/components/ui/textarea.tsx">
        <metrics statements="5" coveredstatements="0" conditionals="0" coveredconditionals="0" methods="1" coveredmethods="0"/>
        <line num="1" count="0" type="stmt"/>
        <line num="3" count="0" type="stmt"/>
        <line num="8" count="0" type="stmt"/>
        <line num="22" count="0" type="stmt"/>
        <line num="24" count="0" type="stmt"/>
      </file>
      <file name="toast.tsx" path="/mnt/c/MYCLAUDE_PROJECT/sonheungmin/Unmanned/dt-rag/apps/frontend/components/ui/toast.tsx">
        <metrics statements="23" coveredstatements="0" conditionals="10" coveredconditionals="0" methods="10" coveredmethods="0"/>
        <line num="3" count="0" type="stmt"/>
        <line num="4" count="0" type="stmt"/>
        <line num="16" count="0" type="stmt"/>
        <line num="24" count="0" type="stmt"/>
        <line num="25" count="0" type="stmt"/>
        <line num="27" count="0" type="stmt"/>
        <line num="28" count="0" type="stmt"/>
        <line num="29" count="0" type="stmt"/>
        <line num="32" count="0" type="stmt"/>
        <line num="33" count="0" type="stmt"/>
        <line num="35" count="0" type="cond" truecount="0" falsecount="4"/>
        <line num="36" count="0" type="stmt"/>
        <line num="41" count="0" type="stmt"/>
        <line num="44" count="0" type="stmt"/>
        <line num="45" count="0" type="stmt"/>
        <line num="48" count="0" type="stmt"/>
        <line num="51" count="0" type="stmt"/>
        <line num="58" count="0" type="stmt"/>
        <line num="65" count="0" type="stmt"/>
        <line num="72" count="0" type="stmt"/>
        <line num="87" count="0" type="stmt"/>
        <line num="122" count="0" type="stmt"/>
        <line num="126" count="0" type="stmt"/>
      </file>
      <file name="tooltip.tsx" path="/mnt/c/MYCLAUDE_PROJECT/sonheungmin/Unmanned/dt-rag/apps/frontend/components/ui/tooltip.tsx">
        <metrics statements="27" coveredstatements="27" conditionals="11" coveredconditionals="9" methods="7" coveredmethods="7"/>
        <line num="3" count="5" type="stmt"/>
        <line num="4" count="5" type="stmt"/>
        <line num="13" count="43" type="cond" truecount="2" falsecount="0"/>
        <line num="14" count="49" type="stmt"/>
        <line num="15" count="49" type="stmt"/>
        <line num="16" count="49" type="stmt"/>
        <line num="17" count="49" type="stmt"/>
        <line num="19" count="49" type="stmt"/>
        <line num="20" count="4" type="stmt"/>
        <line num="21" count="4" type="stmt"/>
        <line num="22" count="4" type="stmt"/>
        <line num="26" count="49" type="stmt"/>
        <line num="27" count="2" type="cond" truecount="1" falsecount="1"/>
        <line num="28" count="2" type="stmt"/>
        <line num="30" count="2" type="stmt"/>
        <line num="33" count="49" type="stmt"/>
        <line num="34" count="4" type="cond" truecount="1" falsecount="1"/>
        <line num="36" count="4" type="stmt"/>
        <line num="37" count="4" type="stmt"/>
        <line num="39" count="4" type="stmt"/>
        <line num="58" count="4" type="stmt"/>
        <line num="61" count="49" type="stmt"/>
        <line num="62" count="24" type="stmt"/>
        <line num="63" count="24" type="cond" truecount="2" falsecount="0"/>
        <line num="64" count="4" type="stmt"/>
        <line num="69" count="49" type="stmt"/>
        <line num="76" count="49" type="stmt"/>
      </file>
    </package>
  </project>
</coverage>
