{"/mnt/c/MYCLAUDE_PROJECT/sonheungmin/Unmanned/dt-rag/apps/frontend/app/error.tsx": {"path":"/mnt/c/MYCLAUDE_PROJECT/sonheungmin/Unmanned/dt-rag/apps/frontend/app/error.tsx","statementMap":{"0":{"start":{"line":8,"column":24},"end":{"line":8,"column":30}},"1":{"start":{"line":3,"column":26},"end":{"line":3,"column":null}},"2":{"start":{"line":4,"column":23},"end":{"line":4,"column":null}},"3":{"start":{"line":5,"column":21},"end":{"line":5,"column":null}},"4":{"start":{"line":6,"column":28},"end":{"line":6,"column":null}},"5":{"start":{"line":15,"column":2},"end":{"line":17,"column":null}},"6":{"start":{"line":16,"column":4},"end":{"line":16,"column":null}}},"fnMap":{"0":{"name":"Error","decl":{"start":{"line":8,"column":24},"end":{"line":8,"column":30}},"loc":{"start":{"line":14,"column":1},"end":{"line":42,"column":null}}},"1":{"name":"(anonymous_2)","decl":{"start":{"line":15,"column":12},"end":{"line":15,"column":null}},"loc":{"start":{"line":15,"column":12},"end":{"line":17,"column":5}}}},"branchMap":{},"s":{"0":0,"1":0,"2":0,"3":0,"4":0,"5":0,"6":0},"f":{"0":0,"1":0},"b":{}}
,"/mnt/c/MYCLAUDE_PROJECT/sonheungmin/Unmanned/dt-rag/apps/frontend/app/layout.tsx": {"path":"/mnt/c/MYCLAUDE_PROJECT/sonheungmin/Unmanned/dt-rag/apps/frontend/app/layout.tsx","statementMap":{"0":{"start":{"line":14,"column":24},"end":{"line":14,"column":35}},"1":{"start":{"line":9,"column":13},"end":{"line":9,"column":21}},"2":{"start":{"line":3,"column":22},"end":{"line":3,"column":null}},"3":{"start":{"line":4,"column":7},"end":{"line":4,"column":null}},"4":{"start":{"line":5,"column":26},"end":{"line":5,"column":null}},"5":{"start":{"line":7,"column":14},"end":{"line":7,"column":null}},"6":{"start":{"line":9,"column":34},"end":{"line":12,"column":null}}},"fnMap":{"0":{"name":"RootLayout","decl":{"start":{"line":14,"column":24},"end":{"line":14,"column":35}},"loc":{"start":{"line":18,"column":2},"end":{"line":26,"column":1}}}},"branchMap":{},"s":{"0":0,"1":0,"2":0,"3":0,"4":0,"5":0,"6":0},"f":{"0":0},"b":{}}
,"/mnt/c/MYCLAUDE_PROJECT/sonheungmin/Unmanned/dt-rag/apps/frontend/app/loading.tsx": {"path":"/mnt/c/MYCLAUDE_PROJECT/sonheungmin/Unmanned/dt-rag/apps/frontend/app/loading.tsx","statementMap":{"0":{"start":{"line":4,"column":24},"end":{"line":4,"column":null}},"1":{"start":{"line":1,"column":46},"end":{"line":1,"column":null}},"2":{"start":{"line":2,"column":25},"end":{"line":2,"column":null}},"3":{"start":{"line":14,"column":10},"end":{"line":14,"column":null}}},"fnMap":{"0":{"name":"Loading","decl":{"start":{"line":4,"column":24},"end":{"line":4,"column":null}},"loc":{"start":{"line":4,"column":24},"end":{"line":26,"column":null}}},"1":{"name":"(anonymous_2)","decl":{"start":{"line":13,"column":23},"end":{"line":13,"column":24}},"loc":{"start":{"line":14,"column":10},"end":{"line":14,"column":null}}}},"branchMap":{},"s":{"0":0,"1":0,"2":0,"3":0},"f":{"0":0,"1":0},"b":{}}
,"/mnt/c/MYCLAUDE_PROJECT/sonheungmin/Unmanned/dt-rag/apps/frontend/app/not-found.tsx": {"path":"/mnt/c/MYCLAUDE_PROJECT/sonheungmin/Unmanned/dt-rag/apps/frontend/app/not-found.tsx","statementMap":{"0":{"start":{"line":6,"column":24},"end":{"line":6,"column":null}},"1":{"start":{"line":1,"column":17},"end":{"line":1,"column":null}},"2":{"start":{"line":2,"column":23},"end":{"line":2,"column":null}},"3":{"start":{"line":3,"column":21},"end":{"line":3,"column":null}},"4":{"start":{"line":4,"column":29},"end":{"line":4,"column":null}}},"fnMap":{"0":{"name":"NotFound","decl":{"start":{"line":6,"column":24},"end":{"line":6,"column":null}},"loc":{"start":{"line":6,"column":24},"end":{"line":25,"column":null}}}},"branchMap":{},"s":{"0":0,"1":0,"2":0,"3":0,"4":0},"f":{"0":0},"b":{}}
,"/mnt/c/MYCLAUDE_PROJECT/sonheungmin/Unmanned/dt-rag/apps/frontend/app/providers.tsx": {"path":"/mnt/c/MYCLAUDE_PROJECT/sonheungmin/Unmanned/dt-rag/apps/frontend/app/providers.tsx","statementMap":{"0":{"start":{"line":7,"column":16},"end":{"line":7,"column":26}},"1":{"start":{"line":3,"column":49},"end":{"line":3,"column":null}},"2":{"start":{"line":4,"column":52},"end":{"line":4,"column":null}},"3":{"start":{"line":5,"column":41},"end":{"line":5,"column":null}},"4":{"start":{"line":8,"column":24},"end":{"line":15,"column":null}},"5":{"start":{"line":8,"column":39},"end":{"line":15,"column":null}}},"fnMap":{"0":{"name":"Providers","decl":{"start":{"line":7,"column":16},"end":{"line":7,"column":26}},"loc":{"start":{"line":7,"column":63},"end":{"line":29,"column":null}}},"1":{"name":"(anonymous_2)","decl":{"start":{"line":8,"column":33},"end":{"line":8,"column":39}},"loc":{"start":{"line":8,"column":39},"end":{"line":15,"column":null}}}},"branchMap":{},"s":{"0":0,"1":0,"2":0,"3":0,"4":0,"5":0},"f":{"0":0,"1":0},"b":{}}
,"/mnt/c/MYCLAUDE_PROJECT/sonheungmin/Unmanned/dt-rag/apps/frontend/app/(dashboard)/layout.tsx": {"path":"/mnt/c/MYCLAUDE_PROJECT/sonheungmin/Unmanned/dt-rag/apps/frontend/app/(dashboard)/layout.tsx","statementMap":{"0":{"start":{"line":5,"column":24},"end":{"line":5,"column":40}},"1":{"start":{"line":2,"column":24},"end":{"line":2,"column":null}},"2":{"start":{"line":3,"column":23},"end":{"line":3,"column":null}}},"fnMap":{"0":{"name":"DashboardLayout","decl":{"start":{"line":5,"column":24},"end":{"line":5,"column":40}},"loc":{"start":{"line":5,"column":77},"end":{"line":15,"column":null}}}},"branchMap":{},"s":{"0":0,"1":0,"2":0},"f":{"0":0},"b":{}}
,"/mnt/c/MYCLAUDE_PROJECT/sonheungmin/Unmanned/dt-rag/apps/frontend/app/(dashboard)/page.tsx": {"path":"/mnt/c/MYCLAUDE_PROJECT/sonheungmin/Unmanned/dt-rag/apps/frontend/app/(dashboard)/page.tsx","statementMap":{"0":{"start":{"line":9,"column":24},"end":{"line":9,"column":null}},"1":{"start":{"line":3,"column":25},"end":{"line":3,"column":null}},"2":{"start":{"line":4,"column":26},"end":{"line":4,"column":null}},"3":{"start":{"line":5,"column":27},"end":{"line":5,"column":null}},"4":{"start":{"line":6,"column":26},"end":{"line":6,"column":null}},"5":{"start":{"line":7,"column":117},"end":{"line":7,"column":null}},"6":{"start":{"line":10,"column":31},"end":{"line":14,"column":null}}},"fnMap":{"0":{"name":"DashboardPage","decl":{"start":{"line":9,"column":24},"end":{"line":9,"column":null}},"loc":{"start":{"line":9,"column":24},"end":{"line":172,"column":null}}}},"branchMap":{"0":{"loc":{"start":{"line":36,"column":17},"end":{"line":36,"column":null}},"type":"cond-expr","locations":[{"start":{"line":36,"column":52},"end":{"line":36,"column":60}},{"start":{"line":36,"column":60},"end":{"line":36,"column":null}}]},"1":{"loc":{"start":{"line":69,"column":17},"end":{"line":69,"column":null}},"type":"cond-expr","locations":[{"start":{"line":69,"column":38},"end":{"line":69,"column":45}},{"start":{"line":69,"column":45},"end":{"line":69,"column":null}}]},"2":{"loc":{"start":{"line":92,"column":17},"end":{"line":92,"column":null}},"type":"cond-expr","locations":[{"start":{"line":92,"column":38},"end":{"line":92,"column":46}},{"start":{"line":92,"column":46},"end":{"line":92,"column":null}}]},"3":{"loc":{"start":{"line":103,"column":17},"end":{"line":103,"column":null}},"type":"cond-expr","locations":[{"start":{"line":103,"column":38},"end":{"line":103,"column":48}},{"start":{"line":103,"column":48},"end":{"line":103,"column":null}}]},"4":{"loc":{"start":{"line":114,"column":17},"end":{"line":114,"column":null}},"type":"cond-expr","locations":[{"start":{"line":114,"column":38},"end":{"line":114,"column":46}},{"start":{"line":114,"column":46},"end":{"line":114,"column":null}}]},"5":{"loc":{"start":{"line":123,"column":17},"end":{"line":123,"column":null}},"type":"cond-expr","locations":[{"start":{"line":123,"column":38},"end":{"line":123,"column":47}},{"start":{"line":123,"column":47},"end":{"line":123,"column":null}}]},"6":{"loc":{"start":{"line":141,"column":13},"end":{"line":141,"column":null}},"type":"binary-expr","locations":[{"start":{"line":141,"column":13},"end":{"line":141,"column":37}},{"start":{"line":141,"column":37},"end":{"line":141,"column":null}}]},"7":{"loc":{"start":{"line":153,"column":13},"end":{"line":153,"column":null}},"type":"binary-expr","locations":[{"start":{"line":153,"column":13},"end":{"line":153,"column":34}},{"start":{"line":153,"column":34},"end":{"line":153,"column":null}}]},"8":{"loc":{"start":{"line":165,"column":13},"end":{"line":165,"column":null}},"type":"binary-expr","locations":[{"start":{"line":165,"column":13},"end":{"line":165,"column":35}},{"start":{"line":165,"column":35},"end":{"line":165,"column":null}}]}},"s":{"0":0,"1":0,"2":0,"3":0,"4":0,"5":0,"6":0},"f":{"0":0},"b":{"0":[0,0],"1":[0,0],"2":[0,0],"3":[0,0],"4":[0,0],"5":[0,0],"6":[0,0],"7":[0,0],"8":[0,0]}}
,"/mnt/c/MYCLAUDE_PROJECT/sonheungmin/Unmanned/dt-rag/apps/frontend/app/(dashboard)/agents/page.tsx": {"path":"/mnt/c/MYCLAUDE_PROJECT/sonheungmin/Unmanned/dt-rag/apps/frontend/app/(dashboard)/agents/page.tsx","statementMap":{"0":{"start":{"line":22,"column":24},"end":{"line":22,"column":null}},"1":{"start":{"line":3,"column":25},"end":{"line":3,"column":null}},"2":{"start":{"line":4,"column":54},"end":{"line":4,"column":null}},"3":{"start":{"line":13,"column":7},"end":{"line":13,"column":null}},"4":{"start":{"line":14,"column":27},"end":{"line":14,"column":null}},"5":{"start":{"line":15,"column":26},"end":{"line":15,"column":null}},"6":{"start":{"line":16,"column":23},"end":{"line":16,"column":null}},"7":{"start":{"line":17,"column":22},"end":{"line":17,"column":null}},"8":{"start":{"line":18,"column":22},"end":{"line":18,"column":null}},"9":{"start":{"line":19,"column":113},"end":{"line":19,"column":null}},"10":{"start":{"line":20,"column":89},"end":{"line":20,"column":null}},"11":{"start":{"line":23,"column":44},"end":{"line":23,"column":null}},"12":{"start":{"line":24,"column":40},"end":{"line":24,"column":null}},"13":{"start":{"line":25,"column":54},"end":{"line":25,"column":null}},"14":{"start":{"line":26,"column":42},"end":{"line":26,"column":null}},"15":{"start":{"line":27,"column":22},"end":{"line":27,"column":null}},"16":{"start":{"line":29,"column":51},"end":{"line":33,"column":null}},"17":{"start":{"line":31,"column":19},"end":{"line":31,"column":null}},"18":{"start":{"line":35,"column":25},"end":{"line":42,"column":null}},"19":{"start":{"line":38,"column":6},"end":{"line":38,"column":null}},"20":{"start":{"line":39,"column":6},"end":{"line":39,"column":null}},"21":{"start":{"line":40,"column":6},"end":{"line":40,"column":null}},"22":{"start":{"line":44,"column":25},"end":{"line":50,"column":null}},"23":{"start":{"line":47,"column":6},"end":{"line":47,"column":null}},"24":{"start":{"line":48,"column":6},"end":{"line":48,"column":null}},"25":{"start":{"line":52,"column":22},"end":{"line":59,"column":null}},"26":{"start":{"line":53,"column":4},"end":{"line":58,"column":null}},"27":{"start":{"line":54,"column":22},"end":{"line":54,"column":null}},"28":{"start":{"line":55,"column":6},"end":{"line":55,"column":null}},"29":{"start":{"line":57,"column":6},"end":{"line":57,"column":null}},"30":{"start":{"line":61,"column":28},"end":{"line":78,"column":null}},"31":{"start":{"line":62,"column":18},"end":{"line":62,"column":null}},"32":{"start":{"line":62,"column":51},"end":{"line":62,"column":61}},"33":{"start":{"line":63,"column":4},"end":{"line":66,"column":null}},"34":{"start":{"line":64,"column":6},"end":{"line":64,"column":null}},"35":{"start":{"line":65,"column":6},"end":{"line":65,"column":null}},"36":{"start":{"line":68,"column":41},"end":{"line":76,"column":null}},"37":{"start":{"line":77,"column":4},"end":{"line":77,"column":null}},"38":{"start":{"line":114,"column":37},"end":{"line":114,"column":null}},"39":{"start":{"line":123,"column":57},"end":{"line":123,"column":87}},"40":{"start":{"line":203,"column":29},"end":{"line":203,"column":null}},"41":{"start":{"line":216,"column":31},"end":{"line":216,"column":73}},"42":{"start":{"line":218,"column":12},"end":{"line":220,"column":null}},"43":{"start":{"line":279,"column":30},"end":{"line":279,"column":45}},"44":{"start":{"line":325,"column":24},"end":{"line":331,"column":null}},"45":{"start":{"line":326,"column":26},"end":{"line":326,"column":null}},"46":{"start":{"line":327,"column":26},"end":{"line":327,"column":null}},"47":{"start":{"line":329,"column":26},"end":{"line":329,"column":null}},"48":{"start":{"line":330,"column":26},"end":{"line":330,"column":null}},"49":{"start":{"line":342,"column":24},"end":{"line":344,"column":null}},"50":{"start":{"line":343,"column":26},"end":{"line":343,"column":null}}},"fnMap":{"0":{"name":"AgentsPage","decl":{"start":{"line":22,"column":24},"end":{"line":22,"column":null}},"loc":{"start":{"line":22,"column":24},"end":{"line":361,"column":null}}},"1":{"name":"(anonymous_2)","decl":{"start":{"line":31,"column":13},"end":{"line":31,"column":19}},"loc":{"start":{"line":31,"column":19},"end":{"line":31,"column":null}}},"2":{"name":"(anonymous_3)","decl":{"start":{"line":37,"column":15},"end":{"line":37,"column":null}},"loc":{"start":{"line":37,"column":15},"end":{"line":41,"column":null}}},"3":{"name":"(anonymous_4)","decl":{"start":{"line":46,"column":15},"end":{"line":46,"column":null}},"loc":{"start":{"line":46,"column":15},"end":{"line":49,"column":null}}},"4":{"name":"(anonymous_5)","decl":{"start":{"line":52,"column":22},"end":{"line":52,"column":29}},"loc":{"start":{"line":52,"column":29},"end":{"line":59,"column":null}}},"5":{"name":"(anonymous_6)","decl":{"start":{"line":61,"column":28},"end":{"line":61,"column":null}},"loc":{"start":{"line":61,"column":28},"end":{"line":78,"column":null}}},"6":{"name":"(anonymous_7)","decl":{"start":{"line":62,"column":46},"end":{"line":62,"column":51}},"loc":{"start":{"line":62,"column":51},"end":{"line":62,"column":61}}},"7":{"name":"(anonymous_8)","decl":{"start":{"line":114,"column":30},"end":{"line":114,"column":31}},"loc":{"start":{"line":114,"column":37},"end":{"line":114,"column":null}}},"8":{"name":"(anonymous_9)","decl":{"start":{"line":123,"column":51},"end":{"line":123,"column":57}},"loc":{"start":{"line":123,"column":57},"end":{"line":123,"column":87}}},"9":{"name":"(anonymous_10)","decl":{"start":{"line":203,"column":23},"end":{"line":203,"column":29}},"loc":{"start":{"line":203,"column":29},"end":{"line":203,"column":null}}},"10":{"name":"(anonymous_11)","decl":{"start":{"line":215,"column":33},"end":{"line":215,"column":34}},"loc":{"start":{"line":215,"column":34},"end":{"line":356,"column":null}}},"11":{"name":"(anonymous_12)","decl":{"start":{"line":278,"column":75},"end":{"line":278,"column":76}},"loc":{"start":{"line":279,"column":30},"end":{"line":279,"column":45}}},"12":{"name":"(anonymous_13)","decl":{"start":{"line":324,"column":31},"end":{"line":324,"column":null}},"loc":{"start":{"line":324,"column":31},"end":{"line":332,"column":null}}},"13":{"name":"(anonymous_14)","decl":{"start":{"line":341,"column":31},"end":{"line":341,"column":null}},"loc":{"start":{"line":341,"column":31},"end":{"line":345,"column":null}}}},"branchMap":{"0":{"loc":{"start":{"line":63,"column":4},"end":{"line":66,"column":null}},"type":"if","locations":[{"start":{"line":63,"column":4},"end":{"line":66,"column":null}},{"start":{},"end":{}}]},"1":{"loc":{"start":{"line":131,"column":19},"end":{"line":131,"column":null}},"type":"cond-expr","locations":[{"start":{"line":131,"column":46},"end":{"line":131,"column":62}},{"start":{"line":131,"column":62},"end":{"line":131,"column":null}}]},"2":{"loc":{"start":{"line":139,"column":7},"end":{"line":139,"column":null}},"type":"binary-expr","locations":[{"start":{"line":139,"column":7},"end":{"line":139,"column":null}}]},"3":{"loc":{"start":{"line":173,"column":7},"end":{"line":173,"column":null}},"type":"binary-expr","locations":[{"start":{"line":173,"column":7},"end":{"line":173,"column":null}}]},"4":{"loc":{"start":{"line":182,"column":7},"end":{"line":182,"column":null}},"type":"binary-expr","locations":[{"start":{"line":182,"column":7},"end":{"line":182,"column":null}}]},"5":{"loc":{"start":{"line":196,"column":7},"end":{"line":196,"column":21}},"type":"binary-expr","locations":[{"start":{"line":196,"column":7},"end":{"line":196,"column":21}},{"start":{"line":196,"column":21},"end":{"line":196,"column":null}}]},"6":{"loc":{"start":{"line":213,"column":7},"end":{"line":213,"column":21}},"type":"binary-expr","locations":[{"start":{"line":213,"column":7},"end":{"line":213,"column":21}},{"start":{"line":213,"column":21},"end":{"line":213,"column":null}}]},"7":{"loc":{"start":{"line":221,"column":25},"end":{"line":221,"column":null}},"type":"cond-expr","locations":[{"start":{"line":221,"column":38},"end":{"line":221,"column":47}},{"start":{"line":221,"column":47},"end":{"line":221,"column":null}}]},"8":{"loc":{"start":{"line":222,"column":58},"end":{"line":222,"column":121}},"type":"cond-expr","locations":[{"start":{"line":222,"column":71},"end":{"line":222,"column":101}},{"start":{"line":222,"column":101},"end":{"line":222,"column":121}}]},"9":{"loc":{"start":{"line":227,"column":28},"end":{"line":227,"column":74}},"type":"cond-expr","locations":[{"start":{"line":227,"column":56},"end":{"line":227,"column":64}},{"start":{"line":227,"column":67},"end":{"line":227,"column":74}}]},"10":{"loc":{"start":{"line":228,"column":29},"end":{"line":228,"column":null}},"type":"cond-expr","locations":[{"start":{"line":228,"column":57},"end":{"line":228,"column":67}},{"start":{"line":228,"column":67},"end":{"line":228,"column":null}}]},"11":{"loc":{"start":{"line":237,"column":26},"end":{"line":239,"column":null}},"type":"cond-expr","locations":[{"start":{"line":238,"column":30},"end":{"line":238,"column":null}},{"start":{"line":239,"column":30},"end":{"line":239,"column":null}}]},"12":{"loc":{"start":{"line":261,"column":29},"end":{"line":261,"column":null}},"type":"cond-expr","locations":[{"start":{"line":261,"column":47},"end":{"line":261,"column":96}},{"start":{"line":261,"column":96},"end":{"line":261,"column":null}}]},"13":{"loc":{"start":{"line":272,"column":23},"end":{"line":272,"column":48}},"type":"binary-expr","locations":[{"start":{"line":272,"column":23},"end":{"line":272,"column":48}},{"start":{"line":272,"column":52},"end":{"line":272,"column":null}}]},"14":{"loc":{"start":{"line":282,"column":35},"end":{"line":282,"column":null}},"type":"cond-expr","locations":[{"start":{"line":282,"column":63},"end":{"line":282,"column":82}},{"start":{"line":282,"column":82},"end":{"line":282,"column":null}}]},"15":{"loc":{"start":{"line":290,"column":23},"end":{"line":290,"column":37}},"type":"binary-expr","locations":[{"start":{"line":290,"column":23},"end":{"line":290,"column":37}},{"start":{"line":290,"column":37},"end":{"line":290,"column":null}}]},"16":{"loc":{"start":{"line":325,"column":24},"end":{"line":331,"column":null}},"type":"if","locations":[{"start":{"line":325,"column":24},"end":{"line":331,"column":null}},{"start":{"line":328,"column":31},"end":{"line":331,"column":null}}]},"17":{"loc":{"start":{"line":336,"column":23},"end":{"line":336,"column":null}},"type":"cond-expr","locations":[{"start":{"line":336,"column":36},"end":{"line":336,"column":45}},{"start":{"line":336,"column":45},"end":{"line":336,"column":null}}]},"18":{"loc":{"start":{"line":342,"column":24},"end":{"line":344,"column":null}},"type":"if","locations":[{"start":{"line":342,"column":24},"end":{"line":344,"column":null}},{"start":{},"end":{}}]}},"s":{"0":0,"1":0,"2":0,"3":0,"4":0,"5":0,"6":0,"7":0,"8":0,"9":0,"10":0,"11":0,"12":0,"13":0,"14":0,"15":0,"16":0,"17":0,"18":0,"19":0,"20":0,"21":0,"22":0,"23":0,"24":0,"25":0,"26":0,"27":0,"28":0,"29":0,"30":0,"31":0,"32":0,"33":0,"34":0,"35":0,"36":0,"37":0,"38":0,"39":0,"40":0,"41":0,"42":0,"43":0,"44":0,"45":0,"46":0,"47":0,"48":0,"49":0,"50":0},"f":{"0":0,"1":0,"2":0,"3":0,"4":0,"5":0,"6":0,"7":0,"8":0,"9":0,"10":0,"11":0,"12":0,"13":0},"b":{"0":[0,0],"1":[0,0],"2":[0],"3":[0],"4":[0],"5":[0,0],"6":[0,0],"7":[0,0],"8":[0,0],"9":[0,0],"10":[0,0],"11":[0,0],"12":[0,0],"13":[0,0],"14":[0,0],"15":[0,0],"16":[0,0],"17":[0,0],"18":[0,0]}}
,"/mnt/c/MYCLAUDE_PROJECT/sonheungmin/Unmanned/dt-rag/apps/frontend/app/(dashboard)/documents/page.tsx": {"path":"/mnt/c/MYCLAUDE_PROJECT/sonheungmin/Unmanned/dt-rag/apps/frontend/app/(dashboard)/documents/page.tsx","statementMap":{"0":{"start":{"line":62,"column":24},"end":{"line":62,"column":null}},"1":{"start":{"line":3,"column":59},"end":{"line":3,"column":null}},"2":{"start":{"line":4,"column":28},"end":{"line":4,"column":null}},"3":{"start":{"line":5,"column":47},"end":{"line":5,"column":null}},"4":{"start":{"line":6,"column":23},"end":{"line":6,"column":null}},"5":{"start":{"line":7,"column":27},"end":{"line":7,"column":null}},"6":{"start":{"line":8,"column":26},"end":{"line":8,"column":null}},"7":{"start":{"line":9,"column":25},"end":{"line":9,"column":null}},"8":{"start":{"line":10,"column":24},"end":{"line":10,"column":null}},"9":{"start":{"line":11,"column":27},"end":{"line":11,"column":null}},"10":{"start":{"line":12,"column":26},"end":{"line":12,"column":null}},"11":{"start":{"line":13,"column":22},"end":{"line":13,"column":null}},"12":{"start":{"line":14,"column":22},"end":{"line":14,"column":null}},"13":{"start":{"line":15,"column":83},"end":{"line":15,"column":null}},"14":{"start":{"line":28,"column":25},"end":{"line":43,"column":null}},"15":{"start":{"line":29,"column":14},"end":{"line":29,"column":null}},"16":{"start":{"line":30,"column":2},"end":{"line":42,"column":null}},"17":{"start":{"line":32,"column":6},"end":{"line":32,"column":null}},"18":{"start":{"line":35,"column":6},"end":{"line":35,"column":null}},"19":{"start":{"line":37,"column":6},"end":{"line":37,"column":null}},"20":{"start":{"line":39,"column":6},"end":{"line":39,"column":null}},"21":{"start":{"line":41,"column":6},"end":{"line":41,"column":null}},"22":{"start":{"line":45,"column":31},"end":{"line":60,"column":null}},"23":{"start":{"line":46,"column":14},"end":{"line":46,"column":null}},"24":{"start":{"line":47,"column":2},"end":{"line":59,"column":null}},"25":{"start":{"line":49,"column":6},"end":{"line":49,"column":null}},"26":{"start":{"line":52,"column":6},"end":{"line":52,"column":null}},"27":{"start":{"line":54,"column":6},"end":{"line":54,"column":null}},"28":{"start":{"line":56,"column":6},"end":{"line":56,"column":null}},"29":{"start":{"line":58,"column":6},"end":{"line":58,"column":null}},"30":{"start":{"line":63,"column":28},"end":{"line":63,"column":null}},"31":{"start":{"line":64,"column":38},"end":{"line":64,"column":null}},"32":{"start":{"line":65,"column":40},"end":{"line":69,"column":null}},"33":{"start":{"line":71,"column":19},"end":{"line":102,"column":null}},"34":{"start":{"line":73,"column":23},"end":{"line":73,"column":null}},"35":{"start":{"line":74,"column":6},"end":{"line":74,"column":null}},"36":{"start":{"line":75,"column":6},"end":{"line":75,"column":null}},"37":{"start":{"line":76,"column":6},"end":{"line":76,"column":null}},"38":{"start":{"line":77,"column":21},"end":{"line":77,"column":null}},"39":{"start":{"line":78,"column":6},"end":{"line":78,"column":null}},"40":{"start":{"line":81,"column":6},"end":{"line":85,"column":null}},"41":{"start":{"line":82,"column":8},"end":{"line":85,"column":null}},"42":{"start":{"line":83,"column":10},"end":{"line":85,"column":null}},"43":{"start":{"line":90,"column":6},"end":{"line":98,"column":null}},"44":{"start":{"line":91,"column":8},"end":{"line":98,"column":null}},"45":{"start":{"line":92,"column":10},"end":{"line":98,"column":null}},"46":{"start":{"line":104,"column":25},"end":{"line":107,"column":null}},"47":{"start":{"line":105,"column":4},"end":{"line":105,"column":null}},"48":{"start":{"line":106,"column":4},"end":{"line":106,"column":null}},"49":{"start":{"line":109,"column":26},"end":{"line":112,"column":null}},"50":{"start":{"line":110,"column":4},"end":{"line":110,"column":null}},"51":{"start":{"line":111,"column":4},"end":{"line":111,"column":null}},"52":{"start":{"line":114,"column":21},"end":{"line":119,"column":null}},"53":{"start":{"line":115,"column":4},"end":{"line":115,"column":null}},"54":{"start":{"line":116,"column":4},"end":{"line":116,"column":null}},"55":{"start":{"line":117,"column":25},"end":{"line":117,"column":null}},"56":{"start":{"line":118,"column":4},"end":{"line":118,"column":null}},"57":{"start":{"line":121,"column":27},"end":{"line":126,"column":null}},"58":{"start":{"line":122,"column":4},"end":{"line":125,"column":null}},"59":{"start":{"line":123,"column":28},"end":{"line":123,"column":null}},"60":{"start":{"line":124,"column":6},"end":{"line":124,"column":null}},"61":{"start":{"line":128,"column":19},"end":{"line":145,"column":null}},"62":{"start":{"line":129,"column":38},"end":{"line":133,"column":null}},"63":{"start":{"line":129,"column":62},"end":{"line":133,"column":null}},"64":{"start":{"line":135,"column":4},"end":{"line":135,"column":null}},"65":{"start":{"line":135,"column":23},"end":{"line":135,"column":null}},"66":{"start":{"line":137,"column":4},"end":{"line":144,"column":null}},"67":{"start":{"line":138,"column":6},"end":{"line":140,"column":null}},"68":{"start":{"line":139,"column":8},"end":{"line":140,"column":null}},"69":{"start":{"line":140,"column":10},"end":{"line":140,"column":null}},"70":{"start":{"line":143,"column":6},"end":{"line":143,"column":null}},"71":{"start":{"line":147,"column":21},"end":{"line":149,"column":null}},"72":{"start":{"line":148,"column":4},"end":{"line":148,"column":null}},"73":{"start":{"line":148,"column":23},"end":{"line":148,"column":null}},"74":{"start":{"line":148,"column":42},"end":{"line":148,"column":null}},"75":{"start":{"line":151,"column":25},"end":{"line":162,"column":null}},"76":{"start":{"line":153,"column":6},"end":{"line":153,"column":null}},"77":{"start":{"line":156,"column":6},"end":{"line":156,"column":null}},"78":{"start":{"line":156,"column":25},"end":{"line":156,"column":null}},"79":{"start":{"line":156,"column":44},"end":{"line":156,"column":86}},"80":{"start":{"line":157,"column":6},"end":{"line":157,"column":null}},"81":{"start":{"line":160,"column":6},"end":{"line":160,"column":null}},"82":{"start":{"line":164,"column":28},"end":{"line":166,"column":null}},"83":{"start":{"line":165,"column":4},"end":{"line":165,"column":null}},"84":{"start":{"line":168,"column":30},"end":{"line":172,"column":null}},"85":{"start":{"line":169,"column":4},"end":{"line":171,"column":null}},"86":{"start":{"line":170,"column":6},"end":{"line":170,"column":null}},"87":{"start":{"line":174,"column":29},"end":{"line":176,"column":null}},"88":{"start":{"line":175,"column":4},"end":{"line":175,"column":null}},"89":{"start":{"line":250,"column":14},"end":{"line":250,"column":67}},"90":{"start":{"line":312,"column":43},"end":{"line":312,"column":null}},"91":{"start":{"line":335,"column":35},"end":{"line":335,"column":null}}},"fnMap":{"0":{"name":"(anonymous_1)","decl":{"start":{"line":28,"column":25},"end":{"line":28,"column":26}},"loc":{"start":{"line":28,"column":26},"end":{"line":43,"column":null}}},"1":{"name":"(anonymous_2)","decl":{"start":{"line":45,"column":31},"end":{"line":45,"column":32}},"loc":{"start":{"line":45,"column":32},"end":{"line":60,"column":null}}},"2":{"name":"DocumentsPage","decl":{"start":{"line":62,"column":24},"end":{"line":62,"column":null}},"loc":{"start":{"line":62,"column":24},"end":{"line":379,"column":null}}},"3":{"name":"(anonymous_4)","decl":{"start":{"line":72,"column":16},"end":{"line":72,"column":23}},"loc":{"start":{"line":72,"column":23},"end":{"line":79,"column":null}}},"4":{"name":"(anonymous_5)","decl":{"start":{"line":80,"column":15},"end":{"line":80,"column":16}},"loc":{"start":{"line":80,"column":22},"end":{"line":88,"column":null}}},"5":{"name":"(anonymous_6)","decl":{"start":{"line":81,"column":15},"end":{"line":81,"column":16}},"loc":{"start":{"line":82,"column":8},"end":{"line":85,"column":null}}},"6":{"name":"(anonymous_7)","decl":{"start":{"line":82,"column":17},"end":{"line":82,"column":18}},"loc":{"start":{"line":83,"column":10},"end":{"line":85,"column":null}}},"7":{"name":"(anonymous_8)","decl":{"start":{"line":89,"column":13},"end":{"line":89,"column":14}},"loc":{"start":{"line":89,"column":21},"end":{"line":101,"column":null}}},"8":{"name":"(anonymous_9)","decl":{"start":{"line":90,"column":15},"end":{"line":90,"column":16}},"loc":{"start":{"line":91,"column":8},"end":{"line":98,"column":null}}},"9":{"name":"(anonymous_10)","decl":{"start":{"line":91,"column":17},"end":{"line":91,"column":18}},"loc":{"start":{"line":92,"column":10},"end":{"line":98,"column":null}}},"10":{"name":"(anonymous_11)","decl":{"start":{"line":104,"column":25},"end":{"line":104,"column":26}},"loc":{"start":{"line":104,"column":26},"end":{"line":107,"column":null}}},"11":{"name":"(anonymous_12)","decl":{"start":{"line":109,"column":26},"end":{"line":109,"column":27}},"loc":{"start":{"line":109,"column":27},"end":{"line":112,"column":null}}},"12":{"name":"(anonymous_13)","decl":{"start":{"line":114,"column":21},"end":{"line":114,"column":22}},"loc":{"start":{"line":114,"column":22},"end":{"line":119,"column":null}}},"13":{"name":"(anonymous_14)","decl":{"start":{"line":121,"column":27},"end":{"line":121,"column":28}},"loc":{"start":{"line":121,"column":28},"end":{"line":126,"column":null}}},"14":{"name":"(anonymous_15)","decl":{"start":{"line":128,"column":19},"end":{"line":128,"column":20}},"loc":{"start":{"line":128,"column":20},"end":{"line":145,"column":null}}},"15":{"name":"(anonymous_16)","decl":{"start":{"line":129,"column":51},"end":{"line":129,"column":52}},"loc":{"start":{"line":129,"column":62},"end":{"line":133,"column":null}}},"16":{"name":"(anonymous_17)","decl":{"start":{"line":135,"column":13},"end":{"line":135,"column":14}},"loc":{"start":{"line":135,"column":23},"end":{"line":135,"column":null}}},"17":{"name":"(anonymous_18)","decl":{"start":{"line":137,"column":24},"end":{"line":137,"column":25}},"loc":{"start":{"line":137,"column":25},"end":{"line":144,"column":null}}},"18":{"name":"(anonymous_19)","decl":{"start":{"line":138,"column":15},"end":{"line":138,"column":16}},"loc":{"start":{"line":139,"column":8},"end":{"line":140,"column":null}}},"19":{"name":"(anonymous_20)","decl":{"start":{"line":139,"column":17},"end":{"line":139,"column":18}},"loc":{"start":{"line":140,"column":10},"end":{"line":140,"column":null}}},"20":{"name":"(anonymous_21)","decl":{"start":{"line":147,"column":21},"end":{"line":147,"column":22}},"loc":{"start":{"line":147,"column":22},"end":{"line":149,"column":null}}},"21":{"name":"(anonymous_22)","decl":{"start":{"line":148,"column":13},"end":{"line":148,"column":14}},"loc":{"start":{"line":148,"column":23},"end":{"line":148,"column":null}}},"22":{"name":"(anonymous_23)","decl":{"start":{"line":148,"column":35},"end":{"line":148,"column":36}},"loc":{"start":{"line":148,"column":42},"end":{"line":148,"column":null}}},"23":{"name":"(anonymous_24)","decl":{"start":{"line":152,"column":16},"end":{"line":152,"column":23}},"loc":{"start":{"line":152,"column":23},"end":{"line":154,"column":null}}},"24":{"name":"(anonymous_25)","decl":{"start":{"line":155,"column":15},"end":{"line":155,"column":16}},"loc":{"start":{"line":155,"column":16},"end":{"line":158,"column":null}}},"25":{"name":"(anonymous_26)","decl":{"start":{"line":156,"column":15},"end":{"line":156,"column":16}},"loc":{"start":{"line":156,"column":25},"end":{"line":156,"column":null}}},"26":{"name":"(anonymous_27)","decl":{"start":{"line":156,"column":37},"end":{"line":156,"column":38}},"loc":{"start":{"line":156,"column":44},"end":{"line":156,"column":86}}},"27":{"name":"(anonymous_28)","decl":{"start":{"line":159,"column":13},"end":{"line":159,"column":14}},"loc":{"start":{"line":159,"column":14},"end":{"line":161,"column":null}}},"28":{"name":"(anonymous_29)","decl":{"start":{"line":164,"column":28},"end":{"line":164,"column":29}},"loc":{"start":{"line":164,"column":49},"end":{"line":166,"column":null}}},"29":{"name":"(anonymous_30)","decl":{"start":{"line":168,"column":30},"end":{"line":168,"column":null}},"loc":{"start":{"line":168,"column":30},"end":{"line":172,"column":null}}},"30":{"name":"(anonymous_31)","decl":{"start":{"line":174,"column":29},"end":{"line":174,"column":null}},"loc":{"start":{"line":174,"column":29},"end":{"line":176,"column":null}}},"31":{"name":"(anonymous_32)","decl":{"start":{"line":249,"column":23},"end":{"line":249,"column":24}},"loc":{"start":{"line":250,"column":14},"end":{"line":250,"column":67}}},"32":{"name":"(anonymous_33)","decl":{"start":{"line":312,"column":37},"end":{"line":312,"column":43}},"loc":{"start":{"line":312,"column":43},"end":{"line":312,"column":null}}},"33":{"name":"(anonymous_34)","decl":{"start":{"line":335,"column":29},"end":{"line":335,"column":35}},"loc":{"start":{"line":335,"column":35},"end":{"line":335,"column":null}}}},"branchMap":{"0":{"loc":{"start":{"line":30,"column":2},"end":{"line":42,"column":null}},"type":"switch","locations":[{"start":{"line":31,"column":4},"end":{"line":32,"column":null}},{"start":{"line":33,"column":4},"end":{"line":33,"column":null}},{"start":{"line":34,"column":4},"end":{"line":35,"column":null}},{"start":{"line":36,"column":4},"end":{"line":37,"column":null}},{"start":{"line":38,"column":4},"end":{"line":39,"column":null}},{"start":{"line":40,"column":4},"end":{"line":41,"column":null}}]},"1":{"loc":{"start":{"line":47,"column":2},"end":{"line":59,"column":null}},"type":"switch","locations":[{"start":{"line":48,"column":4},"end":{"line":49,"column":null}},{"start":{"line":50,"column":4},"end":{"line":50,"column":null}},{"start":{"line":51,"column":4},"end":{"line":52,"column":null}},{"start":{"line":53,"column":4},"end":{"line":54,"column":null}},{"start":{"line":55,"column":4},"end":{"line":56,"column":null}},{"start":{"line":57,"column":4},"end":{"line":58,"column":null}}]},"2":{"loc":{"start":{"line":83,"column":10},"end":{"line":85,"column":null}},"type":"cond-expr","locations":[{"start":{"line":84,"column":14},"end":{"line":84,"column":null}},{"start":{"line":85,"column":14},"end":{"line":85,"column":null}}]},"3":{"loc":{"start":{"line":92,"column":10},"end":{"line":98,"column":null}},"type":"cond-expr","locations":[{"start":{"line":93,"column":14},"end":{"line":97,"column":null}},{"start":{"line":98,"column":14},"end":{"line":98,"column":null}}]},"4":{"loc":{"start":{"line":96,"column":23},"end":{"line":96,"column":null}},"type":"cond-expr","locations":[{"start":{"line":96,"column":48},"end":{"line":96,"column":61}},{"start":{"line":96,"column":64},"end":{"line":96,"column":null}}]},"5":{"loc":{"start":{"line":122,"column":4},"end":{"line":125,"column":null}},"type":"if","locations":[{"start":{"line":122,"column":4},"end":{"line":125,"column":null}},{"start":{},"end":{}}]},"6":{"loc":{"start":{"line":140,"column":10},"end":{"line":140,"column":null}},"type":"cond-expr","locations":[{"start":{"line":140,"column":39},"end":{"line":140,"column":85}},{"start":{"line":140,"column":85},"end":{"line":140,"column":null}}]},"7":{"loc":{"start":{"line":169,"column":4},"end":{"line":171,"column":null}},"type":"if","locations":[{"start":{"line":169,"column":4},"end":{"line":171,"column":null}},{"start":{},"end":{}}]},"8":{"loc":{"start":{"line":206,"column":12},"end":{"line":208,"column":null}},"type":"cond-expr","locations":[{"start":{"line":207,"column":16},"end":{"line":207,"column":null}},{"start":{"line":208,"column":16},"end":{"line":208,"column":null}}]},"9":{"loc":{"start":{"line":237,"column":7},"end":{"line":237,"column":null}},"type":"binary-expr","locations":[{"start":{"line":237,"column":7},"end":{"line":237,"column":null}}]},"10":{"loc":{"start":{"line":267,"column":23},"end":{"line":267,"column":null}},"type":"binary-expr","locations":[{"start":{"line":267,"column":23},"end":{"line":267,"column":null}}]},"11":{"loc":{"start":{"line":273,"column":23},"end":{"line":273,"column":null}},"type":"binary-expr","locations":[{"start":{"line":273,"column":23},"end":{"line":273,"column":null}}]},"12":{"loc":{"start":{"line":279,"column":23},"end":{"line":279,"column":null}},"type":"binary-expr","locations":[{"start":{"line":279,"column":23},"end":{"line":279,"column":null}}]},"13":{"loc":{"start":{"line":287,"column":21},"end":{"line":287,"column":null}},"type":"binary-expr","locations":[{"start":{"line":287,"column":21},"end":{"line":287,"column":null}}]},"14":{"loc":{"start":{"line":296,"column":21},"end":{"line":296,"column":56}},"type":"binary-expr","locations":[{"start":{"line":296,"column":21},"end":{"line":296,"column":56}},{"start":{"line":296,"column":56},"end":{"line":296,"column":73}}]},"15":{"loc":{"start":{"line":303,"column":29},"end":{"line":303,"column":61}},"type":"binary-expr","locations":[{"start":{"line":303,"column":29},"end":{"line":303,"column":61}}]},"16":{"loc":{"start":{"line":323,"column":21},"end":{"line":323,"column":null}},"type":"binary-expr","locations":[{"start":{"line":323,"column":21},"end":{"line":323,"column":null}}]},"17":{"loc":{"start":{"line":372,"column":15},"end":{"line":372,"column":null}},"type":"cond-expr","locations":[{"start":{"line":372,"column":42},"end":{"line":372,"column":58}},{"start":{"line":372,"column":58},"end":{"line":372,"column":null}}]}},"s":{"0":22,"1":4,"2":4,"3":4,"4":4,"5":4,"6":4,"7":4,"8":4,"9":4,"10":4,"11":4,"12":4,"13":4,"14":4,"15":36,"16":36,"17":10,"18":0,"19":26,"20":0,"21":0,"22":4,"23":36,"24":36,"25":10,"26":0,"27":26,"28":0,"29":0,"30":56,"31":55,"32":55,"33":55,"34":19,"35":19,"36":19,"37":19,"38":19,"39":12,"40":12,"41":7,"42":9,"43":1,"44":1,"45":1,"46":55,"47":2,"48":2,"49":55,"50":1,"51":1,"52":55,"53":1,"54":1,"55":1,"56":1,"57":55,"58":13,"59":13,"60":13,"61":55,"62":14,"63":19,"64":14,"65":14,"66":14,"67":19,"68":19,"69":31,"70":19,"71":55,"72":2,"73":2,"74":3,"75":55,"76":0,"77":0,"78":0,"79":0,"80":0,"81":0,"82":55,"83":0,"84":55,"85":0,"86":0,"87":55,"88":0,"89":36,"90":0,"91":2},"f":{"0":36,"1":36,"2":56,"3":19,"4":12,"5":7,"6":9,"7":1,"8":1,"9":1,"10":2,"11":1,"12":1,"13":13,"14":14,"15":19,"16":14,"17":19,"18":19,"19":31,"20":2,"21":2,"22":3,"23":0,"24":0,"25":0,"26":0,"27":0,"28":0,"29":0,"30":0,"31":36,"32":0,"33":2},"b":{"0":[10,0,0,26,0,0],"1":[10,0,0,26,0,0],"2":[7,2],"3":[1,0],"4":[1,0],"5":[13,0],"6":[19,12],"7":[0,0],"8":[2,53],"9":[55],"10":[36],"11":[36],"12":[36],"13":[36],"14":[36,7],"15":[3],"16":[36],"17":[0,55]}}
,"/mnt/c/MYCLAUDE_PROJECT/sonheungmin/Unmanned/dt-rag/apps/frontend/app/(dashboard)/hitl/page.tsx": {"path":"/mnt/c/MYCLAUDE_PROJECT/sonheungmin/Unmanned/dt-rag/apps/frontend/app/(dashboard)/hitl/page.tsx","statementMap":{"0":{"start":{"line":12,"column":24},"end":{"line":12,"column":null}},"1":{"start":{"line":3,"column":36},"end":{"line":3,"column":null}},"2":{"start":{"line":4,"column":62},"end":{"line":4,"column":null}},"3":{"start":{"line":5,"column":27},"end":{"line":5,"column":null}},"4":{"start":{"line":6,"column":26},"end":{"line":6,"column":null}},"5":{"start":{"line":7,"column":23},"end":{"line":7,"column":null}},"6":{"start":{"line":8,"column":22},"end":{"line":8,"column":null}},"7":{"start":{"line":9,"column":25},"end":{"line":9,"column":null}},"8":{"start":{"line":10,"column":91},"end":{"line":10,"column":null}},"9":{"start":{"line":13,"column":28},"end":{"line":13,"column":null}},"10":{"start":{"line":14,"column":32},"end":{"line":14,"column":null}},"11":{"start":{"line":15,"column":42},"end":{"line":15,"column":null}},"12":{"start":{"line":16,"column":44},"end":{"line":16,"column":null}},"13":{"start":{"line":17,"column":42},"end":{"line":17,"column":null}},"14":{"start":{"line":18,"column":38},"end":{"line":18,"column":null}},"15":{"start":{"line":20,"column":2},"end":{"line":22,"column":null}},"16":{"start":{"line":21,"column":4},"end":{"line":21,"column":null}},"17":{"start":{"line":24,"column":20},"end":{"line":34,"column":null}},"18":{"start":{"line":25,"column":4},"end":{"line":25,"column":null}},"19":{"start":{"line":26,"column":4},"end":{"line":33,"column":null}},"20":{"start":{"line":27,"column":19},"end":{"line":27,"column":null}},"21":{"start":{"line":28,"column":6},"end":{"line":28,"column":null}},"22":{"start":{"line":30,"column":6},"end":{"line":30,"column":null}},"23":{"start":{"line":32,"column":6},"end":{"line":32,"column":null}},"24":{"start":{"line":36,"column":29},"end":{"line":60,"column":null}},"25":{"start":{"line":37,"column":4},"end":{"line":40,"column":null}},"26":{"start":{"line":38,"column":6},"end":{"line":38,"column":null}},"27":{"start":{"line":39,"column":6},"end":{"line":39,"column":null}},"28":{"start":{"line":42,"column":4},"end":{"line":42,"column":null}},"29":{"start":{"line":43,"column":4},"end":{"line":59,"column":null}},"30":{"start":{"line":44,"column":6},"end":{"line":48,"column":null}},"31":{"start":{"line":50,"column":6},"end":{"line":50,"column":null}},"32":{"start":{"line":51,"column":6},"end":{"line":51,"column":null}},"33":{"start":{"line":52,"column":6},"end":{"line":52,"column":null}},"34":{"start":{"line":53,"column":6},"end":{"line":53,"column":null}},"35":{"start":{"line":55,"column":6},"end":{"line":55,"column":null}},"36":{"start":{"line":56,"column":6},"end":{"line":56,"column":null}},"37":{"start":{"line":58,"column":6},"end":{"line":58,"column":null}},"38":{"start":{"line":62,"column":26},"end":{"line":75,"column":null}},"39":{"start":{"line":63,"column":4},"end":{"line":74,"column":null}},"40":{"start":{"line":65,"column":8},"end":{"line":65,"column":null}},"41":{"start":{"line":67,"column":8},"end":{"line":67,"column":null}},"42":{"start":{"line":69,"column":8},"end":{"line":69,"column":null}},"43":{"start":{"line":71,"column":8},"end":{"line":71,"column":null}},"44":{"start":{"line":73,"column":8},"end":{"line":73,"column":null}},"45":{"start":{"line":120,"column":33},"end":{"line":120,"column":null}},"46":{"start":{"line":121,"column":31},"end":{"line":121,"column":69}},"47":{"start":{"line":123,"column":12},"end":{"line":125,"column":null}},"48":{"start":{"line":131,"column":18},"end":{"line":131,"column":null}},"49":{"start":{"line":132,"column":18},"end":{"line":132,"column":null}},"50":{"start":{"line":133,"column":18},"end":{"line":133,"column":null}},"51":{"start":{"line":165,"column":22},"end":{"line":165,"column":37}},"52":{"start":{"line":189,"column":30},"end":{"line":189,"column":null}},"53":{"start":{"line":190,"column":30},"end":{"line":190,"column":null}},"54":{"start":{"line":214,"column":43},"end":{"line":214,"column":null}},"55":{"start":{"line":215,"column":42},"end":{"line":215,"column":null}},"56":{"start":{"line":225,"column":28},"end":{"line":225,"column":null}},"57":{"start":{"line":226,"column":28},"end":{"line":226,"column":null}},"58":{"start":{"line":227,"column":28},"end":{"line":227,"column":null}},"59":{"start":{"line":228,"column":28},"end":{"line":228,"column":null}},"60":{"start":{"line":238,"column":28},"end":{"line":238,"column":null}},"61":{"start":{"line":239,"column":28},"end":{"line":239,"column":null}}},"fnMap":{"0":{"name":"HITLPage","decl":{"start":{"line":12,"column":24},"end":{"line":12,"column":null}},"loc":{"start":{"line":12,"column":24},"end":{"line":257,"column":null}}},"1":{"name":"(anonymous_2)","decl":{"start":{"line":20,"column":12},"end":{"line":20,"column":null}},"loc":{"start":{"line":20,"column":12},"end":{"line":22,"column":5}}},"2":{"name":"(anonymous_3)","decl":{"start":{"line":24,"column":20},"end":{"line":24,"column":null}},"loc":{"start":{"line":24,"column":20},"end":{"line":34,"column":null}}},"3":{"name":"(anonymous_4)","decl":{"start":{"line":36,"column":29},"end":{"line":36,"column":null}},"loc":{"start":{"line":36,"column":29},"end":{"line":60,"column":null}}},"4":{"name":"(anonymous_5)","decl":{"start":{"line":62,"column":26},"end":{"line":62,"column":27}},"loc":{"start":{"line":62,"column":27},"end":{"line":75,"column":null}}},"5":{"name":"(anonymous_6)","decl":{"start":{"line":119,"column":21},"end":{"line":119,"column":22}},"loc":{"start":{"line":119,"column":22},"end":{"line":252,"column":null}}},"6":{"name":"(anonymous_7)","decl":{"start":{"line":130,"column":25},"end":{"line":130,"column":null}},"loc":{"start":{"line":130,"column":25},"end":{"line":134,"column":null}}},"7":{"name":"(anonymous_8)","decl":{"start":{"line":164,"column":55},"end":{"line":164,"column":56}},"loc":{"start":{"line":165,"column":22},"end":{"line":165,"column":37}}},"8":{"name":"(anonymous_9)","decl":{"start":{"line":188,"column":37},"end":{"line":188,"column":38}},"loc":{"start":{"line":188,"column":38},"end":{"line":191,"column":null}}},"9":{"name":"(anonymous_10)","decl":{"start":{"line":214,"column":36},"end":{"line":214,"column":37}},"loc":{"start":{"line":214,"column":43},"end":{"line":214,"column":null}}},"10":{"name":"(anonymous_11)","decl":{"start":{"line":215,"column":35},"end":{"line":215,"column":36}},"loc":{"start":{"line":215,"column":42},"end":{"line":215,"column":null}}},"11":{"name":"(anonymous_12)","decl":{"start":{"line":224,"column":35},"end":{"line":224,"column":36}},"loc":{"start":{"line":224,"column":36},"end":{"line":229,"column":null}}},"12":{"name":"(anonymous_13)","decl":{"start":{"line":237,"column":35},"end":{"line":237,"column":36}},"loc":{"start":{"line":237,"column":36},"end":{"line":240,"column":null}}}},"branchMap":{"0":{"loc":{"start":{"line":37,"column":4},"end":{"line":40,"column":null}},"type":"if","locations":[{"start":{"line":37,"column":4},"end":{"line":40,"column":null}},{"start":{},"end":{}}]},"1":{"loc":{"start":{"line":37,"column":8},"end":{"line":37,"column":52}},"type":"binary-expr","locations":[{"start":{"line":37,"column":8},"end":{"line":37,"column":25}},{"start":{"line":37,"column":25},"end":{"line":37,"column":52}}]},"2":{"loc":{"start":{"line":47,"column":24},"end":{"line":47,"column":null}},"type":"binary-expr","locations":[{"start":{"line":47,"column":24},"end":{"line":47,"column":41}},{"start":{"line":47,"column":41},"end":{"line":47,"column":null}}]},"3":{"loc":{"start":{"line":63,"column":4},"end":{"line":74,"column":null}},"type":"switch","locations":[{"start":{"line":64,"column":6},"end":{"line":65,"column":null}},{"start":{"line":66,"column":6},"end":{"line":67,"column":null}},{"start":{"line":68,"column":6},"end":{"line":69,"column":null}},{"start":{"line":70,"column":6},"end":{"line":71,"column":null}},{"start":{"line":72,"column":6},"end":{"line":73,"column":null}}]},"4":{"loc":{"start":{"line":96,"column":50},"end":{"line":96,"column":80}},"type":"cond-expr","locations":[{"start":{"line":96,"column":60},"end":{"line":96,"column":77}},{"start":{"line":96,"column":77},"end":{"line":96,"column":80}}]},"5":{"loc":{"start":{"line":97,"column":13},"end":{"line":97,"column":null}},"type":"cond-expr","locations":[{"start":{"line":97,"column":23},"end":{"line":97,"column":38}},{"start":{"line":97,"column":38},"end":{"line":97,"column":null}}]},"6":{"loc":{"start":{"line":103,"column":8},"end":{"line":109,"column":16}},"type":"cond-expr","locations":[{"start":{"line":103,"column":8},"end":{"line":109,"column":16}}]},"7":{"loc":{"start":{"line":110,"column":8},"end":{"line":118,"column":9}},"type":"cond-expr","locations":[{"start":{"line":110,"column":8},"end":{"line":118,"column":9}}]},"8":{"loc":{"start":{"line":126,"column":25},"end":{"line":126,"column":null}},"type":"cond-expr","locations":[{"start":{"line":126,"column":38},"end":{"line":126,"column":47}},{"start":{"line":126,"column":47},"end":{"line":126,"column":null}}]},"9":{"loc":{"start":{"line":128,"column":18},"end":{"line":128,"column":null}},"type":"cond-expr","locations":[{"start":{"line":128,"column":31},"end":{"line":128,"column":74}},{"start":{"line":128,"column":74},"end":{"line":128,"column":null}}]},"10":{"loc":{"start":{"line":140,"column":70},"end":{"line":140,"column":125}},"type":"cond-expr","locations":[{"start":{"line":140,"column":83},"end":{"line":140,"column":101}},{"start":{"line":140,"column":101},"end":{"line":140,"column":125}}]},"11":{"loc":{"start":{"line":143,"column":50},"end":{"line":143,"column":105}},"type":"cond-expr","locations":[{"start":{"line":143,"column":63},"end":{"line":143,"column":81}},{"start":{"line":143,"column":81},"end":{"line":143,"column":105}}]},"12":{"loc":{"start":{"line":148,"column":60},"end":{"line":148,"column":114}},"type":"cond-expr","locations":[{"start":{"line":148,"column":73},"end":{"line":148,"column":92}},{"start":{"line":148,"column":92},"end":{"line":148,"column":114}}]},"13":{"loc":{"start":{"line":149,"column":58},"end":{"line":149,"column":110}},"type":"cond-expr","locations":[{"start":{"line":149,"column":71},"end":{"line":149,"column":89}},{"start":{"line":149,"column":89},"end":{"line":149,"column":110}}]},"14":{"loc":{"start":{"line":155,"column":64},"end":{"line":155,"column":130}},"type":"cond-expr","locations":[{"start":{"line":155,"column":77},"end":{"line":155,"column":95}},{"start":{"line":155,"column":95},"end":{"line":155,"column":130}}]},"15":{"loc":{"start":{"line":159,"column":50},"end":{"line":159,"column":110}},"type":"cond-expr","locations":[{"start":{"line":159,"column":63},"end":{"line":159,"column":79}},{"start":{"line":159,"column":79},"end":{"line":159,"column":110}}]},"16":{"loc":{"start":{"line":160,"column":62},"end":{"line":160,"column":128}},"type":"cond-expr","locations":[{"start":{"line":160,"column":75},"end":{"line":160,"column":93}},{"start":{"line":160,"column":93},"end":{"line":160,"column":128}}]},"17":{"loc":{"start":{"line":166,"column":25},"end":{"line":166,"column":36}},"type":"binary-expr","locations":[{"start":{"line":166,"column":25},"end":{"line":166,"column":36}}]},"18":{"loc":{"start":{"line":166,"column":53},"end":{"line":166,"column":101}},"type":"cond-expr","locations":[{"start":{"line":166,"column":66},"end":{"line":166,"column":84}},{"start":{"line":166,"column":84},"end":{"line":166,"column":101}}]},"19":{"loc":{"start":{"line":168,"column":26},"end":{"line":170,"column":null}},"type":"cond-expr","locations":[{"start":{"line":169,"column":30},"end":{"line":169,"column":null}},{"start":{"line":170,"column":30},"end":{"line":170,"column":null}}]},"20":{"loc":{"start":{"line":179,"column":17},"end":{"line":179,"column":55}},"type":"binary-expr","locations":[{"start":{"line":179,"column":17},"end":{"line":179,"column":55}}]},"21":{"loc":{"start":{"line":193,"column":30},"end":{"line":195,"column":null}},"type":"cond-expr","locations":[{"start":{"line":194,"column":34},"end":{"line":194,"column":null}},{"start":{"line":195,"column":34},"end":{"line":195,"column":null}}]},"22":{"loc":{"start":{"line":198,"column":30},"end":{"line":200,"column":null}},"type":"cond-expr","locations":[{"start":{"line":199,"column":34},"end":{"line":199,"column":null}},{"start":{"line":200,"column":34},"end":{"line":200,"column":null}}]},"23":{"loc":{"start":{"line":241,"column":36},"end":{"line":241,"column":null}},"type":"binary-expr","locations":[{"start":{"line":241,"column":36},"end":{"line":241,"column":50}},{"start":{"line":241,"column":50},"end":{"line":241,"column":null}}]},"24":{"loc":{"start":{"line":244,"column":27},"end":{"line":244,"column":null}},"type":"cond-expr","locations":[{"start":{"line":244,"column":40},"end":{"line":244,"column":58}},{"start":{"line":244,"column":58},"end":{"line":244,"column":null}}]}},"s":{"0":0,"1":0,"2":0,"3":0,"4":0,"5":0,"6":0,"7":0,"8":0,"9":0,"10":0,"11":0,"12":0,"13":0,"14":0,"15":0,"16":0,"17":0,"18":0,"19":0,"20":0,"21":0,"22":0,"23":0,"24":0,"25":0,"26":0,"27":0,"28":0,"29":0,"30":0,"31":0,"32":0,"33":0,"34":0,"35":0,"36":0,"37":0,"38":0,"39":0,"40":0,"41":0,"42":0,"43":0,"44":0,"45":0,"46":0,"47":0,"48":0,"49":0,"50":0,"51":0,"52":0,"53":0,"54":0,"55":0,"56":0,"57":0,"58":0,"59":0,"60":0,"61":0},"f":{"0":0,"1":0,"2":0,"3":0,"4":0,"5":0,"6":0,"7":0,"8":0,"9":0,"10":0,"11":0,"12":0},"b":{"0":[0,0],"1":[0,0],"2":[0,0],"3":[0,0,0,0,0],"4":[0,0],"5":[0,0],"6":[0],"7":[0],"8":[0,0],"9":[0,0],"10":[0,0],"11":[0,0],"12":[0,0],"13":[0,0],"14":[0,0],"15":[0,0],"16":[0,0],"17":[0],"18":[0,0],"19":[0,0],"20":[0],"21":[0,0],"22":[0,0],"23":[0,0],"24":[0,0]}}
,"/mnt/c/MYCLAUDE_PROJECT/sonheungmin/Unmanned/dt-rag/apps/frontend/app/(dashboard)/monitoring/page.tsx": {"path":"/mnt/c/MYCLAUDE_PROJECT/sonheungmin/Unmanned/dt-rag/apps/frontend/app/(dashboard)/monitoring/page.tsx","statementMap":{"0":{"start":{"line":9,"column":24},"end":{"line":9,"column":null}},"1":{"start":{"line":3,"column":25},"end":{"line":3,"column":null}},"2":{"start":{"line":4,"column":26},"end":{"line":4,"column":null}},"3":{"start":{"line":5,"column":27},"end":{"line":5,"column":null}},"4":{"start":{"line":6,"column":26},"end":{"line":6,"column":null}},"5":{"start":{"line":7,"column":73},"end":{"line":7,"column":null}},"6":{"start":{"line":10,"column":39},"end":{"line":14,"column":null}}},"fnMap":{"0":{"name":"MonitoringPage","decl":{"start":{"line":9,"column":24},"end":{"line":9,"column":null}},"loc":{"start":{"line":9,"column":24},"end":{"line":112,"column":null}}}},"branchMap":{"0":{"loc":{"start":{"line":25,"column":7},"end":{"line":25,"column":null}},"type":"binary-expr","locations":[{"start":{"line":25,"column":7},"end":{"line":25,"column":null}}]},"1":{"loc":{"start":{"line":33,"column":7},"end":{"line":33,"column":null}},"type":"binary-expr","locations":[{"start":{"line":33,"column":7},"end":{"line":33,"column":null}}]},"2":{"loc":{"start":{"line":47,"column":7},"end":{"line":47,"column":null}},"type":"binary-expr","locations":[{"start":{"line":47,"column":7},"end":{"line":47,"column":null}}]},"3":{"loc":{"start":{"line":54,"column":18},"end":{"line":56,"column":19}},"type":"cond-expr","locations":[{"start":{"line":54,"column":18},"end":{"line":56,"column":19}}]},"4":{"loc":{"start":{"line":70,"column":18},"end":{"line":72,"column":19}},"type":"cond-expr","locations":[{"start":{"line":70,"column":18},"end":{"line":72,"column":19}}]},"5":{"loc":{"start":{"line":86,"column":18},"end":{"line":88,"column":19}},"type":"cond-expr","locations":[{"start":{"line":86,"column":18},"end":{"line":88,"column":19}}]}},"s":{"0":0,"1":0,"2":0,"3":0,"4":0,"5":0,"6":0},"f":{"0":0},"b":{"0":[0],"1":[0],"2":[0],"3":[0],"4":[0],"5":[0]}}
,"/mnt/c/MYCLAUDE_PROJECT/sonheungmin/Unmanned/dt-rag/apps/frontend/app/(dashboard)/pipeline/page.tsx": {"path":"/mnt/c/MYCLAUDE_PROJECT/sonheungmin/Unmanned/dt-rag/apps/frontend/app/(dashboard)/pipeline/page.tsx","statementMap":{"0":{"start":{"line":31,"column":24},"end":{"line":31,"column":null}},"1":{"start":{"line":3,"column":25},"end":{"line":3,"column":null}},"2":{"start":{"line":4,"column":27},"end":{"line":4,"column":null}},"3":{"start":{"line":5,"column":26},"end":{"line":5,"column":null}},"4":{"start":{"line":18,"column":7},"end":{"line":18,"column":null}},"5":{"start":{"line":32,"column":42},"end":{"line":32,"column":null}},"6":{"start":{"line":34,"column":40},"end":{"line":105,"column":null}},"7":{"start":{"line":107,"column":27},"end":{"line":129,"column":null}},"8":{"start":{"line":131,"column":27},"end":{"line":133,"column":null}},"9":{"start":{"line":132,"column":4},"end":{"line":132,"column":null}},"10":{"start":{"line":132,"column":47},"end":{"line":132,"column":75}},"11":{"start":{"line":135,"column":24},"end":{"line":144,"column":null}},"12":{"start":{"line":136,"column":4},"end":{"line":143,"column":null}},"13":{"start":{"line":138,"column":8},"end":{"line":138,"column":null}},"14":{"start":{"line":140,"column":8},"end":{"line":140,"column":null}},"15":{"start":{"line":142,"column":8},"end":{"line":142,"column":null}},"16":{"start":{"line":182,"column":43},"end":{"line":182,"column":69}},"17":{"start":{"line":206,"column":31},"end":{"line":206,"column":55}},"18":{"start":{"line":207,"column":31},"end":{"line":207,"column":null}},"19":{"start":{"line":209,"column":12},"end":{"line":210,"column":33}},"20":{"start":{"line":221,"column":33},"end":{"line":221,"column":null}},"21":{"start":{"line":285,"column":12},"end":{"line":286,"column":null}}},"fnMap":{"0":{"name":"PipelinePage","decl":{"start":{"line":31,"column":24},"end":{"line":31,"column":null}},"loc":{"start":{"line":31,"column":24},"end":{"line":318,"column":null}}},"1":{"name":"(anonymous_2)","decl":{"start":{"line":131,"column":27},"end":{"line":131,"column":null}},"loc":{"start":{"line":131,"column":27},"end":{"line":133,"column":null}}},"2":{"name":"(anonymous_3)","decl":{"start":{"line":132,"column":32},"end":{"line":132,"column":33}},"loc":{"start":{"line":132,"column":47},"end":{"line":132,"column":75}}},"3":{"name":"(anonymous_4)","decl":{"start":{"line":135,"column":24},"end":{"line":135,"column":25}},"loc":{"start":{"line":135,"column":25},"end":{"line":144,"column":null}}},"4":{"name":"(anonymous_5)","decl":{"start":{"line":182,"column":38},"end":{"line":182,"column":43}},"loc":{"start":{"line":182,"column":43},"end":{"line":182,"column":69}}},"5":{"name":"(anonymous_6)","decl":{"start":{"line":205,"column":29},"end":{"line":205,"column":30}},"loc":{"start":{"line":205,"column":36},"end":{"line":277,"column":null}}},"6":{"name":"(anonymous_7)","decl":{"start":{"line":221,"column":27},"end":{"line":221,"column":33}},"loc":{"start":{"line":221,"column":33},"end":{"line":221,"column":null}}},"7":{"name":"(anonymous_8)","decl":{"start":{"line":284,"column":32},"end":{"line":284,"column":33}},"loc":{"start":{"line":285,"column":12},"end":{"line":286,"column":null}}}},"branchMap":{"0":{"loc":{"start":{"line":132,"column":54},"end":{"line":132,"column":75}},"type":"binary-expr","locations":[{"start":{"line":132,"column":54},"end":{"line":132,"column":67}},{"start":{"line":132,"column":71},"end":{"line":132,"column":75}}]},"1":{"loc":{"start":{"line":136,"column":4},"end":{"line":143,"column":null}},"type":"switch","locations":[{"start":{"line":137,"column":6},"end":{"line":138,"column":null}},{"start":{"line":139,"column":6},"end":{"line":140,"column":null}},{"start":{"line":141,"column":6},"end":{"line":142,"column":null}}]},"2":{"loc":{"start":{"line":211,"column":17},"end":{"line":211,"column":null}},"type":"binary-expr","locations":[{"start":{"line":211,"column":17},"end":{"line":211,"column":null}}]},"3":{"loc":{"start":{"line":217,"column":20},"end":{"line":219,"column":null}},"type":"cond-expr","locations":[{"start":{"line":218,"column":24},"end":{"line":218,"column":null}},{"start":{"line":219,"column":24},"end":{"line":219,"column":null}}]},"4":{"loc":{"start":{"line":221,"column":49},"end":{"line":221,"column":76}},"type":"cond-expr","locations":[{"start":{"line":221,"column":62},"end":{"line":221,"column":69}},{"start":{"line":221,"column":69},"end":{"line":221,"column":76}}]},"5":{"loc":{"start":{"line":237,"column":28},"end":{"line":241,"column":null}},"type":"cond-expr","locations":[{"start":{"line":238,"column":32},"end":{"line":238,"column":null}},{"start":{"line":239,"column":32},"end":{"line":241,"column":null}}]},"6":{"loc":{"start":{"line":239,"column":32},"end":{"line":241,"column":null}},"type":"cond-expr","locations":[{"start":{"line":240,"column":32},"end":{"line":240,"column":null}},{"start":{"line":241,"column":32},"end":{"line":241,"column":null}}]},"7":{"loc":{"start":{"line":252,"column":27},"end":{"line":252,"column":40}},"type":"binary-expr","locations":[{"start":{"line":252,"column":27},"end":{"line":252,"column":40}}]},"8":{"loc":{"start":{"line":261,"column":28},"end":{"line":261,"column":null}},"type":"cond-expr","locations":[{"start":{"line":261,"column":58},"end":{"line":261,"column":77}},{"start":{"line":261,"column":77},"end":{"line":261,"column":null}}]},"9":{"loc":{"start":{"line":265,"column":25},"end":{"line":265,"column":39}},"type":"binary-expr","locations":[{"start":{"line":265,"column":25},"end":{"line":265,"column":39}},{"start":{"line":265,"column":39},"end":{"line":265,"column":51}}]},"10":{"loc":{"start":{"line":307,"column":24},"end":{"line":307,"column":82}},"type":"cond-expr","locations":[{"start":{"line":307,"column":59},"end":{"line":307,"column":71}},{"start":{"line":307,"column":74},"end":{"line":307,"column":82}}]},"11":{"loc":{"start":{"line":308,"column":25},"end":{"line":308,"column":null}},"type":"cond-expr","locations":[{"start":{"line":308,"column":60},"end":{"line":308,"column":70}},{"start":{"line":308,"column":70},"end":{"line":308,"column":null}}]}},"s":{"0":0,"1":0,"2":0,"3":0,"4":0,"5":0,"6":0,"7":0,"8":0,"9":0,"10":0,"11":0,"12":0,"13":0,"14":0,"15":0,"16":0,"17":0,"18":0,"19":0,"20":0,"21":0},"f":{"0":0,"1":0,"2":0,"3":0,"4":0,"5":0,"6":0,"7":0},"b":{"0":[0,0],"1":[0,0,0],"2":[0],"3":[0,0],"4":[0,0],"5":[0,0],"6":[0,0],"7":[0],"8":[0,0],"9":[0,0],"10":[0,0],"11":[0,0]}}
,"/mnt/c/MYCLAUDE_PROJECT/sonheungmin/Unmanned/dt-rag/apps/frontend/app/(dashboard)/search/page.tsx": {"path":"/mnt/c/MYCLAUDE_PROJECT/sonheungmin/Unmanned/dt-rag/apps/frontend/app/(dashboard)/search/page.tsx","statementMap":{"0":{"start":{"line":21,"column":24},"end":{"line":21,"column":null}},"1":{"start":{"line":3,"column":61},"end":{"line":3,"column":null}},"2":{"start":{"line":4,"column":28},"end":{"line":4,"column":null}},"3":{"start":{"line":5,"column":23},"end":{"line":5,"column":null}},"4":{"start":{"line":6,"column":27},"end":{"line":6,"column":null}},"5":{"start":{"line":7,"column":26},"end":{"line":7,"column":null}},"6":{"start":{"line":8,"column":23},"end":{"line":8,"column":null}},"7":{"start":{"line":9,"column":22},"end":{"line":9,"column":null}},"8":{"start":{"line":10,"column":22},"end":{"line":10,"column":null}},"9":{"start":{"line":11,"column":25},"end":{"line":11,"column":null}},"10":{"start":{"line":12,"column":24},"end":{"line":12,"column":null}},"11":{"start":{"line":13,"column":27},"end":{"line":13,"column":null}},"12":{"start":{"line":14,"column":27},"end":{"line":14,"column":null}},"13":{"start":{"line":15,"column":45},"end":{"line":15,"column":null}},"14":{"start":{"line":16,"column":26},"end":{"line":16,"column":null}},"15":{"start":{"line":17,"column":22},"end":{"line":17,"column":null}},"16":{"start":{"line":18,"column":31},"end":{"line":18,"column":null}},"17":{"start":{"line":19,"column":87},"end":{"line":19,"column":null}},"18":{"start":{"line":22,"column":28},"end":{"line":22,"column":null}},"19":{"start":{"line":23,"column":26},"end":{"line":23,"column":null}},"20":{"start":{"line":24,"column":36},"end":{"line":24,"column":null}},"21":{"start":{"line":25,"column":40},"end":{"line":25,"column":null}},"22":{"start":{"line":26,"column":36},"end":{"line":26,"column":null}},"23":{"start":{"line":27,"column":34},"end":{"line":27,"column":null}},"24":{"start":{"line":29,"column":20},"end":{"line":29,"column":null}},"25":{"start":{"line":31,"column":2},"end":{"line":34,"column":null}},"26":{"start":{"line":32,"column":22},"end":{"line":32,"column":null}},"27":{"start":{"line":33,"column":4},"end":{"line":33,"column":null}},"28":{"start":{"line":33,"column":19},"end":{"line":33,"column":null}},"29":{"start":{"line":36,"column":2},"end":{"line":38,"column":null}},"30":{"start":{"line":37,"column":4},"end":{"line":37,"column":null}},"31":{"start":{"line":40,"column":19},"end":{"line":42,"column":null}},"32":{"start":{"line":45,"column":21},"end":{"line":47,"column":null}},"33":{"start":{"line":46,"column":10},"end":{"line":46,"column":null}},"34":{"start":{"line":50,"column":24},"end":{"line":55,"column":null}},"35":{"start":{"line":51,"column":10},"end":{"line":54,"column":11}},"36":{"start":{"line":58,"column":23},"end":{"line":68,"column":null}},"37":{"start":{"line":59,"column":4},"end":{"line":59,"column":null}},"38":{"start":{"line":61,"column":4},"end":{"line":61,"column":null}},"39":{"start":{"line":62,"column":4},"end":{"line":67,"column":null}},"40":{"start":{"line":91,"column":58},"end":{"line":91,"column":null}},"41":{"start":{"line":105,"column":37},"end":{"line":105,"column":null}},"42":{"start":{"line":138,"column":37},"end":{"line":138,"column":null}},"43":{"start":{"line":152,"column":39},"end":{"line":152,"column":null}},"44":{"start":{"line":164,"column":54},"end":{"line":164,"column":null}},"45":{"start":{"line":242,"column":33},"end":{"line":242,"column":null}},"46":{"start":{"line":253,"column":20},"end":{"line":253,"column":54}},"47":{"start":{"line":295,"column":20},"end":{"line":296,"column":null}},"48":{"start":{"line":351,"column":18},"end":{"line":351,"column":null}},"49":{"start":{"line":352,"column":18},"end":{"line":352,"column":null}}},"fnMap":{"0":{"name":"SearchPage","decl":{"start":{"line":21,"column":24},"end":{"line":21,"column":null}},"loc":{"start":{"line":21,"column":24},"end":{"line":361,"column":null}}},"1":{"name":"(anonymous_2)","decl":{"start":{"line":31,"column":12},"end":{"line":31,"column":null}},"loc":{"start":{"line":31,"column":12},"end":{"line":34,"column":5}}},"2":{"name":"(anonymous_3)","decl":{"start":{"line":36,"column":12},"end":{"line":36,"column":null}},"loc":{"start":{"line":36,"column":12},"end":{"line":38,"column":5}}},"3":{"name":"(anonymous_4)","decl":{"start":{"line":46,"column":4},"end":{"line":46,"column":10}},"loc":{"start":{"line":46,"column":10},"end":{"line":46,"column":null}}},"4":{"name":"(anonymous_5)","decl":{"start":{"line":51,"column":4},"end":{"line":51,"column":10}},"loc":{"start":{"line":51,"column":10},"end":{"line":54,"column":11}}},"5":{"name":"(anonymous_6)","decl":{"start":{"line":58,"column":23},"end":{"line":58,"column":24}},"loc":{"start":{"line":58,"column":24},"end":{"line":68,"column":null}}},"6":{"name":"(anonymous_7)","decl":{"start":{"line":91,"column":47},"end":{"line":91,"column":48}},"loc":{"start":{"line":91,"column":58},"end":{"line":91,"column":null}}},"7":{"name":"(anonymous_8)","decl":{"start":{"line":105,"column":30},"end":{"line":105,"column":31}},"loc":{"start":{"line":105,"column":37},"end":{"line":105,"column":null}}},"8":{"name":"(anonymous_9)","decl":{"start":{"line":138,"column":30},"end":{"line":138,"column":31}},"loc":{"start":{"line":138,"column":37},"end":{"line":138,"column":null}}},"9":{"name":"(anonymous_10)","decl":{"start":{"line":152,"column":32},"end":{"line":152,"column":33}},"loc":{"start":{"line":152,"column":39},"end":{"line":152,"column":null}}},"10":{"name":"(anonymous_11)","decl":{"start":{"line":164,"column":41},"end":{"line":164,"column":42}},"loc":{"start":{"line":164,"column":54},"end":{"line":164,"column":null}}},"11":{"name":"(anonymous_12)","decl":{"start":{"line":242,"column":27},"end":{"line":242,"column":33}},"loc":{"start":{"line":242,"column":33},"end":{"line":242,"column":null}}},"12":{"name":"(anonymous_13)","decl":{"start":{"line":252,"column":37},"end":{"line":252,"column":38}},"loc":{"start":{"line":253,"column":20},"end":{"line":253,"column":54}}},"13":{"name":"(anonymous_14)","decl":{"start":{"line":294,"column":37},"end":{"line":294,"column":38}},"loc":{"start":{"line":295,"column":20},"end":{"line":296,"column":null}}},"14":{"name":"(anonymous_15)","decl":{"start":{"line":350,"column":30},"end":{"line":350,"column":31}},"loc":{"start":{"line":350,"column":31},"end":{"line":353,"column":null}}}},"branchMap":{"0":{"loc":{"start":{"line":33,"column":4},"end":{"line":33,"column":null}},"type":"if","locations":[{"start":{"line":33,"column":4},"end":{"line":33,"column":null}},{"start":{},"end":{}}]},"1":{"loc":{"start":{"line":46,"column":21},"end":{"line":46,"column":56}},"type":"binary-expr","locations":[{"start":{"line":46,"column":21},"end":{"line":46,"column":51}},{"start":{"line":46,"column":51},"end":{"line":46,"column":56}}]},"2":{"loc":{"start":{"line":51,"column":10},"end":{"line":54,"column":11}},"type":"binary-expr","locations":[{"start":{"line":51,"column":10},"end":{"line":53,"column":null}},{"start":{"line":54,"column":9},"end":{"line":54,"column":11}}]},"3":{"loc":{"start":{"line":66,"column":19},"end":{"line":66,"column":null}},"type":"cond-expr","locations":[{"start":{"line":66,"column":31},"end":{"line":66,"column":42}},{"start":{"line":66,"column":42},"end":{"line":66,"column":null}}]},"4":{"loc":{"start":{"line":117,"column":19},"end":{"line":123,"column":null}},"type":"cond-expr","locations":[{"start":{"line":118,"column":20},"end":{"line":123,"column":null}},{"start":{"line":123,"column":20},"end":{"line":123,"column":null}}]},"5":{"loc":{"start":{"line":179,"column":19},"end":{"line":185,"column":null}},"type":"cond-expr","locations":[{"start":{"line":180,"column":20},"end":{"line":185,"column":null}},{"start":{"line":185,"column":20},"end":{"line":185,"column":null}}]},"6":{"loc":{"start":{"line":194,"column":7},"end":{"line":194,"column":23}},"type":"binary-expr","locations":[{"start":{"line":194,"column":7},"end":{"line":194,"column":23}}]},"7":{"loc":{"start":{"line":201,"column":17},"end":{"line":201,"column":null}},"type":"cond-expr","locations":[{"start":{"line":201,"column":51},"end":{"line":201,"column":73}},{"start":{"line":201,"column":76},"end":{"line":201,"column":null}}]},"8":{"loc":{"start":{"line":208,"column":7},"end":{"line":208,"column":25}},"type":"binary-expr","locations":[{"start":{"line":208,"column":7},"end":{"line":208,"column":25}},{"start":{"line":208,"column":29},"end":{"line":208,"column":42}}]},"9":{"loc":{"start":{"line":225,"column":12},"end":{"line":237,"column":null}},"type":"cond-expr","locations":[{"start":{"line":225,"column":12},"end":{"line":237,"column":null}}]},"10":{"loc":{"start":{"line":242,"column":45},"end":{"line":242,"column":null}},"type":"cond-expr","locations":[{"start":{"line":242,"column":67},"end":{"line":242,"column":76}},{"start":{"line":242,"column":76},"end":{"line":242,"column":null}}]},"11":{"loc":{"start":{"line":245,"column":41},"end":{"line":245,"column":69}},"type":"cond-expr","locations":[{"start":{"line":245,"column":41},"end":{"line":245,"column":69}}]},"12":{"loc":{"start":{"line":246,"column":19},"end":{"line":246,"column":null}},"type":"cond-expr","locations":[{"start":{"line":246,"column":41},"end":{"line":246,"column":55}},{"start":{"line":246,"column":55},"end":{"line":246,"column":null}}]},"13":{"loc":{"start":{"line":251,"column":16},"end":{"line":293,"column":17}},"type":"cond-expr","locations":[{"start":{"line":251,"column":16},"end":{"line":293,"column":17}}]},"14":{"loc":{"start":{"line":277,"column":27},"end":{"line":277,"column":42}},"type":"binary-expr","locations":[{"start":{"line":277,"column":27},"end":{"line":277,"column":42}},{"start":{"line":277,"column":46},"end":{"line":277,"column":null}}]},"15":{"loc":{"start":{"line":324,"column":29},"end":{"line":324,"column":44}},"type":"binary-expr","locations":[{"start":{"line":324,"column":29},"end":{"line":324,"column":44}},{"start":{"line":324,"column":48},"end":{"line":324,"column":null}}]},"16":{"loc":{"start":{"line":345,"column":11},"end":{"line":345,"column":24}},"type":"binary-expr","locations":[{"start":{"line":345,"column":11},"end":{"line":345,"column":24}},{"start":{"line":345,"column":28},"end":{"line":345,"column":null}}]}},"s":{"0":23,"1":6,"2":6,"3":6,"4":6,"5":6,"6":6,"7":6,"8":6,"9":6,"10":6,"11":6,"12":6,"13":6,"14":6,"15":6,"16":6,"17":6,"18":195,"19":195,"20":195,"21":195,"22":195,"23":195,"24":195,"25":195,"26":23,"27":23,"28":14,"29":195,"30":27,"31":195,"32":195,"33":35,"34":195,"35":38,"36":195,"37":14,"38":14,"39":14,"40":5,"41":136,"42":0,"43":0,"44":0,"45":4,"46":258,"47":45,"48":3,"49":3},"f":{"0":195,"1":23,"2":27,"3":35,"4":38,"5":14,"6":5,"7":136,"8":0,"9":0,"10":0,"11":4,"12":258,"13":45,"14":3},"b":{"0":[14,9],"1":[35,24],"2":[38,24],"3":[14,0],"4":[4,191],"5":[4,191],"6":[195],"7":[0,0],"8":[195,31],"9":[0],"10":[4,0],"11":[26],"12":[26,5],"13":[26],"14":[258,258],"15":[45,45],"16":[31,31]}}
,"/mnt/c/MYCLAUDE_PROJECT/sonheungmin/Unmanned/dt-rag/apps/frontend/app/(dashboard)/taxonomy/page.tsx": {"path":"/mnt/c/MYCLAUDE_PROJECT/sonheungmin/Unmanned/dt-rag/apps/frontend/app/(dashboard)/taxonomy/page.tsx","statementMap":{"0":{"start":{"line":9,"column":24},"end":{"line":9,"column":null}},"1":{"start":{"line":3,"column":25},"end":{"line":3,"column":null}},"2":{"start":{"line":4,"column":32},"end":{"line":4,"column":null}},"3":{"start":{"line":5,"column":27},"end":{"line":5,"column":null}},"4":{"start":{"line":6,"column":26},"end":{"line":6,"column":null}},"5":{"start":{"line":7,"column":50},"end":{"line":7,"column":null}},"6":{"start":{"line":10,"column":39},"end":{"line":13,"column":null}},"7":{"start":{"line":12,"column":19},"end":{"line":12,"column":null}},"8":{"start":{"line":15,"column":21},"end":{"line":18,"column":null}},"9":{"start":{"line":16,"column":21},"end":{"line":16,"column":null}},"10":{"start":{"line":17,"column":4},"end":{"line":17,"column":null}},"11":{"start":{"line":56,"column":14},"end":{"line":56,"column":40}},"12":{"start":{"line":88,"column":24},"end":{"line":89,"column":null}},"13":{"start":{"line":112,"column":32},"end":{"line":113,"column":null}}},"fnMap":{"0":{"name":"TaxonomyPage","decl":{"start":{"line":9,"column":24},"end":{"line":9,"column":null}},"loc":{"start":{"line":9,"column":24},"end":{"line":139,"column":null}}},"1":{"name":"(anonymous_2)","decl":{"start":{"line":12,"column":13},"end":{"line":12,"column":19}},"loc":{"start":{"line":12,"column":19},"end":{"line":12,"column":null}}},"2":{"name":"(anonymous_3)","decl":{"start":{"line":15,"column":21},"end":{"line":15,"column":22}},"loc":{"start":{"line":15,"column":22},"end":{"line":18,"column":null}}},"3":{"name":"(anonymous_4)","decl":{"start":{"line":55,"column":22},"end":{"line":55,"column":23}},"loc":{"start":{"line":56,"column":14},"end":{"line":56,"column":40}}},"4":{"name":"(anonymous_5)","decl":{"start":{"line":87,"column":41},"end":{"line":87,"column":42}},"loc":{"start":{"line":88,"column":24},"end":{"line":89,"column":null}}},"5":{"name":"(anonymous_6)","decl":{"start":{"line":111,"column":50},"end":{"line":111,"column":51}},"loc":{"start":{"line":112,"column":32},"end":{"line":113,"column":null}}}},"branchMap":{"0":{"loc":{"start":{"line":33,"column":9},"end":{"line":33,"column":null}},"type":"binary-expr","locations":[{"start":{"line":33,"column":9},"end":{"line":33,"column":null}}]},"1":{"loc":{"start":{"line":39,"column":9},"end":{"line":39,"column":null}},"type":"binary-expr","locations":[{"start":{"line":39,"column":9},"end":{"line":39,"column":null}}]},"2":{"loc":{"start":{"line":53,"column":9},"end":{"line":53,"column":null}},"type":"binary-expr","locations":[{"start":{"line":53,"column":9},"end":{"line":53,"column":null}}]},"3":{"loc":{"start":{"line":61,"column":29},"end":{"line":61,"column":null}},"type":"cond-expr","locations":[{"start":{"line":61,"column":62},"end":{"line":61,"column":73}},{"start":{"line":61,"column":73},"end":{"line":61,"column":null}}]},"4":{"loc":{"start":{"line":61,"column":73},"end":{"line":61,"column":null}},"type":"cond-expr","locations":[{"start":{"line":61,"column":105},"end":{"line":61,"column":115}},{"start":{"line":61,"column":115},"end":{"line":61,"column":null}}]},"5":{"loc":{"start":{"line":85,"column":19},"end":{"line":85,"column":32}},"type":"binary-expr","locations":[{"start":{"line":85,"column":19},"end":{"line":85,"column":32}},{"start":{"line":85,"column":36},"end":{"line":85,"column":null}}]},"6":{"loc":{"start":{"line":100,"column":33},"end":{"line":100,"column":47}},"type":"binary-expr","locations":[{"start":{"line":100,"column":33},"end":{"line":100,"column":47}},{"start":{"line":100,"column":51},"end":{"line":100,"column":null}}]},"7":{"loc":{"start":{"line":102,"column":66},"end":{"line":102,"column":null}},"type":"cond-expr","locations":[{"start":{"line":102,"column":96},"end":{"line":102,"column":104}},{"start":{"line":102,"column":104},"end":{"line":102,"column":null}}]},"8":{"loc":{"start":{"line":109,"column":27},"end":{"line":109,"column":41}},"type":"binary-expr","locations":[{"start":{"line":109,"column":27},"end":{"line":109,"column":41}},{"start":{"line":109,"column":45},"end":{"line":109,"column":null}}]}},"s":{"0":0,"1":0,"2":0,"3":0,"4":0,"5":0,"6":0,"7":0,"8":0,"9":0,"10":0,"11":0,"12":0,"13":0},"f":{"0":0,"1":0,"2":0,"3":0,"4":0,"5":0},"b":{"0":[0],"1":[0],"2":[0],"3":[0,0],"4":[0,0],"5":[0,0],"6":[0,0],"7":[0,0],"8":[0,0]}}
,"/mnt/c/MYCLAUDE_PROJECT/sonheungmin/Unmanned/dt-rag/apps/frontend/app/api/health/route.ts": {"path":"/mnt/c/MYCLAUDE_PROJECT/sonheungmin/Unmanned/dt-rag/apps/frontend/app/api/health/route.ts","statementMap":{"0":{"start":{"line":1,"column":22},"end":{"line":1,"column":null}},"1":{"start":{"line":2,"column":2},"end":{"line":2,"column":null}}},"fnMap":{"0":{"name":"GET","decl":{"start":{"line":1,"column":22},"end":{"line":1,"column":null}},"loc":{"start":{"line":1,"column":22},"end":{"line":3,"column":null}}}},"branchMap":{},"s":{"0":0,"1":0},"f":{"0":0},"b":{}}
,"/mnt/c/MYCLAUDE_PROJECT/sonheungmin/Unmanned/dt-rag/apps/frontend/components/charts/donut-chart.tsx": {"path":"/mnt/c/MYCLAUDE_PROJECT/sonheungmin/Unmanned/dt-rag/apps/frontend/components/charts/donut-chart.tsx","statementMap":{"0":{"start":{"line":17,"column":16},"end":{"line":17,"column":27}},"1":{"start":{"line":3,"column":57},"end":{"line":3,"column":null}},"2":{"start":{"line":10,"column":20},"end":{"line":15,"column":null}},"3":{"start":{"line":32,"column":14},"end":{"line":32,"column":42}}},"fnMap":{"0":{"name":"DonutChart","decl":{"start":{"line":17,"column":16},"end":{"line":17,"column":27}},"loc":{"start":{"line":17,"column":87},"end":{"line":45,"column":null}}},"1":{"name":"(anonymous_2)","decl":{"start":{"line":31,"column":22},"end":{"line":31,"column":23}},"loc":{"start":{"line":32,"column":14},"end":{"line":32,"column":42}}}},"branchMap":{"0":{"loc":{"start":{"line":17,"column":29},"end":{"line":17,"column":47}},"type":"default-arg","locations":[{"start":{"line":17,"column":36},"end":{"line":17,"column":47}}]},"1":{"loc":{"start":{"line":17,"column":49},"end":{"line":17,"column":68}},"type":"default-arg","locations":[{"start":{"line":17,"column":63},"end":{"line":17,"column":68}}]}},"s":{"0":0,"1":0,"2":0,"3":0},"f":{"0":0,"1":0},"b":{"0":[0],"1":[0]}}
,"/mnt/c/MYCLAUDE_PROJECT/sonheungmin/Unmanned/dt-rag/apps/frontend/components/charts/wave-chart.tsx": {"path":"/mnt/c/MYCLAUDE_PROJECT/sonheungmin/Unmanned/dt-rag/apps/frontend/components/charts/wave-chart.tsx","statementMap":{"0":{"start":{"line":19,"column":16},"end":{"line":19,"column":26}},"1":{"start":{"line":3,"column":67},"end":{"line":3,"column":null}},"2":{"start":{"line":9,"column":20},"end":{"line":17,"column":null}}},"fnMap":{"0":{"name":"WaveChart","decl":{"start":{"line":19,"column":16},"end":{"line":19,"column":26}},"loc":{"start":{"line":19,"column":64},"end":{"line":48,"column":null}}}},"branchMap":{"0":{"loc":{"start":{"line":19,"column":28},"end":{"line":19,"column":46}},"type":"default-arg","locations":[{"start":{"line":19,"column":35},"end":{"line":19,"column":46}}]}},"s":{"0":0,"1":0,"2":0},"f":{"0":0},"b":{"0":[0]}}
,"/mnt/c/MYCLAUDE_PROJECT/sonheungmin/Unmanned/dt-rag/apps/frontend/components/layout/Header.tsx": {"path":"/mnt/c/MYCLAUDE_PROJECT/sonheungmin/Unmanned/dt-rag/apps/frontend/components/layout/Header.tsx","statementMap":{"0":{"start":{"line":3,"column":16},"end":{"line":3,"column":null}},"1":{"start":{"line":1,"column":28},"end":{"line":1,"column":null}}},"fnMap":{"0":{"name":"Header","decl":{"start":{"line":3,"column":16},"end":{"line":3,"column":null}},"loc":{"start":{"line":3,"column":16},"end":{"line":14,"column":null}}}},"branchMap":{},"s":{"0":0,"1":0},"f":{"0":0},"b":{}}
[...]
,"/mnt/c/MYCLAUDE_PROJECT/sonheungmin/Unmanned/dt-rag/apps/frontend/components/ui/skeleton.tsx": {"path":"/mnt/c/MYCLAUDE_PROJECT/sonheungmin/Unmanned/dt-rag/apps/frontend/components/ui/skeleton.tsx","statementMap":{"0":{"start":{"line":16,"column":9},"end":{"line":16,"column":null}},"1":{"start":{"line":2,"column":19},"end":{"line":2,"column":null}}},"fnMap":{"0":{"name":"Skeleton","decl":{"start":{"line":4,"column":9},"end":{"line":4,"column":18}},"loc":{"start":{"line":7,"column":33},"end":{"line":14,"column":null}}}},"branchMap":{},"s":{"0":0,"1":0},"f":{"0":0},"b":{}}
,"/mnt/c/MYCLAUDE_PROJECT/sonheungmin/Unmanned/dt-rag/apps/frontend/components/ui/spinner.tsx": {"path":"/mnt/c/MYCLAUDE_PROJECT/sonheungmin/Unmanned/dt-rag/apps/frontend/components/ui/spinner.tsx","statementMap":{"0":{"start":{"line":10,"column":16},"end":{"line":10,"column":24}},"1":{"start":{"line":3,"column":18},"end":{"line":3,"column":null}},"2":{"start":{"line":11,"column":22},"end":{"line":15,"column":null}},"3":{"start":{"line":17,"column":23},"end":{"line":20,"column":null}}},"fnMap":{"0":{"name":"Spinner","decl":{"start":{"line":10,"column":16},"end":{"line":10,"column":24}},"loc":{"start":{"line":10,"column":72},"end":{"line":37,"column":null}}}},"branchMap":{"0":{"loc":{"start":{"line":10,"column":26},"end":{"line":10,"column":37}},"type":"default-arg","locations":[{"start":{"line":10,"column":33},"end":{"line":10,"column":37}}]},"1":{"loc":{"start":{"line":10,"column":39},"end":{"line":10,"column":56}},"type":"default-arg","locations":[{"start":{"line":10,"column":47},"end":{"line":10,"column":56}}]}},"s":{"0":16,"1":7,"2":12,"3":12},"f":{"0":12},"b":{"0":[5],"1":[6]}}
,"/mnt/c/MYCLAUDE_PROJECT/sonheungmin/Unmanned/dt-rag/apps/frontend/components/ui/stack.tsx": {"path":"/mnt/c/MYCLAUDE_PROJECT/sonheungmin/Unmanned/dt-rag/apps/frontend/components/ui/stack.tsx","statementMap":{"0":{"start":{"line":14,"column":16},"end":{"line":14,"column":22}},"1":{"start":{"line":3,"column":18},"end":{"line":3,"column":null}},"2":{"start":{"line":23,"column":27},"end":{"line":26,"column":null}},"3":{"start":{"line":28,"column":25},"end":{"line":34,"column":null}},"4":{"start":{"line":36,"column":23},"end":{"line":41,"column":null}},"5":{"start":{"line":43,"column":25},"end":{"line":49,"column":null}}},"fnMap":{"0":{"name":"Stack","decl":{"start":{"line":14,"column":16},"end":{"line":14,"column":22}},"loc":{"start":{"line":22,"column":13},"end":{"line":66,"column":null}}}},"branchMap":{"0":{"loc":{"start":{"line":16,"column":2},"end":{"line":16,"column":24}},"type":"default-arg","locations":[{"start":{"line":16,"column":14},"end":{"line":16,"column":24}}]},"1":{"loc":{"start":{"line":17,"column":2},"end":{"line":17,"column":16}},"type":"default-arg","locations":[{"start":{"line":17,"column":12},"end":{"line":17,"column":16}}]},"2":{"loc":{"start":{"line":20,"column":2},"end":{"line":20,"column":16}},"type":"default-arg","locations":[{"start":{"line":20,"column":14},"end":{"line":20,"column":16}}]},"3":{"loc":{"start":{"line":57,"column":10},"end":{"line":57,"column":43}},"type":"cond-expr","locations":[{"start":{"line":57,"column":18},"end":{"line":57,"column":37}},{"start":{"line":57,"column":40},"end":{"line":57,"column":43}}]},"4":{"loc":{"start":{"line":58,"column":10},"end":{"line":58,"column":49}},"type":"cond-expr","locations":[{"start":{"line":58,"column":20},"end":{"line":58,"column":43}},{"start":{"line":58,"column":46},"end":{"line":58,"column":49}}]}},"s":{"0":431,"1":12,"2":226,"3":226,"4":226,"5":226},"f":{"0":226},"b":{"0":[225],"1":[6],"2":[225],"3":[1,225],"4":[1,225]}}
,"/mnt/c/MYCLAUDE_PROJECT/sonheungmin/Unmanned/dt-rag/apps/frontend/components/ui/tabs.tsx": {"path":"/mnt/c/MYCLAUDE_PROJECT/sonheungmin/Unmanned/dt-rag/apps/frontend/components/ui/tabs.tsx","statementMap":{"0":{"start":{"line":57,"column":16},"end":{"line":57,"column":19}},"1":{"start":{"line":44,"column":16},"end":{"line":44,"column":23}},"2":{"start":{"line":85,"column":16},"end":{"line":85,"column":24}},"3":{"start":{"line":27,"column":16},"end":{"line":27,"column":20}},"4":{"start":{"line":3,"column":59},"end":{"line":3,"column":null}},"5":{"start":{"line":10,"column":20},"end":{"line":10,"column":null}},"6":{"start":{"line":13,"column":18},"end":{"line":13,"column":null}},"7":{"start":{"line":14,"column":2},"end":{"line":16,"column":null}},"8":{"start":{"line":15,"column":4},"end":{"line":15,"column":null}},"9":{"start":{"line":17,"column":2},"end":{"line":17,"column":null}},"10":{"start":{"line":28,"column":44},"end":{"line":28,"column":null}},"11":{"start":{"line":30,"column":23},"end":{"line":30,"column":null}},"12":{"start":{"line":31,"column":28},"end":{"line":31,"column":null}},"13":{"start":{"line":58,"column":49},"end":{"line":58,"column":null}},"14":{"start":{"line":59,"column":19},"end":{"line":59,"column":null}},"15":{"start":{"line":65,"column":21},"end":{"line":65,"column":null}},"16":{"start":{"line":86,"column":34},"end":{"line":86,"column":null}},"17":{"start":{"line":88,"column":2},"end":{"line":90,"column":null}},"18":{"start":{"line":89,"column":4},"end":{"line":89,"column":null}}},"fnMap":{"0":{"name":"useTabsContext","decl":{"start":{"line":12,"column":9},"end":{"line":12,"column":null}},"loc":{"start":{"line":12,"column":9},"end":{"line":18,"column":null}}},"1":{"name":"Tabs","decl":{"start":{"line":27,"column":16},"end":{"line":27,"column":20}},"loc":{"start":{"line":27,"column":80},"end":{"line":38,"column":null}}},"2":{"name":"TabList","decl":{"start":{"line":44,"column":16},"end":{"line":44,"column":23}},"loc":{"start":{"line":44,"column":50},"end":{"line":50,"column":null}}},"3":{"name":"Tab","decl":{"start":{"line":57,"column":16},"end":{"line":57,"column":19}},"loc":{"start":{"line":57,"column":49},"end":{"line":78,"column":null}}},"4":{"name":"(anonymous_12)","decl":{"start":{"line":65,"column":15},"end":{"line":65,"column":21}},"loc":{"start":{"line":65,"column":21},"end":{"line":65,"column":null}}},"5":{"name":"TabPanel","decl":{"start":{"line":85,"column":16},"end":{"line":85,"column":24}},"loc":{"start":{"line":85,"column":59},"end":{"line":97,"column":null}}}},"branchMap":{"0":{"loc":{"start":{"line":14,"column":2},"end":{"line":16,"column":null}},"type":"if","locations":[{"start":{"line":14,"column":2},"end":{"line":16,"column":null}},{"start":{},"end":{}}]},"1":{"loc":{"start":{"line":28,"column":53},"end":{"line":28,"column":null}},"type":"binary-expr","locations":[{"start":{"line":28,"column":53},"end":{"line":28,"column":69}},{"start":{"line":28,"column":69},"end":{"line":28,"column":null}}]},"2":{"loc":{"start":{"line":30,"column":23},"end":{"line":30,"column":null}},"type":"cond-expr","locations":[{"start":{"line":30,"column":45},"end":{"line":30,"column":53}},{"start":{"line":30,"column":53},"end":{"line":30,"column":null}}]},"3":{"loc":{"start":{"line":31,"column":28},"end":{"line":31,"column":null}},"type":"binary-expr","locations":[{"start":{"line":31,"column":28},"end":{"line":31,"column":45}},{"start":{"line":31,"column":45},"end":{"line":31,"column":null}}]},"4":{"loc":{"start":{"line":69,"column":10},"end":{"line":71,"column":null}},"type":"cond-expr","locations":[{"start":{"line":70,"column":14},"end":{"line":70,"column":null}},{"start":{"line":71,"column":14},"end":{"line":71,"column":null}}]},"5":{"loc":{"start":{"line":88,"column":2},"end":{"line":90,"column":null}},"type":"if","locations":[{"start":{"line":88,"column":2},"end":{"line":90,"column":null}},{"start":{},"end":{}}]}},"s":{"0":407,"1":201,"2":407,"3":201,"4":7,"5":7,"6":786,"7":786,"8":0,"9":786,"10":193,"11":193,"12":193,"13":393,"14":393,"15":7,"16":393,"17":393,"18":200},"f":{"0":786,"1":193,"2":191,"3":393,"4":7,"5":393},"b":{"0":[0,786],"1":[193,186],"2":[186,7],"3":[193,7],"4":[193,200],"5":[200,193]}}
,"/mnt/c/MYCLAUDE_PROJECT/sonheungmin/Unmanned/dt-rag/apps/frontend/components/ui/textarea.tsx": {"path":"/mnt/c/MYCLAUDE_PROJECT/sonheungmin/Unmanned/dt-rag/apps/frontend/components/ui/textarea.tsx","statementMap":{"0":{"start":{"line":24,"column":9},"end":{"line":24,"column":null}},"1":{"start":{"line":1,"column":23},"end":{"line":1,"column":null}},"2":{"start":{"line":3,"column":19},"end":{"line":3,"column":null}},"3":{"start":{"line":8,"column":17},"end":{"line":20,"column":null}},"4":{"start":{"line":22,"column":0},"end":{"line":22,"column":null}}},"fnMap":{"0":{"name":"(anonymous_4)","decl":{"start":{"line":9,"column":2},"end":{"line":9,"column":3}},"loc":{"start":{"line":9,"column":28},"end":{"line":20,"column":null}}}},"branchMap":{},"s":{"0":0,"1":0,"2":0,"3":0,"4":0},"f":{"0":0},"b":{}}
,"/mnt/c/MYCLAUDE_PROJECT/sonheungmin/Unmanned/dt-rag/apps/frontend/components/ui/toast.tsx": {"path":"/mnt/c/MYCLAUDE_PROJECT/sonheungmin/Unmanned/dt-rag/apps/frontend/components/ui/toast.tsx","statementMap":{"0":{"start":{"line":16,"column":16},"end":{"line":16,"column":21}},"1":{"start":{"line":122,"column":16},"end":{"line":122,"column":30}},"2":{"start":{"line":3,"column":56},"end":{"line":3,"column":null}},"3":{"start":{"line":4,"column":65},"end":{"line":4,"column":null}},"4":{"start":{"line":24,"column":36},"end":{"line":24,"column":null}},"5":{"start":{"line":25,"column":52},"end":{"line":25,"column":null}},"6":{"start":{"line":27,"column":22},"end":{"line":30,"column":null}},"7":{"start":{"line":28,"column":4},"end":{"line":28,"column":null}},"8":{"start":{"line":29,"column":4},"end":{"line":29,"column":null}},"9":{"start":{"line":29,"column":21},"end":{"line":29,"column":34}},"10":{"start":{"line":32,"column":2},"end":{"line":49,"column":null}},"11":{"start":{"line":33,"column":4},"end":{"line":33,"column":null}},"12":{"start":{"line":35,"column":4},"end":{"line":42,"column":null}},"13":{"start":{"line":36,"column":24},"end":{"line":40,"column":null}},"14":{"start":{"line":36,"column":62},"end":{"line":40,"column":null}},"15":{"start":{"line":41,"column":6},"end":{"line":41,"column":null}},"16":{"start":{"line":44,"column":18},"end":{"line":46,"column":null}},"17":{"start":{"line":45,"column":6},"end":{"line":45,"column":null}},"18":{"start":{"line":48,"column":4},"end":{"line":48,"column":null}},"19":{"start":{"line":48,"column":17},"end":{"line":48,"column":null}},"20":{"start":{"line":51,"column":16},"end":{"line":56,"column":null}},"21":{"start":{"line":58,"column":17},"end":{"line":63,"column":null}},"22":{"start":{"line":65,"column":21},"end":{"line":70,"column":null}},"23":{"start":{"line":72,"column":15},"end":{"line":72,"column":26}},"24":{"start":{"line":87,"column":12},"end":{"line":88,"column":null}},"25":{"start":{"line":126,"column":8},"end":{"line":126,"column":31}}},"fnMap":{"0":{"name":"Toast","decl":{"start":{"line":16,"column":16},"end":{"line":16,"column":21}},"loc":{"start":{"line":23,"column":13},"end":{"line":114,"column":null}}},"1":{"name":"(anonymous_7)","decl":{"start":{"line":27,"column":34},"end":{"line":27,"column":null}},"loc":{"start":{"line":27,"column":34},"end":{"line":30,"column":5}}},"2":{"name":"(anonymous_8)","decl":{"start":{"line":29,"column":15},"end":{"line":29,"column":21}},"loc":{"start":{"line":29,"column":21},"end":{"line":29,"column":34}}},"3":{"name":"(anonymous_9)","decl":{"start":{"line":32,"column":12},"end":{"line":32,"column":null}},"loc":{"start":{"line":32,"column":12},"end":{"line":49,"column":5}}},"4":{"name":"(anonymous_10)","decl":{"start":{"line":36,"column":51},"end":{"line":36,"column":52}},"loc":{"start":{"line":36,"column":62},"end":{"line":40,"column":null}}},"5":{"name":"(anonymous_11)","decl":{"start":{"line":44,"column":29},"end":{"line":44,"column":null}},"loc":{"start":{"line":44,"column":29},"end":{"line":46,"column":7}}},"6":{"name":"(anonymous_12)","decl":{"start":{"line":48,"column":11},"end":{"line":48,"column":17}},"loc":{"start":{"line":48,"column":17},"end":{"line":48,"column":null}}},"7":{"name":"(anonymous_13)","decl":{"start":{"line":86,"column":33},"end":{"line":86,"column":34}},"loc":{"start":{"line":87,"column":12},"end":{"line":88,"column":null}}},"8":{"name":"ToastContainer","decl":{"start":{"line":122,"column":16},"end":{"line":122,"column":30}},"loc":{"start":{"line":122,"column":72},"end":{"line":130,"column":null}}},"9":{"name":"(anonymous_15)","decl":{"start":{"line":125,"column":18},"end":{"line":125,"column":19}},"loc":{"start":{"line":126,"column":8},"end":{"line":126,"column":31}}}},"branchMap":{"0":{"loc":{"start":{"line":18,"column":2},"end":{"line":18,"column":15}},"type":"default-arg","locations":[{"start":{"line":18,"column":9},"end":{"line":18,"column":15}}]},"1":{"loc":{"start":{"line":20,"column":2},"end":{"line":20,"column":17}},"type":"default-arg","locations":[{"start":{"line":20,"column":13},"end":{"line":20,"column":17}}]},"2":{"loc":{"start":{"line":22,"column":2},"end":{"line":22,"column":22}},"type":"default-arg","locations":[{"start":{"line":22,"column":17},"end":{"line":22,"column":22}}]},"3":{"loc":{"start":{"line":35,"column":4},"end":{"line":42,"column":null}},"type":"if","locations":[{"start":{"line":35,"column":4},"end":{"line":42,"column":null}},{"start":{},"end":{}}]},"4":{"loc":{"start":{"line":35,"column":8},"end":{"line":35,"column":44}},"type":"binary-expr","locations":[{"start":{"line":35,"column":8},"end":{"line":35,"column":30}},{"start":{"line":35,"column":30},"end":{"line":35,"column":44}}]},"5":{"loc":{"start":{"line":80,"column":10},"end":{"line":80,"column":81}},"type":"cond-expr","locations":[{"start":{"line":80,"column":22},"end":{"line":80,"column":52}},{"start":{"line":80,"column":52},"end":{"line":80,"column":81}}]},"6":{"loc":{"start":{"line":84,"column":7},"end":{"line":84,"column":null}},"type":"binary-expr","locations":[{"start":{"line":84,"column":7},"end":{"line":84,"column":null}}]}},"s":{"0":0,"1":0,"2":0,"3":0,"4":0,"5":0,"6":0,"7":0,"8":0,"9":0,"10":0,"11":0,"12":0,"13":0,"14":0,"15":0,"16":0,"17":0,"18":0,"19":0,"20":0,"21":0,"22":0,"23":0,"24":0,"25":0},"f":{"0":0,"1":0,"2":0,"3":0,"4":0,"5":0,"6":0,"7":0,"8":0,"9":0},"b":{"0":[0],"1":[0],"2":[0],"3":[0,0],"4":[0,0],"5":[0,0],"6":[0]}}
,"/mnt/c/MYCLAUDE_PROJECT/sonheungmin/Unmanned/dt-rag/apps/frontend/components/ui/tooltip.tsx": {"path":"/mnt/c/MYCLAUDE_PROJECT/sonheungmin/Unmanned/dt-rag/apps/frontend/components/ui/tooltip.tsx","statementMap":{"0":{"start":{"line":13,"column":16},"end":{"line":13,"column":24}},"1":{"start":{"line":3,"column":51},"end":{"line":3,"column":null}},"2":{"start":{"line":4,"column":29},"end":{"line":4,"column":null}},"3":{"start":{"line":14,"column":36},"end":{"line":14,"column":null}},"4":{"start":{"line":15,"column":30},"end":{"line":15,"column":null}},"5":{"start":{"line":16,"column":21},"end":{"line":16,"column":null}},"6":{"start":{"line":17,"column":21},"end":{"line":17,"column":null}},"7":{"start":{"line":19,"column":27},"end":{"line":24,"column":null}},"8":{"start":{"line":20,"column":4},"end":{"line":23,"column":null}},"9":{"start":{"line":21,"column":6},"end":{"line":21,"column":null}},"10":{"start":{"line":22,"column":6},"end":{"line":22,"column":null}},"11":{"start":{"line":26,"column":27},"end":{"line":31,"column":null}},"12":{"start":{"line":27,"column":4},"end":{"line":29,"column":null}},"13":{"start":{"line":28,"column":6},"end":{"line":28,"column":null}},"14":{"start":{"line":30,"column":4},"end":{"line":30,"column":null}},"15":{"start":{"line":33,"column":25},"end":{"line":59,"column":null}},"16":{"start":{"line":34,"column":4},"end":{"line":34,"column":null}},"17":{"start":{"line":34,"column":29},"end":{"line":34,"column":null}},"18":{"start":{"line":36,"column":17},"end":{"line":36,"column":null}},"19":{"start":{"line":37,"column":19},"end":{"line":37,"column":null}},"20":{"start":{"line":39,"column":22},"end":{"line":56,"column":null}},"21":{"start":{"line":58,"column":4},"end":{"line":58,"column":null}},"22":{"start":{"line":61,"column":2},"end":{"line":67,"column":null}},"23":{"start":{"line":62,"column":4},"end":{"line":66,"column":null}},"24":{"start":{"line":63,"column":6},"end":{"line":65,"column":null}},"25":{"start":{"line":64,"column":8},"end":{"line":64,"column":null}},"26":{"start":{"line":69,"column":26},"end":{"line":74,"column":null}},"27":{"start":{"line":76,"column":22},"end":{"line":80,"column":null}}},"fnMap":{"0":{"name":"Tooltip","decl":{"start":{"line":13,"column":16},"end":{"line":13,"column":24}},"loc":{"start":{"line":13,"column":90},"end":{"line":103,"column":null}}},"1":{"name":"(anonymous_5)","decl":{"start":{"line":19,"column":27},"end":{"line":19,"column":null}},"loc":{"start":{"line":19,"column":27},"end":{"line":24,"column":null}}},"2":{"name":"(anonymous_6)","decl":{"start":{"line":20,"column":36},"end":{"line":20,"column":null}},"loc":{"start":{"line":20,"column":36},"end":{"line":23,"column":7}}},"3":{"name":"(anonymous_7)","decl":{"start":{"line":26,"column":27},"end":{"line":26,"column":null}},"loc":{"start":{"line":26,"column":27},"end":{"line":31,"column":null}}},"4":{"name":"(anonymous_8)","decl":{"start":{"line":33,"column":25},"end":{"line":33,"column":null}},"loc":{"start":{"line":33,"column":25},"end":{"line":59,"column":null}}},"5":{"name":"(anonymous_9)","decl":{"start":{"line":61,"column":12},"end":{"line":61,"column":null}},"loc":{"start":{"line":61,"column":12},"end":{"line":67,"column":5}}},"6":{"name":"(anonymous_10)","decl":{"start":{"line":62,"column":11},"end":{"line":62,"column":null}},"loc":{"start":{"line":62,"column":11},"end":{"line":66,"column":null}}}},"branchMap":{"0":{"loc":{"start":{"line":13,"column":45},"end":{"line":13,"column":61}},"type":"default-arg","locations":[{"start":{"line":13,"column":56},"end":{"line":13,"column":61}}]},"1":{"loc":{"start":{"line":13,"column":63},"end":{"line":13,"column":74}},"type":"default-arg","locations":[{"start":{"line":13,"column":71},"end":{"line":13,"column":74}}]},"2":{"loc":{"start":{"line":27,"column":4},"end":{"line":29,"column":null}},"type":"if","locations":[{"start":{"line":27,"column":4},"end":{"line":29,"column":null}},{"start":{},"end":{}}]},"3":{"loc":{"start":{"line":34,"column":4},"end":{"line":34,"column":null}},"type":"if","locations":[{"start":{"line":34,"column":4},"end":{"line":34,"column":null}},{"start":{},"end":{}}]},"4":{"loc":{"start":{"line":63,"column":6},"end":{"line":65,"column":null}},"type":"if","locations":[{"start":{"line":63,"column":6},"end":{"line":65,"column":null}},{"start":{},"end":{}}]},"5":{"loc":{"start":{"line":85,"column":7},"end":{"line":99,"column":null}},"type":"binary-expr","locations":[{"start":{"line":85,"column":7},"end":{"line":85,"column":20}},{"start":{"line":85,"column":20},"end":{"line":85,"column":53}},{"start":{"line":85,"column":53},"end":{"line":99,"column":null}}]}},"s":{"0":43,"1":5,"2":5,"3":49,"4":49,"5":49,"6":49,"7":49,"8":4,"9":4,"10":4,"11":49,"12":2,"13":2,"14":2,"15":49,"16":4,"17":0,"18":4,"19":4,"20":4,"21":4,"22":49,"23":24,"24":24,"25":4,"26":49,"27":49},"f":{"0":49,"1":4,"2":4,"3":2,"4":4,"5":24,"6":24},"b":{"0":[6],"1":[49],"2":[2,0],"3":[0,4],"4":[4,20],"5":[49,4,4]}}
}
