TN:
SF:app/error.tsx
FN:8,Error
FN:15,(anonymous_2)
FNF:2
FNH:0
FNDA:0,Error
FNDA:0,(anonymous_2)
DA:3,0
DA:4,0
DA:5,0
DA:6,0
DA:8,0
DA:15,0
DA:16,0
LF:7
LH:0
BRF:0
BRH:0
end_of_record
TN:
SF:app/layout.tsx
FN:14,RootLayout
FNF:1
FNH:0
FNDA:0,RootLayout
DA:3,0
DA:4,0
DA:5,0
DA:7,0
DA:9,0
DA:14,0
LF:6
LH:0
BRF:0
BRH:0
end_of_record
TN:
SF:app/loading.tsx
FN:4,Loading
FN:13,(anonymous_2)
FNF:2
FNH:0
FNDA:0,Loading
FNDA:0,(anonymous_2)
DA:1,0
DA:2,0
DA:4,0
DA:14,0
LF:4
LH:0
BRF:0
BRH:0
end_of_record
TN:
SF:app/not-found.tsx
FN:6,NotFound
FNF:1
FNH:0
FNDA:0,NotFound
DA:1,0
DA:2,0
DA:3,0
DA:4,0
DA:6,0
LF:5
LH:0
BRF:0
BRH:0
end_of_record
TN:
SF:app/providers.tsx
FN:7,Providers
FN:8,(anonymous_2)
FNF:2
FNH:0
FNDA:0,Providers
FNDA:0,(anonymous_2)
DA:3,0
DA:4,0
DA:5,0
DA:7,0
DA:8,0
LF:5
LH:0
BRF:0
BRH:0
end_of_record
TN:
SF:app/(dashboard)/layout.tsx
FN:5,DashboardLayout
FNF:1
FNH:0
FNDA:0,DashboardLayout
DA:2,0
DA:3,0
DA:5,0
LF:3
LH:0
BRF:0
BRH:0
end_of_record
TN:
SF:app/(dashboard)/page.tsx
FN:9,DashboardPage
FNF:1
FNH:0
FNDA:0,DashboardPage
DA:3,0
DA:4,0
DA:5,0
DA:6,0
DA:7,0
DA:9,0
DA:10,0
LF:7
LH:0
BRDA:36,0,0,0
BRDA:36,0,1,0
BRDA:69,1,0,0
BRDA:69,1,1,0
BRDA:92,2,0,0
BRDA:92,2,1,0
BRDA:103,3,0,0
BRDA:103,3,1,0
BRDA:114,4,0,0
BRDA:114,4,1,0
BRDA:123,5,0,0
BRDA:123,5,1,0
BRDA:141,6,0,0
BRDA:141,6,1,0
BRDA:153,7,0,0
BRDA:153,7,1,0
BRDA:165,8,0,0
BRDA:165,8,1,0
BRF:18
BRH:0
end_of_record
TN:
SF:app/(dashboard)/agents/page.tsx
FN:22,AgentsPage
FN:31,(anonymous_2)
FN:37,(anonymous_3)
FN:46,(anonymous_4)
FN:52,(anonymous_5)
FN:61,(anonymous_6)
FN:62,(anonymous_7)
FN:114,(anonymous_8)
FN:123,(anonymous_9)
FN:203,(anonymous_10)
FN:215,(anonymous_11)
FN:278,(anonymous_12)
FN:324,(anonymous_13)
FN:341,(anonymous_14)
FNF:14
FNH:0
FNDA:0,AgentsPage
FNDA:0,(anonymous_2)
FNDA:0,(anonymous_3)
FNDA:0,(anonymous_4)
FNDA:0,(anonymous_5)
FNDA:0,(anonymous_6)
FNDA:0,(anonymous_7)
FNDA:0,(anonymous_8)
FNDA:0,(anonymous_9)
FNDA:0,(anonymous_10)
FNDA:0,(anonymous_11)
FNDA:0,(anonymous_12)
FNDA:0,(anonymous_13)
FNDA:0,(anonymous_14)
DA:3,0
DA:4,0
DA:13,0
DA:14,0
DA:15,0
DA:16,0
DA:17,0
DA:18,0
DA:19,0
DA:20,0
DA:22,0
DA:23,0
DA:24,0
DA:25,0
DA:26,0
DA:27,0
DA:29,0
DA:31,0
DA:35,0
DA:38,0
DA:39,0
DA:40,0
DA:44,0
DA:47,0
DA:48,0
DA:52,0
DA:53,0
DA:54,0
DA:55,0
DA:57,0
DA:61,0
DA:62,0
DA:63,0
DA:64,0
DA:65,0
DA:68,0
DA:77,0
DA:114,0
DA:123,0
DA:203,0
DA:216,0
DA:218,0
DA:279,0
DA:325,0
DA:326,0
DA:327,0
DA:329,0
DA:330,0
DA:342,0
DA:343,0
LF:50
LH:0
BRDA:63,0,0,0
BRDA:63,0,1,0
BRDA:131,1,0,0
BRDA:131,1,1,0
BRDA:139,2,0,0
BRDA:173,3,0,0
BRDA:182,4,0,0
BRDA:196,5,0,0
BRDA:196,5,1,0
BRDA:213,6,0,0
BRDA:213,6,1,0
BRDA:221,7,0,0
BRDA:221,7,1,0
BRDA:222,8,0,0
BRDA:222,8,1,0
BRDA:227,9,0,0
BRDA:227,9,1,0
BRDA:228,10,0,0
BRDA:228,10,1,0
BRDA:237,11,0,0
BRDA:237,11,1,0
BRDA:261,12,0,0
BRDA:261,12,1,0
BRDA:272,13,0,0
BRDA:272,13,1,0
BRDA:282,14,0,0
BRDA:282,14,1,0
BRDA:290,15,0,0
BRDA:290,15,1,0
BRDA:325,16,0,0
BRDA:325,16,1,0
BRDA:336,17,0,0
BRDA:336,17,1,0
BRDA:342,18,0,0
BRDA:342,18,1,0
BRF:35
BRH:0
end_of_record
TN:
SF:app/(dashboard)/documents/page.tsx
FN:28,(anonymous_1)
FN:45,(anonymous_2)
FN:62,DocumentsPage
FN:72,(anonymous_4)
FN:80,(anonymous_5)
FN:81,(anonymous_6)
FN:82,(anonymous_7)
FN:89,(anonymous_8)
FN:90,(anonymous_9)
FN:91,(anonymous_10)
FN:104,(anonymous_11)
FN:109,(anonymous_12)
FN:114,(anonymous_13)
FN:121,(anonymous_14)
FN:128,(anonymous_15)
FN:129,(anonymous_16)
FN:135,(anonymous_17)
FN:137,(anonymous_18)
FN:138,(anonymous_19)
FN:139,(anonymous_20)
FN:147,(anonymous_21)
FN:148,(anonymous_22)
FN:148,(anonymous_23)
FN:152,(anonymous_24)
FN:155,(anonymous_25)
FN:156,(anonymous_26)
FN:156,(anonymous_27)
FN:159,(anonymous_28)
FN:164,(anonymous_29)
FN:168,(anonymous_30)
FN:174,(anonymous_31)
FN:249,(anonymous_32)
FN:312,(anonymous_33)
FN:335,(anonymous_34)
FNF:34
FNH:25
FNDA:36,(anonymous_1)
FNDA:36,(anonymous_2)
FNDA:56,DocumentsPage
FNDA:19,(anonymous_4)
FNDA:12,(anonymous_5)
FNDA:7,(anonymous_6)
FNDA:9,(anonymous_7)
FNDA:1,(anonymous_8)
FNDA:1,(anonymous_9)
FNDA:1,(anonymous_10)
FNDA:2,(anonymous_11)
FNDA:1,(anonymous_12)
FNDA:1,(anonymous_13)
FNDA:13,(anonymous_14)
FNDA:14,(anonymous_15)
FNDA:19,(anonymous_16)
FNDA:14,(anonymous_17)
FNDA:19,(anonymous_18)
FNDA:19,(anonymous_19)
FNDA:31,(anonymous_20)
FNDA:2,(anonymous_21)
FNDA:2,(anonymous_22)
FNDA:3,(anonymous_23)
FNDA:0,(anonymous_24)
FNDA:0,(anonymous_25)
FNDA:0,(anonymous_26)
FNDA:0,(anonymous_27)
FNDA:0,(anonymous_28)
FNDA:0,(anonymous_29)
FNDA:0,(anonymous_30)
FNDA:0,(anonymous_31)
FNDA:36,(anonymous_32)
FNDA:0,(anonymous_33)
FNDA:2,(anonymous_34)
DA:3,4
DA:4,4
DA:5,4
DA:6,4
DA:7,4
DA:8,4
DA:9,4
DA:10,4
DA:11,4
DA:12,4
DA:13,4
DA:14,4
DA:15,4
DA:28,4
DA:29,36
DA:30,36
DA:32,10
DA:35,0
DA:37,26
DA:39,0
DA:41,0
DA:45,4
DA:46,36
DA:47,36
DA:49,10
DA:52,0
DA:54,26
DA:56,0
DA:58,0
DA:62,22
DA:63,56
DA:64,55
DA:65,55
DA:71,55
DA:73,19
DA:74,19
DA:75,19
DA:76,19
DA:77,19
DA:78,12
DA:81,12
DA:82,7
DA:83,9
DA:90,1
DA:91,1
DA:92,1
DA:104,55
DA:105,2
DA:106,2
DA:109,55
DA:110,1
DA:111,1
DA:114,55
DA:115,1
DA:116,1
DA:117,1
DA:118,1
DA:121,55
DA:122,13
DA:123,13
DA:124,13
DA:128,55
DA:129,19
DA:135,14
DA:137,14
DA:138,19
DA:139,19
DA:140,31
DA:143,19
DA:147,55
DA:148,3
DA:151,55
DA:153,0
DA:156,0
DA:157,0
DA:160,0
DA:164,55
DA:165,0
DA:168,55
DA:169,0
DA:170,0
DA:174,55
DA:175,0
DA:250,36
DA:312,0
DA:335,2
LF:86
LH:71
BRDA:30,0,0,10
BRDA:30,0,1,0
BRDA:30,0,2,0
BRDA:30,0,3,26
BRDA:30,0,4,0
BRDA:30,0,5,0
BRDA:47,1,0,10
BRDA:47,1,1,0
BRDA:47,1,2,0
BRDA:47,1,3,26
BRDA:47,1,4,0
BRDA:47,1,5,0
BRDA:83,2,0,7
BRDA:83,2,1,2
BRDA:92,3,0,1
BRDA:92,3,1,0
BRDA:96,4,0,1
BRDA:96,4,1,0
BRDA:122,5,0,13
BRDA:122,5,1,0
BRDA:140,6,0,19
BRDA:140,6,1,12
BRDA:169,7,0,0
BRDA:169,7,1,0
BRDA:206,8,0,2
BRDA:206,8,1,53
BRDA:237,9,0,55
BRDA:267,10,0,36
BRDA:273,11,0,36
BRDA:279,12,0,36
BRDA:287,13,0,36
BRDA:296,14,0,36
BRDA:296,14,1,7
BRDA:303,15,0,3
BRDA:323,16,0,36
BRDA:372,17,0,0
BRDA:372,17,1,55
BRF:37
BRH:23
end_of_record
TN:
SF:app/(dashboard)/hitl/page.tsx
FN:12,HITLPage
FN:20,(anonymous_2)
FN:24,(anonymous_3)
FN:36,(anonymous_4)
FN:62,(anonymous_5)
FN:119,(anonymous_6)
FN:130,(anonymous_7)
FN:164,(anonymous_8)
FN:188,(anonymous_9)
FN:214,(anonymous_10)
FN:215,(anonymous_11)
FN:224,(anonymous_12)
FN:237,(anonymous_13)
FNF:13
FNH:0
FNDA:0,HITLPage
FNDA:0,(anonymous_2)
FNDA:0,(anonymous_3)
FNDA:0,(anonymous_4)
FNDA:0,(anonymous_5)
FNDA:0,(anonymous_6)
FNDA:0,(anonymous_7)
FNDA:0,(anonymous_8)
FNDA:0,(anonymous_9)
FNDA:0,(anonymous_10)
FNDA:0,(anonymous_11)
FNDA:0,(anonymous_12)
FNDA:0,(anonymous_13)
DA:3,0
DA:4,0
DA:5,0
DA:6,0
DA:7,0
DA:8,0
DA:9,0
DA:10,0
DA:12,0
DA:13,0
DA:14,0
DA:15,0
DA:16,0
DA:17,0
DA:18,0
DA:20,0
DA:21,0
DA:24,0
DA:25,0
DA:26,0
DA:27,0
DA:28,0
DA:30,0
DA:32,0
DA:36,0
DA:37,0
DA:38,0
DA:39,0
DA:42,0
DA:43,0
DA:44,0
DA:50,0
DA:51,0
DA:52,0
DA:53,0
DA:55,0
DA:56,0
DA:58,0
DA:62,0
DA:63,0
DA:65,0
DA:67,0
DA:69,0
DA:71,0
DA:73,0
DA:120,0
DA:121,0
DA:123,0
DA:131,0
DA:132,0
DA:133,0
DA:165,0
DA:189,0
DA:190,0
DA:214,0
DA:215,0
DA:225,0
DA:226,0
DA:227,0
DA:228,0
DA:238,0
DA:239,0
LF:62
LH:0
BRDA:37,0,0,0
BRDA:37,0,1,0
BRDA:37,1,0,0
BRDA:37,1,1,0
BRDA:47,2,0,0
BRDA:47,2,1,0
BRDA:63,3,0,0
BRDA:63,3,1,0
BRDA:63,3,2,0
BRDA:63,3,3,0
BRDA:63,3,4,0
BRDA:96,4,0,0
BRDA:96,4,1,0
BRDA:97,5,0,0
BRDA:97,5,1,0
BRDA:103,6,0,0
BRDA:110,7,0,0
BRDA:126,8,0,0
BRDA:126,8,1,0
BRDA:128,9,0,0
BRDA:128,9,1,0
BRDA:140,10,0,0
BRDA:140,10,1,0
BRDA:143,11,0,0
BRDA:143,11,1,0
BRDA:148,12,0,0
BRDA:148,12,1,0
BRDA:149,13,0,0
BRDA:149,13,1,0
BRDA:155,14,0,0
BRDA:155,14,1,0
BRDA:159,15,0,0
BRDA:159,15,1,0
BRDA:160,16,0,0
BRDA:160,16,1,0
BRDA:166,17,0,0
BRDA:166,18,0,0
BRDA:166,18,1,0
BRDA:168,19,0,0
BRDA:168,19,1,0
BRDA:179,20,0,0
BRDA:193,21,0,0
BRDA:193,21,1,0
BRDA:198,22,0,0
BRDA:198,22,1,0
BRDA:241,23,0,0
BRDA:241,23,1,0
BRDA:244,24,0,0
BRDA:244,24,1,0
BRF:49
BRH:0
end_of_record
TN:
SF:app/(dashboard)/monitoring/page.tsx
FN:9,MonitoringPage
FNF:1
FNH:0
FNDA:0,MonitoringPage
DA:3,0
DA:4,0
DA:5,0
DA:6,0
DA:7,0
DA:9,0
DA:10,0
LF:7
LH:0
BRDA:25,0,0,0
BRDA:33,1,0,0
BRDA:47,2,0,0
BRDA:54,3,0,0
BRDA:70,4,0,0
BRDA:86,5,0,0
BRF:6
BRH:0
end_of_record
TN:
SF:app/(dashboard)/pipeline/page.tsx
FN:31,PipelinePage
FN:131,(anonymous_2)
FN:132,(anonymous_3)
FN:135,(anonymous_4)
FN:182,(anonymous_5)
FN:205,(anonymous_6)
FN:221,(anonymous_7)
FN:284,(anonymous_8)
FNF:8
FNH:0
FNDA:0,PipelinePage
FNDA:0,(anonymous_2)
FNDA:0,(anonymous_3)
FNDA:0,(anonymous_4)
FNDA:0,(anonymous_5)
FNDA:0,(anonymous_6)
FNDA:0,(anonymous_7)
FNDA:0,(anonymous_8)
DA:3,0
DA:4,0
DA:5,0
DA:18,0
DA:31,0
DA:32,0
DA:34,0
DA:107,0
DA:131,0
DA:132,0
DA:135,0
DA:136,0
DA:138,0
DA:140,0
DA:142,0
DA:182,0
DA:206,0
DA:207,0
DA:209,0
DA:221,0
DA:285,0
LF:21
LH:0
BRDA:132,0,0,0
BRDA:132,0,1,0
BRDA:136,1,0,0
BRDA:136,1,1,0
BRDA:136,1,2,0
BRDA:211,2,0,0
BRDA:217,3,0,0
BRDA:217,3,1,0
BRDA:221,4,0,0
BRDA:221,4,1,0
BRDA:237,5,0,0
BRDA:237,5,1,0
BRDA:239,6,0,0
BRDA:239,6,1,0
BRDA:252,7,0,0
BRDA:261,8,0,0
BRDA:261,8,1,0
BRDA:265,9,0,0
BRDA:265,9,1,0
BRDA:307,10,0,0
BRDA:307,10,1,0
BRDA:308,11,0,0
BRDA:308,11,1,0
BRF:23
BRH:0
end_of_record
TN:
SF:app/(dashboard)/search/page.tsx
FN:21,SearchPage
FN:31,(anonymous_2)
FN:36,(anonymous_3)
FN:46,(anonymous_4)
FN:51,(anonymous_5)
FN:58,(anonymous_6)
FN:91,(anonymous_7)
FN:105,(anonymous_8)
FN:138,(anonymous_9)
FN:152,(anonymous_10)
FN:164,(anonymous_11)
FN:242,(anonymous_12)
FN:252,(anonymous_13)
FN:294,(anonymous_14)
FN:350,(anonymous_15)
FNF:15
FNH:12
FNDA:195,SearchPage
FNDA:23,(anonymous_2)
FNDA:27,(anonymous_3)
FNDA:35,(anonymous_4)
FNDA:38,(anonymous_5)
FNDA:14,(anonymous_6)
FNDA:5,(anonymous_7)
FNDA:136,(anonymous_8)
FNDA:0,(anonymous_9)
FNDA:0,(anonymous_10)
FNDA:0,(anonymous_11)
FNDA:4,(anonymous_12)
FNDA:258,(anonymous_13)
FNDA:45,(anonymous_14)
FNDA:3,(anonymous_15)
DA:3,6
DA:4,6
DA:5,6
DA:6,6
DA:7,6
DA:8,6
DA:9,6
DA:10,6
DA:11,6
DA:12,6
DA:13,6
DA:14,6
DA:15,6
DA:16,6
DA:17,6
DA:18,6
DA:19,6
DA:21,23
DA:22,195
DA:23,195
DA:24,195
DA:25,195
DA:26,195
DA:27,195
DA:29,195
DA:31,195
DA:32,23
DA:33,23
DA:36,195
DA:37,27
DA:40,195
DA:45,195
DA:46,35
DA:50,195
DA:51,38
DA:58,195
DA:59,14
DA:61,14
DA:62,14
DA:91,5
DA:105,136
DA:138,0
DA:152,0
DA:164,0
DA:242,4
DA:253,258
DA:295,45
DA:351,3
DA:352,3
LF:49
LH:46
BRDA:33,0,0,14
BRDA:33,0,1,9
BRDA:46,1,0,35
BRDA:46,1,1,24
BRDA:51,2,0,38
BRDA:51,2,1,24
BRDA:66,3,0,14
BRDA:66,3,1,0
BRDA:117,4,0,4
BRDA:117,4,1,191
BRDA:179,5,0,4
BRDA:179,5,1,191
BRDA:194,6,0,195
BRDA:201,7,0,0
BRDA:201,7,1,0
BRDA:208,8,0,195
BRDA:208,8,1,31
BRDA:225,9,0,0
BRDA:242,10,0,4
BRDA:242,10,1,0
BRDA:245,11,0,26
BRDA:246,12,0,26
BRDA:246,12,1,5
BRDA:251,13,0,26
BRDA:277,14,0,258
BRDA:277,14,1,258
BRDA:324,15,0,45
BRDA:324,15,1,45
BRDA:345,16,0,31
BRDA:345,16,1,31
BRF:30
BRH:25
end_of_record
TN:
SF:app/(dashboard)/taxonomy/page.tsx
FN:9,TaxonomyPage
FN:12,(anonymous_2)
FN:15,(anonymous_3)
FN:55,(anonymous_4)
FN:87,(anonymous_5)
FN:111,(anonymous_6)
FNF:6
FNH:0
FNDA:0,TaxonomyPage
FNDA:0,(anonymous_2)
FNDA:0,(anonymous_3)
FNDA:0,(anonymous_4)
FNDA:0,(anonymous_5)
FNDA:0,(anonymous_6)
DA:3,0
DA:4,0
DA:5,0
DA:6,0
DA:7,0
DA:9,0
DA:10,0
DA:12,0
DA:15,0
DA:16,0
DA:17,0
DA:56,0
DA:88,0
DA:112,0
LF:14
LH:0
BRDA:33,0,0,0
BRDA:39,1,0,0
BRDA:53,2,0,0
BRDA:61,3,0,0
BRDA:61,3,1,0
BRDA:61,4,0,0
BRDA:61,4,1,0
BRDA:85,5,0,0
BRDA:85,5,1,0
BRDA:100,6,0,0
BRDA:100,6,1,0
BRDA:102,7,0,0
BRDA:102,7,1,0
BRDA:109,8,0,0
BRDA:109,8,1,0
BRF:15
BRH:0
end_of_record
TN:
SF:app/api/health/route.ts
FN:1,GET
FNF:1
FNH:0
FNDA:0,GET
DA:1,0
DA:2,0
LF:2
LH:0
BRF:0
BRH:0
end_of_record
TN:
SF:components/charts/donut-chart.tsx
FN:17,DonutChart
FN:31,(anonymous_2)
FNF:2
FNH:0
FNDA:0,DonutChart
FNDA:0,(anonymous_2)
DA:3,0
DA:10,0
DA:17,0
DA:32,0
LF:4
LH:0
BRDA:17,0,0,0
BRDA:17,1,0,0
BRF:2
BRH:0
end_of_record
TN:
SF:components/charts/wave-chart.tsx
FN:19,WaveChart
FNF:1
FNH:0
FNDA:0,WaveChart
DA:3,0
DA:9,0
DA:19,0
LF:3
LH:0
BRDA:19,0,0,0
BRF:1
BRH:0
end_of_record
TN:
SF:components/layout/Header.tsx
FN:3,Header
FNF:1
FNH:0
FNDA:0,Header
DA:1,0
DA:3,0
LF:2
LH:0
BRF:0
BRH:0
end_of_record
TN:
SF:components/layout/Sidebar.tsx
FN:30,Sidebar
FN:53,(anonymous_3)
FNF:2
FNH:0
FNDA:0,Sidebar
FNDA:0,(anonymous_3)
DA:3,0
DA:4,0
DA:16,0
DA:17,0
DA:19,0
DA:30,0
DA:31,0
DA:54,0
DA:55,0
DA:56,0
LF:10
LH:0
BRDA:62,0,0,0
BRDA:62,0,1,0
BRF:2
BRH:0
end_of_record
TN:
SF:components/layout/ThemeToggle.tsx
FN:7,ThemeToggle
FN:14,(anonymous_2)
FNF:2
FNH:0
FNDA:0,ThemeToggle
FNDA:0,(anonymous_2)
DA:3,0
DA:4,0
DA:5,0
DA:7,0
DA:8,0
DA:14,0
LF:6
LH:0
BRDA:14,0,0,0
BRDA:14,0,1,0
BRF:2
BRH:0
end_of_record
TN:
SF:components/ui/badge.tsx
FN:13,Badge
FNF:1
FNH:0
FNDA:0,Badge
DA:3,0
DA:13,0
DA:20,0
DA:22,0
DA:27,0
LF:5
LH:0
BRDA:15,0,0,0
BRDA:16,1,0,0
BRDA:17,2,0,0
BRDA:18,3,0,0
BRF:4
BRH:0
end_of_record
TN:
SF:components/ui/breadcrumb.tsx
FN:15,Breadcrumb
FN:16,(anonymous_3)
FN:31,(anonymous_4)
FNF:3
FNH:3
FNDA:245,Breadcrumb
FNDA:245,(anonymous_3)
FNDA:491,(anonymous_4)
DA:3,11
DA:4,11
DA:15,255
DA:16,245
DA:17,245
DA:18,244
DA:21,1
DA:32,491
DA:33,491
DA:35,491
LF:10
LH:10
BRDA:17,0,0,244
BRDA:17,0,1,1
BRDA:38,1,0,245
BRDA:42,2,0,1
BRDA:53,3,0,491
BRF:5
BRH:5
end_of_record
TN:
SF:components/ui/button.tsx
FN:13,Button
FN:44,(anonymous_5)
FN:49,(anonymous_6)
FNF:3
FNH:3
FNDA:280,Button
FNDA:20,(anonymous_5)
FNDA:5,(anonymous_6)
DA:3,10
DA:4,10
DA:13,570
DA:24,280
DA:26,280
DA:28,280
DA:37,280
DA:44,280
DA:45,20
DA:46,20
DA:49,280
DA:50,5
DA:51,5
LF:13
LH:13
BRDA:14,0,0,203
BRDA:15,1,0,203
BRDA:16,2,0,280
BRDA:19,3,0,0
BRDA:57,4,0,280
BRDA:57,4,1,275
BRDA:62,5,0,280
BRDA:68,6,0,280
BRDA:68,6,1,77
BRDA:68,6,2,77
BRDA:71,7,0,44
BRDA:71,7,1,159
BRDA:75,8,0,44
BRDA:75,8,1,159
BRF:14
BRH:13
end_of_record
TN:
SF:components/ui/card.tsx
FN:13,Card
FN:45,(anonymous_7)
FN:57,CardHeader
FN:71,CardContent
FN:85,CardFooter
FNF:5
FNH:0
FNDA:0,Card
FNDA:0,(anonymous_7)
FNDA:0,CardHeader
FNDA:0,CardContent
FNDA:0,CardFooter
DA:3,0
DA:13,0
DA:20,0
DA:22,0
DA:30,0
DA:46,0
DA:47,0
DA:48,0
DA:57,0
DA:71,0
DA:85,0
LF:11
LH:0
BRDA:15,0,0,0
BRDA:16,1,0,0
BRDA:17,2,0,0
BRDA:30,3,0,0
BRDA:30,3,1,0
BRDA:43,4,0,0
BRDA:43,4,1,0
BRDA:44,5,0,0
BRDA:44,5,1,0
BRDA:45,6,0,0
BRDA:45,6,1,0
BRDA:46,7,0,0
BRDA:46,7,1,0
BRDA:46,8,0,0
BRDA:46,8,1,0
BRDA:59,9,0,0
BRDA:73,10,0,0
BRDA:87,11,0,0
BRF:18
BRH:0
end_of_record
TN:
SF:components/ui/checkbox.tsx
FNF:0
FNH:0
DA:3,6
DA:4,6
DA:5,6
DA:7,6
DA:28,6
DA:30,195
LF:6
LH:6
BRF:0
BRH:0
end_of_record
TN:
SF:components/ui/container.tsx
FN:11,Container
FNF:1
FNH:1
FNDA:246,Container
DA:3,11
DA:11,256
DA:12,246
DA:14,246
LF:4
LH:4
BRDA:11,0,0,245
BRDA:11,1,0,5
BRDA:14,2,0,1
BRDA:14,2,1,245
BRF:4
BRH:4
end_of_record
TN:
SF:components/ui/dialog.tsx
FNF:0
FNH:0
DA:3,0
DA:4,0
DA:5,0
DA:7,0
DA:9,0
DA:11,0
DA:13,0
DA:15,0
DA:30,0
DA:54,0
DA:68,0
DA:82,0
DA:97,0
DA:109,0
DA:112,0
DA:113,0
DA:114,0
DA:115,0
DA:116,0
DA:117,0
DA:118,0
DA:119,0
DA:120,0
DA:121,0
LF:24
LH:0
BRF:0
BRH:0
end_of_record
TN:
SF:components/ui/grid.tsx
FN:11,Grid
FN:33,GridItem
FNF:2
FNH:2
FNDA:12,Grid
FNDA:49,GridItem
DA:3,7
DA:11,12
DA:12,12
DA:33,49
DA:34,49
LF:5
LH:5
BRDA:11,0,0,3
BRDA:11,1,0,11
BRDA:33,2,0,1
BRDA:33,3,0,4
BRF:4
BRH:4
end_of_record
TN:
SF:components/ui/icon-badge.tsx
FN:32,IconBadge
FNF:1
FNH:1
FNDA:610,IconBadge
DA:2,10
DA:11,10
DA:20,10
DA:26,10
DA:32,620
LF:5
LH:5
BRDA:32,0,0,0
BRDA:32,1,0,303
BRF:2
BRH:1
end_of_record
TN:
SF:components/ui/input.tsx
FN:14,Input
FN:34,(anonymous_3)
FNF:2
FNH:2
FNDA:188,Input
FNDA:188,(anonymous_3)
DA:3,6
DA:4,6
DA:14,585
DA:24,188
DA:26,188
DA:28,188
DA:34,188
DA:37,188
DA:40,188
DA:41,188
LF:10
LH:10
BRDA:17,0,0,188
BRDA:19,1,0,188
BRDA:20,2,0,0
BRDA:24,3,0,188
BRDA:24,3,1,0
BRDA:41,4,0,188
BRDA:41,4,1,188
BRDA:45,5,0,188
BRDA:55,6,0,188
BRDA:55,6,1,0
BRDA:66,7,0,0
BRDA:66,7,1,188
BRDA:66,8,0,188
BRDA:66,8,1,0
BRDA:67,9,0,0
BRDA:67,9,1,188
BRDA:67,10,0,188
BRDA:67,10,1,0
BRDA:73,11,0,188
BRDA:73,11,1,0
BRDA:80,12,0,188
BRDA:83,13,0,0
BRDA:83,13,1,0
BRDA:84,14,0,0
BRDA:84,14,1,0
BRF:25
BRH:13
end_of_record
TN:
SF:components/ui/label.tsx
FNF:0
FNH:0
DA:3,6
DA:4,6
DA:5,6
DA:7,6
DA:9,6
DA:24,6
DA:26,780
LF:7
LH:7
BRF:0
BRH:0
end_of_record
TN:
SF:components/ui/modal.tsx
FN:15,Modal
FN:16,(anonymous_6)
FN:19,(anonymous_7)
FN:26,(anonymous_8)
FNF:4
FNH:4
FNDA:61,Modal
FNDA:61,(anonymous_6)
FNDA:1,(anonymous_7)
FNDA:5,(anonymous_8)
DA:3,5
DA:4,5
DA:5,5
DA:6,5
DA:15,61
DA:16,61
DA:17,61
DA:19,5
DA:20,1
DA:21,1
DA:25,5
DA:26,5
DA:29,61
DA:30,5
DA:32,5
LF:15
LH:15
BRDA:17,0,0,56
BRDA:17,0,1,5
BRDA:20,1,0,1
BRDA:20,1,1,0
BRDA:29,2,0,56
BRDA:29,2,1,5
BRDA:30,3,0,0
BRDA:30,3,1,5
BRDA:42,4,0,5
BRF:9
BRH:7
end_of_record
TN:
SF:components/ui/modern-card.tsx
FN:19,ModernCard
FNF:1
FNH:1
FNDA:639,ModernCard
DA:2,10
DA:10,10
DA:19,649
LF:3
LH:3
BRDA:19,0,0,0
BRF:1
BRH:0
end_of_record
TN:
SF:components/ui/pagination.tsx
FN:12,Pagination
FN:13,(anonymous_3)
FN:48,(anonymous_4)
FN:56,(anonymous_5)
FN:71,(anonymous_6)
FN:89,(anonymous_7)
FNF:6
FNH:6
FNDA:39,Pagination
FNDA:39,(anonymous_3)
FNDA:1,(anonymous_4)
FNDA:149,(anonymous_5)
FNDA:4,(anonymous_6)
FNDA:1,(anonymous_7)
DA:3,7
DA:4,7
DA:12,39
DA:13,39
DA:14,39
DA:15,39
DA:16,39
DA:18,39
DA:19,39
DA:23,57
DA:26,39
DA:27,6
DA:29,33
DA:32,39
DA:34,39
DA:35,8
DA:36,31
DA:37,31
DA:40,39
DA:43,39
DA:48,1
DA:57,149
DA:58,14
DA:65,135
DA:66,135
DA:68,135
DA:71,4
DA:89,1
LF:28
LH:28
BRDA:26,0,0,6
BRDA:26,0,1,33
BRDA:34,1,0,8
BRDA:34,1,1,31
BRDA:36,2,0,31
BRDA:36,2,1,0
BRDA:43,3,0,39
BRDA:43,3,1,0
BRDA:57,4,0,14
BRDA:57,4,1,135
BRDA:75,5,0,39
BRDA:75,5,1,96
BRDA:80,6,0,39
BRDA:80,6,1,96
BRDA:81,7,0,39
BRDA:81,7,1,96
BRF:16
BRH:14
end_of_record
TN:
SF:components/ui/progress.tsx
FN:12,Progress
FNF:1
FNH:1
FNDA:36,Progress
DA:3,5
DA:12,36
DA:13,36
DA:15,36
LF:4
LH:4
BRDA:12,0,0,35
BRDA:12,1,0,34
BRDA:12,2,0,8
BRDA:34,3,0,36
BRF:4
BRH:4
end_of_record
TN:
SF:components/ui/skeleton.tsx
FN:4,Skeleton
FNF:1
FNH:0
FNDA:0,Skeleton
DA:2,0
DA:16,0
LF:2
LH:0
BRF:0
BRH:0
end_of_record
TN:
SF:components/ui/spinner.tsx
FN:10,Spinner
FNF:1
FNH:1
FNDA:12,Spinner
DA:3,7
DA:10,16
DA:11,12
DA:17,12
LF:4
LH:4
BRDA:10,0,0,5
BRDA:10,1,0,6
BRF:2
BRH:2
end_of_record
TN:
SF:components/ui/stack.tsx
FN:14,Stack
FNF:1
FNH:1
FNDA:226,Stack
DA:3,12
DA:14,431
DA:23,226
DA:28,226
DA:36,226
DA:43,226
LF:6
LH:6
BRDA:16,0,0,225
BRDA:17,1,0,6
BRDA:20,2,0,225
BRDA:57,3,0,1
BRDA:57,3,1,225
BRDA:58,4,0,1
BRDA:58,4,1,225
BRF:7
BRH:7
end_of_record
TN:
SF:components/ui/tabs.tsx
FN:12,useTabsContext
FN:27,Tabs
FN:44,TabList
FN:57,Tab
FN:65,(anonymous_12)
FN:85,TabPanel
FNF:6
FNH:6
FNDA:786,useTabsContext
FNDA:193,Tabs
FNDA:191,TabList
FNDA:393,Tab
FNDA:7,(anonymous_12)
FNDA:393,TabPanel
DA:3,7
DA:10,7
DA:13,786
DA:14,786
DA:15,0
DA:17,786
DA:27,201
DA:28,193
DA:30,193
DA:31,193
DA:44,201
DA:57,407
DA:58,393
DA:59,393
DA:65,7
DA:85,407
DA:86,393
DA:88,393
DA:89,200
LF:19
LH:18
BRDA:14,0,0,0
BRDA:14,0,1,786
BRDA:28,1,0,193
BRDA:28,1,1,186
BRDA:30,2,0,186
BRDA:30,2,1,7
BRDA:31,3,0,193
BRDA:31,3,1,7
BRDA:69,4,0,193
BRDA:69,4,1,200
BRDA:88,5,0,200
BRDA:88,5,1,193
BRF:12
BRH:11
end_of_record
TN:
SF:components/ui/textarea.tsx
FN:9,(anonymous_4)
FNF:1
FNH:0
FNDA:0,(anonymous_4)
DA:1,0
DA:3,0
DA:8,0
DA:22,0
DA:24,0
LF:5
LH:0
BRF:0
BRH:0
end_of_record
TN:
SF:components/ui/toast.tsx
FN:16,Toast
FN:27,(anonymous_7)
FN:29,(anonymous_8)
FN:32,(anonymous_9)
FN:36,(anonymous_10)
FN:44,(anonymous_11)
FN:48,(anonymous_12)
FN:86,(anonymous_13)
FN:122,ToastContainer
FN:125,(anonymous_15)
FNF:10
FNH:0
FNDA:0,Toast
FNDA:0,(anonymous_7)
FNDA:0,(anonymous_8)
FNDA:0,(anonymous_9)
FNDA:0,(anonymous_10)
FNDA:0,(anonymous_11)
FNDA:0,(anonymous_12)
FNDA:0,(anonymous_13)
FNDA:0,ToastContainer
FNDA:0,(anonymous_15)
DA:3,0
DA:4,0
DA:16,0
DA:24,0
DA:25,0
DA:27,0
DA:28,0
DA:29,0
DA:32,0
DA:33,0
DA:35,0
DA:36,0
DA:41,0
DA:44,0
DA:45,0
DA:48,0
DA:51,0
DA:58,0
DA:65,0
DA:72,0
DA:87,0
DA:122,0
DA:126,0
LF:23
LH:0
BRDA:18,0,0,0
BRDA:20,1,0,0
BRDA:22,2,0,0
BRDA:35,3,0,0
BRDA:35,3,1,0
BRDA:35,4,0,0
BRDA:35,4,1,0
BRDA:80,5,0,0
BRDA:80,5,1,0
BRDA:84,6,0,0
BRF:10
BRH:0
end_of_record
TN:
SF:components/ui/tooltip.tsx
FN:13,Tooltip
FN:19,(anonymous_5)
FN:20,(anonymous_6)
FN:26,(anonymous_7)
FN:33,(anonymous_8)
FN:61,(anonymous_9)
FN:62,(anonymous_10)
FNF:7
FNH:7
FNDA:49,Tooltip
FNDA:4,(anonymous_5)
FNDA:4,(anonymous_6)
FNDA:2,(anonymous_7)
FNDA:4,(anonymous_8)
FNDA:24,(anonymous_9)
FNDA:24,(anonymous_10)
DA:3,5
DA:4,5
DA:13,43
DA:14,49
DA:15,49
DA:16,49
DA:17,49
DA:19,49
DA:20,4
DA:21,4
DA:22,4
DA:26,49
DA:27,2
DA:28,2
DA:30,2
DA:33,49
DA:34,4
DA:36,4
DA:37,4
DA:39,4
DA:58,4
DA:61,49
DA:62,24
DA:63,24
DA:64,4
DA:69,49
DA:76,49
LF:27
LH:27
BRDA:13,0,0,6
BRDA:13,1,0,49
BRDA:27,2,0,2
BRDA:27,2,1,0
BRDA:34,3,0,0
BRDA:34,3,1,4
BRDA:63,4,0,4
BRDA:63,4,1,20
BRDA:85,5,0,49
BRDA:85,5,1,4
BRDA:85,5,2,4
BRF:11
BRH:9
end_of_record
